2020-08-26 00:00:02,600 CRITICAL **
2020-08-26 00:00:02,601 CRITICAL Starting the RV Temp Monitor
2020-08-26 00:00:02,601 CRITICAL **
2020-08-26 00:00:03,015 INFO No need to send email, temps are acceptable
2020-08-26 00:00:03,015 INFO 
Garage 73
Main 74
Bedroom 72
Batt V 13.3
Gen State OFF
Hi limit 80
Low limit 60
2020-08-26 00:00:05,691 INFO Gathered temps and emailed to log address :rvlogs@robhome.com
2020-08-26 00:00:05,692 CRITICAL **
2020-08-26 00:00:05,692 CRITICAL Ending run of the RV Temp Monitor
2020-08-26 00:00:05,692 CRITICAL **

2020-08-26 00:15:03,165 CRITICAL **
2020-08-26 00:15:03,167 CRITICAL Starting the RV Temp Monitor
2020-08-26 00:15:03,168 CRITICAL **
2020-08-26 00:15:03,555 INFO No need to send email, temps are acceptable
2020-08-26 00:15:03,555 INFO 
Garage 72
Main 73
Bedroom 72
Batt V 13.3
Gen State OFF
Hi limit 80
Low limit 60
2020-08-26 00:15:06,111 INFO Gathered temps and emailed to log address :rvlogs@robhome.com
2020-08-26 00:15:06,111 CRITICAL **
2020-08-26 00:15:06,112 CRITICAL Ending run of the RV Temp Monitor
2020-08-26 00:15:06,112 CRITICAL **

2020-08-26 00:30:02,802 CRITICAL **
2020-08-26 00:30:02,803 CRITICAL Starting the RV Temp Monitor
2020-08-26 00:30:02,803 CRITICAL **
2020-08-26 00:30:03,198 INFO No need to send email, temps are acceptable
2020-08-26 00:30:03,199 INFO 
Garage 73
Main 73
Bedroom 72
Batt V 13.3
Gen State OFF
Hi limit 80
Low limit 60
2020-08-26 00:30:05,908 INFO Gathered temps and emailed to log address :rvlogs@robhome.com
2020-08-26 00:30:05,909 CRITICAL **
2020-08-26 00:30:05,909 CRITICAL Ending run of the RV Temp Monitor
2020-08-26 00:30:05,909 CRITICAL **

2020-08-26 00:45:02,394 CRITICAL **
2020-08-26 00:45:02,396 CRITICAL Starting the RV Temp Monitor
2020-08-26 00:45:02,397 CRITICAL **
2020-08-26 00:45:02,775 INFO No need to send email, temps are acceptable
2020-08-26 00:45:02,775 INFO 
Garage 73
Main 73
Bedroom 72
Batt V 13.3
Gen State OFF
Hi limit 80
Low limit 60
2020-08-26 00:45:05,072 INFO Gathered temps and emailed to log address :rvlogs@robhome.com
2020-08-26 00:45:05,072 CRITICAL **
2020-08-26 00:45:05,073 CRITICAL Ending run of the RV Temp Monitor
2020-08-26 00:45:05,073 CRITICAL **

2020-08-26 01:00:02,529 CRITICAL **
2020-08-26 01:00:02,529 CRITICAL Starting the RV Temp Monitor
2020-08-26 01:00:02,530 CRITICAL **
2020-08-26 01:00:02,974 INFO No need to send email, temps are acceptable
2020-08-26 01:00:02,975 INFO 
Garage 73
Main 73
Bedroom 71
Batt V 13.3
Gen State OFF
Hi limit 80
Low limit 60
2020-08-26 01:00:05,444 INFO Gathered temps and emailed to log address :rvlogs@robhome.com
2020-08-26 01:00:05,444 CRITICAL **
2020-08-26 01:00:05,445 CRITICAL Ending run of the RV Temp Monitor
2020-08-26 01:00:05,445 CRITICAL **

2020-08-26 01:15:02,911 CRITICAL **
2020-08-26 01:15:02,912 CRITICAL Starting the RV Temp Monitor
2020-08-26 01:15:02,912 CRITICAL **
2020-08-26 01:15:03,348 INFO No need to send email, temps are acceptable
2020-08-26 01:15:03,349 INFO 
Garage 73
Main 73
Bedroom 72
Batt V 13.3
Gen State OFF
Hi limit 80
Low limit 60
2020-08-26 01:15:05,975 INFO Gathered temps and emailed to log address :rvlogs@robhome.com
2020-08-26 01:15:05,975 CRITICAL **
2020-08-26 01:15:05,976 CRITICAL Ending run of the RV Temp Monitor
2020-08-26 01:15:05,976 CRITICAL **

2020-08-26 01:30:02,553 CRITICAL **
2020-08-26 01:30:02,554 CRITICAL Starting the RV Temp Monitor
2020-08-26 01:30:02,563 CRITICAL **
2020-08-26 01:30:02,952 INFO No need to send email, temps are acceptable
2020-08-26 01:30:02,952 INFO 
Garage 73
Main 73
Bedroom 72
Batt V 13.3
Gen State OFF
Hi limit 80
Low limit 60
2020-08-26 01:30:08,289 INFO Gathered temps and emailed to log address :rvlogs@robhome.com
2020-08-26 01:30:08,289 CRITICAL **
2020-08-26 01:30:08,289 CRITICAL Ending run of the RV Temp Monitor
2020-08-26 01:30:08,290 CRITICAL **

2020-08-26 01:45:02,750 CRITICAL **
2020-08-26 01:45:02,754 CRITICAL Starting the RV Temp Monitor
2020-08-26 01:45:02,754 CRITICAL **
2020-08-26 01:45:03,130 INFO No need to send email, temps are acceptable
2020-08-26 01:45:03,130 INFO 
Garage 73
Main 73
Bedroom 72
Batt V 13.3
Gen State OFF
Hi limit 80
Low limit 60
2020-08-26 01:45:05,887 INFO Gathered temps and emailed to log address :rvlogs@robhome.com
2020-08-26 01:45:05,887 CRITICAL **
2020-08-26 01:45:05,887 CRITICAL Ending run of the RV Temp Monitor
2020-08-26 01:45:05,888 CRITICAL **

2020-08-26 02:00:02,356 CRITICAL **
2020-08-26 02:00:02,356 CRITICAL Starting the RV Temp Monitor
2020-08-26 02:00:02,357 CRITICAL **
2020-08-26 02:00:02,739 INFO No need to send email, temps are acceptable
2020-08-26 02:00:02,740 INFO 
Garage 73
Main 73
Bedroom 72
Batt V 13.3
Gen State OFF
Hi limit 80
Low limit 60
2020-08-26 02:00:05,231 INFO Gathered temps and emailed to log address :rvlogs@robhome.com
2020-08-26 02:00:05,236 CRITICAL **
2020-08-26 02:00:05,237 CRITICAL Ending run of the RV Temp Monitor
2020-08-26 02:00:05,237 CRITICAL **

2020-08-26 02:15:02,728 CRITICAL **
2020-08-26 02:15:02,729 CRITICAL Starting the RV Temp Monitor
2020-08-26 02:15:02,729 CRITICAL **
2020-08-26 02:15:03,078 INFO No need to send email, temps are acceptable
2020-08-26 02:15:03,078 INFO 
Garage 73
Main 72
Bedroom 71
Batt V 13.3
Gen State OFF
Hi limit 80
Low limit 60
2020-08-26 02:15:05,858 INFO Gathered temps and emailed to log address :rvlogs@robhome.com
2020-08-26 02:15:05,859 CRITICAL **
2020-08-26 02:15:05,859 CRITICAL Ending run of the RV Temp Monitor
2020-08-26 02:15:05,859 CRITICAL **

2020-08-26 02:30:02,441 CRITICAL **
2020-08-26 02:30:02,442 CRITICAL Starting the RV Temp Monitor
2020-08-26 02:30:02,443 CRITICAL **
2020-08-26 02:30:02,889 INFO No need to send email, temps are acceptable
2020-08-26 02:30:02,890 INFO 
Garage 73
Main 72
Bedroom 71
Batt V 13.3
Gen State OFF
Hi limit 80
Low limit 60
2020-08-26 02:30:05,528 INFO Gathered temps and emailed to log address :rvlogs@robhome.com
2020-08-26 02:30:05,529 CRITICAL **
2020-08-26 02:30:05,529 CRITICAL Ending run of the RV Temp Monitor
2020-08-26 02:30:05,529 CRITICAL **

2020-08-26 02:45:02,993 CRITICAL **
2020-08-26 02:45:02,993 CRITICAL Starting the RV Temp Monitor
2020-08-26 02:45:02,994 CRITICAL **
2020-08-26 02:45:03,405 INFO No need to send email, temps are acceptable
2020-08-26 02:45:03,406 INFO 
Garage 73
Main 72
Bedroom 72
Batt V 13.3
Gen State OFF
Hi limit 80
Low limit 60
2020-08-26 02:45:05,723 INFO Gathered temps and emailed to log address :rvlogs@robhome.com
2020-08-26 02:45:05,723 CRITICAL **
2020-08-26 02:45:05,723 CRITICAL Ending run of the RV Temp Monitor
2020-08-26 02:45:05,724 CRITICAL **

2020-08-26 03:00:03,189 CRITICAL **
2020-08-26 03:00:03,190 CRITICAL Starting the RV Temp Monitor
2020-08-26 03:00:03,190 CRITICAL **
2020-08-26 03:00:03,590 INFO No need to send email, temps are acceptable
2020-08-26 03:00:03,591 INFO 
Garage 73
Main 72
Bedroom 72
Batt V 13.3
Gen State OFF
Hi limit 80
Low limit 60
2020-08-26 03:00:06,345 INFO Gathered temps and emailed to log address :rvlogs@robhome.com
2020-08-26 03:00:06,346 CRITICAL **
2020-08-26 03:00:06,346 CRITICAL Ending run of the RV Temp Monitor
2020-08-26 03:00:06,347 CRITICAL **

2020-08-26 03:15:02,805 CRITICAL **
2020-08-26 03:15:02,807 CRITICAL Starting the RV Temp Monitor
2020-08-26 03:15:02,808 CRITICAL **
2020-08-26 03:15:03,180 INFO No need to send email, temps are acceptable
2020-08-26 03:15:03,180 INFO 
Garage 73
Main 73
Bedroom 72
Batt V 13.3
Gen State OFF
Hi limit 80
Low limit 60
2020-08-26 03:15:05,898 INFO Gathered temps and emailed to log address :rvlogs@robhome.com
2020-08-26 03:15:05,898 CRITICAL **
2020-08-26 03:15:05,898 CRITICAL Ending run of the RV Temp Monitor
2020-08-26 03:15:05,899 CRITICAL **

2020-08-26 03:30:02,485 CRITICAL **
2020-08-26 03:30:02,485 CRITICAL Starting the RV Temp Monitor
2020-08-26 03:30:02,486 CRITICAL **
2020-08-26 03:30:02,904 INFO No need to send email, temps are acceptable
2020-08-26 03:30:02,904 INFO 
Garage 73
Main 73
Bedroom 72
Batt V 13.3
Gen State OFF
Hi limit 80
Low limit 60
2020-08-26 03:30:05,199 INFO Gathered temps and emailed to log address :rvlogs@robhome.com
2020-08-26 03:30:05,199 CRITICAL **
2020-08-26 03:30:05,200 CRITICAL Ending run of the RV Temp Monitor
2020-08-26 03:30:05,200 CRITICAL **

2020-08-26 03:45:02,755 CRITICAL **
2020-08-26 03:45:02,757 CRITICAL Starting the RV Temp Monitor
2020-08-26 03:45:02,758 CRITICAL **
2020-08-26 03:45:03,145 INFO No need to send email, temps are acceptable
2020-08-26 03:45:03,145 INFO 
Garage 73
Main 72
Bedroom 72
Batt V 13.3
Gen State OFF
Hi limit 80
Low limit 60
2020-08-26 03:45:05,726 INFO Gathered temps and emailed to log address :rvlogs@robhome.com
2020-08-26 03:45:05,727 CRITICAL **
2020-08-26 03:45:05,727 CRITICAL Ending run of the RV Temp Monitor
2020-08-26 03:45:05,727 CRITICAL **

2020-08-26 04:00:03,210 CRITICAL **
2020-08-26 04:00:03,211 CRITICAL Starting the RV Temp Monitor
2020-08-26 04:00:03,211 CRITICAL **
2020-08-26 04:00:03,606 INFO No need to send email, temps are acceptable
2020-08-26 04:00:03,606 INFO 
Garage 73
Main 72
Bedroom 72
Batt V 13.3
Gen State OFF
Hi limit 80
Low limit 60
2020-08-26 04:00:06,254 INFO Gathered temps and emailed to log address :rvlogs@robhome.com
2020-08-26 04:00:06,254 CRITICAL **
2020-08-26 04:00:06,255 CRITICAL Ending run of the RV Temp Monitor
2020-08-26 04:00:06,255 CRITICAL **

2020-08-26 04:15:02,726 CRITICAL **
2020-08-26 04:15:02,727 CRITICAL Starting the RV Temp Monitor
2020-08-26 04:15:02,727 CRITICAL **
2020-08-26 04:15:03,158 INFO No need to send email, temps are acceptable
2020-08-26 04:15:03,159 INFO 
Garage 73
Main 72
Bedroom 72
Batt V 13.3
Gen State OFF
Hi limit 80
Low limit 60
2020-08-26 04:15:05,645 INFO Gathered temps and emailed to log address :rvlogs@robhome.com
2020-08-26 04:15:05,646 CRITICAL **
2020-08-26 04:15:05,646 CRITICAL Ending run of the RV Temp Monitor
2020-08-26 04:15:05,646 CRITICAL **

2020-08-26 04:30:03,232 CRITICAL **
2020-08-26 04:30:03,233 CRITICAL Starting the RV Temp Monitor
2020-08-26 04:30:03,236 CRITICAL **
2020-08-26 04:30:03,615 INFO No need to send email, temps are acceptable
2020-08-26 04:30:03,615 INFO 
Garage 73
Main 72
Bedroom 73
Batt V 13.3
Gen State OFF
Hi limit 80
Low limit 60
2020-08-26 04:30:06,250 INFO Gathered temps and emailed to log address :rvlogs@robhome.com
2020-08-26 04:30:06,250 CRITICAL **
2020-08-26 04:30:06,250 CRITICAL Ending run of the RV Temp Monitor
2020-08-26 04:30:06,251 CRITICAL **

2020-08-26 04:45:02,720 CRITICAL **
2020-08-26 04:45:02,721 CRITICAL Starting the RV Temp Monitor
2020-08-26 04:45:02,722 CRITICAL **
2020-08-26 04:45:03,145 INFO No need to send email, temps are acceptable
2020-08-26 04:45:03,146 INFO 
Garage 73
Main 72
Bedroom 72
Batt V 13.3
Gen State OFF
Hi limit 80
Low limit 60
2020-08-26 04:45:05,586 INFO Gathered temps and emailed to log address :rvlogs@robhome.com
2020-08-26 04:45:05,587 CRITICAL **
2020-08-26 04:45:05,587 CRITICAL Ending run of the RV Temp Monitor
2020-08-26 04:45:05,587 CRITICAL **

2020-08-26 05:00:03,047 CRITICAL **
2020-08-26 05:00:03,048 CRITICAL Starting the RV Temp Monitor
2020-08-26 05:00:03,048 CRITICAL **
2020-08-26 05:00:03,430 INFO No need to send email, temps are acceptable
2020-08-26 05:00:03,430 INFO 
Garage 73
Main 72
Bedroom 72
Batt V 13.3
Gen State OFF
Hi limit 80
Low limit 60
2020-08-26 05:00:05,823 INFO Gathered temps and emailed to log address :rvlogs@robhome.com
2020-08-26 05:00:05,823 CRITICAL **
2020-08-26 05:00:05,823 CRITICAL Ending run of the RV Temp Monitor
2020-08-26 05:00:05,824 CRITICAL **

2020-08-26 05:15:02,291 CRITICAL **
2020-08-26 05:15:02,292 CRITICAL Starting the RV Temp Monitor
2020-08-26 05:15:02,292 CRITICAL **
2020-08-26 05:15:02,691 INFO No need to send email, temps are acceptable
2020-08-26 05:15:02,691 INFO 
Garage 73
Main 72
Bedroom 71
Batt V 13.3
Gen State OFF
Hi limit 80
Low limit 60
2020-08-26 05:15:05,244 INFO Gathered temps and emailed to log address :rvlogs@robhome.com
2020-08-26 05:15:05,244 CRITICAL **
2020-08-26 05:15:05,244 CRITICAL Ending run of the RV Temp Monitor
2020-08-26 05:15:05,245 CRITICAL **

2020-08-26 05:30:02,824 CRITICAL **
2020-08-26 05:30:02,825 CRITICAL Starting the RV Temp Monitor
2020-08-26 05:30:02,825 CRITICAL **
2020-08-26 05:30:03,209 INFO No need to send email, temps are acceptable
2020-08-26 05:30:03,210 INFO 
Garage 73
Main 72
Bedroom 71
Batt V 13.3
Gen State OFF
Hi limit 80
Low limit 60
2020-08-26 05:30:06,038 INFO Gathered temps and emailed to log address :rvlogs@robhome.com
2020-08-26 05:30:06,039 CRITICAL **
2020-08-26 05:30:06,039 CRITICAL Ending run of the RV Temp Monitor
2020-08-26 05:30:06,039 CRITICAL **

2020-08-26 05:45:02,503 CRITICAL **
2020-08-26 05:45:02,504 CRITICAL Starting the RV Temp Monitor
2020-08-26 05:45:02,504 CRITICAL **
2020-08-26 05:45:02,962 INFO No need to send email, temps are acceptable
2020-08-26 05:45:02,963 INFO 
Garage 72
Main 72
Bedroom 71
Batt V 13.3
Gen State OFF
Hi limit 80
Low limit 60
2020-08-26 05:45:05,883 INFO Gathered temps and emailed to log address :rvlogs@robhome.com
2020-08-26 05:45:05,883 CRITICAL **
2020-08-26 05:45:05,884 CRITICAL Ending run of the RV Temp Monitor
2020-08-26 05:45:05,884 CRITICAL **

2020-08-26 06:00:02,352 CRITICAL **
2020-08-26 06:00:02,353 CRITICAL Starting the RV Temp Monitor
2020-08-26 06:00:02,353 CRITICAL **
2020-08-26 06:00:02,758 INFO No need to send email, temps are acceptable
2020-08-26 06:00:02,758 INFO 
Garage 72
Main 72
Bedroom 71
Batt V 13.3
Gen State OFF
Hi limit 80
Low limit 60
2020-08-26 06:00:05,708 INFO Gathered temps and emailed to log address :rvlogs@robhome.com
2020-08-26 06:00:05,708 CRITICAL **
2020-08-26 06:00:05,709 CRITICAL Ending run of the RV Temp Monitor
2020-08-26 06:00:05,709 CRITICAL **

2020-08-26 06:15:03,170 CRITICAL **
2020-08-26 06:15:03,171 CRITICAL Starting the RV Temp Monitor
2020-08-26 06:15:03,171 CRITICAL **
2020-08-26 06:15:03,565 INFO No need to send email, temps are acceptable
2020-08-26 06:15:03,565 INFO 
Garage 72
Main 72
Bedroom 71
Batt V 13.3
Gen State OFF
Hi limit 80
Low limit 60
2020-08-26 06:15:06,067 INFO Gathered temps and emailed to log address :rvlogs@robhome.com
2020-08-26 06:15:06,068 CRITICAL **
2020-08-26 06:15:06,068 CRITICAL Ending run of the RV Temp Monitor
2020-08-26 06:15:06,068 CRITICAL **

2020-08-26 06:30:02,808 CRITICAL **
2020-08-26 06:30:02,808 CRITICAL Starting the RV Temp Monitor
2020-08-26 06:30:02,809 CRITICAL **
2020-08-26 06:30:03,178 INFO No need to send email, temps are acceptable
2020-08-26 06:30:03,178 INFO 
Garage 72
Main 72
Bedroom 71
Batt V 13.3
Gen State OFF
Hi limit 80
Low limit 60
2020-08-26 06:30:05,899 INFO Gathered temps and emailed to log address :rvlogs@robhome.com
2020-08-26 06:30:05,899 CRITICAL **
2020-08-26 06:30:05,900 CRITICAL Ending run of the RV Temp Monitor
2020-08-26 06:30:05,900 CRITICAL **

2020-08-26 06:45:02,369 CRITICAL **
2020-08-26 06:45:02,370 CRITICAL Starting the RV Temp Monitor
2020-08-26 06:45:02,370 CRITICAL **
2020-08-26 06:45:02,727 INFO No need to send email, temps are acceptable
2020-08-26 06:45:02,727 INFO 
Garage 72
Main 72
Bedroom 71
Batt V 13.3
Gen State OFF
Hi limit 80
Low limit 60
2020-08-26 06:45:05,449 INFO Gathered temps and emailed to log address :rvlogs@robhome.com
2020-08-26 06:45:05,449 CRITICAL **
2020-08-26 06:45:05,450 CRITICAL Ending run of the RV Temp Monitor
2020-08-26 06:45:05,450 CRITICAL **

2020-08-26 07:00:02,912 CRITICAL **
2020-08-26 07:00:02,912 CRITICAL Starting the RV Temp Monitor
2020-08-26 07:00:02,912 CRITICAL **
2020-08-26 07:00:03,269 INFO No need to send email, temps are acceptable
2020-08-26 07:00:03,270 INFO 
Garage 72
Main 72
Bedroom 71
Batt V 13.3
Gen State OFF
Hi limit 80
Low limit 60
2020-08-26 07:00:05,890 INFO Gathered temps and emailed to log address :rvlogs@robhome.com
2020-08-26 07:00:05,891 CRITICAL **
2020-08-26 07:00:05,891 CRITICAL Ending run of the RV Temp Monitor
2020-08-26 07:00:05,891 CRITICAL **

2020-08-26 07:15:02,352 CRITICAL **
2020-08-26 07:15:02,353 CRITICAL Starting the RV Temp Monitor
2020-08-26 07:15:02,354 CRITICAL **
2020-08-26 07:15:02,730 INFO No need to send email, temps are acceptable
2020-08-26 07:15:02,731 INFO 
Garage 72
Main 72
Bedroom 71
Batt V 13.3
Gen State OFF
Hi limit 80
Low limit 60
2020-08-26 07:15:05,171 INFO Gathered temps and emailed to log address :rvlogs@robhome.com
2020-08-26 07:15:05,171 CRITICAL **
2020-08-26 07:15:05,172 CRITICAL Ending run of the RV Temp Monitor
2020-08-26 07:15:05,172 CRITICAL **

2020-08-26 07:30:02,757 CRITICAL **
2020-08-26 07:30:02,758 CRITICAL Starting the RV Temp Monitor
2020-08-26 07:30:02,758 CRITICAL **
2020-08-26 07:30:03,156 INFO No need to send email, temps are acceptable
2020-08-26 07:30:03,156 INFO 
Garage 72
Main 72
Bedroom 72
Batt V 13.3
Gen State OFF
Hi limit 80
Low limit 60
2020-08-26 07:30:06,070 INFO Gathered temps and emailed to log address :rvlogs@robhome.com
2020-08-26 07:30:06,071 CRITICAL **
2020-08-26 07:30:06,071 CRITICAL Ending run of the RV Temp Monitor
2020-08-26 07:30:06,071 CRITICAL **

2020-08-26 07:45:02,541 CRITICAL **
2020-08-26 07:45:02,541 CRITICAL Starting the RV Temp Monitor
2020-08-26 07:45:02,542 CRITICAL **
2020-08-26 07:45:02,920 INFO No need to send email, temps are acceptable
2020-08-26 07:45:02,921 INFO 
Garage 72
Main 71
Bedroom 72
Batt V 13.3
Gen State OFF
Hi limit 80
Low limit 60
2020-08-26 07:45:05,686 INFO Gathered temps and emailed to log address :rvlogs@robhome.com
2020-08-26 07:45:05,687 CRITICAL **
2020-08-26 07:45:05,687 CRITICAL Ending run of the RV Temp Monitor
2020-08-26 07:45:05,688 CRITICAL **

2020-08-26 08:00:03,158 CRITICAL **
2020-08-26 08:00:03,159 CRITICAL Starting the RV Temp Monitor
2020-08-26 08:00:03,159 CRITICAL **
2020-08-26 08:00:03,569 INFO No need to send email, temps are acceptable
2020-08-26 08:00:03,569 INFO 
Garage 72
Main 71
Bedroom 72
Batt V 13.3
Gen State OFF
Hi limit 80
Low limit 60
2020-08-26 08:00:06,539 INFO Gathered temps and emailed to log address :rvlogs@robhome.com
2020-08-26 08:00:06,539 CRITICAL **
2020-08-26 08:00:06,540 CRITICAL Ending run of the RV Temp Monitor
2020-08-26 08:00:06,540 CRITICAL **

2020-08-26 08:15:03,005 CRITICAL **
2020-08-26 08:15:03,006 CRITICAL Starting the RV Temp Monitor
2020-08-26 08:15:03,006 CRITICAL **
2020-08-26 08:15:03,363 INFO No need to send email, temps are acceptable
2020-08-26 08:15:03,364 INFO 
Garage 72
Main 71
Bedroom 72
Batt V 13.3
Gen State OFF
Hi limit 80
Low limit 60
2020-08-26 08:15:06,294 INFO Gathered temps and emailed to log address :rvlogs@robhome.com
2020-08-26 08:15:06,294 CRITICAL **
2020-08-26 08:15:06,295 CRITICAL Ending run of the RV Temp Monitor
2020-08-26 08:15:06,295 CRITICAL **

2020-08-26 08:30:02,879 CRITICAL **
2020-08-26 08:30:02,880 CRITICAL Starting the RV Temp Monitor
2020-08-26 08:30:02,880 CRITICAL **
2020-08-26 08:30:03,223 INFO No need to send email, temps are acceptable
2020-08-26 08:30:03,223 INFO 
Garage 72
Main 72
Bedroom 71
Batt V 13.3
Gen State OFF
Hi limit 80
Low limit 60
2020-08-26 08:30:06,103 INFO Gathered temps and emailed to log address :rvlogs@robhome.com
2020-08-26 08:30:06,104 CRITICAL **
2020-08-26 08:30:06,104 CRITICAL Ending run of the RV Temp Monitor
2020-08-26 08:30:06,104 CRITICAL **

2020-08-26 08:45:02,573 CRITICAL **
2020-08-26 08:45:02,575 CRITICAL Starting the RV Temp Monitor
2020-08-26 08:45:02,576 CRITICAL **
2020-08-26 08:45:02,995 INFO No need to send email, temps are acceptable
2020-08-26 08:45:02,995 INFO 
Garage 73
Main 72
Bedroom 71
Batt V 13.3
Gen State OFF
Hi limit 80
Low limit 60
2020-08-26 08:45:06,209 INFO Gathered temps and emailed to log address :rvlogs@robhome.com
2020-08-26 08:45:06,209 CRITICAL **
2020-08-26 08:45:06,209 CRITICAL Ending run of the RV Temp Monitor
2020-08-26 08:45:06,210 CRITICAL **

2020-08-26 09:00:02,672 CRITICAL **
2020-08-26 09:00:02,673 CRITICAL Starting the RV Temp Monitor
2020-08-26 09:00:02,673 CRITICAL **
2020-08-26 09:00:03,065 INFO No need to send email, temps are acceptable
2020-08-26 09:00:03,066 INFO 
Garage 73
Main 72
Bedroom 71
Batt V 13.3
Gen State OFF
Hi limit 80
Low limit 60
2020-08-26 09:00:05,838 INFO Gathered temps and emailed to log address :rvlogs@robhome.com
2020-08-26 09:00:05,838 CRITICAL **
2020-08-26 09:00:05,839 CRITICAL Ending run of the RV Temp Monitor
2020-08-26 09:00:05,839 CRITICAL **

2020-08-26 09:15:02,301 CRITICAL **
2020-08-26 09:15:02,302 CRITICAL Starting the RV Temp Monitor
2020-08-26 09:15:02,303 CRITICAL **
2020-08-26 09:15:02,683 INFO No need to send email, temps are acceptable
2020-08-26 09:15:02,683 INFO 
Garage 73
Main 72
Bedroom 72
Batt V 13.3
Gen State OFF
Hi limit 80
Low limit 60
2020-08-26 09:15:05,515 INFO Gathered temps and emailed to log address :rvlogs@robhome.com
2020-08-26 09:15:05,515 CRITICAL **
2020-08-26 09:15:05,516 CRITICAL Ending run of the RV Temp Monitor
2020-08-26 09:15:05,516 CRITICAL **

2020-08-26 09:30:03,103 CRITICAL **
2020-08-26 09:30:03,104 CRITICAL Starting the RV Temp Monitor
2020-08-26 09:30:03,104 CRITICAL **
2020-08-26 09:30:03,470 INFO No need to send email, temps are acceptable
2020-08-26 09:30:03,470 INFO 
Garage 72
Main 72
Bedroom 72
Batt V 13.3
Gen State OFF
Hi limit 80
Low limit 60
2020-08-26 09:30:05,728 INFO Gathered temps and emailed to log address :rvlogs@robhome.com
2020-08-26 09:30:05,729 CRITICAL **
2020-08-26 09:30:05,729 CRITICAL Ending run of the RV Temp Monitor
2020-08-26 09:30:05,729 CRITICAL **

2020-08-26 09:45:03,186 CRITICAL **
2020-08-26 09:45:03,187 CRITICAL Starting the RV Temp Monitor
2020-08-26 09:45:03,187 CRITICAL **
2020-08-26 09:45:03,559 INFO No need to send email, temps are acceptable
2020-08-26 09:45:03,559 INFO 
Garage 72
Main 71
Bedroom 72
Batt V 13.3
Gen State OFF
Hi limit 80
Low limit 60
2020-08-26 09:45:07,046 INFO Gathered temps and emailed to log address :rvlogs@robhome.com
2020-08-26 09:45:07,047 CRITICAL **
2020-08-26 09:45:07,050 CRITICAL Ending run of the RV Temp Monitor
2020-08-26 09:45:07,050 CRITICAL **

2020-08-26 10:00:02,514 CRITICAL **
2020-08-26 10:00:02,515 CRITICAL Starting the RV Temp Monitor
2020-08-26 10:00:02,515 CRITICAL **
2020-08-26 10:00:02,917 INFO No need to send email, temps are acceptable
2020-08-26 10:00:02,917 INFO 
Garage 72
Main 72
Bedroom 71
Batt V 13.3
Gen State OFF
Hi limit 80
Low limit 60
2020-08-26 10:00:05,767 INFO Gathered temps and emailed to log address :rvlogs@robhome.com
2020-08-26 10:00:05,767 CRITICAL **
2020-08-26 10:00:05,768 CRITICAL Ending run of the RV Temp Monitor
2020-08-26 10:00:05,768 CRITICAL **

2020-08-26 10:15:03,228 CRITICAL **
2020-08-26 10:15:03,228 CRITICAL Starting the RV Temp Monitor
2020-08-26 10:15:03,228 CRITICAL **
2020-08-26 10:15:03,585 INFO No need to send email, temps are acceptable
2020-08-26 10:15:03,586 INFO 
Garage 72
Main 72
Bedroom 71
Batt V 13.3
Gen State OFF
Hi limit 80
Low limit 60
2020-08-26 10:15:06,081 INFO Gathered temps and emailed to log address :rvlogs@robhome.com
2020-08-26 10:15:06,081 CRITICAL **
2020-08-26 10:15:06,082 CRITICAL Ending run of the RV Temp Monitor
2020-08-26 10:15:06,082 CRITICAL **

2020-08-26 10:30:02,657 CRITICAL **
2020-08-26 10:30:02,658 CRITICAL Starting the RV Temp Monitor
2020-08-26 10:30:02,658 CRITICAL **
2020-08-26 10:30:03,005 INFO No need to send email, temps are acceptable
2020-08-26 10:30:03,006 INFO 
Garage 72
Main 72
Bedroom 72
Batt V 13.3
Gen State OFF
Hi limit 80
Low limit 60
2020-08-26 10:30:05,947 INFO Gathered temps and emailed to log address :rvlogs@robhome.com
2020-08-26 10:30:05,948 CRITICAL **
2020-08-26 10:30:05,948 CRITICAL Ending run of the RV Temp Monitor
2020-08-26 10:30:05,948 CRITICAL **

2020-08-26 10:45:02,403 CRITICAL **
2020-08-26 10:45:02,404 CRITICAL Starting the RV Temp Monitor
2020-08-26 10:45:02,404 CRITICAL **
2020-08-26 10:45:02,804 INFO No need to send email, temps are acceptable
2020-08-26 10:45:02,804 INFO 
Garage 73
Main 72
Bedroom 72
Batt V 13.3
Gen State OFF
Hi limit 80
Low limit 60
2020-08-26 10:45:05,455 INFO Gathered temps and emailed to log address :rvlogs@robhome.com
2020-08-26 10:45:05,456 CRITICAL **
2020-08-26 10:45:05,456 CRITICAL Ending run of the RV Temp Monitor
2020-08-26 10:45:05,456 CRITICAL **

2020-08-26 11:00:02,910 CRITICAL **
2020-08-26 11:00:02,911 CRITICAL Starting the RV Temp Monitor
2020-08-26 11:00:02,911 CRITICAL **
2020-08-26 11:00:03,295 INFO No need to send email, temps are acceptable
2020-08-26 11:00:03,295 INFO 
Garage 73
Main 72
Bedroom 73
Batt V 13.3
Gen State OFF
Hi limit 80
Low limit 60
2020-08-26 11:00:05,689 INFO Gathered temps and emailed to log address :rvlogs@robhome.com
2020-08-26 11:00:05,689 CRITICAL **
2020-08-26 11:00:05,689 CRITICAL Ending run of the RV Temp Monitor
2020-08-26 11:00:05,690 CRITICAL **

2020-08-26 11:15:03,150 CRITICAL **
2020-08-26 11:15:03,152 CRITICAL Starting the RV Temp Monitor
2020-08-26 11:15:03,153 CRITICAL **
2020-08-26 11:15:03,588 INFO No need to send email, temps are acceptable
2020-08-26 11:15:03,588 INFO 
Garage 73
Main 72
Bedroom 72
Batt V 13.3
Gen State OFF
Hi limit 80
Low limit 60
2020-08-26 11:15:06,247 INFO Gathered temps and emailed to log address :rvlogs@robhome.com
2020-08-26 11:15:06,248 CRITICAL **
2020-08-26 11:15:06,248 CRITICAL Ending run of the RV Temp Monitor
2020-08-26 11:15:06,248 CRITICAL **

2020-08-26 11:30:02,838 CRITICAL **
2020-08-26 11:30:02,838 CRITICAL Starting the RV Temp Monitor
2020-08-26 11:30:02,839 CRITICAL **
2020-08-26 11:30:03,193 INFO No need to send email, temps are acceptable
2020-08-26 11:30:03,194 INFO 
Garage 73
Main 73
Bedroom 72
Batt V 13.3
Gen State OFF
Hi limit 80
Low limit 60
2020-08-26 11:30:06,239 INFO Gathered temps and emailed to log address :rvlogs@robhome.com
2020-08-26 11:30:06,240 CRITICAL **
2020-08-26 11:30:06,240 CRITICAL Ending run of the RV Temp Monitor
2020-08-26 11:30:06,240 CRITICAL **

2020-08-26 11:45:02,705 CRITICAL **
2020-08-26 11:45:02,705 CRITICAL Starting the RV Temp Monitor
2020-08-26 11:45:02,706 CRITICAL **
2020-08-26 11:45:03,097 INFO No need to send email, temps are acceptable
2020-08-26 11:45:03,097 INFO 
Garage 73
Main 72
Bedroom 72
Batt V 13.3
Gen State OFF
Hi limit 80
Low limit 60
2020-08-26 11:45:06,086 INFO Gathered temps and emailed to log address :rvlogs@robhome.com
2020-08-26 11:45:06,087 CRITICAL **
2020-08-26 11:45:06,087 CRITICAL Ending run of the RV Temp Monitor
2020-08-26 11:45:06,087 CRITICAL **

2020-08-26 12:00:02,545 CRITICAL **
2020-08-26 12:00:02,546 CRITICAL Starting the RV Temp Monitor
2020-08-26 12:00:02,546 CRITICAL **
2020-08-26 12:00:03,015 INFO No need to send email, temps are acceptable
2020-08-26 12:00:03,015 INFO 
Garage 73
Main 73
Bedroom 72
Batt V 13.3
Gen State OFF
Hi limit 80
Low limit 60
2020-08-26 12:00:06,404 INFO Gathered temps and emailed to log address :rvlogs@robhome.com
2020-08-26 12:00:06,405 CRITICAL **
2020-08-26 12:00:06,409 CRITICAL Ending run of the RV Temp Monitor
2020-08-26 12:00:06,410 CRITICAL **

2020-08-26 12:15:02,871 CRITICAL **
2020-08-26 12:15:02,872 CRITICAL Starting the RV Temp Monitor
2020-08-26 12:15:02,872 CRITICAL **
2020-08-26 12:15:03,239 INFO No need to send email, temps are acceptable
2020-08-26 12:15:03,239 INFO 
Garage 73
Main 73
Bedroom 73
Batt V 13.3
Gen State OFF
Hi limit 80
Low limit 60
2020-08-26 12:15:06,017 INFO Gathered temps and emailed to log address :rvlogs@robhome.com
2020-08-26 12:15:06,017 CRITICAL **
2020-08-26 12:15:06,018 CRITICAL Ending run of the RV Temp Monitor
2020-08-26 12:15:06,018 CRITICAL **

2020-08-26 12:30:02,604 CRITICAL **
2020-08-26 12:30:02,605 CRITICAL Starting the RV Temp Monitor
2020-08-26 12:30:02,606 CRITICAL **
2020-08-26 12:30:02,958 INFO No need to send email, temps are acceptable
2020-08-26 12:30:02,959 INFO 
Garage 73
Main 72
Bedroom 72
Batt V 13.3
Gen State OFF
Hi limit 80
Low limit 60
2020-08-26 12:30:05,857 INFO Gathered temps and emailed to log address :rvlogs@robhome.com
2020-08-26 12:30:05,858 CRITICAL **
2020-08-26 12:30:05,858 CRITICAL Ending run of the RV Temp Monitor
2020-08-26 12:30:05,858 CRITICAL **

2020-08-26 12:45:02,317 CRITICAL **
2020-08-26 12:45:02,317 CRITICAL Starting the RV Temp Monitor
2020-08-26 12:45:02,318 CRITICAL **
2020-08-26 12:45:02,766 INFO No need to send email, temps are acceptable
2020-08-26 12:45:02,767 INFO 
Garage 72
Main 72
Bedroom 72
Batt V 13.3
Gen State OFF
Hi limit 80
Low limit 60
2020-08-26 12:45:07,274 INFO Gathered temps and emailed to log address :rvlogs@robhome.com
2020-08-26 12:45:07,275 CRITICAL **
2020-08-26 12:45:07,275 CRITICAL Ending run of the RV Temp Monitor
2020-08-26 12:45:07,276 CRITICAL **

2020-08-26 13:00:02,738 CRITICAL **
2020-08-26 13:00:02,739 CRITICAL Starting the RV Temp Monitor
2020-08-26 13:00:02,739 CRITICAL **
2020-08-26 13:00:03,129 INFO No need to send email, temps are acceptable
2020-08-26 13:00:03,129 INFO 
Garage 74
Main 73
Bedroom 72
Batt V 13.3
Gen State OFF
Hi limit 80
Low limit 60
2020-08-26 13:00:05,530 INFO Gathered temps and emailed to log address :rvlogs@robhome.com
2020-08-26 13:00:05,530 CRITICAL **
2020-08-26 13:00:05,530 CRITICAL Ending run of the RV Temp Monitor
2020-08-26 13:00:05,531 CRITICAL **

2020-08-26 13:15:02,991 CRITICAL **
2020-08-26 13:15:02,991 CRITICAL Starting the RV Temp Monitor
2020-08-26 13:15:02,992 CRITICAL **
2020-08-26 13:15:03,411 INFO No need to send email, temps are acceptable
2020-08-26 13:15:03,412 INFO 
Garage 73
Main 73
Bedroom 72
Batt V 13.3
Gen State OFF
Hi limit 80
Low limit 60
2020-08-26 13:15:06,068 INFO Gathered temps and emailed to log address :rvlogs@robhome.com
2020-08-26 13:15:06,069 CRITICAL **
2020-08-26 13:15:06,069 CRITICAL Ending run of the RV Temp Monitor
2020-08-26 13:15:06,069 CRITICAL **

2020-08-26 13:30:02,651 CRITICAL **
2020-08-26 13:30:02,652 CRITICAL Starting the RV Temp Monitor
2020-08-26 13:30:02,652 CRITICAL **
2020-08-26 13:30:02,996 INFO No need to send email, temps are acceptable
2020-08-26 13:30:02,997 INFO 
Garage 73
Main 73
Bedroom 72
Batt V 13.8
Gen State OFF
Hi limit 80
Low limit 60
2020-08-26 13:30:05,832 INFO Gathered temps and emailed to log address :rvlogs@robhome.com
2020-08-26 13:30:05,833 CRITICAL **
2020-08-26 13:30:05,833 CRITICAL Ending run of the RV Temp Monitor
2020-08-26 13:30:05,834 CRITICAL **

2020-08-26 13:45:02,299 CRITICAL **
2020-08-26 13:45:02,300 CRITICAL Starting the RV Temp Monitor
2020-08-26 13:45:02,301 CRITICAL **
2020-08-26 13:45:02,716 INFO No need to send email, temps are acceptable
2020-08-26 13:45:02,716 INFO 
Garage 73
Main 73
Bedroom 72
Batt V 13.8
Gen State OFF
Hi limit 80
Low limit 60
2020-08-26 13:45:05,982 INFO Gathered temps and emailed to log address :rvlogs@robhome.com
2020-08-26 13:45:05,982 CRITICAL **
2020-08-26 13:45:05,983 CRITICAL Ending run of the RV Temp Monitor
2020-08-26 13:45:05,983 CRITICAL **

2020-08-26 14:00:02,450 CRITICAL **
2020-08-26 14:00:02,450 CRITICAL Starting the RV Temp Monitor
2020-08-26 14:00:02,451 CRITICAL **
2020-08-26 14:00:02,810 INFO No need to send email, temps are acceptable
2020-08-26 14:00:02,810 INFO 
Garage 73
Main 74
Bedroom 72
Batt V 13.3
Gen State OFF
Hi limit 80
Low limit 60
2020-08-26 14:00:05,277 INFO Gathered temps and emailed to log address :rvlogs@robhome.com
2020-08-26 14:00:05,277 CRITICAL **
2020-08-26 14:00:05,278 CRITICAL Ending run of the RV Temp Monitor
2020-08-26 14:00:05,278 CRITICAL **

2020-08-26 14:15:02,751 CRITICAL **
2020-08-26 14:15:02,752 CRITICAL Starting the RV Temp Monitor
2020-08-26 14:15:02,752 CRITICAL **
2020-08-26 14:15:03,142 INFO No need to send email, temps are acceptable
2020-08-26 14:15:03,143 INFO 
Garage 74
Main 74
Bedroom 73
Batt V 13.8
Gen State OFF
Hi limit 80
Low limit 60
2020-08-26 14:15:05,967 INFO Gathered temps and emailed to log address :rvlogs@robhome.com
2020-08-26 14:15:05,967 CRITICAL **
2020-08-26 14:15:05,968 CRITICAL Ending run of the RV Temp Monitor
2020-08-26 14:15:05,968 CRITICAL **

2020-08-26 14:30:02,550 CRITICAL **
2020-08-26 14:30:02,551 CRITICAL Starting the RV Temp Monitor
2020-08-26 14:30:02,551 CRITICAL **
2020-08-26 14:30:02,966 INFO No need to send email, temps are acceptable
2020-08-26 14:30:02,967 INFO 
Garage 74
Main 75
Bedroom 71
Batt V 13.3
Gen State OFF
Hi limit 80
Low limit 60
2020-08-26 14:30:06,718 INFO Gathered temps and emailed to log address :rvlogs@robhome.com
2020-08-26 14:30:06,721 CRITICAL **
2020-08-26 14:30:06,722 CRITICAL Ending run of the RV Temp Monitor
2020-08-26 14:30:06,722 CRITICAL **

2020-08-26 14:45:03,185 CRITICAL **
2020-08-26 14:45:03,186 CRITICAL Starting the RV Temp Monitor
2020-08-26 14:45:03,186 CRITICAL **
2020-08-26 14:45:03,597 INFO No need to send email, temps are acceptable
2020-08-26 14:45:03,597 INFO 
Garage 74
Main 75
Bedroom 72
Batt V 13.8
Gen State OFF
Hi limit 80
Low limit 60
2020-08-26 14:45:06,863 INFO Gathered temps and emailed to log address :rvlogs@robhome.com
2020-08-26 14:45:06,864 CRITICAL **
2020-08-26 14:45:06,864 CRITICAL Ending run of the RV Temp Monitor
2020-08-26 14:45:06,864 CRITICAL **

2020-08-26 15:00:02,337 CRITICAL **
2020-08-26 15:00:02,337 CRITICAL Starting the RV Temp Monitor
2020-08-26 15:00:02,338 CRITICAL **
2020-08-26 15:00:02,769 INFO No need to send email, temps are acceptable
2020-08-26 15:00:02,770 INFO 
Garage 74
Main 75
Bedroom 72
Batt V 13.3
Gen State OFF
Hi limit 80
Low limit 60
2020-08-26 15:00:05,585 INFO Gathered temps and emailed to log address :rvlogs@robhome.com
2020-08-26 15:00:05,586 CRITICAL **
2020-08-26 15:00:05,586 CRITICAL Ending run of the RV Temp Monitor
2020-08-26 15:00:05,587 CRITICAL **

2020-08-26 15:15:03,049 CRITICAL **
2020-08-26 15:15:03,050 CRITICAL Starting the RV Temp Monitor
2020-08-26 15:15:03,050 CRITICAL **
2020-08-26 15:15:03,411 INFO No need to send email, temps are acceptable
2020-08-26 15:15:03,412 INFO 
Garage 74
Main 76
Bedroom 72
Batt V 13.3
Gen State OFF
Hi limit 80
Low limit 60
2020-08-26 15:15:08,006 INFO Gathered temps and emailed to log address :rvlogs@robhome.com
2020-08-26 15:15:08,007 CRITICAL **
2020-08-26 15:15:08,007 CRITICAL Ending run of the RV Temp Monitor
2020-08-26 15:15:08,008 CRITICAL **

2020-08-26 15:30:02,591 CRITICAL **
2020-08-26 15:30:02,592 CRITICAL Starting the RV Temp Monitor
2020-08-26 15:30:02,592 CRITICAL **
2020-08-26 15:30:02,998 INFO No need to send email, temps are acceptable
2020-08-26 15:30:02,999 INFO 
Garage 74
Main 76
Bedroom 72
Batt V 13.3
Gen State OFF
Hi limit 80
Low limit 60
2020-08-26 15:30:05,672 INFO Gathered temps and emailed to log address :rvlogs@robhome.com
2020-08-26 15:30:05,673 CRITICAL **
2020-08-26 15:30:05,673 CRITICAL Ending run of the RV Temp Monitor
2020-08-26 15:30:05,673 CRITICAL **

2020-08-26 15:45:03,134 CRITICAL **
2020-08-26 15:45:03,134 CRITICAL Starting the RV Temp Monitor
2020-08-26 15:45:03,135 CRITICAL **
2020-08-26 15:45:03,501 INFO No need to send email, temps are acceptable
2020-08-26 15:45:03,501 INFO 
Garage 74
Main 77
Bedroom 73
Batt V 13.3
Gen State OFF
Hi limit 80
Low limit 60
2020-08-26 15:45:06,486 INFO Gathered temps and emailed to log address :rvlogs@robhome.com
2020-08-26 15:45:06,487 CRITICAL **
2020-08-26 15:45:06,487 CRITICAL Ending run of the RV Temp Monitor
2020-08-26 15:45:06,487 CRITICAL **

2020-08-26 16:00:02,953 CRITICAL **
2020-08-26 16:00:02,954 CRITICAL Starting the RV Temp Monitor
2020-08-26 16:00:02,955 CRITICAL **
2020-08-26 16:00:03,362 INFO No need to send email, temps are acceptable
2020-08-26 16:00:03,362 INFO 
Garage 74
Main 77
Bedroom 72
Batt V 13.3
Gen State OFF
Hi limit 80
Low limit 60
2020-08-26 16:00:06,051 INFO Gathered temps and emailed to log address :rvlogs@robhome.com
2020-08-26 16:00:06,052 CRITICAL **
2020-08-26 16:00:06,052 CRITICAL Ending run of the RV Temp Monitor
2020-08-26 16:00:06,052 CRITICAL **

2020-08-26 16:15:02,517 CRITICAL **
2020-08-26 16:15:02,518 CRITICAL Starting the RV Temp Monitor
2020-08-26 16:15:02,518 CRITICAL **
2020-08-26 16:15:02,919 INFO No need to send email, temps are acceptable
2020-08-26 16:15:02,920 INFO 
Garage 74
Main 77
Bedroom 72
Batt V 13.3
Gen State OFF
Hi limit 80
Low limit 60
2020-08-26 16:15:05,651 INFO Gathered temps and emailed to log address :rvlogs@robhome.com
2020-08-26 16:15:05,652 CRITICAL **
2020-08-26 16:15:05,652 CRITICAL Ending run of the RV Temp Monitor
2020-08-26 16:15:05,652 CRITICAL **

2020-08-26 16:30:03,234 CRITICAL **
2020-08-26 16:30:03,235 CRITICAL Starting the RV Temp Monitor
2020-08-26 16:30:03,235 CRITICAL **
2020-08-26 16:30:03,668 INFO No need to send email, temps are acceptable
2020-08-26 16:30:03,669 INFO 
Garage 74
Main 77
Bedroom 71
Batt V 13.3
Gen State OFF
Hi limit 80
Low limit 60
2020-08-26 16:30:06,518 INFO Gathered temps and emailed to log address :rvlogs@robhome.com
2020-08-26 16:30:06,518 CRITICAL **
2020-08-26 16:30:06,518 CRITICAL Ending run of the RV Temp Monitor
2020-08-26 16:30:06,519 CRITICAL **

2020-08-26 16:45:02,986 CRITICAL **
2020-08-26 16:45:02,987 CRITICAL Starting the RV Temp Monitor
2020-08-26 16:45:02,987 CRITICAL **
2020-08-26 16:45:03,377 INFO No need to send email, temps are acceptable
2020-08-26 16:45:03,378 INFO 
Garage 74
Main 77
Bedroom 72
Batt V 13.3
Gen State OFF
Hi limit 80
Low limit 60
2020-08-26 16:45:05,556 INFO Gathered temps and emailed to log address :rvlogs@robhome.com
2020-08-26 16:45:05,557 CRITICAL **
2020-08-26 16:45:05,557 CRITICAL Ending run of the RV Temp Monitor
2020-08-26 16:45:05,557 CRITICAL **

2020-08-26 17:00:03,023 CRITICAL **
2020-08-26 17:00:03,023 CRITICAL Starting the RV Temp Monitor
2020-08-26 17:00:03,024 CRITICAL **
2020-08-26 17:00:03,397 INFO No need to send email, temps are acceptable
2020-08-26 17:00:03,397 INFO 
Garage 74
Main 77
Bedroom 72
Batt V 13.3
Gen State OFF
Hi limit 80
Low limit 60
2020-08-26 17:00:06,120 INFO Gathered temps and emailed to log address :rvlogs@robhome.com
2020-08-26 17:00:06,120 CRITICAL **
2020-08-26 17:00:06,121 CRITICAL Ending run of the RV Temp Monitor
2020-08-26 17:00:06,121 CRITICAL **

2020-08-26 17:15:02,589 CRITICAL **
2020-08-26 17:15:02,589 CRITICAL Starting the RV Temp Monitor
2020-08-26 17:15:02,590 CRITICAL **
2020-08-26 17:15:03,025 INFO No need to send email, temps are acceptable
2020-08-26 17:15:03,026 INFO 
Garage 74
Main 77
Bedroom 72
Batt V 13.3
Gen State OFF
Hi limit 80
Low limit 60
2020-08-26 17:15:05,631 INFO Gathered temps and emailed to log address :rvlogs@robhome.com
2020-08-26 17:15:05,632 CRITICAL **
2020-08-26 17:15:05,632 CRITICAL Ending run of the RV Temp Monitor
2020-08-26 17:15:05,632 CRITICAL **

2020-08-26 17:30:03,211 CRITICAL **
2020-08-26 17:30:03,211 CRITICAL Starting the RV Temp Monitor
2020-08-26 17:30:03,212 CRITICAL **
2020-08-26 17:30:03,578 INFO No need to send email, temps are acceptable
2020-08-26 17:30:03,578 INFO 
Garage 74
Main 77
Bedroom 72
Batt V 13.3
Gen State OFF
Hi limit 80
Low limit 60
2020-08-26 17:30:05,673 INFO Gathered temps and emailed to log address :rvlogs@robhome.com
2020-08-26 17:30:05,674 CRITICAL **
2020-08-26 17:30:05,674 CRITICAL Ending run of the RV Temp Monitor
2020-08-26 17:30:05,674 CRITICAL **

2020-08-26 17:45:03,135 CRITICAL **
2020-08-26 17:45:03,136 CRITICAL Starting the RV Temp Monitor
2020-08-26 17:45:03,136 CRITICAL **
2020-08-26 17:45:03,547 INFO No need to send email, temps are acceptable
2020-08-26 17:45:03,548 INFO 
Garage 75
Main 77
Bedroom 72
Batt V 13.3
Gen State OFF
Hi limit 80
Low limit 60
2020-08-26 17:45:05,887 INFO Gathered temps and emailed to log address :rvlogs@robhome.com
2020-08-26 17:45:05,888 CRITICAL **
2020-08-26 17:45:05,888 CRITICAL Ending run of the RV Temp Monitor
2020-08-26 17:45:05,888 CRITICAL **

2020-08-26 18:00:02,351 CRITICAL **
2020-08-26 18:00:02,352 CRITICAL Starting the RV Temp Monitor
2020-08-26 18:00:02,352 CRITICAL **
2020-08-26 18:00:02,734 INFO No need to send email, temps are acceptable
2020-08-26 18:00:02,734 INFO 
Garage 75
Main 77
Bedroom 72
Batt V 13.3
Gen State OFF
Hi limit 80
Low limit 60
2020-08-26 18:00:05,169 INFO Gathered temps and emailed to log address :rvlogs@robhome.com
2020-08-26 18:00:05,169 CRITICAL **
2020-08-26 18:00:05,170 CRITICAL Ending run of the RV Temp Monitor
2020-08-26 18:00:05,170 CRITICAL **

2020-08-26 18:15:02,641 CRITICAL **
2020-08-26 18:15:02,642 CRITICAL Starting the RV Temp Monitor
2020-08-26 18:15:02,643 CRITICAL **
2020-08-26 18:15:03,062 INFO No need to send email, temps are acceptable
2020-08-26 18:15:03,063 INFO 
Garage 75
Main 77
Bedroom 72
Batt V 13.3
Gen State OFF
Hi limit 80
Low limit 60
2020-08-26 18:15:05,735 INFO Gathered temps and emailed to log address :rvlogs@robhome.com
2020-08-26 18:15:05,736 CRITICAL **
2020-08-26 18:15:05,736 CRITICAL Ending run of the RV Temp Monitor
2020-08-26 18:15:05,736 CRITICAL **

2020-08-26 18:30:02,333 CRITICAL **
2020-08-26 18:30:02,334 CRITICAL Starting the RV Temp Monitor
2020-08-26 18:30:02,334 CRITICAL **
2020-08-26 18:30:02,743 INFO No need to send email, temps are acceptable
2020-08-26 18:30:02,744 INFO 
Garage 75
Main 77
Bedroom 72
Batt V 13.3
Gen State OFF
Hi limit 80
Low limit 60
2020-08-26 18:30:05,262 INFO Gathered temps and emailed to log address :rvlogs@robhome.com
2020-08-26 18:30:05,263 CRITICAL **
2020-08-26 18:30:05,263 CRITICAL Ending run of the RV Temp Monitor
2020-08-26 18:30:05,263 CRITICAL **

2020-08-26 18:45:02,721 CRITICAL **
2020-08-26 18:45:02,722 CRITICAL Starting the RV Temp Monitor
2020-08-26 18:45:02,723 CRITICAL **
2020-08-26 18:45:03,119 INFO No need to send email, temps are acceptable
2020-08-26 18:45:03,120 INFO 
Garage 75
Main 77
Bedroom 71
Batt V 13.3
Gen State OFF
Hi limit 80
Low limit 60
2020-08-26 18:45:05,891 INFO Gathered temps and emailed to log address :rvlogs@robhome.com
2020-08-26 18:45:05,891 CRITICAL **
2020-08-26 18:45:05,891 CRITICAL Ending run of the RV Temp Monitor
2020-08-26 18:45:05,892 CRITICAL **

2020-08-26 19:00:02,366 CRITICAL **
2020-08-26 19:00:02,366 CRITICAL Starting the RV Temp Monitor
2020-08-26 19:00:02,367 CRITICAL **
2020-08-26 19:00:02,750 INFO No need to send email, temps are acceptable
2020-08-26 19:00:02,750 INFO 
Garage 75
Main 76
Bedroom 72
Batt V 13.3
Gen State OFF
Hi limit 80
Low limit 60
2020-08-26 19:00:05,561 INFO Gathered temps and emailed to log address :rvlogs@robhome.com
2020-08-26 19:00:05,562 CRITICAL **
2020-08-26 19:00:05,565 CRITICAL Ending run of the RV Temp Monitor
2020-08-26 19:00:05,565 CRITICAL **

2020-08-26 19:15:03,023 CRITICAL **
2020-08-26 19:15:03,024 CRITICAL Starting the RV Temp Monitor
2020-08-26 19:15:03,024 CRITICAL **
2020-08-26 19:15:03,448 INFO No need to send email, temps are acceptable
2020-08-26 19:15:03,449 INFO 
Garage 74
Main 75
Bedroom 72
Batt V 13.8
Gen State OFF
Hi limit 80
Low limit 60
2020-08-26 19:15:05,838 INFO Gathered temps and emailed to log address :rvlogs@robhome.com
2020-08-26 19:15:05,838 CRITICAL **
2020-08-26 19:15:05,839 CRITICAL Ending run of the RV Temp Monitor
2020-08-26 19:15:05,839 CRITICAL **

2020-08-26 19:30:02,424 CRITICAL **
2020-08-26 19:30:02,424 CRITICAL Starting the RV Temp Monitor
2020-08-26 19:30:02,425 CRITICAL **
2020-08-26 19:30:02,818 INFO No need to send email, temps are acceptable
2020-08-26 19:30:02,818 INFO 
Garage 73
Main 75
Bedroom 72
Batt V 13.8
Gen State OFF
Hi limit 80
Low limit 60
2020-08-26 19:30:05,449 INFO Gathered temps and emailed to log address :rvlogs@robhome.com
2020-08-26 19:30:05,449 CRITICAL **
2020-08-26 19:30:05,450 CRITICAL Ending run of the RV Temp Monitor
2020-08-26 19:30:05,450 CRITICAL **

2020-08-26 19:45:02,903 CRITICAL **
2020-08-26 19:45:02,903 CRITICAL Starting the RV Temp Monitor
2020-08-26 19:45:02,904 CRITICAL **
2020-08-26 19:45:03,276 INFO No need to send email, temps are acceptable
2020-08-26 19:45:03,277 INFO 
Garage 73
Main 74
Bedroom 71
Batt V 13.4
Gen State OFF
Hi limit 80
Low limit 60
2020-08-26 19:45:05,612 INFO Gathered temps and emailed to log address :rvlogs@robhome.com
2020-08-26 19:45:05,613 CRITICAL **
2020-08-26 19:45:05,613 CRITICAL Ending run of the RV Temp Monitor
2020-08-26 19:45:05,613 CRITICAL **

2020-08-26 20:00:03,065 CRITICAL **
2020-08-26 20:00:03,066 CRITICAL Starting the RV Temp Monitor
2020-08-26 20:00:03,067 CRITICAL **
2020-08-26 20:00:03,473 INFO No need to send email, temps are acceptable
2020-08-26 20:00:03,473 INFO 
Garage 73
Main 75
Bedroom 71
Batt V 13.4
Gen State OFF
Hi limit 80
Low limit 60
2020-08-26 20:00:06,831 INFO Gathered temps and emailed to log address :rvlogs@robhome.com
2020-08-26 20:00:06,831 CRITICAL **
2020-08-26 20:00:06,832 CRITICAL Ending run of the RV Temp Monitor
2020-08-26 20:00:06,832 CRITICAL **

2020-08-26 20:15:02,303 CRITICAL **
2020-08-26 20:15:02,303 CRITICAL Starting the RV Temp Monitor
2020-08-26 20:15:02,304 CRITICAL **
2020-08-26 20:15:02,656 INFO No need to send email, temps are acceptable
2020-08-26 20:15:02,657 INFO 
Garage 73
Main 75
Bedroom 71
Batt V 13.4
Gen State OFF
Hi limit 80
Low limit 60
2020-08-26 20:15:05,170 INFO Gathered temps and emailed to log address :rvlogs@robhome.com
2020-08-26 20:15:05,170 CRITICAL **
2020-08-26 20:15:05,171 CRITICAL Ending run of the RV Temp Monitor
2020-08-26 20:15:05,171 CRITICAL **

2020-08-26 20:30:02,754 CRITICAL **
2020-08-26 20:30:02,755 CRITICAL Starting the RV Temp Monitor
2020-08-26 20:30:02,756 CRITICAL **
2020-08-26 20:30:03,161 INFO No need to send email, temps are acceptable
2020-08-26 20:30:03,162 INFO 
Garage 73
Main 74
Bedroom 71
Batt V 13.4
Gen State OFF
Hi limit 80
Low limit 60
2020-08-26 20:30:05,925 INFO Gathered temps and emailed to log address :rvlogs@robhome.com
2020-08-26 20:30:05,925 CRITICAL **
2020-08-26 20:30:05,926 CRITICAL Ending run of the RV Temp Monitor
2020-08-26 20:30:05,926 CRITICAL **

2020-08-26 20:45:02,386 CRITICAL **
2020-08-26 20:45:02,386 CRITICAL Starting the RV Temp Monitor
2020-08-26 20:45:02,387 CRITICAL **
2020-08-26 20:45:02,774 INFO No need to send email, temps are acceptable
2020-08-26 20:45:02,774 INFO 
Garage 73
Main 74
Bedroom 70
Batt V 13.4
Gen State OFF
Hi limit 80
Low limit 60
2020-08-26 20:45:05,451 INFO Gathered temps and emailed to log address :rvlogs@robhome.com
2020-08-26 20:45:05,452 CRITICAL **
2020-08-26 20:45:05,452 CRITICAL Ending run of the RV Temp Monitor
2020-08-26 20:45:05,452 CRITICAL **

2020-08-26 21:00:02,906 CRITICAL **
2020-08-26 21:00:02,907 CRITICAL Starting the RV Temp Monitor
2020-08-26 21:00:02,907 CRITICAL **
2020-08-26 21:00:03,276 INFO No need to send email, temps are acceptable
2020-08-26 21:00:03,276 INFO 
Garage 73
Main 74
Bedroom 71
Batt V 13.4
Gen State OFF
Hi limit 80
Low limit 60
2020-08-26 21:00:05,654 INFO Gathered temps and emailed to log address :rvlogs@robhome.com
2020-08-26 21:00:05,655 CRITICAL **
2020-08-26 21:00:05,655 CRITICAL Ending run of the RV Temp Monitor
2020-08-26 21:00:05,655 CRITICAL **

2020-08-26 21:15:03,106 CRITICAL **
2020-08-26 21:15:03,106 CRITICAL Starting the RV Temp Monitor
2020-08-26 21:15:03,107 CRITICAL **
2020-08-26 21:15:03,508 INFO No need to send email, temps are acceptable
2020-08-26 21:15:03,509 INFO 
Garage 73
Main 74
Bedroom 71
Batt V 13.4
Gen State OFF
Hi limit 80
Low limit 60
2020-08-26 21:15:06,581 INFO Gathered temps and emailed to log address :rvlogs@robhome.com
2020-08-26 21:15:06,582 CRITICAL **
2020-08-26 21:15:06,582 CRITICAL Ending run of the RV Temp Monitor
2020-08-26 21:15:06,582 CRITICAL **

2020-08-26 21:30:03,154 CRITICAL **
2020-08-26 21:30:03,155 CRITICAL Starting the RV Temp Monitor
2020-08-26 21:30:03,155 CRITICAL **
2020-08-26 21:30:03,658 INFO No need to send email, temps are acceptable
2020-08-26 21:30:03,658 INFO 
Garage 72
Main 73
Bedroom 71
Batt V 13.4
Gen State OFF
Hi limit 80
Low limit 60
2020-08-26 21:30:06,220 INFO Gathered temps and emailed to log address :rvlogs@robhome.com
2020-08-26 21:30:06,220 CRITICAL **
2020-08-26 21:30:06,221 CRITICAL Ending run of the RV Temp Monitor
2020-08-26 21:30:06,221 CRITICAL **

2020-08-26 21:45:02,674 CRITICAL **
2020-08-26 21:45:02,675 CRITICAL Starting the RV Temp Monitor
2020-08-26 21:45:02,676 CRITICAL **
2020-08-26 21:45:03,094 INFO No need to send email, temps are acceptable
2020-08-26 21:45:03,095 INFO 
Garage 73
Main 74
Bedroom 72
Batt V 13.4
Gen State OFF
Hi limit 80
Low limit 60
2020-08-26 21:45:05,965 INFO Gathered temps and emailed to log address :rvlogs@robhome.com
2020-08-26 21:45:05,966 CRITICAL **
2020-08-26 21:45:05,966 CRITICAL Ending run of the RV Temp Monitor
2020-08-26 21:45:05,967 CRITICAL **

2020-08-26 22:00:02,504 CRITICAL **
2020-08-26 22:00:02,505 CRITICAL Starting the RV Temp Monitor
2020-08-26 22:00:02,506 CRITICAL **
2020-08-26 22:00:02,906 INFO No need to send email, temps are acceptable
2020-08-26 22:00:02,907 INFO 
Garage 73
Main 74
Bedroom 71
Batt V 13.4
Gen State OFF
Hi limit 80
Low limit 60
2020-08-26 22:00:05,637 INFO Gathered temps and emailed to log address :rvlogs@robhome.com
2020-08-26 22:00:05,638 CRITICAL **
2020-08-26 22:00:05,638 CRITICAL Ending run of the RV Temp Monitor
2020-08-26 22:00:05,638 CRITICAL **

2020-08-26 22:15:03,098 CRITICAL **
2020-08-26 22:15:03,099 CRITICAL Starting the RV Temp Monitor
2020-08-26 22:15:03,100 CRITICAL **
2020-08-26 22:15:03,469 INFO No need to send email, temps are acceptable
2020-08-26 22:15:03,469 INFO 
Garage 72
Main 74
Bedroom 69
Batt V 13.4
Gen State OFF
Hi limit 80
Low limit 60
2020-08-26 22:15:05,959 INFO Gathered temps and emailed to log address :rvlogs@robhome.com
2020-08-26 22:15:05,960 CRITICAL **
2020-08-26 22:15:05,960 CRITICAL Ending run of the RV Temp Monitor
2020-08-26 22:15:05,960 CRITICAL **

2020-08-26 22:30:02,527 CRITICAL **
2020-08-26 22:30:02,528 CRITICAL Starting the RV Temp Monitor
2020-08-26 22:30:02,528 CRITICAL **
2020-08-26 22:30:02,927 INFO No need to send email, temps are acceptable
2020-08-26 22:30:02,927 INFO 
Garage 73
Main 74
Bedroom 71
Batt V 13.4
Gen State OFF
Hi limit 80
Low limit 60
2020-08-26 22:30:05,972 INFO Gathered temps and emailed to log address :rvlogs@robhome.com
2020-08-26 22:30:05,972 CRITICAL **
2020-08-26 22:30:05,973 CRITICAL Ending run of the RV Temp Monitor
2020-08-26 22:30:05,973 CRITICAL **

2020-08-26 22:45:02,424 CRITICAL **
2020-08-26 22:45:02,425 CRITICAL Starting the RV Temp Monitor
2020-08-26 22:45:02,425 CRITICAL **
2020-08-26 22:45:02,791 INFO No need to send email, temps are acceptable
2020-08-26 22:45:02,792 INFO 
Garage 72
Main 74
Bedroom 70
Batt V 13.4
Gen State OFF
Hi limit 80
Low limit 60
2020-08-26 22:45:06,564 INFO Gathered temps and emailed to log address :rvlogs@robhome.com
2020-08-26 22:45:06,564 CRITICAL **
2020-08-26 22:45:06,565 CRITICAL Ending run of the RV Temp Monitor
2020-08-26 22:45:06,565 CRITICAL **

2020-08-26 23:00:03,027 CRITICAL **
2020-08-26 23:00:03,029 CRITICAL Starting the RV Temp Monitor
2020-08-26 23:00:03,029 CRITICAL **
2020-08-26 23:00:03,461 INFO No need to send email, temps are acceptable
2020-08-26 23:00:03,461 INFO 
Garage 72
Main 73
Bedroom 71
Batt V 13.4
Gen State OFF
Hi limit 80
Low limit 60
2020-08-26 23:00:07,642 INFO Gathered temps and emailed to log address :rvlogs@robhome.com
2020-08-26 23:00:07,643 CRITICAL **
2020-08-26 23:00:07,643 CRITICAL Ending run of the RV Temp Monitor
2020-08-26 23:00:07,643 CRITICAL **

2020-08-26 23:15:03,099 CRITICAL **
2020-08-26 23:15:03,100 CRITICAL Starting the RV Temp Monitor
2020-08-26 23:15:03,100 CRITICAL **
2020-08-26 23:15:03,522 INFO No need to send email, temps are acceptable
2020-08-26 23:15:03,523 INFO 
Garage 73
Main 73
Bedroom 71
Batt V 13.4
Gen State OFF
Hi limit 80
Low limit 60
2020-08-26 23:15:06,033 INFO Gathered temps and emailed to log address :rvlogs@robhome.com
2020-08-26 23:15:06,034 CRITICAL **
2020-08-26 23:15:06,034 CRITICAL Ending run of the RV Temp Monitor
2020-08-26 23:15:06,035 CRITICAL **

2020-08-26 23:30:02,621 CRITICAL **
2020-08-26 23:30:02,622 CRITICAL Starting the RV Temp Monitor
2020-08-26 23:30:02,622 CRITICAL **
2020-08-26 23:30:03,018 INFO No need to send email, temps are acceptable
2020-08-26 23:30:03,018 INFO 
Garage 73
Main 73
Bedroom 72
Batt V 13.4
Gen State OFF
Hi limit 80
Low limit 60
2020-08-26 23:30:05,448 INFO Gathered temps and emailed to log address :rvlogs@robhome.com
2020-08-26 23:30:05,448 CRITICAL **
2020-08-26 23:30:05,449 CRITICAL Ending run of the RV Temp Monitor
2020-08-26 23:30:05,449 CRITICAL **

2020-08-26 23:45:02,910 CRITICAL **
2020-08-26 23:45:02,910 CRITICAL Starting the RV Temp Monitor
2020-08-26 23:45:02,911 CRITICAL **
2020-08-26 23:45:03,296 INFO No need to send email, temps are acceptable
2020-08-26 23:45:03,296 INFO 
Garage 73
Main 73
Bedroom 72
Batt V 13.4
Gen State OFF
Hi limit 80
Low limit 60
2020-08-26 23:45:05,779 INFO Gathered temps and emailed to log address :rvlogs@robhome.com
2020-08-26 23:45:05,780 CRITICAL **
2020-08-26 23:45:05,780 CRITICAL Ending run of the RV Temp Monitor
2020-08-26 23:45:05,780 CRITICAL **

