2020-08-31 00:00:03,117 CRITICAL **
2020-08-31 00:00:03,117 CRITICAL Starting the RV Temp Monitor
2020-08-31 00:00:03,118 CRITICAL **
2020-08-31 00:00:03,512 INFO No need to send email, temps are acceptable
2020-08-31 00:00:03,513 INFO 
Garage 67
Main 70
Bedroom 72
Batt V 13.6
Gen State OFF
Hi limit 80
Low limit 60
2020-08-31 00:00:06,213 INFO Gathered temps and emailed to log address :rvlogs@robhome.com
2020-08-31 00:00:06,213 CRITICAL **
2020-08-31 00:00:06,213 CRITICAL Ending run of the RV Temp Monitor
2020-08-31 00:00:06,214 CRITICAL **

2020-08-31 00:15:02,688 CRITICAL **
2020-08-31 00:15:02,688 CRITICAL Starting the RV Temp Monitor
2020-08-31 00:15:02,689 CRITICAL **
2020-08-31 00:15:03,129 INFO No need to send email, temps are acceptable
2020-08-31 00:15:03,130 INFO 
Garage 67
Main 69
Bedroom 72
Batt V 13.6
Gen State OFF
Hi limit 80
Low limit 60
2020-08-31 00:15:05,585 INFO Gathered temps and emailed to log address :rvlogs@robhome.com
2020-08-31 00:15:05,586 CRITICAL **
2020-08-31 00:15:05,586 CRITICAL Ending run of the RV Temp Monitor
2020-08-31 00:15:05,587 CRITICAL **

2020-08-31 00:30:03,184 CRITICAL **
2020-08-31 00:30:03,184 CRITICAL Starting the RV Temp Monitor
2020-08-31 00:30:03,185 CRITICAL **
2020-08-31 00:30:03,572 INFO No need to send email, temps are acceptable
2020-08-31 00:30:03,577 INFO 
Garage 67
Main 69
Bedroom 72
Batt V 13.6
Gen State OFF
Hi limit 80
Low limit 60
2020-08-31 00:30:06,129 INFO Gathered temps and emailed to log address :rvlogs@robhome.com
2020-08-31 00:30:06,129 CRITICAL **
2020-08-31 00:30:06,130 CRITICAL Ending run of the RV Temp Monitor
2020-08-31 00:30:06,130 CRITICAL **

2020-08-31 00:45:02,604 CRITICAL **
2020-08-31 00:45:02,605 CRITICAL Starting the RV Temp Monitor
2020-08-31 00:45:02,605 CRITICAL **
2020-08-31 00:45:03,022 INFO No need to send email, temps are acceptable
2020-08-31 00:45:03,022 INFO 
Garage 66
Main 68
Bedroom 71
Batt V 13.6
Gen State OFF
Hi limit 80
Low limit 60
2020-08-31 00:45:06,127 INFO Gathered temps and emailed to log address :rvlogs@robhome.com
2020-08-31 00:45:06,128 CRITICAL **
2020-08-31 00:45:06,128 CRITICAL Ending run of the RV Temp Monitor
2020-08-31 00:45:06,128 CRITICAL **

2020-08-31 01:00:02,772 CRITICAL **
2020-08-31 01:00:02,773 CRITICAL Starting the RV Temp Monitor
2020-08-31 01:00:02,773 CRITICAL **
2020-08-31 01:00:03,204 INFO No need to send email, temps are acceptable
2020-08-31 01:00:03,204 INFO 
Garage 66
Main 68
Bedroom 71
Batt V 13.6
Gen State OFF
Hi limit 80
Low limit 60
2020-08-31 01:00:06,180 INFO Gathered temps and emailed to log address :rvlogs@robhome.com
2020-08-31 01:00:06,180 CRITICAL **
2020-08-31 01:00:06,180 CRITICAL Ending run of the RV Temp Monitor
2020-08-31 01:00:06,181 CRITICAL **

2020-08-31 01:15:02,653 CRITICAL **
2020-08-31 01:15:02,654 CRITICAL Starting the RV Temp Monitor
2020-08-31 01:15:02,654 CRITICAL **
2020-08-31 01:15:03,046 INFO No need to send email, temps are acceptable
2020-08-31 01:15:03,046 INFO 
Garage 66
Main 68
Bedroom 71
Batt V 13.6
Gen State OFF
Hi limit 80
Low limit 60
2020-08-31 01:15:05,580 INFO Gathered temps and emailed to log address :rvlogs@robhome.com
2020-08-31 01:15:05,581 CRITICAL **
2020-08-31 01:15:05,581 CRITICAL Ending run of the RV Temp Monitor
2020-08-31 01:15:05,581 CRITICAL **

2020-08-31 01:30:03,169 CRITICAL **
2020-08-31 01:30:03,170 CRITICAL Starting the RV Temp Monitor
2020-08-31 01:30:03,170 CRITICAL **
2020-08-31 01:30:03,515 INFO No need to send email, temps are acceptable
2020-08-31 01:30:03,516 INFO 
Garage 65
Main 67
Bedroom 71
Batt V 13.6
Gen State OFF
Hi limit 80
Low limit 60
2020-08-31 01:30:06,664 INFO Gathered temps and emailed to log address :rvlogs@robhome.com
2020-08-31 01:30:06,665 CRITICAL **
2020-08-31 01:30:06,665 CRITICAL Ending run of the RV Temp Monitor
2020-08-31 01:30:06,665 CRITICAL **

2020-08-31 01:45:03,138 CRITICAL **
2020-08-31 01:45:03,139 CRITICAL Starting the RV Temp Monitor
2020-08-31 01:45:03,140 CRITICAL **
2020-08-31 01:45:03,477 INFO No need to send email, temps are acceptable
2020-08-31 01:45:03,477 INFO 
Garage 65
Main 67
Bedroom 71
Batt V 13.6
Gen State OFF
Hi limit 80
Low limit 60
2020-08-31 01:45:06,105 INFO Gathered temps and emailed to log address :rvlogs@robhome.com
2020-08-31 01:45:06,106 CRITICAL **
2020-08-31 01:45:06,106 CRITICAL Ending run of the RV Temp Monitor
2020-08-31 01:45:06,107 CRITICAL **

2020-08-31 02:00:02,573 CRITICAL **
2020-08-31 02:00:02,574 CRITICAL Starting the RV Temp Monitor
2020-08-31 02:00:02,574 CRITICAL **
2020-08-31 02:00:02,989 INFO No need to send email, temps are acceptable
2020-08-31 02:00:02,989 INFO 
Garage 65
Main 67
Bedroom 70
Batt V 13.6
Gen State OFF
Hi limit 80
Low limit 60
2020-08-31 02:00:05,337 INFO Gathered temps and emailed to log address :rvlogs@robhome.com
2020-08-31 02:00:05,338 CRITICAL **
2020-08-31 02:00:05,338 CRITICAL Ending run of the RV Temp Monitor
2020-08-31 02:00:05,339 CRITICAL **

2020-08-31 02:15:02,903 CRITICAL **
2020-08-31 02:15:02,909 CRITICAL Starting the RV Temp Monitor
2020-08-31 02:15:02,909 CRITICAL **
2020-08-31 02:15:03,309 INFO No need to send email, temps are acceptable
2020-08-31 02:15:03,309 INFO 
Garage 64
Main 66
Bedroom 70
Batt V 13.6
Gen State OFF
Hi limit 80
Low limit 60
2020-08-31 02:15:06,175 INFO Gathered temps and emailed to log address :rvlogs@robhome.com
2020-08-31 02:15:06,176 CRITICAL **
2020-08-31 02:15:06,177 CRITICAL Ending run of the RV Temp Monitor
2020-08-31 02:15:06,177 CRITICAL **

2020-08-31 02:30:03,047 CRITICAL **
2020-08-31 02:30:03,052 CRITICAL Starting the RV Temp Monitor
2020-08-31 02:30:03,053 CRITICAL **
2020-08-31 02:30:03,522 INFO No need to send email, temps are acceptable
2020-08-31 02:30:03,522 INFO 
Garage 64
Main 66
Bedroom 70
Batt V 13.6
Gen State OFF
Hi limit 80
Low limit 60
2020-08-31 02:30:07,545 INFO Gathered temps and emailed to log address :rvlogs@robhome.com
2020-08-31 02:30:07,546 CRITICAL **
2020-08-31 02:30:07,547 CRITICAL Ending run of the RV Temp Monitor
2020-08-31 02:30:07,547 CRITICAL **

2020-08-31 02:45:04,566 CRITICAL **
2020-08-31 02:45:04,591 CRITICAL Starting the RV Temp Monitor
2020-08-31 02:45:04,592 CRITICAL **
2020-08-31 02:45:05,000 INFO No need to send email, temps are acceptable
2020-08-31 02:45:05,001 INFO 
Garage 64
Main 66
Bedroom 69
Batt V 13.6
Gen State OFF
Hi limit 80
Low limit 60
2020-08-31 02:45:08,002 INFO Gathered temps and emailed to log address :rvlogs@robhome.com
2020-08-31 02:45:08,003 CRITICAL **
2020-08-31 02:45:08,003 CRITICAL Ending run of the RV Temp Monitor
2020-08-31 02:45:08,004 CRITICAL **

2020-08-31 03:00:04,154 CRITICAL **
2020-08-31 03:00:04,161 CRITICAL Starting the RV Temp Monitor
2020-08-31 03:00:04,162 CRITICAL **
2020-08-31 03:00:04,649 INFO No need to send email, temps are acceptable
2020-08-31 03:00:04,649 INFO 
Garage 63
Main 65
Bedroom 69
Batt V 13.6
Gen State OFF
Hi limit 80
Low limit 60
2020-08-31 03:00:12,628 INFO Gathered temps and emailed to log address :rvlogs@robhome.com
2020-08-31 03:00:12,629 CRITICAL **
2020-08-31 03:00:12,629 CRITICAL Ending run of the RV Temp Monitor
2020-08-31 03:00:12,630 CRITICAL **

2020-08-31 03:15:03,306 CRITICAL **
2020-08-31 03:15:03,307 CRITICAL Starting the RV Temp Monitor
2020-08-31 03:15:03,309 CRITICAL **
2020-08-31 03:15:03,748 INFO No need to send email, temps are acceptable
2020-08-31 03:15:03,749 INFO 
Garage 63
Main 65
Bedroom 69
Batt V 13.6
Gen State OFF
Hi limit 80
Low limit 60
2020-08-31 03:15:06,187 INFO Gathered temps and emailed to log address :rvlogs@robhome.com
2020-08-31 03:15:06,188 CRITICAL **
2020-08-31 03:15:06,189 CRITICAL Ending run of the RV Temp Monitor
2020-08-31 03:15:06,189 CRITICAL **

2020-08-31 03:30:03,147 CRITICAL **
2020-08-31 03:30:03,154 CRITICAL Starting the RV Temp Monitor
2020-08-31 03:30:03,155 CRITICAL **
2020-08-31 03:30:03,518 INFO No need to send email, temps are acceptable
2020-08-31 03:30:03,518 INFO 
Garage 62
Main 64
Bedroom 68
Batt V 13.6
Gen State OFF
Hi limit 80
Low limit 60
2020-08-31 03:30:05,838 INFO Gathered temps and emailed to log address :rvlogs@robhome.com
2020-08-31 03:30:05,839 CRITICAL **
2020-08-31 03:30:05,839 CRITICAL Ending run of the RV Temp Monitor
2020-08-31 03:30:05,839 CRITICAL **

2020-08-31 03:45:02,848 CRITICAL **
2020-08-31 03:45:02,853 CRITICAL Starting the RV Temp Monitor
2020-08-31 03:45:02,854 CRITICAL **
2020-08-31 03:45:03,233 INFO No need to send email, temps are acceptable
2020-08-31 03:45:03,233 INFO 
Garage 62
Main 64
Bedroom 68
Batt V 13.6
Gen State OFF
Hi limit 80
Low limit 60
2020-08-31 03:45:05,464 INFO Gathered temps and emailed to log address :rvlogs@robhome.com
2020-08-31 03:45:05,465 CRITICAL **
2020-08-31 03:45:05,465 CRITICAL Ending run of the RV Temp Monitor
2020-08-31 03:45:05,465 CRITICAL **

2020-08-31 04:00:03,337 CRITICAL **
2020-08-31 04:00:03,343 CRITICAL Starting the RV Temp Monitor
2020-08-31 04:00:03,344 CRITICAL **
2020-08-31 04:00:03,798 INFO No need to send email, temps are acceptable
2020-08-31 04:00:03,799 INFO 
Garage 61
Main 64
Bedroom 68
Batt V 13.6
Gen State OFF
Hi limit 80
Low limit 60
2020-08-31 04:00:06,465 INFO Gathered temps and emailed to log address :rvlogs@robhome.com
2020-08-31 04:00:06,466 CRITICAL **
2020-08-31 04:00:06,466 CRITICAL Ending run of the RV Temp Monitor
2020-08-31 04:00:06,466 CRITICAL **

2020-08-31 04:15:04,134 CRITICAL **
2020-08-31 04:15:04,140 CRITICAL Starting the RV Temp Monitor
2020-08-31 04:15:04,140 CRITICAL **
2020-08-31 04:15:04,579 INFO No need to send email, temps are acceptable
2020-08-31 04:15:04,580 INFO 
Garage 61
Main 63
Bedroom 67
Batt V 13.6
Gen State OFF
Hi limit 80
Low limit 60
2020-08-31 04:15:07,025 INFO Gathered temps and emailed to log address :rvlogs@robhome.com
2020-08-31 04:15:07,025 CRITICAL **
2020-08-31 04:15:07,026 CRITICAL Ending run of the RV Temp Monitor
2020-08-31 04:15:07,026 CRITICAL **

2020-08-31 04:30:03,647 CRITICAL **
2020-08-31 04:30:03,655 CRITICAL Starting the RV Temp Monitor
2020-08-31 04:30:03,656 CRITICAL **
2020-08-31 04:30:04,087 INFO No need to send email, temps are acceptable
2020-08-31 04:30:04,088 INFO 
Garage 61
Main 63
Bedroom 67
Batt V 13.6
Gen State OFF
Hi limit 80
Low limit 60
2020-08-31 04:30:06,466 INFO Gathered temps and emailed to log address :rvlogs@robhome.com
2020-08-31 04:30:06,467 CRITICAL **
2020-08-31 04:30:06,473 CRITICAL Ending run of the RV Temp Monitor
2020-08-31 04:30:06,473 CRITICAL **

2020-08-31 04:45:03,332 CRITICAL **
2020-08-31 04:45:03,342 CRITICAL Starting the RV Temp Monitor
2020-08-31 04:45:03,344 CRITICAL **
2020-08-31 04:45:03,741 INFO No need to send email, temps are acceptable
2020-08-31 04:45:03,742 INFO 
Garage 60
Main 63
Bedroom 67
Batt V 13.6
Gen State OFF
Hi limit 80
Low limit 60
2020-08-31 04:45:06,315 INFO Gathered temps and emailed to log address :rvlogs@robhome.com
2020-08-31 04:45:06,316 CRITICAL **
2020-08-31 04:45:06,316 CRITICAL Ending run of the RV Temp Monitor
2020-08-31 04:45:06,316 CRITICAL **

2020-08-31 05:00:03,921 CRITICAL **
2020-08-31 05:00:03,926 CRITICAL Starting the RV Temp Monitor
2020-08-31 05:00:03,927 CRITICAL **
2020-08-31 05:00:04,420 INFO No need to send email, temps are acceptable
2020-08-31 05:00:04,424 INFO 
Garage 60
Main 62
Bedroom 66
Batt V 13.6
Gen State OFF
Hi limit 80
Low limit 60
2020-08-31 05:00:07,067 INFO Gathered temps and emailed to log address :rvlogs@robhome.com
2020-08-31 05:00:07,068 CRITICAL **
2020-08-31 05:00:07,068 CRITICAL Ending run of the RV Temp Monitor
2020-08-31 05:00:07,069 CRITICAL **

2020-08-31 05:15:02,727 CRITICAL **
2020-08-31 05:15:02,733 CRITICAL Starting the RV Temp Monitor
2020-08-31 05:15:02,734 CRITICAL **
2020-08-31 05:15:03,130 INFO No need to send email, temps are acceptable
2020-08-31 05:15:03,130 INFO 
Garage 60
Main 62
Bedroom 66
Batt V 13.6
Gen State OFF
Hi limit 80
Low limit 60
2020-08-31 05:15:05,662 INFO Gathered temps and emailed to log address :rvlogs@robhome.com
2020-08-31 05:15:05,662 CRITICAL **
2020-08-31 05:15:05,665 CRITICAL Ending run of the RV Temp Monitor
2020-08-31 05:15:05,666 CRITICAL **

2020-08-31 05:30:03,272 CRITICAL **
2020-08-31 05:30:03,273 CRITICAL Starting the RV Temp Monitor
2020-08-31 05:30:03,273 CRITICAL **
2020-08-31 05:30:03,648 INFO No need to send email, temps are acceptable
2020-08-31 05:30:03,648 INFO 
Garage 60
Main 62
Bedroom 65
Batt V 13.6
Gen State OFF
Hi limit 80
Low limit 60
2020-08-31 05:30:06,297 INFO Gathered temps and emailed to log address :rvlogs@robhome.com
2020-08-31 05:30:06,298 CRITICAL **
2020-08-31 05:30:06,298 CRITICAL Ending run of the RV Temp Monitor
2020-08-31 05:30:06,299 CRITICAL **

2020-08-31 05:45:02,767 CRITICAL **
2020-08-31 05:45:02,768 CRITICAL Starting the RV Temp Monitor
2020-08-31 05:45:02,768 CRITICAL **
2020-08-31 05:45:05,617 INFO Gathered temps and emailed
Garage 60
Main 61
Bedroom 65
Batt V 13.6
Gen State OFF
Hi limit 80
Low limit 60
2020-08-31 05:45:08,137 INFO Gathered temps and emailed to log address :rvlogs@robhome.com
2020-08-31 05:45:08,137 CRITICAL **
2020-08-31 05:45:08,137 CRITICAL Ending run of the RV Temp Monitor
2020-08-31 05:45:08,138 CRITICAL **

2020-08-31 06:00:02,610 CRITICAL **
2020-08-31 06:00:02,610 CRITICAL Starting the RV Temp Monitor
2020-08-31 06:00:02,611 CRITICAL **
2020-08-31 06:00:05,383 INFO Gathered temps and emailed
Garage 59
Main 61
Bedroom 65
Batt V 13.6
Gen State OFF
Hi limit 80
Low limit 60
2020-08-31 06:00:07,787 INFO Gathered temps and emailed to log address :rvlogs@robhome.com
2020-08-31 06:00:07,788 CRITICAL **
2020-08-31 06:00:07,788 CRITICAL Ending run of the RV Temp Monitor
2020-08-31 06:00:07,788 CRITICAL **

2020-08-31 06:15:03,260 CRITICAL **
2020-08-31 06:15:03,260 CRITICAL Starting the RV Temp Monitor
2020-08-31 06:15:03,261 CRITICAL **
2020-08-31 06:15:07,626 INFO Gathered temps and emailed
Garage 59
Main 61
Bedroom 65
Batt V 13.6
Gen State OFF
Hi limit 80
Low limit 60
2020-08-31 06:15:09,825 INFO Gathered temps and emailed to log address :rvlogs@robhome.com
2020-08-31 06:15:09,825 CRITICAL **
2020-08-31 06:15:09,826 CRITICAL Ending run of the RV Temp Monitor
2020-08-31 06:15:09,826 CRITICAL **

2020-08-31 06:30:02,734 CRITICAL **
2020-08-31 06:30:02,735 CRITICAL Starting the RV Temp Monitor
2020-08-31 06:30:02,736 CRITICAL **
2020-08-31 06:30:05,767 INFO Gathered temps and emailed
Garage 59
Main 61
Bedroom 64
Batt V 13.6
Gen State OFF
Hi limit 80
Low limit 60
2020-08-31 06:30:07,847 INFO Gathered temps and emailed to log address :rvlogs@robhome.com
2020-08-31 06:30:07,847 CRITICAL **
2020-08-31 06:30:07,848 CRITICAL Ending run of the RV Temp Monitor
2020-08-31 06:30:07,848 CRITICAL **

2020-08-31 06:45:02,306 CRITICAL **
2020-08-31 06:45:02,307 CRITICAL Starting the RV Temp Monitor
2020-08-31 06:45:02,307 CRITICAL **
2020-08-31 06:45:05,603 INFO Gathered temps and emailed
Garage 58
Main 60
Bedroom 64
Batt V 13.6
Gen State OFF
Hi limit 80
Low limit 60
2020-08-31 06:45:07,920 INFO Gathered temps and emailed to log address :rvlogs@robhome.com
2020-08-31 06:45:07,921 CRITICAL **
2020-08-31 06:45:07,921 CRITICAL Ending run of the RV Temp Monitor
2020-08-31 06:45:07,922 CRITICAL **

2020-08-31 07:00:02,372 CRITICAL **
2020-08-31 07:00:02,373 CRITICAL Starting the RV Temp Monitor
2020-08-31 07:00:02,373 CRITICAL **
2020-08-31 07:00:05,143 INFO Gathered temps and emailed
Garage 58
Main 60
Bedroom 64
Batt V 13.6
Gen State OFF
Hi limit 80
Low limit 60
2020-08-31 07:00:07,210 INFO Gathered temps and emailed to log address :rvlogs@robhome.com
2020-08-31 07:00:07,210 CRITICAL **
2020-08-31 07:00:07,210 CRITICAL Ending run of the RV Temp Monitor
2020-08-31 07:00:07,211 CRITICAL **

2020-08-31 07:15:02,673 CRITICAL **
2020-08-31 07:15:02,674 CRITICAL Starting the RV Temp Monitor
2020-08-31 07:15:02,675 CRITICAL **
2020-08-31 07:15:05,618 INFO Gathered temps and emailed
Garage 58
Main 60
Bedroom 64
Batt V 13.6
Gen State OFF
Hi limit 80
Low limit 60
2020-08-31 07:15:07,697 INFO Gathered temps and emailed to log address :rvlogs@robhome.com
2020-08-31 07:15:07,697 CRITICAL **
2020-08-31 07:15:07,697 CRITICAL Ending run of the RV Temp Monitor
2020-08-31 07:15:07,698 CRITICAL **

2020-08-31 07:30:03,282 CRITICAL **
2020-08-31 07:30:03,283 CRITICAL Starting the RV Temp Monitor
2020-08-31 07:30:03,283 CRITICAL **
2020-08-31 07:30:06,180 INFO Gathered temps and emailed
Garage 58
Main 60
Bedroom 63
Batt V 13.6
Gen State OFF
Hi limit 80
Low limit 60
2020-08-31 07:30:08,617 INFO Gathered temps and emailed to log address :rvlogs@robhome.com
2020-08-31 07:30:08,618 CRITICAL **
2020-08-31 07:30:08,618 CRITICAL Ending run of the RV Temp Monitor
2020-08-31 07:30:08,618 CRITICAL **

2020-08-31 07:45:03,083 CRITICAL **
2020-08-31 07:45:03,084 CRITICAL Starting the RV Temp Monitor
2020-08-31 07:45:03,084 CRITICAL **
2020-08-31 07:45:06,420 INFO Gathered temps and emailed
Garage 57
Main 59
Bedroom 63
Batt V 13.6
Gen State OFF
Hi limit 80
Low limit 60
2020-08-31 07:45:08,820 INFO Gathered temps and emailed to log address :rvlogs@robhome.com
2020-08-31 07:45:08,821 CRITICAL **
2020-08-31 07:45:08,821 CRITICAL Ending run of the RV Temp Monitor
2020-08-31 07:45:08,822 CRITICAL **

2020-08-31 08:00:03,283 CRITICAL **
2020-08-31 08:00:03,284 CRITICAL Starting the RV Temp Monitor
2020-08-31 08:00:03,285 CRITICAL **
2020-08-31 08:00:05,949 INFO Gathered temps and emailed
Garage 58
Main 59
Bedroom 63
Batt V 13.6
Gen State OFF
Hi limit 80
Low limit 60
2020-08-31 08:00:08,103 INFO Gathered temps and emailed to log address :rvlogs@robhome.com
2020-08-31 08:00:08,103 CRITICAL **
2020-08-31 08:00:08,104 CRITICAL Ending run of the RV Temp Monitor
2020-08-31 08:00:08,104 CRITICAL **

2020-08-31 08:15:02,561 CRITICAL **
2020-08-31 08:15:02,561 CRITICAL Starting the RV Temp Monitor
2020-08-31 08:15:02,562 CRITICAL **
2020-08-31 08:15:05,323 INFO Gathered temps and emailed
Garage 58
Main 59
Bedroom 64
Batt V 13.6
Gen State OFF
Hi limit 80
Low limit 60
2020-08-31 08:15:07,632 INFO Gathered temps and emailed to log address :rvlogs@robhome.com
2020-08-31 08:15:07,633 CRITICAL **
2020-08-31 08:15:07,633 CRITICAL Ending run of the RV Temp Monitor
2020-08-31 08:15:07,634 CRITICAL **

2020-08-31 08:30:03,229 CRITICAL **
2020-08-31 08:30:03,230 CRITICAL Starting the RV Temp Monitor
2020-08-31 08:30:03,230 CRITICAL **
2020-08-31 08:30:06,436 INFO Gathered temps and emailed
Garage 58
Main 60
Bedroom 64
Batt V 13.6
Gen State OFF
Hi limit 80
Low limit 60
2020-08-31 08:30:08,917 INFO Gathered temps and emailed to log address :rvlogs@robhome.com
2020-08-31 08:30:08,918 CRITICAL **
2020-08-31 08:30:08,918 CRITICAL Ending run of the RV Temp Monitor
2020-08-31 08:30:08,919 CRITICAL **

2020-08-31 08:45:02,378 CRITICAL **
2020-08-31 08:45:02,378 CRITICAL Starting the RV Temp Monitor
2020-08-31 08:45:02,379 CRITICAL **
2020-08-31 08:45:05,303 INFO Gathered temps and emailed
Garage 59
Main 60
Bedroom 64
Batt V 13.6
Gen State OFF
Hi limit 80
Low limit 60
2020-08-31 08:45:07,311 INFO Gathered temps and emailed to log address :rvlogs@robhome.com
2020-08-31 08:45:07,312 CRITICAL **
2020-08-31 08:45:07,312 CRITICAL Ending run of the RV Temp Monitor
2020-08-31 08:45:07,313 CRITICAL **

2020-08-31 09:00:02,779 CRITICAL **
2020-08-31 09:00:02,780 CRITICAL Starting the RV Temp Monitor
2020-08-31 09:00:02,780 CRITICAL **
2020-08-31 09:00:03,167 INFO No need to send email, temps are acceptable
2020-08-31 09:00:03,168 INFO 
Garage 60
Main 60
Bedroom 65
Batt V 13.6
Gen State OFF
Hi limit 80
Low limit 60
2020-08-31 09:00:05,699 INFO Gathered temps and emailed to log address :rvlogs@robhome.com
2020-08-31 09:00:05,700 CRITICAL **
2020-08-31 09:00:05,703 CRITICAL Ending run of the RV Temp Monitor
2020-08-31 09:00:05,703 CRITICAL **

2020-08-31 09:15:03,167 CRITICAL **
2020-08-31 09:15:03,168 CRITICAL Starting the RV Temp Monitor
2020-08-31 09:15:03,168 CRITICAL **
2020-08-31 09:15:03,585 INFO No need to send email, temps are acceptable
2020-08-31 09:15:03,585 INFO 
Garage 61
Main 61
Bedroom 66
Batt V 13.6
Gen State OFF
Hi limit 80
Low limit 60
2020-08-31 09:15:06,277 INFO Gathered temps and emailed to log address :rvlogs@robhome.com
2020-08-31 09:15:06,278 CRITICAL **
2020-08-31 09:15:06,278 CRITICAL Ending run of the RV Temp Monitor
2020-08-31 09:15:06,279 CRITICAL **

2020-08-31 09:30:02,872 CRITICAL **
2020-08-31 09:30:02,874 CRITICAL Starting the RV Temp Monitor
2020-08-31 09:30:02,874 CRITICAL **
2020-08-31 09:30:03,278 INFO No need to send email, temps are acceptable
2020-08-31 09:30:03,279 INFO 
Garage 61
Main 62
Bedroom 66
Batt V 13.6
Gen State OFF
Hi limit 80
Low limit 60
2020-08-31 09:30:05,789 INFO Gathered temps and emailed to log address :rvlogs@robhome.com
2020-08-31 09:30:05,793 CRITICAL **
2020-08-31 09:30:05,793 CRITICAL Ending run of the RV Temp Monitor
2020-08-31 09:30:05,794 CRITICAL **

2020-08-31 09:45:03,261 CRITICAL **
2020-08-31 09:45:03,261 CRITICAL Starting the RV Temp Monitor
2020-08-31 09:45:03,261 CRITICAL **
2020-08-31 09:45:03,616 INFO No need to send email, temps are acceptable
2020-08-31 09:45:03,617 INFO 
Garage 62
Main 62
Bedroom 67
Batt V 13.6
Gen State OFF
Hi limit 80
Low limit 60
2020-08-31 09:45:05,951 INFO Gathered temps and emailed to log address :rvlogs@robhome.com
2020-08-31 09:45:05,951 CRITICAL **
2020-08-31 09:45:05,952 CRITICAL Ending run of the RV Temp Monitor
2020-08-31 09:45:05,952 CRITICAL **

2020-08-31 10:00:02,421 CRITICAL **
2020-08-31 10:00:02,421 CRITICAL Starting the RV Temp Monitor
2020-08-31 10:00:02,422 CRITICAL **
2020-08-31 10:00:02,823 INFO No need to send email, temps are acceptable
2020-08-31 10:00:02,823 INFO 
Garage 63
Main 63
Bedroom 68
Batt V 13.6
Gen State OFF
Hi limit 80
Low limit 60
2020-08-31 10:05:03,076 ERROR Could not send email
2020-08-31 10:05:03,077 INFO Gathered temps and emailed to log address :rvlogs@robhome.com
2020-08-31 10:05:03,077 CRITICAL **
2020-08-31 10:05:03,077 CRITICAL Ending run of the RV Temp Monitor
2020-08-31 10:05:03,078 CRITICAL **

2020-08-31 10:15:02,532 CRITICAL **
2020-08-31 10:15:02,533 CRITICAL Starting the RV Temp Monitor
2020-08-31 10:15:02,533 CRITICAL **
2020-08-31 10:15:02,912 INFO No need to send email, temps are acceptable
2020-08-31 10:15:02,912 INFO 
Garage 64
Main 64
Bedroom 69
Batt V 13.6
Gen State OFF
Hi limit 80
Low limit 60
2020-08-31 10:15:06,076 INFO Gathered temps and emailed to log address :rvlogs@robhome.com
2020-08-31 10:15:06,077 CRITICAL **
2020-08-31 10:15:06,077 CRITICAL Ending run of the RV Temp Monitor
2020-08-31 10:15:06,077 CRITICAL **

2020-08-31 10:30:02,668 CRITICAL **
2020-08-31 10:30:02,669 CRITICAL Starting the RV Temp Monitor
2020-08-31 10:30:02,669 CRITICAL **
2020-08-31 10:30:03,075 INFO No need to send email, temps are acceptable
2020-08-31 10:30:03,075 INFO 
Garage 64
Main 65
Bedroom 70
Batt V 13.6
Gen State OFF
Hi limit 80
Low limit 60
2020-08-31 10:30:05,950 INFO Gathered temps and emailed to log address :rvlogs@robhome.com
2020-08-31 10:30:05,951 CRITICAL **
2020-08-31 10:30:05,951 CRITICAL Ending run of the RV Temp Monitor
2020-08-31 10:30:05,951 CRITICAL **

2020-08-31 10:45:02,402 CRITICAL **
2020-08-31 10:45:02,403 CRITICAL Starting the RV Temp Monitor
2020-08-31 10:45:02,404 CRITICAL **
2020-08-31 10:45:02,803 INFO No need to send email, temps are acceptable
2020-08-31 10:45:02,804 INFO 
Garage 65
Main 65
Bedroom 70
Batt V 13.6
Gen State OFF
Hi limit 80
Low limit 60
2020-08-31 10:45:05,476 INFO Gathered temps and emailed to log address :rvlogs@robhome.com
2020-08-31 10:45:05,477 CRITICAL **
2020-08-31 10:45:05,480 CRITICAL Ending run of the RV Temp Monitor
2020-08-31 10:45:05,480 CRITICAL **

2020-08-31 11:00:02,940 CRITICAL **
2020-08-31 11:00:02,940 CRITICAL Starting the RV Temp Monitor
2020-08-31 11:00:02,941 CRITICAL **
2020-08-31 11:00:03,324 INFO No need to send email, temps are acceptable
2020-08-31 11:00:03,325 INFO 
Garage 66
Main 66
Bedroom 70
Batt V 13.6
Gen State OFF
Hi limit 80
Low limit 60
2020-08-31 11:00:05,963 INFO Gathered temps and emailed to log address :rvlogs@robhome.com
2020-08-31 11:00:05,963 CRITICAL **
2020-08-31 11:00:05,967 CRITICAL Ending run of the RV Temp Monitor
2020-08-31 11:00:05,967 CRITICAL **

2020-08-31 11:15:02,425 CRITICAL **
2020-08-31 11:15:02,426 CRITICAL Starting the RV Temp Monitor
2020-08-31 11:15:02,427 CRITICAL **
2020-08-31 11:15:02,823 INFO No need to send email, temps are acceptable
2020-08-31 11:15:02,823 INFO 
Garage 67
Main 66
Bedroom 71
Batt V 13.6
Gen State OFF
Hi limit 80
Low limit 60
2020-08-31 11:15:05,644 INFO Gathered temps and emailed to log address :rvlogs@robhome.com
2020-08-31 11:15:05,645 CRITICAL **
2020-08-31 11:15:05,645 CRITICAL Ending run of the RV Temp Monitor
2020-08-31 11:15:05,645 CRITICAL **

2020-08-31 11:30:03,301 CRITICAL **
2020-08-31 11:30:03,302 CRITICAL Starting the RV Temp Monitor
2020-08-31 11:30:03,302 CRITICAL **
2020-08-31 11:30:03,711 INFO No need to send email, temps are acceptable
2020-08-31 11:30:03,712 INFO 
Garage 67
Main 67
Bedroom 71
Batt V 13.6
Gen State OFF
Hi limit 80
Low limit 60
2020-08-31 11:30:06,438 INFO Gathered temps and emailed to log address :rvlogs@robhome.com
2020-08-31 11:30:06,439 CRITICAL **
2020-08-31 11:30:06,439 CRITICAL Ending run of the RV Temp Monitor
2020-08-31 11:30:06,439 CRITICAL **

2020-08-31 11:45:02,918 CRITICAL **
2020-08-31 11:45:02,919 CRITICAL Starting the RV Temp Monitor
2020-08-31 11:45:02,919 CRITICAL **
2020-08-31 11:45:03,303 INFO No need to send email, temps are acceptable
2020-08-31 11:45:03,303 INFO 
Garage 67
Main 68
Bedroom 72
Batt V 13.6
Gen State OFF
Hi limit 80
Low limit 60
2020-08-31 11:45:05,644 INFO Gathered temps and emailed to log address :rvlogs@robhome.com
2020-08-31 11:45:05,645 CRITICAL **
2020-08-31 11:45:05,650 CRITICAL Ending run of the RV Temp Monitor
2020-08-31 11:45:05,650 CRITICAL **

2020-08-31 12:00:03,103 CRITICAL **
2020-08-31 12:00:03,104 CRITICAL Starting the RV Temp Monitor
2020-08-31 12:00:03,104 CRITICAL **
2020-08-31 12:00:03,534 INFO No need to send email, temps are acceptable
2020-08-31 12:00:03,535 INFO 
Garage 68
Main 68
Bedroom 72
Batt V 13.6
Gen State OFF
Hi limit 80
Low limit 60
2020-08-31 12:00:06,228 INFO Gathered temps and emailed to log address :rvlogs@robhome.com
2020-08-31 12:00:06,234 CRITICAL **
2020-08-31 12:00:06,234 CRITICAL Ending run of the RV Temp Monitor
2020-08-31 12:00:06,234 CRITICAL **

2020-08-31 12:15:02,694 CRITICAL **
2020-08-31 12:15:02,694 CRITICAL Starting the RV Temp Monitor
2020-08-31 12:15:02,695 CRITICAL **
2020-08-31 12:15:03,117 INFO No need to send email, temps are acceptable
2020-08-31 12:15:03,118 INFO 
Garage 68
Main 69
Bedroom 72
Batt V 13.6
Gen State OFF
Hi limit 80
Low limit 60
2020-08-31 12:15:05,718 INFO Gathered temps and emailed to log address :rvlogs@robhome.com
2020-08-31 12:15:05,718 CRITICAL **
2020-08-31 12:15:05,719 CRITICAL Ending run of the RV Temp Monitor
2020-08-31 12:15:05,719 CRITICAL **

2020-08-31 12:30:02,299 CRITICAL **
2020-08-31 12:30:02,300 CRITICAL Starting the RV Temp Monitor
2020-08-31 12:30:02,301 CRITICAL **
2020-08-31 12:30:02,727 INFO No need to send email, temps are acceptable
2020-08-31 12:30:02,727 INFO 
Garage 69
Main 69
Bedroom 72
Batt V 13.6
Gen State OFF
Hi limit 80
Low limit 60
2020-08-31 12:30:05,325 INFO Gathered temps and emailed to log address :rvlogs@robhome.com
2020-08-31 12:30:05,326 CRITICAL **
2020-08-31 12:30:05,326 CRITICAL Ending run of the RV Temp Monitor
2020-08-31 12:30:05,327 CRITICAL **

2020-08-31 12:45:02,785 CRITICAL **
2020-08-31 12:45:02,786 CRITICAL Starting the RV Temp Monitor
2020-08-31 12:45:02,786 CRITICAL **
2020-08-31 12:45:03,201 INFO No need to send email, temps are acceptable
2020-08-31 12:45:03,201 INFO 
Garage 69
Main 70
Bedroom 72
Batt V 13.6
Gen State OFF
Hi limit 80
Low limit 60
2020-08-31 12:45:05,649 INFO Gathered temps and emailed to log address :rvlogs@robhome.com
2020-08-31 12:45:05,654 CRITICAL **
2020-08-31 12:45:05,655 CRITICAL Ending run of the RV Temp Monitor
2020-08-31 12:45:05,655 CRITICAL **

2020-08-31 13:00:03,111 CRITICAL **
2020-08-31 13:00:03,112 CRITICAL Starting the RV Temp Monitor
2020-08-31 13:00:03,113 CRITICAL **
2020-08-31 13:00:03,502 INFO No need to send email, temps are acceptable
2020-08-31 13:00:03,503 INFO 
Garage 70
Main 70
Bedroom 72
Batt V 13.6
Gen State OFF
Hi limit 80
Low limit 60
2020-08-31 13:00:05,891 INFO Gathered temps and emailed to log address :rvlogs@robhome.com
2020-08-31 13:00:05,892 CRITICAL **
2020-08-31 13:00:05,897 CRITICAL Ending run of the RV Temp Monitor
2020-08-31 13:00:05,897 CRITICAL **

2020-08-31 13:15:02,349 CRITICAL **
2020-08-31 13:15:02,349 CRITICAL Starting the RV Temp Monitor
2020-08-31 13:15:02,350 CRITICAL **
2020-08-31 13:15:02,731 INFO No need to send email, temps are acceptable
2020-08-31 13:15:02,732 INFO 
Garage 70
Main 70
Bedroom 72
Batt V 13.6
Gen State OFF
Hi limit 80
Low limit 60
2020-08-31 13:15:05,587 INFO Gathered temps and emailed to log address :rvlogs@robhome.com
2020-08-31 13:15:05,588 CRITICAL **
2020-08-31 13:15:05,591 CRITICAL Ending run of the RV Temp Monitor
2020-08-31 13:15:05,591 CRITICAL **

2020-08-31 13:30:03,178 CRITICAL **
2020-08-31 13:30:03,179 CRITICAL Starting the RV Temp Monitor
2020-08-31 13:30:03,179 CRITICAL **
2020-08-31 13:30:03,619 INFO No need to send email, temps are acceptable
2020-08-31 13:30:03,619 INFO 
Garage 71
Main 70
Bedroom 73
Batt V 13.6
Gen State OFF
Hi limit 80
Low limit 60
2020-08-31 13:30:08,962 INFO Gathered temps and emailed to log address :rvlogs@robhome.com
2020-08-31 13:30:08,962 CRITICAL **
2020-08-31 13:30:08,963 CRITICAL Ending run of the RV Temp Monitor
2020-08-31 13:30:08,963 CRITICAL **

2020-08-31 13:45:02,420 CRITICAL **
2020-08-31 13:45:02,421 CRITICAL Starting the RV Temp Monitor
2020-08-31 13:45:02,421 CRITICAL **
2020-08-31 13:45:02,787 INFO No need to send email, temps are acceptable
2020-08-31 13:45:02,787 INFO 
Garage 71
Main 71
Bedroom 72
Batt V 13.6
Gen State OFF
Hi limit 80
Low limit 60
2020-08-31 13:45:05,684 INFO Gathered temps and emailed to log address :rvlogs@robhome.com
2020-08-31 13:45:05,685 CRITICAL **
2020-08-31 13:45:05,685 CRITICAL Ending run of the RV Temp Monitor
2020-08-31 13:45:05,685 CRITICAL **

2020-08-31 14:00:03,145 CRITICAL **
2020-08-31 14:00:03,146 CRITICAL Starting the RV Temp Monitor
2020-08-31 14:00:03,146 CRITICAL **
2020-08-31 14:00:03,570 INFO No need to send email, temps are acceptable
2020-08-31 14:00:03,571 INFO 
Garage 71
Main 72
Bedroom 71
Batt V 13.6
Gen State OFF
Hi limit 80
Low limit 60
2020-08-31 14:00:07,209 INFO Gathered temps and emailed to log address :rvlogs@robhome.com
2020-08-31 14:00:07,210 CRITICAL **
2020-08-31 14:00:07,210 CRITICAL Ending run of the RV Temp Monitor
2020-08-31 14:00:07,210 CRITICAL **

2020-08-31 14:15:02,677 CRITICAL **
2020-08-31 14:15:02,678 CRITICAL Starting the RV Temp Monitor
2020-08-31 14:15:02,678 CRITICAL **
2020-08-31 14:15:03,120 INFO No need to send email, temps are acceptable
2020-08-31 14:15:03,121 INFO 
Garage 72
Main 73
Bedroom 71
Batt V 13.6
Gen State OFF
Hi limit 80
Low limit 60
2020-08-31 14:15:05,516 INFO Gathered temps and emailed to log address :rvlogs@robhome.com
2020-08-31 14:15:05,517 CRITICAL **
2020-08-31 14:15:05,517 CRITICAL Ending run of the RV Temp Monitor
2020-08-31 14:15:05,517 CRITICAL **

2020-08-31 14:30:03,104 CRITICAL **
2020-08-31 14:30:03,105 CRITICAL Starting the RV Temp Monitor
2020-08-31 14:30:03,105 CRITICAL **
2020-08-31 14:30:03,493 INFO No need to send email, temps are acceptable
2020-08-31 14:30:03,494 INFO 
Garage 72
Main 73
Bedroom 72
Batt V 13.6
Gen State OFF
Hi limit 80
Low limit 60
2020-08-31 14:30:06,292 INFO Gathered temps and emailed to log address :rvlogs@robhome.com
2020-08-31 14:30:06,293 CRITICAL **
2020-08-31 14:30:06,296 CRITICAL Ending run of the RV Temp Monitor
2020-08-31 14:30:06,296 CRITICAL **

2020-08-31 14:45:02,763 CRITICAL **
2020-08-31 14:45:02,763 CRITICAL Starting the RV Temp Monitor
2020-08-31 14:45:02,764 CRITICAL **
2020-08-31 14:45:03,183 INFO No need to send email, temps are acceptable
2020-08-31 14:45:03,184 INFO 
Garage 73
Main 74
Bedroom 73
Batt V 13.6
Gen State OFF
Hi limit 80
Low limit 60
2020-08-31 14:45:06,951 INFO Gathered temps and emailed to log address :rvlogs@robhome.com
2020-08-31 14:45:06,952 CRITICAL **
2020-08-31 14:45:06,956 CRITICAL Ending run of the RV Temp Monitor
2020-08-31 14:45:06,956 CRITICAL **

2020-08-31 15:00:02,412 CRITICAL **
2020-08-31 15:00:02,412 CRITICAL Starting the RV Temp Monitor
2020-08-31 15:00:02,413 CRITICAL **
2020-08-31 15:00:02,821 INFO No need to send email, temps are acceptable
2020-08-31 15:00:02,822 INFO 
Garage 73
Main 74
Bedroom 72
Batt V 13.6
Gen State OFF
Hi limit 80
Low limit 60
2020-08-31 15:05:03,249 ERROR Could not send email
2020-08-31 15:05:03,249 INFO Gathered temps and emailed to log address :rvlogs@robhome.com
2020-08-31 15:05:03,250 CRITICAL **
2020-08-31 15:05:03,250 CRITICAL Ending run of the RV Temp Monitor
2020-08-31 15:05:03,251 CRITICAL **

2020-08-31 15:15:02,718 CRITICAL **
2020-08-31 15:15:02,719 CRITICAL Starting the RV Temp Monitor
2020-08-31 15:15:02,720 CRITICAL **
2020-08-31 15:15:03,162 INFO No need to send email, temps are acceptable
2020-08-31 15:15:03,162 INFO 
Garage 73
Main 74
Bedroom 72
Batt V 13.6
Gen State OFF
Hi limit 80
Low limit 60
2020-08-31 15:15:06,625 INFO Gathered temps and emailed to log address :rvlogs@robhome.com
2020-08-31 15:15:06,630 CRITICAL **
2020-08-31 15:15:06,630 CRITICAL Ending run of the RV Temp Monitor
2020-08-31 15:15:06,630 CRITICAL **

2020-08-31 15:30:03,226 CRITICAL **
2020-08-31 15:30:03,227 CRITICAL Starting the RV Temp Monitor
2020-08-31 15:30:03,228 CRITICAL **
2020-08-31 15:30:03,604 INFO No need to send email, temps are acceptable
2020-08-31 15:30:03,604 INFO 
Garage 73
Main 74
Bedroom 72
Batt V 13.6
Gen State OFF
Hi limit 80
Low limit 60
2020-08-31 15:30:07,421 INFO Gathered temps and emailed to log address :rvlogs@robhome.com
2020-08-31 15:30:07,422 CRITICAL **
2020-08-31 15:30:07,422 CRITICAL Ending run of the RV Temp Monitor
2020-08-31 15:30:07,422 CRITICAL **

2020-08-31 15:45:02,885 CRITICAL **
2020-08-31 15:45:02,887 CRITICAL Starting the RV Temp Monitor
2020-08-31 15:45:02,887 CRITICAL **
2020-08-31 15:45:03,233 INFO No need to send email, temps are acceptable
2020-08-31 15:45:03,234 INFO 
Garage 72
Main 74
Bedroom 71
Batt V 13.6
Gen State OFF
Hi limit 80
Low limit 60
2020-08-31 15:45:07,460 INFO Gathered temps and emailed to log address :rvlogs@robhome.com
2020-08-31 15:45:07,460 CRITICAL **
2020-08-31 15:45:07,461 CRITICAL Ending run of the RV Temp Monitor
2020-08-31 15:45:07,461 CRITICAL **

2020-08-31 16:00:02,920 CRITICAL **
2020-08-31 16:00:02,921 CRITICAL Starting the RV Temp Monitor
2020-08-31 16:00:02,922 CRITICAL **
2020-08-31 16:00:03,280 INFO No need to send email, temps are acceptable
2020-08-31 16:00:03,280 INFO 
Garage 73
Main 75
Bedroom 71
Batt V 13.6
Gen State OFF
Hi limit 80
Low limit 60
2020-08-31 16:00:05,826 INFO Gathered temps and emailed to log address :rvlogs@robhome.com
2020-08-31 16:00:05,827 CRITICAL **
2020-08-31 16:00:05,830 CRITICAL Ending run of the RV Temp Monitor
2020-08-31 16:00:05,830 CRITICAL **

2020-08-31 16:15:02,288 CRITICAL **
2020-08-31 16:15:02,289 CRITICAL Starting the RV Temp Monitor
2020-08-31 16:15:02,289 CRITICAL **
2020-08-31 16:15:02,756 INFO No need to send email, temps are acceptable
2020-08-31 16:15:02,757 INFO 
Garage 73
Main 75
Bedroom 71
Batt V 13.6
Gen State OFF
Hi limit 80
Low limit 60
2020-08-31 16:15:05,311 INFO Gathered temps and emailed to log address :rvlogs@robhome.com
2020-08-31 16:15:05,311 CRITICAL **
2020-08-31 16:15:05,312 CRITICAL Ending run of the RV Temp Monitor
2020-08-31 16:15:05,312 CRITICAL **

2020-08-31 16:30:02,894 CRITICAL **
2020-08-31 16:30:02,895 CRITICAL Starting the RV Temp Monitor
2020-08-31 16:30:02,895 CRITICAL **
2020-08-31 16:30:03,299 INFO No need to send email, temps are acceptable
2020-08-31 16:30:03,300 INFO 
Garage 73
Main 75
Bedroom 72
Batt V 13.6
Gen State OFF
Hi limit 80
Low limit 60
2020-08-31 16:30:05,779 INFO Gathered temps and emailed to log address :rvlogs@robhome.com
2020-08-31 16:30:05,780 CRITICAL **
2020-08-31 16:30:05,785 CRITICAL Ending run of the RV Temp Monitor
2020-08-31 16:30:05,785 CRITICAL **

2020-08-31 16:45:03,243 CRITICAL **
2020-08-31 16:45:03,244 CRITICAL Starting the RV Temp Monitor
2020-08-31 16:45:03,244 CRITICAL **
2020-08-31 16:45:03,617 INFO No need to send email, temps are acceptable
2020-08-31 16:45:03,617 INFO 
Garage 73
Main 75
Bedroom 72
Batt V 13.6
Gen State OFF
Hi limit 80
Low limit 60
2020-08-31 16:45:09,272 INFO Gathered temps and emailed to log address :rvlogs@robhome.com
2020-08-31 16:45:09,273 CRITICAL **
2020-08-31 16:45:09,273 CRITICAL Ending run of the RV Temp Monitor
2020-08-31 16:45:09,273 CRITICAL **

2020-08-31 17:00:02,731 CRITICAL **
2020-08-31 17:00:02,733 CRITICAL Starting the RV Temp Monitor
2020-08-31 17:00:02,733 CRITICAL **
2020-08-31 17:00:03,093 INFO No need to send email, temps are acceptable
2020-08-31 17:00:03,093 INFO 
Garage 73
Main 74
Bedroom 72
Batt V 13.6
Gen State OFF
Hi limit 80
Low limit 60
2020-08-31 17:00:05,859 INFO Gathered temps and emailed to log address :rvlogs@robhome.com
2020-08-31 17:00:05,860 CRITICAL **
2020-08-31 17:00:05,863 CRITICAL Ending run of the RV Temp Monitor
2020-08-31 17:00:05,863 CRITICAL **

2020-08-31 17:15:02,317 CRITICAL **
2020-08-31 17:15:02,318 CRITICAL Starting the RV Temp Monitor
2020-08-31 17:15:02,319 CRITICAL **
2020-08-31 17:15:02,749 INFO No need to send email, temps are acceptable
2020-08-31 17:15:02,749 INFO 
Garage 73
Main 75
Bedroom 72
Batt V 13.6
Gen State OFF
Hi limit 80
Low limit 60
2020-08-31 17:15:05,665 INFO Gathered temps and emailed to log address :rvlogs@robhome.com
2020-08-31 17:15:05,666 CRITICAL **
2020-08-31 17:15:05,666 CRITICAL Ending run of the RV Temp Monitor
2020-08-31 17:15:05,667 CRITICAL **

2020-08-31 17:30:03,250 CRITICAL **
2020-08-31 17:30:03,251 CRITICAL Starting the RV Temp Monitor
2020-08-31 17:30:03,251 CRITICAL **
2020-08-31 17:30:03,618 INFO No need to send email, temps are acceptable
2020-08-31 17:30:03,618 INFO 
Garage 73
Main 75
Bedroom 72
Batt V 13.6
Gen State OFF
Hi limit 80
Low limit 60
2020-08-31 17:30:06,180 INFO Gathered temps and emailed to log address :rvlogs@robhome.com
2020-08-31 17:30:06,181 CRITICAL **
2020-08-31 17:30:06,183 CRITICAL Ending run of the RV Temp Monitor
2020-08-31 17:30:06,184 CRITICAL **

2020-08-31 17:45:02,646 CRITICAL **
2020-08-31 17:45:02,647 CRITICAL Starting the RV Temp Monitor
2020-08-31 17:45:02,647 CRITICAL **
2020-08-31 17:45:03,034 INFO No need to send email, temps are acceptable
2020-08-31 17:45:03,034 INFO 
Garage 73
Main 74
Bedroom 72
Batt V 13.6
Gen State OFF
Hi limit 80
Low limit 60
2020-08-31 17:45:05,879 INFO Gathered temps and emailed to log address :rvlogs@robhome.com
2020-08-31 17:45:05,884 CRITICAL **
2020-08-31 17:45:05,885 CRITICAL Ending run of the RV Temp Monitor
2020-08-31 17:45:05,885 CRITICAL **

2020-08-31 18:00:02,338 CRITICAL **
2020-08-31 18:00:02,339 CRITICAL Starting the RV Temp Monitor
2020-08-31 18:00:02,339 CRITICAL **
2020-08-31 18:00:02,736 INFO No need to send email, temps are acceptable
2020-08-31 18:00:02,737 INFO 
Garage 72
Main 74
Bedroom 72
Batt V 13.6
Gen State OFF
Hi limit 80
Low limit 60
2020-08-31 18:00:05,699 INFO Gathered temps and emailed to log address :rvlogs@robhome.com
2020-08-31 18:00:05,699 CRITICAL **
2020-08-31 18:00:05,700 CRITICAL Ending run of the RV Temp Monitor
2020-08-31 18:00:05,700 CRITICAL **

2020-08-31 18:15:03,160 CRITICAL **
2020-08-31 18:15:03,161 CRITICAL Starting the RV Temp Monitor
2020-08-31 18:15:03,161 CRITICAL **
2020-08-31 18:15:03,535 INFO No need to send email, temps are acceptable
2020-08-31 18:15:03,536 INFO 
Garage 72
Main 74
Bedroom 72
Batt V 13.6
Gen State OFF
Hi limit 80
Low limit 60
2020-08-31 18:15:06,308 INFO Gathered temps and emailed to log address :rvlogs@robhome.com
2020-08-31 18:15:06,309 CRITICAL **
2020-08-31 18:15:06,312 CRITICAL Ending run of the RV Temp Monitor
2020-08-31 18:15:06,312 CRITICAL **

2020-08-31 18:30:02,900 CRITICAL **
2020-08-31 18:30:02,901 CRITICAL Starting the RV Temp Monitor
2020-08-31 18:30:02,901 CRITICAL **
2020-08-31 18:30:03,282 INFO No need to send email, temps are acceptable
2020-08-31 18:30:03,282 INFO 
Garage 72
Main 74
Bedroom 72
Batt V 13.6
Gen State OFF
Hi limit 80
Low limit 60
2020-08-31 18:30:06,063 INFO Gathered temps and emailed to log address :rvlogs@robhome.com
2020-08-31 18:30:06,068 CRITICAL **
2020-08-31 18:30:06,068 CRITICAL Ending run of the RV Temp Monitor
2020-08-31 18:30:06,069 CRITICAL **

2020-08-31 18:45:02,533 CRITICAL **
2020-08-31 18:45:02,533 CRITICAL Starting the RV Temp Monitor
2020-08-31 18:45:02,534 CRITICAL **
2020-08-31 18:45:02,895 INFO No need to send email, temps are acceptable
2020-08-31 18:45:02,895 INFO 
Garage 72
Main 75
Bedroom 73
Batt V 13.6
Gen State OFF
Hi limit 80
Low limit 60
2020-08-31 18:45:05,372 INFO Gathered temps and emailed to log address :rvlogs@robhome.com
2020-08-31 18:45:05,372 CRITICAL **
2020-08-31 18:45:05,373 CRITICAL Ending run of the RV Temp Monitor
2020-08-31 18:45:05,373 CRITICAL **

2020-08-31 19:00:02,835 CRITICAL **
2020-08-31 19:00:02,835 CRITICAL Starting the RV Temp Monitor
2020-08-31 19:00:02,835 CRITICAL **
2020-08-31 19:00:03,269 INFO No need to send email, temps are acceptable
2020-08-31 19:00:03,270 INFO 
Garage 71
Main 73
Bedroom 72
Batt V 13.6
Gen State OFF
Hi limit 80
Low limit 60
2020-08-31 19:00:05,427 INFO Gathered temps and emailed to log address :rvlogs@robhome.com
2020-08-31 19:00:05,428 CRITICAL **
2020-08-31 19:00:05,428 CRITICAL Ending run of the RV Temp Monitor
2020-08-31 19:00:05,428 CRITICAL **

2020-08-31 19:15:02,892 CRITICAL **
2020-08-31 19:15:02,893 CRITICAL Starting the RV Temp Monitor
2020-08-31 19:15:02,893 CRITICAL **
2020-08-31 19:15:03,334 INFO No need to send email, temps are acceptable
2020-08-31 19:15:03,334 INFO 
Garage 72
Main 74
Bedroom 71
Batt V 13.6
Gen State OFF
Hi limit 80
Low limit 60
2020-08-31 19:15:06,082 INFO Gathered temps and emailed to log address :rvlogs@robhome.com
2020-08-31 19:15:06,085 CRITICAL **
2020-08-31 19:15:06,086 CRITICAL Ending run of the RV Temp Monitor
2020-08-31 19:15:06,086 CRITICAL **

2020-08-31 19:30:02,669 CRITICAL **
2020-08-31 19:30:02,670 CRITICAL Starting the RV Temp Monitor
2020-08-31 19:30:02,670 CRITICAL **
2020-08-31 19:30:03,061 INFO No need to send email, temps are acceptable
2020-08-31 19:30:03,062 INFO 
Garage 72
Main 74
Bedroom 72
Batt V 13.6
Gen State OFF
Hi limit 80
Low limit 60
2020-08-31 19:30:05,653 INFO Gathered temps and emailed to log address :rvlogs@robhome.com
2020-08-31 19:30:05,654 CRITICAL **
2020-08-31 19:30:05,654 CRITICAL Ending run of the RV Temp Monitor
2020-08-31 19:30:05,654 CRITICAL **

2020-08-31 19:45:03,121 CRITICAL **
2020-08-31 19:45:03,122 CRITICAL Starting the RV Temp Monitor
2020-08-31 19:45:03,122 CRITICAL **
2020-08-31 19:45:03,529 INFO No need to send email, temps are acceptable
2020-08-31 19:45:03,529 INFO 
Garage 72
Main 74
Bedroom 72
Batt V 13.6
Gen State OFF
Hi limit 80
Low limit 60
2020-08-31 19:45:05,965 INFO Gathered temps and emailed to log address :rvlogs@robhome.com
2020-08-31 19:45:05,965 CRITICAL **
2020-08-31 19:45:05,968 CRITICAL Ending run of the RV Temp Monitor
2020-08-31 19:45:05,968 CRITICAL **

2020-08-31 20:00:02,434 CRITICAL **
2020-08-31 20:00:02,434 CRITICAL Starting the RV Temp Monitor
2020-08-31 20:00:02,434 CRITICAL **
2020-08-31 20:00:02,797 INFO No need to send email, temps are acceptable
2020-08-31 20:00:02,798 INFO 
Garage 72
Main 74
Bedroom 72
Batt V 13.6
Gen State OFF
Hi limit 80
Low limit 60
2020-08-31 20:00:05,903 INFO Gathered temps and emailed to log address :rvlogs@robhome.com
2020-08-31 20:00:05,904 CRITICAL **
2020-08-31 20:00:05,907 CRITICAL Ending run of the RV Temp Monitor
2020-08-31 20:00:05,907 CRITICAL **

2020-08-31 20:15:02,359 CRITICAL **
2020-08-31 20:15:02,360 CRITICAL Starting the RV Temp Monitor
2020-08-31 20:15:02,361 CRITICAL **
2020-08-31 20:15:02,711 INFO No need to send email, temps are acceptable
2020-08-31 20:15:02,711 INFO 
Garage 72
Main 74
Bedroom 72
Batt V 13.6
Gen State OFF
Hi limit 80
Low limit 60
2020-08-31 20:15:05,315 INFO Gathered temps and emailed to log address :rvlogs@robhome.com
2020-08-31 20:15:05,316 CRITICAL **
2020-08-31 20:15:05,316 CRITICAL Ending run of the RV Temp Monitor
2020-08-31 20:15:05,316 CRITICAL **

2020-08-31 20:30:02,898 CRITICAL **
2020-08-31 20:30:02,898 CRITICAL Starting the RV Temp Monitor
2020-08-31 20:30:02,899 CRITICAL **
2020-08-31 20:30:03,240 INFO No need to send email, temps are acceptable
2020-08-31 20:30:03,241 INFO 
Garage 72
Main 74
Bedroom 71
Batt V 13.6
Gen State OFF
Hi limit 80
Low limit 60
2020-08-31 20:30:05,824 INFO Gathered temps and emailed to log address :rvlogs@robhome.com
2020-08-31 20:30:05,824 CRITICAL **
2020-08-31 20:30:05,828 CRITICAL Ending run of the RV Temp Monitor
2020-08-31 20:30:05,829 CRITICAL **

2020-08-31 20:45:02,293 CRITICAL **
2020-08-31 20:45:02,294 CRITICAL Starting the RV Temp Monitor
2020-08-31 20:45:02,294 CRITICAL **
2020-08-31 20:45:02,718 INFO No need to send email, temps are acceptable
2020-08-31 20:45:02,719 INFO 
Garage 71
Main 73
Bedroom 70
Batt V 13.6
Gen State OFF
Hi limit 80
Low limit 60
2020-08-31 20:45:05,512 INFO Gathered temps and emailed to log address :rvlogs@robhome.com
2020-08-31 20:45:05,512 CRITICAL **
2020-08-31 20:45:05,513 CRITICAL Ending run of the RV Temp Monitor
2020-08-31 20:45:05,513 CRITICAL **

2020-08-31 21:00:02,978 CRITICAL **
2020-08-31 21:00:02,979 CRITICAL Starting the RV Temp Monitor
2020-08-31 21:00:02,980 CRITICAL **
2020-08-31 21:00:03,399 INFO No need to send email, temps are acceptable
2020-08-31 21:00:03,399 INFO 
Garage 70
Main 73
Bedroom 70
Batt V 13.6
Gen State OFF
Hi limit 80
Low limit 60
2020-08-31 21:00:06,104 INFO Gathered temps and emailed to log address :rvlogs@robhome.com
2020-08-31 21:00:06,108 CRITICAL **
2020-08-31 21:00:06,108 CRITICAL Ending run of the RV Temp Monitor
2020-08-31 21:00:06,109 CRITICAL **

2020-08-31 21:15:02,562 CRITICAL **
2020-08-31 21:15:02,563 CRITICAL Starting the RV Temp Monitor
2020-08-31 21:15:02,563 CRITICAL **
2020-08-31 21:15:02,971 INFO No need to send email, temps are acceptable
2020-08-31 21:15:02,971 INFO 
Garage 71
Main 73
Bedroom 71
Batt V 13.6
Gen State OFF
Hi limit 80
Low limit 60
2020-08-31 21:15:05,468 INFO Gathered temps and emailed to log address :rvlogs@robhome.com
2020-08-31 21:15:05,468 CRITICAL **
2020-08-31 21:15:05,469 CRITICAL Ending run of the RV Temp Monitor
2020-08-31 21:15:05,469 CRITICAL **

2020-08-31 21:30:03,045 CRITICAL **
2020-08-31 21:30:03,046 CRITICAL Starting the RV Temp Monitor
2020-08-31 21:30:03,046 CRITICAL **
2020-08-31 21:30:03,387 INFO No need to send email, temps are acceptable
2020-08-31 21:30:03,388 INFO 
Garage 71
Main 73
Bedroom 71
Batt V 13.6
Gen State OFF
Hi limit 80
Low limit 60
2020-08-31 21:30:06,524 INFO Gathered temps and emailed to log address :rvlogs@robhome.com
2020-08-31 21:30:06,527 CRITICAL **
2020-08-31 21:30:06,527 CRITICAL Ending run of the RV Temp Monitor
2020-08-31 21:30:06,528 CRITICAL **

2020-08-31 21:45:02,989 CRITICAL **
2020-08-31 21:45:02,990 CRITICAL Starting the RV Temp Monitor
2020-08-31 21:45:02,990 CRITICAL **
2020-08-31 21:45:03,375 INFO No need to send email, temps are acceptable
2020-08-31 21:45:03,376 INFO 
Garage 70
Main 72
Bedroom 70
Batt V 13.6
Gen State OFF
Hi limit 80
Low limit 60
2020-08-31 21:45:06,791 INFO Gathered temps and emailed to log address :rvlogs@robhome.com
2020-08-31 21:45:06,797 CRITICAL **
2020-08-31 21:45:06,797 CRITICAL Ending run of the RV Temp Monitor
2020-08-31 21:45:06,797 CRITICAL **

2020-08-31 22:00:03,255 CRITICAL **
2020-08-31 22:00:03,256 CRITICAL Starting the RV Temp Monitor
2020-08-31 22:00:03,256 CRITICAL **
2020-08-31 22:00:03,665 INFO No need to send email, temps are acceptable
2020-08-31 22:00:03,666 INFO 
Garage 70
Main 73
Bedroom 71
Batt V 13.6
Gen State OFF
Hi limit 80
Low limit 60
2020-08-31 22:00:06,107 INFO Gathered temps and emailed to log address :rvlogs@robhome.com
2020-08-31 22:00:06,107 CRITICAL **
2020-08-31 22:00:06,111 CRITICAL Ending run of the RV Temp Monitor
2020-08-31 22:00:06,111 CRITICAL **

2020-08-31 22:15:02,928 CRITICAL **
2020-08-31 22:15:02,928 CRITICAL Starting the RV Temp Monitor
2020-08-31 22:15:02,930 CRITICAL **
2020-08-31 22:15:03,339 INFO No need to send email, temps are acceptable
2020-08-31 22:15:03,339 INFO 
Garage 71
Main 73
Bedroom 72
Batt V 13.6
Gen State OFF
Hi limit 80
Low limit 55
2020-08-31 22:15:06,194 INFO Gathered temps and emailed to log address :rvlogs@robhome.com
2020-08-31 22:15:06,195 CRITICAL **
2020-08-31 22:15:06,196 CRITICAL Ending run of the RV Temp Monitor
2020-08-31 22:15:06,196 CRITICAL **

2020-08-31 22:30:02,808 CRITICAL **
2020-08-31 22:30:02,809 CRITICAL Starting the RV Temp Monitor
2020-08-31 22:30:02,809 CRITICAL **
2020-08-31 22:30:03,228 INFO No need to send email, temps are acceptable
2020-08-31 22:30:03,229 INFO 
Garage 71
Main 72
Bedroom 72
Batt V 13.6
Gen State OFF
Hi limit 80
Low limit 55
2020-08-31 22:30:06,089 INFO Gathered temps and emailed to log address :rvlogs@robhome.com
2020-08-31 22:30:06,090 CRITICAL **
2020-08-31 22:30:06,090 CRITICAL Ending run of the RV Temp Monitor
2020-08-31 22:30:06,090 CRITICAL **

2020-08-31 22:45:02,550 CRITICAL **
2020-08-31 22:45:02,551 CRITICAL Starting the RV Temp Monitor
2020-08-31 22:45:02,551 CRITICAL **
2020-08-31 22:45:02,913 INFO No need to send email, temps are acceptable
2020-08-31 22:45:02,914 INFO 
Garage 70
Main 72
Bedroom 72
Batt V 13.6
Gen State OFF
Hi limit 80
Low limit 55
2020-08-31 22:45:05,471 INFO Gathered temps and emailed to log address :rvlogs@robhome.com
2020-08-31 22:45:05,471 CRITICAL **
2020-08-31 22:45:05,471 CRITICAL Ending run of the RV Temp Monitor
2020-08-31 22:45:05,472 CRITICAL **

2020-08-31 23:00:03,049 CRITICAL **
2020-08-31 23:00:03,050 CRITICAL Starting the RV Temp Monitor
2020-08-31 23:00:03,050 CRITICAL **
2020-08-31 23:00:03,483 INFO No need to send email, temps are acceptable
2020-08-31 23:00:03,483 INFO 
Garage 70
Main 71
Bedroom 72
Batt V 13.6
Gen State OFF
Hi limit 80
Low limit 55
2020-08-31 23:00:06,046 INFO Gathered temps and emailed to log address :rvlogs@robhome.com
2020-08-31 23:00:06,046 CRITICAL **
2020-08-31 23:00:06,047 CRITICAL Ending run of the RV Temp Monitor
2020-08-31 23:00:06,047 CRITICAL **

2020-08-31 23:15:02,510 CRITICAL **
2020-08-31 23:15:02,511 CRITICAL Starting the RV Temp Monitor
2020-08-31 23:15:02,511 CRITICAL **
2020-08-31 23:15:02,886 INFO No need to send email, temps are acceptable
2020-08-31 23:15:02,887 INFO 
Garage 70
Main 71
Bedroom 71
Batt V 13.6
Gen State OFF
Hi limit 80
Low limit 55
2020-08-31 23:15:05,246 INFO Gathered temps and emailed to log address :rvlogs@robhome.com
2020-08-31 23:15:05,247 CRITICAL **
2020-08-31 23:15:05,247 CRITICAL Ending run of the RV Temp Monitor
2020-08-31 23:15:05,248 CRITICAL **

2020-08-31 23:30:02,834 CRITICAL **
2020-08-31 23:30:02,835 CRITICAL Starting the RV Temp Monitor
2020-08-31 23:30:02,835 CRITICAL **
2020-08-31 23:30:03,250 INFO No need to send email, temps are acceptable
2020-08-31 23:30:03,250 INFO 
Garage 69
Main 71
Bedroom 72
Batt V 13.6
Gen State OFF
Hi limit 80
Low limit 55
2020-08-31 23:30:05,560 INFO Gathered temps and emailed to log address :rvlogs@robhome.com
2020-08-31 23:30:05,560 CRITICAL **
2020-08-31 23:30:05,561 CRITICAL Ending run of the RV Temp Monitor
2020-08-31 23:30:05,561 CRITICAL **

2020-08-31 23:45:03,021 CRITICAL **
2020-08-31 23:45:03,021 CRITICAL Starting the RV Temp Monitor
2020-08-31 23:45:03,022 CRITICAL **
2020-08-31 23:45:03,389 INFO No need to send email, temps are acceptable
2020-08-31 23:45:03,390 INFO 
Garage 69
Main 70
Bedroom 72
Batt V 13.6
Gen State OFF
Hi limit 80
Low limit 55
2020-08-31 23:45:05,886 INFO Gathered temps and emailed to log address :rvlogs@robhome.com
2020-08-31 23:45:05,886 CRITICAL **
2020-08-31 23:45:05,887 CRITICAL Ending run of the RV Temp Monitor
2020-08-31 23:45:05,887 CRITICAL **

