2020-08-27 00:00:03,320 CRITICAL **
2020-08-27 00:00:03,320 CRITICAL Starting the RV Temp Monitor
2020-08-27 00:00:03,321 CRITICAL **
2020-08-27 00:00:03,719 INFO No need to send email, temps are acceptable
2020-08-27 00:00:03,720 INFO 
Garage 73
Main 72
Bedroom 73
Batt V 13.4
Gen State OFF
Hi limit 80
Low limit 60
2020-08-27 00:00:06,804 INFO Gathered temps and emailed to log address :rvlogs@robhome.com
2020-08-27 00:00:06,805 CRITICAL **
2020-08-27 00:00:06,805 CRITICAL Ending run of the RV Temp Monitor
2020-08-27 00:00:06,806 CRITICAL **

2020-08-27 00:15:03,264 CRITICAL **
2020-08-27 00:15:03,264 CRITICAL Starting the RV Temp Monitor
2020-08-27 00:15:03,265 CRITICAL **
2020-08-27 00:15:03,649 INFO No need to send email, temps are acceptable
2020-08-27 00:15:03,650 INFO 
Garage 73
Main 72
Bedroom 72
Batt V 13.4
Gen State OFF
Hi limit 80
Low limit 60
2020-08-27 00:15:06,096 INFO Gathered temps and emailed to log address :rvlogs@robhome.com
2020-08-27 00:15:06,097 CRITICAL **
2020-08-27 00:15:06,097 CRITICAL Ending run of the RV Temp Monitor
2020-08-27 00:15:06,098 CRITICAL **

2020-08-27 00:30:02,682 CRITICAL **
2020-08-27 00:30:02,682 CRITICAL Starting the RV Temp Monitor
2020-08-27 00:30:02,683 CRITICAL **
2020-08-27 00:30:03,108 INFO No need to send email, temps are acceptable
2020-08-27 00:30:03,108 INFO 
Garage 72
Main 72
Bedroom 72
Batt V 13.4
Gen State OFF
Hi limit 80
Low limit 60
2020-08-27 00:30:05,934 INFO Gathered temps and emailed to log address :rvlogs@robhome.com
2020-08-27 00:30:05,935 CRITICAL **
2020-08-27 00:30:05,935 CRITICAL Ending run of the RV Temp Monitor
2020-08-27 00:30:05,935 CRITICAL **

2020-08-27 00:45:02,388 CRITICAL **
2020-08-27 00:45:02,389 CRITICAL Starting the RV Temp Monitor
2020-08-27 00:45:02,389 CRITICAL **
2020-08-27 00:45:02,791 INFO No need to send email, temps are acceptable
2020-08-27 00:45:02,791 INFO 
Garage 72
Main 72
Bedroom 71
Batt V 13.4
Gen State OFF
Hi limit 80
Low limit 60
2020-08-27 00:45:05,433 INFO Gathered temps and emailed to log address :rvlogs@robhome.com
2020-08-27 00:45:05,433 CRITICAL **
2020-08-27 00:45:05,434 CRITICAL Ending run of the RV Temp Monitor
2020-08-27 00:45:05,434 CRITICAL **

2020-08-27 01:00:02,879 CRITICAL **
2020-08-27 01:00:02,879 CRITICAL Starting the RV Temp Monitor
2020-08-27 01:00:02,885 CRITICAL **
2020-08-27 01:00:03,285 INFO No need to send email, temps are acceptable
2020-08-27 01:00:03,285 INFO 
Garage 72
Main 71
Bedroom 71
Batt V 13.4
Gen State OFF
Hi limit 80
Low limit 60
2020-08-27 01:00:05,554 INFO Gathered temps and emailed to log address :rvlogs@robhome.com
2020-08-27 01:00:05,554 CRITICAL **
2020-08-27 01:00:05,554 CRITICAL Ending run of the RV Temp Monitor
2020-08-27 01:00:05,555 CRITICAL **

2020-08-27 01:15:03,001 CRITICAL **
2020-08-27 01:15:03,002 CRITICAL Starting the RV Temp Monitor
2020-08-27 01:15:03,002 CRITICAL **
2020-08-27 01:15:03,392 INFO No need to send email, temps are acceptable
2020-08-27 01:15:03,392 INFO 
Garage 72
Main 71
Bedroom 72
Batt V 13.4
Gen State OFF
Hi limit 80
Low limit 60
2020-08-27 01:15:05,949 INFO Gathered temps and emailed to log address :rvlogs@robhome.com
2020-08-27 01:15:05,950 CRITICAL **
2020-08-27 01:15:05,950 CRITICAL Ending run of the RV Temp Monitor
2020-08-27 01:15:05,951 CRITICAL **

2020-08-27 01:30:02,772 CRITICAL **
2020-08-27 01:30:02,773 CRITICAL Starting the RV Temp Monitor
2020-08-27 01:30:02,774 CRITICAL **
2020-08-27 01:30:03,161 INFO No need to send email, temps are acceptable
2020-08-27 01:30:03,162 INFO 
Garage 72
Main 71
Bedroom 72
Batt V 13.4
Gen State OFF
Hi limit 80
Low limit 60
2020-08-27 01:30:05,907 INFO Gathered temps and emailed to log address :rvlogs@robhome.com
2020-08-27 01:30:05,908 CRITICAL **
2020-08-27 01:30:05,908 CRITICAL Ending run of the RV Temp Monitor
2020-08-27 01:30:05,909 CRITICAL **

2020-08-27 01:45:02,383 CRITICAL **
2020-08-27 01:45:02,383 CRITICAL Starting the RV Temp Monitor
2020-08-27 01:45:02,383 CRITICAL **
2020-08-27 01:45:02,747 INFO No need to send email, temps are acceptable
2020-08-27 01:45:02,748 INFO 
Garage 71
Main 71
Bedroom 72
Batt V 13.4
Gen State OFF
Hi limit 80
Low limit 60
2020-08-27 01:45:05,642 INFO Gathered temps and emailed to log address :rvlogs@robhome.com
2020-08-27 01:45:05,642 CRITICAL **
2020-08-27 01:45:05,643 CRITICAL Ending run of the RV Temp Monitor
2020-08-27 01:45:05,643 CRITICAL **

2020-08-27 02:00:03,099 CRITICAL **
2020-08-27 02:00:03,100 CRITICAL Starting the RV Temp Monitor
2020-08-27 02:00:03,100 CRITICAL **
2020-08-27 02:00:03,505 INFO No need to send email, temps are acceptable
2020-08-27 02:00:03,506 INFO 
Garage 71
Main 71
Bedroom 72
Batt V 13.4
Gen State OFF
Hi limit 80
Low limit 60
2020-08-27 02:00:06,209 INFO Gathered temps and emailed to log address :rvlogs@robhome.com
2020-08-27 02:00:06,209 CRITICAL **
2020-08-27 02:00:06,209 CRITICAL Ending run of the RV Temp Monitor
2020-08-27 02:00:06,210 CRITICAL **

2020-08-27 02:15:02,946 CRITICAL **
2020-08-27 02:15:02,952 CRITICAL Starting the RV Temp Monitor
2020-08-27 02:15:02,953 CRITICAL **
2020-08-27 02:15:03,342 INFO No need to send email, temps are acceptable
2020-08-27 02:15:03,343 INFO 
Garage 71
Main 71
Bedroom 72
Batt V 13.4
Gen State OFF
Hi limit 80
Low limit 60
2020-08-27 02:15:06,012 INFO Gathered temps and emailed to log address :rvlogs@robhome.com
2020-08-27 02:15:06,013 CRITICAL **
2020-08-27 02:15:06,013 CRITICAL Ending run of the RV Temp Monitor
2020-08-27 02:15:06,013 CRITICAL **

2020-08-27 02:30:02,937 CRITICAL **
2020-08-27 02:30:02,943 CRITICAL Starting the RV Temp Monitor
2020-08-27 02:30:02,943 CRITICAL **
2020-08-27 02:30:03,349 INFO No need to send email, temps are acceptable
2020-08-27 02:30:03,350 INFO 
Garage 71
Main 71
Bedroom 72
Batt V 13.4
Gen State OFF
Hi limit 80
Low limit 60
2020-08-27 02:30:05,941 INFO Gathered temps and emailed to log address :rvlogs@robhome.com
2020-08-27 02:30:05,942 CRITICAL **
2020-08-27 02:30:05,942 CRITICAL Ending run of the RV Temp Monitor
2020-08-27 02:30:05,942 CRITICAL **

2020-08-27 02:45:02,814 CRITICAL **
2020-08-27 02:45:02,829 CRITICAL Starting the RV Temp Monitor
2020-08-27 02:45:02,830 CRITICAL **
2020-08-27 02:45:03,192 INFO No need to send email, temps are acceptable
2020-08-27 02:45:03,193 INFO 
Garage 71
Main 71
Bedroom 72
Batt V 13.4
Gen State OFF
Hi limit 80
Low limit 60
2020-08-27 02:45:05,490 INFO Gathered temps and emailed to log address :rvlogs@robhome.com
2020-08-27 02:45:05,491 CRITICAL **
2020-08-27 02:45:05,491 CRITICAL Ending run of the RV Temp Monitor
2020-08-27 02:45:05,492 CRITICAL **

2020-08-27 03:00:03,290 CRITICAL **
2020-08-27 03:00:03,295 CRITICAL Starting the RV Temp Monitor
2020-08-27 03:00:03,296 CRITICAL **
2020-08-27 03:00:03,778 INFO No need to send email, temps are acceptable
2020-08-27 03:00:03,778 INFO 
Garage 71
Main 71
Bedroom 72
Batt V 13.4
Gen State OFF
Hi limit 80
Low limit 60
2020-08-27 03:00:06,924 INFO Gathered temps and emailed to log address :rvlogs@robhome.com
2020-08-27 03:00:06,925 CRITICAL **
2020-08-27 03:00:06,925 CRITICAL Ending run of the RV Temp Monitor
2020-08-27 03:00:06,926 CRITICAL **

2020-08-27 03:15:02,783 CRITICAL **
2020-08-27 03:15:02,789 CRITICAL Starting the RV Temp Monitor
2020-08-27 03:15:02,789 CRITICAL **
2020-08-27 03:15:03,240 INFO No need to send email, temps are acceptable
2020-08-27 03:15:03,241 INFO 
Garage 71
Main 71
Bedroom 72
Batt V 13.4
Gen State OFF
Hi limit 80
Low limit 60
2020-08-27 03:15:07,942 INFO Gathered temps and emailed to log address :rvlogs@robhome.com
2020-08-27 03:15:07,942 CRITICAL **
2020-08-27 03:15:07,943 CRITICAL Ending run of the RV Temp Monitor
2020-08-27 03:15:07,943 CRITICAL **

2020-08-27 03:30:02,780 CRITICAL **
2020-08-27 03:30:02,786 CRITICAL Starting the RV Temp Monitor
2020-08-27 03:30:02,787 CRITICAL **
2020-08-27 03:30:03,163 INFO No need to send email, temps are acceptable
2020-08-27 03:30:03,164 INFO 
Garage 71
Main 71
Bedroom 72
Batt V 13.4
Gen State OFF
Hi limit 80
Low limit 60
2020-08-27 03:30:06,446 INFO Gathered temps and emailed to log address :rvlogs@robhome.com
2020-08-27 03:30:06,447 CRITICAL **
2020-08-27 03:30:06,448 CRITICAL Ending run of the RV Temp Monitor
2020-08-27 03:30:06,448 CRITICAL **

2020-08-27 03:45:03,161 CRITICAL **
2020-08-27 03:45:03,167 CRITICAL Starting the RV Temp Monitor
2020-08-27 03:45:03,168 CRITICAL **
2020-08-27 03:45:03,575 INFO No need to send email, temps are acceptable
2020-08-27 03:45:03,576 INFO 
Garage 72
Main 71
Bedroom 71
Batt V 13.4
Gen State OFF
Hi limit 80
Low limit 60
2020-08-27 03:45:06,243 INFO Gathered temps and emailed to log address :rvlogs@robhome.com
2020-08-27 03:45:06,243 CRITICAL **
2020-08-27 03:45:06,244 CRITICAL Ending run of the RV Temp Monitor
2020-08-27 03:45:06,244 CRITICAL **

2020-08-27 04:00:03,037 CRITICAL **
2020-08-27 04:00:03,042 CRITICAL Starting the RV Temp Monitor
2020-08-27 04:00:03,043 CRITICAL **
2020-08-27 04:00:03,477 INFO No need to send email, temps are acceptable
2020-08-27 04:00:03,478 INFO 
Garage 72
Main 71
Bedroom 71
Batt V 13.4
Gen State OFF
Hi limit 80
Low limit 60
2020-08-27 04:00:06,017 INFO Gathered temps and emailed to log address :rvlogs@robhome.com
2020-08-27 04:00:06,018 CRITICAL **
2020-08-27 04:00:06,019 CRITICAL Ending run of the RV Temp Monitor
2020-08-27 04:00:06,019 CRITICAL **

2020-08-27 04:15:02,661 CRITICAL **
2020-08-27 04:15:02,666 CRITICAL Starting the RV Temp Monitor
2020-08-27 04:15:02,666 CRITICAL **
2020-08-27 04:15:03,104 INFO No need to send email, temps are acceptable
2020-08-27 04:15:03,105 INFO 
Garage 72
Main 71
Bedroom 72
Batt V 13.4
Gen State OFF
Hi limit 80
Low limit 60
2020-08-27 04:15:05,637 INFO Gathered temps and emailed to log address :rvlogs@robhome.com
2020-08-27 04:15:05,637 CRITICAL **
2020-08-27 04:15:05,638 CRITICAL Ending run of the RV Temp Monitor
2020-08-27 04:15:05,638 CRITICAL **

2020-08-27 04:30:03,477 CRITICAL **
2020-08-27 04:30:03,482 CRITICAL Starting the RV Temp Monitor
2020-08-27 04:30:03,483 CRITICAL **
2020-08-27 04:30:03,857 INFO No need to send email, temps are acceptable
2020-08-27 04:30:03,857 INFO 
Garage 72
Main 71
Bedroom 72
Batt V 13.4
Gen State OFF
Hi limit 80
Low limit 60
2020-08-27 04:30:06,651 INFO Gathered temps and emailed to log address :rvlogs@robhome.com
2020-08-27 04:30:06,652 CRITICAL **
2020-08-27 04:30:06,652 CRITICAL Ending run of the RV Temp Monitor
2020-08-27 04:30:06,652 CRITICAL **

2020-08-27 04:45:04,459 CRITICAL **
2020-08-27 04:45:04,465 CRITICAL Starting the RV Temp Monitor
2020-08-27 04:45:04,465 CRITICAL **
2020-08-27 04:45:04,869 INFO No need to send email, temps are acceptable
2020-08-27 04:45:04,870 INFO 
Garage 72
Main 71
Bedroom 72
Batt V 13.4
Gen State OFF
Hi limit 80
Low limit 60
2020-08-27 04:45:08,088 INFO Gathered temps and emailed to log address :rvlogs@robhome.com
2020-08-27 04:45:08,089 CRITICAL **
2020-08-27 04:45:08,089 CRITICAL Ending run of the RV Temp Monitor
2020-08-27 04:45:08,090 CRITICAL **

2020-08-27 05:00:02,874 CRITICAL **
2020-08-27 05:00:02,877 CRITICAL Starting the RV Temp Monitor
2020-08-27 05:00:02,877 CRITICAL **
2020-08-27 05:00:03,245 INFO No need to send email, temps are acceptable
2020-08-27 05:00:03,245 INFO 
Garage 72
Main 71
Bedroom 72
Batt V 13.4
Gen State OFF
Hi limit 80
Low limit 60
2020-08-27 05:00:05,529 INFO Gathered temps and emailed to log address :rvlogs@robhome.com
2020-08-27 05:00:05,529 CRITICAL **
2020-08-27 05:00:05,530 CRITICAL Ending run of the RV Temp Monitor
2020-08-27 05:00:05,530 CRITICAL **

2020-08-27 05:15:04,723 CRITICAL **
2020-08-27 05:15:04,729 CRITICAL Starting the RV Temp Monitor
2020-08-27 05:15:04,729 CRITICAL **
2020-08-27 05:15:05,145 INFO No need to send email, temps are acceptable
2020-08-27 05:15:05,145 INFO 
Garage 72
Main 71
Bedroom 72
Batt V 13.4
Gen State OFF
Hi limit 80
Low limit 60
2020-08-27 05:15:07,826 INFO Gathered temps and emailed to log address :rvlogs@robhome.com
2020-08-27 05:15:07,827 CRITICAL **
2020-08-27 05:15:07,827 CRITICAL Ending run of the RV Temp Monitor
2020-08-27 05:15:07,828 CRITICAL **

2020-08-27 05:30:03,446 CRITICAL **
2020-08-27 05:30:03,451 CRITICAL Starting the RV Temp Monitor
2020-08-27 05:30:03,451 CRITICAL **
2020-08-27 05:30:03,869 INFO No need to send email, temps are acceptable
2020-08-27 05:30:03,869 INFO 
Garage 72
Main 70
Bedroom 71
Batt V 13.4
Gen State OFF
Hi limit 80
Low limit 60
2020-08-27 05:30:06,351 INFO Gathered temps and emailed to log address :rvlogs@robhome.com
2020-08-27 05:30:06,351 CRITICAL **
2020-08-27 05:30:06,352 CRITICAL Ending run of the RV Temp Monitor
2020-08-27 05:30:06,352 CRITICAL **

2020-08-27 05:45:02,824 CRITICAL **
2020-08-27 05:45:02,824 CRITICAL Starting the RV Temp Monitor
2020-08-27 05:45:02,825 CRITICAL **
2020-08-27 05:45:03,191 INFO No need to send email, temps are acceptable
2020-08-27 05:45:03,191 INFO 
Garage 71
Main 71
Bedroom 72
Batt V 13.4
Gen State OFF
Hi limit 80
Low limit 60
2020-08-27 05:45:06,263 INFO Gathered temps and emailed to log address :rvlogs@robhome.com
2020-08-27 05:45:06,264 CRITICAL **
2020-08-27 05:45:06,264 CRITICAL Ending run of the RV Temp Monitor
2020-08-27 05:45:06,264 CRITICAL **

2020-08-27 06:00:02,720 CRITICAL **
2020-08-27 06:00:02,720 CRITICAL Starting the RV Temp Monitor
2020-08-27 06:00:02,721 CRITICAL **
2020-08-27 06:00:03,088 INFO No need to send email, temps are acceptable
2020-08-27 06:00:03,088 INFO 
Garage 71
Main 71
Bedroom 72
Batt V 13.4
Gen State OFF
Hi limit 80
Low limit 60
2020-08-27 06:00:05,776 INFO Gathered temps and emailed to log address :rvlogs@robhome.com
2020-08-27 06:00:05,777 CRITICAL **
2020-08-27 06:00:05,777 CRITICAL Ending run of the RV Temp Monitor
2020-08-27 06:00:05,777 CRITICAL **

2020-08-27 06:15:03,239 CRITICAL **
2020-08-27 06:15:03,240 CRITICAL Starting the RV Temp Monitor
2020-08-27 06:15:03,240 CRITICAL **
2020-08-27 06:15:03,620 INFO No need to send email, temps are acceptable
2020-08-27 06:15:03,621 INFO 
Garage 71
Main 71
Bedroom 72
Batt V 13.4
Gen State OFF
Hi limit 80
Low limit 60
2020-08-27 06:15:06,259 INFO Gathered temps and emailed to log address :rvlogs@robhome.com
2020-08-27 06:15:06,259 CRITICAL **
2020-08-27 06:15:06,260 CRITICAL Ending run of the RV Temp Monitor
2020-08-27 06:15:06,260 CRITICAL **

2020-08-27 06:30:03,183 CRITICAL **
2020-08-27 06:30:03,185 CRITICAL Starting the RV Temp Monitor
2020-08-27 06:30:03,186 CRITICAL **
2020-08-27 06:30:03,553 INFO No need to send email, temps are acceptable
2020-08-27 06:30:03,554 INFO 
Garage 71
Main 70
Bedroom 71
Batt V 13.4
Gen State OFF
Hi limit 80
Low limit 60
2020-08-27 06:30:05,859 INFO Gathered temps and emailed to log address :rvlogs@robhome.com
2020-08-27 06:30:05,860 CRITICAL **
2020-08-27 06:30:05,860 CRITICAL Ending run of the RV Temp Monitor
2020-08-27 06:30:05,861 CRITICAL **

2020-08-27 06:45:02,320 CRITICAL **
2020-08-27 06:45:02,321 CRITICAL Starting the RV Temp Monitor
2020-08-27 06:45:02,321 CRITICAL **
2020-08-27 06:45:02,702 INFO No need to send email, temps are acceptable
2020-08-27 06:45:02,703 INFO 
Garage 71
Main 70
Bedroom 71
Batt V 13.4
Gen State OFF
Hi limit 80
Low limit 60
2020-08-27 06:45:04,889 INFO Gathered temps and emailed to log address :rvlogs@robhome.com
2020-08-27 06:45:04,889 CRITICAL **
2020-08-27 06:45:04,889 CRITICAL Ending run of the RV Temp Monitor
2020-08-27 06:45:04,890 CRITICAL **

2020-08-27 07:00:02,330 CRITICAL **
2020-08-27 07:00:02,330 CRITICAL Starting the RV Temp Monitor
2020-08-27 07:00:02,331 CRITICAL **
2020-08-27 07:00:02,679 INFO No need to send email, temps are acceptable
2020-08-27 07:00:02,679 INFO 
Garage 71
Main 70
Bedroom 72
Batt V 13.4
Gen State OFF
Hi limit 80
Low limit 60
2020-08-27 07:00:05,099 INFO Gathered temps and emailed to log address :rvlogs@robhome.com
2020-08-27 07:00:05,099 CRITICAL **
2020-08-27 07:00:05,099 CRITICAL Ending run of the RV Temp Monitor
2020-08-27 07:00:05,100 CRITICAL **

2020-08-27 07:15:02,520 CRITICAL **
2020-08-27 07:15:02,521 CRITICAL Starting the RV Temp Monitor
2020-08-27 07:15:02,522 CRITICAL **
2020-08-27 07:15:02,878 INFO No need to send email, temps are acceptable
2020-08-27 07:15:02,879 INFO 
Garage 70
Main 70
Bedroom 72
Batt V 13.4
Gen State OFF
Hi limit 80
Low limit 60
2020-08-27 07:15:05,380 INFO Gathered temps and emailed to log address :rvlogs@robhome.com
2020-08-27 07:15:05,380 CRITICAL **
2020-08-27 07:15:05,381 CRITICAL Ending run of the RV Temp Monitor
2020-08-27 07:15:05,381 CRITICAL **

2020-08-27 07:30:02,895 CRITICAL **
2020-08-27 07:30:02,896 CRITICAL Starting the RV Temp Monitor
2020-08-27 07:30:02,897 CRITICAL **
2020-08-27 07:30:03,310 INFO No need to send email, temps are acceptable
2020-08-27 07:30:03,311 INFO 
Garage 70
Main 70
Bedroom 71
Batt V 13.4
Gen State OFF
Hi limit 80
Low limit 60
2020-08-27 07:30:05,737 INFO Gathered temps and emailed to log address :rvlogs@robhome.com
2020-08-27 07:30:05,738 CRITICAL **
2020-08-27 07:30:05,738 CRITICAL Ending run of the RV Temp Monitor
2020-08-27 07:30:05,739 CRITICAL **

2020-08-27 07:45:03,141 CRITICAL **
2020-08-27 07:45:03,142 CRITICAL Starting the RV Temp Monitor
2020-08-27 07:45:03,142 CRITICAL **
2020-08-27 07:45:03,520 INFO No need to send email, temps are acceptable
2020-08-27 07:45:03,520 INFO 
Garage 70
Main 71
Bedroom 72
Batt V 13.4
Gen State OFF
Hi limit 80
Low limit 60
2020-08-27 07:45:05,628 INFO Gathered temps and emailed to log address :rvlogs@robhome.com
2020-08-27 07:45:05,629 CRITICAL **
2020-08-27 07:45:05,629 CRITICAL Ending run of the RV Temp Monitor
2020-08-27 07:45:05,629 CRITICAL **

2020-08-27 08:00:03,029 CRITICAL **
2020-08-27 08:00:03,029 CRITICAL Starting the RV Temp Monitor
2020-08-27 08:00:03,030 CRITICAL **
2020-08-27 08:00:03,443 INFO No need to send email, temps are acceptable
2020-08-27 08:00:03,443 INFO 
Garage 70
Main 70
Bedroom 71
Batt V 13.4
Gen State OFF
Hi limit 80
Low limit 60
2020-08-27 08:00:06,583 INFO Gathered temps and emailed to log address :rvlogs@robhome.com
2020-08-27 08:00:06,583 CRITICAL **
2020-08-27 08:00:06,583 CRITICAL Ending run of the RV Temp Monitor
2020-08-27 08:00:06,584 CRITICAL **

2020-08-27 08:15:02,988 CRITICAL **
2020-08-27 08:15:02,989 CRITICAL Starting the RV Temp Monitor
2020-08-27 08:15:02,992 CRITICAL **
2020-08-27 08:15:03,346 INFO No need to send email, temps are acceptable
2020-08-27 08:15:03,347 INFO 
Garage 70
Main 71
Bedroom 72
Batt V 13.4
Gen State OFF
Hi limit 80
Low limit 60
2020-08-27 08:15:05,689 INFO Gathered temps and emailed to log address :rvlogs@robhome.com
2020-08-27 08:15:05,690 CRITICAL **
2020-08-27 08:15:05,690 CRITICAL Ending run of the RV Temp Monitor
2020-08-27 08:15:05,690 CRITICAL **

2020-08-27 08:30:03,192 CRITICAL **
2020-08-27 08:30:03,193 CRITICAL Starting the RV Temp Monitor
2020-08-27 08:30:03,194 CRITICAL **
2020-08-27 08:30:03,558 INFO No need to send email, temps are acceptable
2020-08-27 08:30:03,559 INFO 
Garage 70
Main 70
Bedroom 72
Batt V 13.4
Gen State OFF
Hi limit 80
Low limit 60
2020-08-27 08:30:06,579 INFO Gathered temps and emailed to log address :rvlogs@robhome.com
2020-08-27 08:30:06,580 CRITICAL **
2020-08-27 08:30:06,580 CRITICAL Ending run of the RV Temp Monitor
2020-08-27 08:30:06,580 CRITICAL **

2020-08-27 08:45:02,983 CRITICAL **
2020-08-27 08:45:02,984 CRITICAL Starting the RV Temp Monitor
2020-08-27 08:45:02,984 CRITICAL **
2020-08-27 08:45:03,380 INFO No need to send email, temps are acceptable
2020-08-27 08:45:03,380 INFO 
Garage 71
Main 70
Bedroom 72
Batt V 13.4
Gen State OFF
Hi limit 80
Low limit 60
2020-08-27 08:50:03,537 ERROR Could not send email
2020-08-27 08:50:03,538 INFO Gathered temps and emailed to log address :rvlogs@robhome.com
2020-08-27 08:50:03,538 CRITICAL **
2020-08-27 08:50:03,538 CRITICAL Ending run of the RV Temp Monitor
2020-08-27 08:50:03,539 CRITICAL **

2020-08-27 09:00:02,933 CRITICAL **
2020-08-27 09:00:02,934 CRITICAL Starting the RV Temp Monitor
2020-08-27 09:00:02,934 CRITICAL **
2020-08-27 09:00:03,352 INFO No need to send email, temps are acceptable
2020-08-27 09:00:03,353 INFO 
Garage 72
Main 70
Bedroom 72
Batt V 13.4
Gen State OFF
Hi limit 80
Low limit 60
2020-08-27 09:00:06,700 INFO Gathered temps and emailed to log address :rvlogs@robhome.com
2020-08-27 09:00:06,700 CRITICAL **
2020-08-27 09:00:06,701 CRITICAL Ending run of the RV Temp Monitor
2020-08-27 09:00:06,701 CRITICAL **

2020-08-27 09:15:03,102 CRITICAL **
2020-08-27 09:15:03,103 CRITICAL Starting the RV Temp Monitor
2020-08-27 09:15:03,104 CRITICAL **
2020-08-27 09:15:03,493 INFO No need to send email, temps are acceptable
2020-08-27 09:15:03,494 INFO 
Garage 72
Main 71
Bedroom 72
Batt V 13.4
Gen State OFF
Hi limit 80
Low limit 60
2020-08-27 09:15:06,025 INFO Gathered temps and emailed to log address :rvlogs@robhome.com
2020-08-27 09:15:06,025 CRITICAL **
2020-08-27 09:15:06,026 CRITICAL Ending run of the RV Temp Monitor
2020-08-27 09:15:06,026 CRITICAL **

2020-08-27 09:30:02,534 CRITICAL **
2020-08-27 09:30:02,534 CRITICAL Starting the RV Temp Monitor
2020-08-27 09:30:02,535 CRITICAL **
2020-08-27 09:30:02,954 INFO No need to send email, temps are acceptable
2020-08-27 09:30:02,954 INFO 
Garage 73
Main 71
Bedroom 72
Batt V 13.4
Gen State OFF
Hi limit 80
Low limit 60
2020-08-27 09:30:05,468 INFO Gathered temps and emailed to log address :rvlogs@robhome.com
2020-08-27 09:30:05,468 CRITICAL **
2020-08-27 09:30:05,469 CRITICAL Ending run of the RV Temp Monitor
2020-08-27 09:30:05,469 CRITICAL **

2020-08-27 09:45:02,870 CRITICAL **
2020-08-27 09:45:02,870 CRITICAL Starting the RV Temp Monitor
2020-08-27 09:45:02,871 CRITICAL **
2020-08-27 09:45:03,276 INFO No need to send email, temps are acceptable
2020-08-27 09:45:03,276 INFO 
Garage 73
Main 71
Bedroom 73
Batt V 13.4
Gen State OFF
Hi limit 80
Low limit 60
2020-08-27 09:45:06,186 INFO Gathered temps and emailed to log address :rvlogs@robhome.com
2020-08-27 09:45:06,186 CRITICAL **
2020-08-27 09:45:06,187 CRITICAL Ending run of the RV Temp Monitor
2020-08-27 09:45:06,187 CRITICAL **

2020-08-27 10:00:02,600 CRITICAL **
2020-08-27 10:00:02,602 CRITICAL Starting the RV Temp Monitor
2020-08-27 10:00:02,604 CRITICAL **
2020-08-27 10:00:03,001 INFO No need to send email, temps are acceptable
2020-08-27 10:00:03,002 INFO 
Garage 73
Main 71
Bedroom 72
Batt V 13.4
Gen State OFF
Hi limit 80
Low limit 60
2020-08-27 10:00:07,296 INFO Gathered temps and emailed to log address :rvlogs@robhome.com
2020-08-27 10:00:07,297 CRITICAL **
2020-08-27 10:00:07,297 CRITICAL Ending run of the RV Temp Monitor
2020-08-27 10:00:07,298 CRITICAL **

2020-08-27 10:15:02,745 CRITICAL **
2020-08-27 10:15:02,745 CRITICAL Starting the RV Temp Monitor
2020-08-27 10:15:02,746 CRITICAL **
2020-08-27 10:15:03,125 INFO No need to send email, temps are acceptable
2020-08-27 10:15:03,126 INFO 
Garage 73
Main 71
Bedroom 72
Batt V 13.4
Gen State OFF
Hi limit 80
Low limit 60
2020-08-27 10:15:06,350 INFO Gathered temps and emailed to log address :rvlogs@robhome.com
2020-08-27 10:15:06,351 CRITICAL **
2020-08-27 10:15:06,351 CRITICAL Ending run of the RV Temp Monitor
2020-08-27 10:15:06,351 CRITICAL **

2020-08-27 10:30:02,930 CRITICAL **
2020-08-27 10:30:02,931 CRITICAL Starting the RV Temp Monitor
2020-08-27 10:30:02,931 CRITICAL **
2020-08-27 10:30:03,296 INFO No need to send email, temps are acceptable
2020-08-27 10:30:03,296 INFO 
Garage 73
Main 71
Bedroom 71
Batt V 13.4
Gen State OFF
Hi limit 80
Low limit 60
2020-08-27 10:30:05,973 INFO Gathered temps and emailed to log address :rvlogs@robhome.com
2020-08-27 10:30:05,974 CRITICAL **
2020-08-27 10:30:05,974 CRITICAL Ending run of the RV Temp Monitor
2020-08-27 10:30:05,974 CRITICAL **

2020-08-27 10:45:02,429 CRITICAL **
2020-08-27 10:45:02,430 CRITICAL Starting the RV Temp Monitor
2020-08-27 10:45:02,430 CRITICAL **
2020-08-27 10:45:02,811 INFO No need to send email, temps are acceptable
2020-08-27 10:45:02,812 INFO 
Garage 73
Main 72
Bedroom 72
Batt V 13.4
Gen State OFF
Hi limit 80
Low limit 60
2020-08-27 10:45:05,228 INFO Gathered temps and emailed to log address :rvlogs@robhome.com
2020-08-27 10:45:05,229 CRITICAL **
2020-08-27 10:45:05,229 CRITICAL Ending run of the RV Temp Monitor
2020-08-27 10:45:05,229 CRITICAL **

2020-08-27 11:00:02,695 CRITICAL **
2020-08-27 11:00:02,697 CRITICAL Starting the RV Temp Monitor
2020-08-27 11:00:02,697 CRITICAL **
2020-08-27 11:00:03,119 INFO No need to send email, temps are acceptable
2020-08-27 11:00:03,120 INFO 
Garage 72
Main 71
Bedroom 72
Batt V 13.4
Gen State OFF
Hi limit 80
Low limit 60
2020-08-27 11:00:05,566 INFO Gathered temps and emailed to log address :rvlogs@robhome.com
2020-08-27 11:00:05,567 CRITICAL **
2020-08-27 11:00:05,567 CRITICAL Ending run of the RV Temp Monitor
2020-08-27 11:00:05,568 CRITICAL **

2020-08-27 11:15:03,031 CRITICAL **
2020-08-27 11:15:03,031 CRITICAL Starting the RV Temp Monitor
2020-08-27 11:15:03,031 CRITICAL **
2020-08-27 11:15:03,413 INFO No need to send email, temps are acceptable
2020-08-27 11:15:03,414 INFO 
Garage 73
Main 72
Bedroom 72
Batt V 13.4
Gen State OFF
Hi limit 80
Low limit 60
2020-08-27 11:15:06,428 INFO Gathered temps and emailed to log address :rvlogs@robhome.com
2020-08-27 11:15:06,429 CRITICAL **
2020-08-27 11:15:06,429 CRITICAL Ending run of the RV Temp Monitor
2020-08-27 11:15:06,429 CRITICAL **

2020-08-27 11:30:03,009 CRITICAL **
2020-08-27 11:30:03,010 CRITICAL Starting the RV Temp Monitor
2020-08-27 11:30:03,011 CRITICAL **
2020-08-27 11:30:03,382 INFO No need to send email, temps are acceptable
2020-08-27 11:30:03,383 INFO 
Garage 73
Main 72
Bedroom 72
Batt V 13.4
Gen State OFF
Hi limit 80
Low limit 60
2020-08-27 11:30:06,149 INFO Gathered temps and emailed to log address :rvlogs@robhome.com
2020-08-27 11:30:06,150 CRITICAL **
2020-08-27 11:30:06,150 CRITICAL Ending run of the RV Temp Monitor
2020-08-27 11:30:06,150 CRITICAL **

2020-08-27 11:45:02,623 CRITICAL **
2020-08-27 11:45:02,623 CRITICAL Starting the RV Temp Monitor
2020-08-27 11:45:02,624 CRITICAL **
2020-08-27 11:45:03,005 INFO No need to send email, temps are acceptable
2020-08-27 11:45:03,005 INFO 
Garage 73
Main 72
Bedroom 72
Batt V 13.4
Gen State OFF
Hi limit 80
Low limit 60
2020-08-27 11:45:05,314 INFO Gathered temps and emailed to log address :rvlogs@robhome.com
2020-08-27 11:45:05,314 CRITICAL **
2020-08-27 11:45:05,315 CRITICAL Ending run of the RV Temp Monitor
2020-08-27 11:45:05,315 CRITICAL **

2020-08-27 12:00:02,787 CRITICAL **
2020-08-27 12:00:02,788 CRITICAL Starting the RV Temp Monitor
2020-08-27 12:00:02,793 CRITICAL **
2020-08-27 12:00:03,196 INFO No need to send email, temps are acceptable
2020-08-27 12:00:03,196 INFO 
Garage 73
Main 73
Bedroom 72
Batt V 13.4
Gen State OFF
Hi limit 80
Low limit 60
2020-08-27 12:00:06,023 INFO Gathered temps and emailed to log address :rvlogs@robhome.com
2020-08-27 12:00:06,023 CRITICAL **
2020-08-27 12:00:06,023 CRITICAL Ending run of the RV Temp Monitor
2020-08-27 12:00:06,024 CRITICAL **

2020-08-27 12:15:02,494 CRITICAL **
2020-08-27 12:15:02,495 CRITICAL Starting the RV Temp Monitor
2020-08-27 12:15:02,495 CRITICAL **
2020-08-27 12:15:02,870 INFO No need to send email, temps are acceptable
2020-08-27 12:15:02,871 INFO 
Garage 73
Main 73
Bedroom 72
Batt V 13.4
Gen State OFF
Hi limit 80
Low limit 60
2020-08-27 12:15:05,243 INFO Gathered temps and emailed to log address :rvlogs@robhome.com
2020-08-27 12:15:05,244 CRITICAL **
2020-08-27 12:15:05,244 CRITICAL Ending run of the RV Temp Monitor
2020-08-27 12:15:05,244 CRITICAL **

2020-08-27 12:30:02,826 CRITICAL **
2020-08-27 12:30:02,826 CRITICAL Starting the RV Temp Monitor
2020-08-27 12:30:02,827 CRITICAL **
2020-08-27 12:30:03,251 INFO No need to send email, temps are acceptable
2020-08-27 12:30:03,251 INFO 
Garage 73
Main 74
Bedroom 73
Batt V 13.4
Gen State OFF
Hi limit 80
Low limit 60
2020-08-27 12:30:05,933 INFO Gathered temps and emailed to log address :rvlogs@robhome.com
2020-08-27 12:30:05,934 CRITICAL **
2020-08-27 12:30:05,937 CRITICAL Ending run of the RV Temp Monitor
2020-08-27 12:30:05,938 CRITICAL **

2020-08-27 12:45:02,393 CRITICAL **
2020-08-27 12:45:02,395 CRITICAL Starting the RV Temp Monitor
2020-08-27 12:45:02,395 CRITICAL **
2020-08-27 12:45:02,745 INFO No need to send email, temps are acceptable
2020-08-27 12:45:02,746 INFO 
Garage 73
Main 74
Bedroom 72
Batt V 13.4
Gen State OFF
Hi limit 80
Low limit 60
2020-08-27 12:45:06,023 INFO Gathered temps and emailed to log address :rvlogs@robhome.com
2020-08-27 12:45:06,023 CRITICAL **
2020-08-27 12:45:06,024 CRITICAL Ending run of the RV Temp Monitor
2020-08-27 12:45:06,024 CRITICAL **

2020-08-27 13:00:02,485 CRITICAL **
2020-08-27 13:00:02,485 CRITICAL Starting the RV Temp Monitor
2020-08-27 13:00:02,486 CRITICAL **
2020-08-27 13:00:02,836 INFO No need to send email, temps are acceptable
2020-08-27 13:00:02,837 INFO 
Garage 73
Main 74
Bedroom 73
Batt V 13.4
Gen State OFF
Hi limit 80
Low limit 60
2020-08-27 13:00:05,026 INFO Gathered temps and emailed to log address :rvlogs@robhome.com
2020-08-27 13:00:05,027 CRITICAL **
2020-08-27 13:00:05,027 CRITICAL Ending run of the RV Temp Monitor
2020-08-27 13:00:05,027 CRITICAL **

2020-08-27 13:15:02,486 CRITICAL **
2020-08-27 13:15:02,487 CRITICAL Starting the RV Temp Monitor
2020-08-27 13:15:02,492 CRITICAL **
2020-08-27 13:15:02,839 INFO No need to send email, temps are acceptable
2020-08-27 13:15:02,840 INFO 
Garage 73
Main 74
Bedroom 72
Batt V 13.4
Gen State OFF
Hi limit 80
Low limit 60
2020-08-27 13:15:07,805 INFO Gathered temps and emailed to log address :rvlogs@robhome.com
2020-08-27 13:15:07,806 CRITICAL **
2020-08-27 13:15:07,808 CRITICAL Ending run of the RV Temp Monitor
2020-08-27 13:15:07,808 CRITICAL **

2020-08-27 13:30:02,388 CRITICAL **
2020-08-27 13:30:02,390 CRITICAL Starting the RV Temp Monitor
2020-08-27 13:30:02,391 CRITICAL **
2020-08-27 13:30:02,807 INFO No need to send email, temps are acceptable
2020-08-27 13:30:02,808 INFO 
Garage 74
Main 75
Bedroom 73
Batt V 13.4
Gen State OFF
Hi limit 80
Low limit 60
2020-08-27 13:30:05,948 INFO Gathered temps and emailed to log address :rvlogs@robhome.com
2020-08-27 13:30:05,949 CRITICAL **
2020-08-27 13:30:05,949 CRITICAL Ending run of the RV Temp Monitor
2020-08-27 13:30:05,949 CRITICAL **

2020-08-27 13:45:02,405 CRITICAL **
2020-08-27 13:45:02,406 CRITICAL Starting the RV Temp Monitor
2020-08-27 13:45:02,406 CRITICAL **
2020-08-27 13:45:02,803 INFO No need to send email, temps are acceptable
2020-08-27 13:45:02,803 INFO 
Garage 73
Main 74
Bedroom 71
Batt V 13.4
Gen State OFF
Hi limit 80
Low limit 60
2020-08-27 13:45:05,966 INFO Gathered temps and emailed to log address :rvlogs@robhome.com
2020-08-27 13:45:05,967 CRITICAL **
2020-08-27 13:45:05,967 CRITICAL Ending run of the RV Temp Monitor
2020-08-27 13:45:05,967 CRITICAL **

2020-08-27 14:00:02,428 CRITICAL **
2020-08-27 14:00:02,428 CRITICAL Starting the RV Temp Monitor
2020-08-27 14:00:02,429 CRITICAL **
2020-08-27 14:00:02,848 INFO No need to send email, temps are acceptable
2020-08-27 14:00:02,848 INFO 
Garage 73
Main 75
Bedroom 72
Batt V 13.4
Gen State OFF
Hi limit 80
Low limit 60
2020-08-27 14:00:05,299 INFO Gathered temps and emailed to log address :rvlogs@robhome.com
2020-08-27 14:00:05,299 CRITICAL **
2020-08-27 14:00:05,300 CRITICAL Ending run of the RV Temp Monitor
2020-08-27 14:00:05,300 CRITICAL **

2020-08-27 14:15:02,763 CRITICAL **
2020-08-27 14:15:02,764 CRITICAL Starting the RV Temp Monitor
2020-08-27 14:15:02,764 CRITICAL **
2020-08-27 14:15:03,166 INFO No need to send email, temps are acceptable
2020-08-27 14:15:03,171 INFO 
Garage 74
Main 75
Bedroom 72
Batt V 13.4
Gen State OFF
Hi limit 80
Low limit 60
2020-08-27 14:15:08,433 INFO Gathered temps and emailed to log address :rvlogs@robhome.com
2020-08-27 14:15:08,436 CRITICAL **
2020-08-27 14:15:08,436 CRITICAL Ending run of the RV Temp Monitor
2020-08-27 14:15:08,437 CRITICAL **

2020-08-27 14:30:03,021 CRITICAL **
2020-08-27 14:30:03,021 CRITICAL Starting the RV Temp Monitor
2020-08-27 14:30:03,022 CRITICAL **
2020-08-27 14:30:03,383 INFO No need to send email, temps are acceptable
2020-08-27 14:30:03,384 INFO 
Garage 73
Main 74
Bedroom 72
Batt V 13.4
Gen State OFF
Hi limit 80
Low limit 60
2020-08-27 14:30:07,830 INFO Gathered temps and emailed to log address :rvlogs@robhome.com
2020-08-27 14:30:07,830 CRITICAL **
2020-08-27 14:30:07,831 CRITICAL Ending run of the RV Temp Monitor
2020-08-27 14:30:07,831 CRITICAL **

2020-08-27 14:45:02,295 CRITICAL **
2020-08-27 14:45:02,296 CRITICAL Starting the RV Temp Monitor
2020-08-27 14:45:02,296 CRITICAL **
2020-08-27 14:45:02,639 INFO No need to send email, temps are acceptable
2020-08-27 14:45:02,640 INFO 
Garage 72
Main 75
Bedroom 72
Batt V 13.4
Gen State OFF
Hi limit 80
Low limit 60
2020-08-27 14:45:04,915 INFO Gathered temps and emailed to log address :rvlogs@robhome.com
2020-08-27 14:45:04,916 CRITICAL **
2020-08-27 14:45:04,916 CRITICAL Ending run of the RV Temp Monitor
2020-08-27 14:45:04,917 CRITICAL **

2020-08-27 15:00:02,385 CRITICAL **
2020-08-27 15:00:02,386 CRITICAL Starting the RV Temp Monitor
2020-08-27 15:00:02,386 CRITICAL **
2020-08-27 15:00:02,807 INFO No need to send email, temps are acceptable
2020-08-27 15:00:02,807 INFO 
Garage 73
Main 75
Bedroom 72
Batt V 13.4
Gen State OFF
Hi limit 80
Low limit 60
2020-08-27 15:00:05,334 INFO Gathered temps and emailed to log address :rvlogs@robhome.com
2020-08-27 15:00:05,334 CRITICAL **
2020-08-27 15:00:05,335 CRITICAL Ending run of the RV Temp Monitor
2020-08-27 15:00:05,335 CRITICAL **

2020-08-27 15:15:02,793 CRITICAL **
2020-08-27 15:15:02,794 CRITICAL Starting the RV Temp Monitor
2020-08-27 15:15:02,795 CRITICAL **
2020-08-27 15:15:03,177 INFO No need to send email, temps are acceptable
2020-08-27 15:15:03,177 INFO 
Garage 74
Main 75
Bedroom 72
Batt V 13.4
Gen State OFF
Hi limit 80
Low limit 60
2020-08-27 15:15:05,868 INFO Gathered temps and emailed to log address :rvlogs@robhome.com
2020-08-27 15:15:05,869 CRITICAL **
2020-08-27 15:15:05,869 CRITICAL Ending run of the RV Temp Monitor
2020-08-27 15:15:05,869 CRITICAL **

2020-08-27 15:30:02,450 CRITICAL **
2020-08-27 15:30:02,451 CRITICAL Starting the RV Temp Monitor
2020-08-27 15:30:02,454 CRITICAL **
2020-08-27 15:30:02,890 INFO No need to send email, temps are acceptable
2020-08-27 15:30:02,890 INFO 
Garage 73
Main 75
Bedroom 72
Batt V 13.4
Gen State OFF
Hi limit 80
Low limit 60
2020-08-27 15:30:05,872 INFO Gathered temps and emailed to log address :rvlogs@robhome.com
2020-08-27 15:30:05,873 CRITICAL **
2020-08-27 15:30:05,873 CRITICAL Ending run of the RV Temp Monitor
2020-08-27 15:30:05,873 CRITICAL **

2020-08-27 15:45:02,337 CRITICAL **
2020-08-27 15:45:02,338 CRITICAL Starting the RV Temp Monitor
2020-08-27 15:45:02,338 CRITICAL **
2020-08-27 15:45:02,781 INFO No need to send email, temps are acceptable
2020-08-27 15:45:02,781 INFO 
Garage 73
Main 74
Bedroom 72
Batt V 13.4
Gen State OFF
Hi limit 80
Low limit 60
2020-08-27 15:45:05,241 INFO Gathered temps and emailed to log address :rvlogs@robhome.com
2020-08-27 15:45:05,242 CRITICAL **
2020-08-27 15:45:05,242 CRITICAL Ending run of the RV Temp Monitor
2020-08-27 15:45:05,242 CRITICAL **

2020-08-27 16:00:02,712 CRITICAL **
2020-08-27 16:00:02,712 CRITICAL Starting the RV Temp Monitor
2020-08-27 16:00:02,713 CRITICAL **
2020-08-27 16:00:03,161 INFO No need to send email, temps are acceptable
2020-08-27 16:00:03,161 INFO 
Garage 72
Main 73
Bedroom 71
Batt V 13.4
Gen State OFF
Hi limit 80
Low limit 60
2020-08-27 16:00:06,387 INFO Gathered temps and emailed to log address :rvlogs@robhome.com
2020-08-27 16:00:06,388 CRITICAL **
2020-08-27 16:00:06,388 CRITICAL Ending run of the RV Temp Monitor
2020-08-27 16:00:06,388 CRITICAL **

2020-08-27 16:15:02,960 CRITICAL **
2020-08-27 16:15:02,961 CRITICAL Starting the RV Temp Monitor
2020-08-27 16:15:02,962 CRITICAL **
2020-08-27 16:15:03,375 INFO No need to send email, temps are acceptable
2020-08-27 16:15:03,376 INFO 
Garage 73
Main 75
Bedroom 72
Batt V 13.4
Gen State OFF
Hi limit 80
Low limit 60
2020-08-27 16:15:05,716 INFO Gathered temps and emailed to log address :rvlogs@robhome.com
2020-08-27 16:15:05,717 CRITICAL **
2020-08-27 16:15:05,717 CRITICAL Ending run of the RV Temp Monitor
2020-08-27 16:15:05,717 CRITICAL **

2020-08-27 16:30:02,306 CRITICAL **
2020-08-27 16:30:02,307 CRITICAL Starting the RV Temp Monitor
2020-08-27 16:30:02,307 CRITICAL **
2020-08-27 16:30:02,661 INFO No need to send email, temps are acceptable
2020-08-27 16:30:02,662 INFO 
Garage 74
Main 75
Bedroom 72
Batt V 13.4
Gen State OFF
Hi limit 80
Low limit 60
2020-08-27 16:30:04,952 INFO Gathered temps and emailed to log address :rvlogs@robhome.com
2020-08-27 16:30:04,952 CRITICAL **
2020-08-27 16:30:04,952 CRITICAL Ending run of the RV Temp Monitor
2020-08-27 16:30:04,953 CRITICAL **

2020-08-27 16:45:02,417 CRITICAL **
2020-08-27 16:45:02,418 CRITICAL Starting the RV Temp Monitor
2020-08-27 16:45:02,418 CRITICAL **
2020-08-27 16:45:02,789 INFO No need to send email, temps are acceptable
2020-08-27 16:45:02,790 INFO 
Garage 74
Main 76
Bedroom 72
Batt V 13.4
Gen State OFF
Hi limit 80
Low limit 60
2020-08-27 16:45:05,405 INFO Gathered temps and emailed to log address :rvlogs@robhome.com
2020-08-27 16:45:05,406 CRITICAL **
2020-08-27 16:45:05,406 CRITICAL Ending run of the RV Temp Monitor
2020-08-27 16:45:05,407 CRITICAL **

2020-08-27 17:00:03,344 CRITICAL **
2020-08-27 17:00:03,350 CRITICAL Starting the RV Temp Monitor
2020-08-27 17:00:03,350 CRITICAL **
2020-08-27 17:00:03,776 INFO No need to send email, temps are acceptable
2020-08-27 17:00:03,777 INFO 
Garage 74
Main 76
Bedroom 73
Batt V 13.4
Gen State OFF
Hi limit 80
Low limit 60
2020-08-27 17:15:03,334 CRITICAL **
2020-08-27 17:15:03,336 CRITICAL Starting the RV Temp Monitor
2020-08-27 17:15:03,336 CRITICAL **
2020-08-27 17:15:03,758 INFO No need to send email, temps are acceptable
2020-08-27 17:15:03,758 INFO 
Garage 74
Main 76
Bedroom 72
Batt V 13.4
Gen State OFF
Hi limit 80
Low limit 60
2020-08-27 17:15:06,770 INFO Gathered temps and emailed to log address :rvlogs@robhome.com
2020-08-27 17:15:06,770 CRITICAL **
2020-08-27 17:15:06,771 CRITICAL Ending run of the RV Temp Monitor
2020-08-27 17:15:06,771 CRITICAL **

2020-08-27 17:30:02,358 CRITICAL **
2020-08-27 17:30:02,359 CRITICAL Starting the RV Temp Monitor
2020-08-27 17:30:02,359 CRITICAL **
2020-08-27 17:30:02,807 INFO No need to send email, temps are acceptable
2020-08-27 17:30:02,807 INFO 
Garage 74
Main 76
Bedroom 72
Batt V 13.4
Gen State OFF
Hi limit 80
Low limit 60
2020-08-27 17:30:05,485 INFO Gathered temps and emailed to log address :rvlogs@robhome.com
2020-08-27 17:30:05,485 CRITICAL **
2020-08-27 17:30:05,486 CRITICAL Ending run of the RV Temp Monitor
2020-08-27 17:30:05,486 CRITICAL **

2020-08-27 17:45:02,966 CRITICAL **
2020-08-27 17:45:02,967 CRITICAL Starting the RV Temp Monitor
2020-08-27 17:45:02,967 CRITICAL **
2020-08-27 17:45:03,372 INFO No need to send email, temps are acceptable
2020-08-27 17:45:03,373 INFO 
Garage 74
Main 76
Bedroom 72
Batt V 13.4
Gen State OFF
Hi limit 80
Low limit 60
2020-08-27 17:45:07,584 INFO Gathered temps and emailed to log address :rvlogs@robhome.com
2020-08-27 17:45:07,584 CRITICAL **
2020-08-27 17:45:07,588 CRITICAL Ending run of the RV Temp Monitor
2020-08-27 17:45:07,588 CRITICAL **

2020-08-27 18:00:03,059 CRITICAL **
2020-08-27 18:00:03,060 CRITICAL Starting the RV Temp Monitor
2020-08-27 18:00:03,060 CRITICAL **
2020-08-27 18:00:03,448 INFO No need to send email, temps are acceptable
2020-08-27 18:00:03,448 INFO 
Garage 74
Main 76
Bedroom 72
Batt V 13.4
Gen State OFF
Hi limit 80
Low limit 60
2020-08-27 18:00:06,275 INFO Gathered temps and emailed to log address :rvlogs@robhome.com
2020-08-27 18:00:06,276 CRITICAL **
2020-08-27 18:00:06,276 CRITICAL Ending run of the RV Temp Monitor
2020-08-27 18:00:06,276 CRITICAL **

2020-08-27 18:15:02,749 CRITICAL **
2020-08-27 18:15:02,749 CRITICAL Starting the RV Temp Monitor
2020-08-27 18:15:02,750 CRITICAL **
2020-08-27 18:15:03,137 INFO No need to send email, temps are acceptable
2020-08-27 18:15:03,138 INFO 
Garage 74
Main 76
Bedroom 72
Batt V 13.4
Gen State OFF
Hi limit 80
Low limit 60
2020-08-27 18:15:07,960 INFO Gathered temps and emailed to log address :rvlogs@robhome.com
2020-08-27 18:15:07,960 CRITICAL **
2020-08-27 18:15:07,961 CRITICAL Ending run of the RV Temp Monitor
2020-08-27 18:15:07,961 CRITICAL **

2020-08-27 18:30:02,534 CRITICAL **
2020-08-27 18:30:02,535 CRITICAL Starting the RV Temp Monitor
2020-08-27 18:30:02,536 CRITICAL **
2020-08-27 18:30:02,937 INFO No need to send email, temps are acceptable
2020-08-27 18:30:02,938 INFO 
Garage 74
Main 75
Bedroom 71
Batt V 13.4
Gen State OFF
Hi limit 80
Low limit 60
2020-08-27 18:30:05,782 INFO Gathered temps and emailed to log address :rvlogs@robhome.com
2020-08-27 18:30:05,782 CRITICAL **
2020-08-27 18:30:05,783 CRITICAL Ending run of the RV Temp Monitor
2020-08-27 18:30:05,783 CRITICAL **

2020-08-27 18:45:02,291 CRITICAL **
2020-08-27 18:45:02,291 CRITICAL Starting the RV Temp Monitor
2020-08-27 18:45:02,292 CRITICAL **
2020-08-27 18:45:02,667 INFO No need to send email, temps are acceptable
2020-08-27 18:45:02,667 INFO 
Garage 74
Main 75
Bedroom 72
Batt V 13.4
Gen State OFF
Hi limit 80
Low limit 60
2020-08-27 18:45:05,132 INFO Gathered temps and emailed to log address :rvlogs@robhome.com
2020-08-27 18:45:05,133 CRITICAL **
2020-08-27 18:45:05,133 CRITICAL Ending run of the RV Temp Monitor
2020-08-27 18:45:05,133 CRITICAL **

2020-08-27 19:00:02,594 CRITICAL **
2020-08-27 19:00:02,595 CRITICAL Starting the RV Temp Monitor
2020-08-27 19:00:02,595 CRITICAL **
2020-08-27 19:00:03,047 INFO No need to send email, temps are acceptable
2020-08-27 19:00:03,047 INFO 
Garage 74
Main 76
Bedroom 71
Batt V 13.4
Gen State OFF
Hi limit 80
Low limit 60
2020-08-27 19:00:05,674 INFO Gathered temps and emailed to log address :rvlogs@robhome.com
2020-08-27 19:00:05,678 CRITICAL **
2020-08-27 19:00:05,678 CRITICAL Ending run of the RV Temp Monitor
2020-08-27 19:00:05,678 CRITICAL **

2020-08-27 19:15:03,136 CRITICAL **
2020-08-27 19:15:03,137 CRITICAL Starting the RV Temp Monitor
2020-08-27 19:15:03,137 CRITICAL **
2020-08-27 19:15:03,483 INFO No need to send email, temps are acceptable
2020-08-27 19:15:03,484 INFO 
Garage 74
Main 75
Bedroom 71
Batt V 13.4
Gen State OFF
Hi limit 80
Low limit 60
2020-08-27 19:15:06,021 INFO Gathered temps and emailed to log address :rvlogs@robhome.com
2020-08-27 19:15:06,021 CRITICAL **
2020-08-27 19:15:06,022 CRITICAL Ending run of the RV Temp Monitor
2020-08-27 19:15:06,022 CRITICAL **

2020-08-27 19:30:02,607 CRITICAL **
2020-08-27 19:30:02,607 CRITICAL Starting the RV Temp Monitor
2020-08-27 19:30:02,608 CRITICAL **
2020-08-27 19:30:03,040 INFO No need to send email, temps are acceptable
2020-08-27 19:30:03,040 INFO 
Garage 73
Main 73
Bedroom 71
Batt V 13.4
Gen State OFF
Hi limit 80
Low limit 60
2020-08-27 19:30:06,070 INFO Gathered temps and emailed to log address :rvlogs@robhome.com
2020-08-27 19:30:06,070 CRITICAL **
2020-08-27 19:30:06,070 CRITICAL Ending run of the RV Temp Monitor
2020-08-27 19:30:06,071 CRITICAL **

2020-08-27 19:45:02,528 CRITICAL **
2020-08-27 19:45:02,528 CRITICAL Starting the RV Temp Monitor
2020-08-27 19:45:02,529 CRITICAL **
2020-08-27 19:45:02,921 INFO No need to send email, temps are acceptable
2020-08-27 19:45:02,922 INFO 
Garage 73
Main 74
Bedroom 72
Batt V 13.4
Gen State OFF
Hi limit 80
Low limit 60
2020-08-27 19:45:06,177 INFO Gathered temps and emailed to log address :rvlogs@robhome.com
2020-08-27 19:45:06,177 CRITICAL **
2020-08-27 19:45:06,177 CRITICAL Ending run of the RV Temp Monitor
2020-08-27 19:45:06,178 CRITICAL **

2020-08-27 20:00:02,658 CRITICAL **
2020-08-27 20:00:02,659 CRITICAL Starting the RV Temp Monitor
2020-08-27 20:00:02,659 CRITICAL **
2020-08-27 20:00:03,062 INFO No need to send email, temps are acceptable
2020-08-27 20:00:03,062 INFO 
Garage 73
Main 75
Bedroom 71
Batt V 13.4
Gen State OFF
Hi limit 80
Low limit 60
2020-08-27 20:00:05,532 INFO Gathered temps and emailed to log address :rvlogs@robhome.com
2020-08-27 20:00:05,533 CRITICAL **
2020-08-27 20:00:05,536 CRITICAL Ending run of the RV Temp Monitor
2020-08-27 20:00:05,536 CRITICAL **

2020-08-27 20:15:03,006 CRITICAL **
2020-08-27 20:15:03,006 CRITICAL Starting the RV Temp Monitor
2020-08-27 20:15:03,007 CRITICAL **
2020-08-27 20:15:03,372 INFO No need to send email, temps are acceptable
2020-08-27 20:15:03,373 INFO 
Garage 73
Main 75
Bedroom 70
Batt V 13.4
Gen State OFF
Hi limit 80
Low limit 60
2020-08-27 20:15:05,938 INFO Gathered temps and emailed to log address :rvlogs@robhome.com
2020-08-27 20:15:05,939 CRITICAL **
2020-08-27 20:15:05,943 CRITICAL Ending run of the RV Temp Monitor
2020-08-27 20:15:05,944 CRITICAL **

2020-08-27 20:30:02,537 CRITICAL **
2020-08-27 20:30:02,538 CRITICAL Starting the RV Temp Monitor
2020-08-27 20:30:02,538 CRITICAL **
2020-08-27 20:30:02,952 INFO No need to send email, temps are acceptable
2020-08-27 20:30:02,952 INFO 
Garage 73
Main 74
Bedroom 70
Batt V 13.4
Gen State OFF
Hi limit 80
Low limit 60
2020-08-27 20:30:07,270 INFO Gathered temps and emailed to log address :rvlogs@robhome.com
2020-08-27 20:30:07,270 CRITICAL **
2020-08-27 20:30:07,271 CRITICAL Ending run of the RV Temp Monitor
2020-08-27 20:30:07,271 CRITICAL **

2020-08-27 20:45:02,735 CRITICAL **
2020-08-27 20:45:02,735 CRITICAL Starting the RV Temp Monitor
2020-08-27 20:45:02,736 CRITICAL **
2020-08-27 20:45:03,112 INFO No need to send email, temps are acceptable
2020-08-27 20:45:03,112 INFO 
Garage 72
Main 74
Bedroom 69
Batt V 13.4
Gen State OFF
Hi limit 80
Low limit 60
2020-08-27 20:45:05,664 INFO Gathered temps and emailed to log address :rvlogs@robhome.com
2020-08-27 20:45:05,665 CRITICAL **
2020-08-27 20:45:05,665 CRITICAL Ending run of the RV Temp Monitor
2020-08-27 20:45:05,665 CRITICAL **

2020-08-27 21:00:03,139 CRITICAL **
2020-08-27 21:00:03,140 CRITICAL Starting the RV Temp Monitor
2020-08-27 21:00:03,140 CRITICAL **
2020-08-27 21:00:03,494 INFO No need to send email, temps are acceptable
2020-08-27 21:00:03,494 INFO 
Garage 72
Main 74
Bedroom 69
Batt V 13.4
Gen State OFF
Hi limit 80
Low limit 60
2020-08-27 21:00:05,872 INFO Gathered temps and emailed to log address :rvlogs@robhome.com
2020-08-27 21:00:05,872 CRITICAL **
2020-08-27 21:00:05,873 CRITICAL Ending run of the RV Temp Monitor
2020-08-27 21:00:05,873 CRITICAL **

2020-08-27 21:15:02,335 CRITICAL **
2020-08-27 21:15:02,340 CRITICAL Starting the RV Temp Monitor
2020-08-27 21:15:02,340 CRITICAL **
2020-08-27 21:15:02,712 INFO No need to send email, temps are acceptable
2020-08-27 21:15:02,713 INFO 
Garage 73
Main 74
Bedroom 71
Batt V 13.4
Gen State OFF
Hi limit 80
Low limit 60
2020-08-27 21:15:05,831 INFO Gathered temps and emailed to log address :rvlogs@robhome.com
2020-08-27 21:15:05,832 CRITICAL **
2020-08-27 21:15:05,832 CRITICAL Ending run of the RV Temp Monitor
2020-08-27 21:15:05,833 CRITICAL **

2020-08-27 21:30:02,410 CRITICAL **
2020-08-27 21:30:02,411 CRITICAL Starting the RV Temp Monitor
2020-08-27 21:30:02,411 CRITICAL **
2020-08-27 21:30:02,813 INFO No need to send email, temps are acceptable
2020-08-27 21:30:02,813 INFO 
Garage 72
Main 74
Bedroom 71
Batt V 13.4
Gen State OFF
Hi limit 80
Low limit 60
2020-08-27 21:30:05,583 INFO Gathered temps and emailed to log address :rvlogs@robhome.com
2020-08-27 21:30:05,584 CRITICAL **
2020-08-27 21:30:05,584 CRITICAL Ending run of the RV Temp Monitor
2020-08-27 21:30:05,584 CRITICAL **

2020-08-27 21:45:03,054 CRITICAL **
2020-08-27 21:45:03,056 CRITICAL Starting the RV Temp Monitor
2020-08-27 21:45:03,057 CRITICAL **
2020-08-27 21:45:03,400 INFO No need to send email, temps are acceptable
2020-08-27 21:45:03,400 INFO 
Garage 72
Main 74
Bedroom 70
Batt V 13.4
Gen State OFF
Hi limit 80
Low limit 60
2020-08-27 21:45:06,218 INFO Gathered temps and emailed to log address :rvlogs@robhome.com
2020-08-27 21:45:06,219 CRITICAL **
2020-08-27 21:45:06,220 CRITICAL Ending run of the RV Temp Monitor
2020-08-27 21:45:06,220 CRITICAL **

2020-08-27 22:00:02,675 CRITICAL **
2020-08-27 22:00:02,676 CRITICAL Starting the RV Temp Monitor
2020-08-27 22:00:02,676 CRITICAL **
2020-08-27 22:00:03,015 INFO No need to send email, temps are acceptable
2020-08-27 22:00:03,015 INFO 
Garage 72
Main 73
Bedroom 70
Batt V 13.4
Gen State OFF
Hi limit 80
Low limit 60
2020-08-27 22:00:06,061 INFO Gathered temps and emailed to log address :rvlogs@robhome.com
2020-08-27 22:00:06,061 CRITICAL **
2020-08-27 22:00:06,062 CRITICAL Ending run of the RV Temp Monitor
2020-08-27 22:00:06,062 CRITICAL **

2020-08-27 22:15:02,628 CRITICAL **
2020-08-27 22:15:02,629 CRITICAL Starting the RV Temp Monitor
2020-08-27 22:15:02,629 CRITICAL **
2020-08-27 22:15:02,995 INFO No need to send email, temps are acceptable
2020-08-27 22:15:02,997 INFO 
Garage 73
Main 74
Bedroom 72
Batt V 13.4
Gen State OFF
Hi limit 80
Low limit 60
2020-08-27 22:15:05,657 INFO Gathered temps and emailed to log address :rvlogs@robhome.com
2020-08-27 22:15:05,657 CRITICAL **
2020-08-27 22:15:05,657 CRITICAL Ending run of the RV Temp Monitor
2020-08-27 22:15:05,658 CRITICAL **

2020-08-27 22:30:03,255 CRITICAL **
2020-08-27 22:30:03,255 CRITICAL Starting the RV Temp Monitor
2020-08-27 22:30:03,256 CRITICAL **
2020-08-27 22:30:03,611 INFO No need to send email, temps are acceptable
2020-08-27 22:30:03,612 INFO 
Garage 73
Main 73
Bedroom 73
Batt V 13.4
Gen State OFF
Hi limit 80
Low limit 60
2020-08-27 22:30:05,936 INFO Gathered temps and emailed to log address :rvlogs@robhome.com
2020-08-27 22:30:05,936 CRITICAL **
2020-08-27 22:30:05,937 CRITICAL Ending run of the RV Temp Monitor
2020-08-27 22:30:05,937 CRITICAL **

2020-08-27 22:45:02,397 CRITICAL **
2020-08-27 22:45:02,398 CRITICAL Starting the RV Temp Monitor
2020-08-27 22:45:02,398 CRITICAL **
2020-08-27 22:45:02,766 INFO No need to send email, temps are acceptable
2020-08-27 22:45:02,767 INFO 
Garage 73
Main 73
Bedroom 72
Batt V 13.4
Gen State OFF
Hi limit 80
Low limit 60
2020-08-27 22:45:04,868 INFO Gathered temps and emailed to log address :rvlogs@robhome.com
2020-08-27 22:45:04,868 CRITICAL **
2020-08-27 22:45:04,869 CRITICAL Ending run of the RV Temp Monitor
2020-08-27 22:45:04,869 CRITICAL **

2020-08-27 23:00:02,328 CRITICAL **
2020-08-27 23:00:02,329 CRITICAL Starting the RV Temp Monitor
2020-08-27 23:00:02,329 CRITICAL **
2020-08-27 23:00:02,726 INFO No need to send email, temps are acceptable
2020-08-27 23:00:02,727 INFO 
Garage 73
Main 73
Bedroom 72
Batt V 13.4
Gen State OFF
Hi limit 80
Low limit 60
2020-08-27 23:00:05,009 INFO Gathered temps and emailed to log address :rvlogs@robhome.com
2020-08-27 23:00:05,009 CRITICAL **
2020-08-27 23:00:05,014 CRITICAL Ending run of the RV Temp Monitor
2020-08-27 23:00:05,014 CRITICAL **

2020-08-27 23:15:02,471 CRITICAL **
2020-08-27 23:15:02,472 CRITICAL Starting the RV Temp Monitor
2020-08-27 23:15:02,476 CRITICAL **
2020-08-27 23:15:02,826 INFO No need to send email, temps are acceptable
2020-08-27 23:15:02,826 INFO 
Garage 73
Main 72
Bedroom 72
Batt V 13.4
Gen State OFF
Hi limit 80
Low limit 60
2020-08-27 23:15:05,296 INFO Gathered temps and emailed to log address :rvlogs@robhome.com
2020-08-27 23:15:05,297 CRITICAL **
2020-08-27 23:15:05,297 CRITICAL Ending run of the RV Temp Monitor
2020-08-27 23:15:05,297 CRITICAL **

2020-08-27 23:30:02,880 CRITICAL **
2020-08-27 23:30:02,881 CRITICAL Starting the RV Temp Monitor
2020-08-27 23:30:02,881 CRITICAL **
2020-08-27 23:30:03,267 INFO No need to send email, temps are acceptable
2020-08-27 23:30:03,268 INFO 
Garage 73
Main 72
Bedroom 72
Batt V 13.4
Gen State OFF
Hi limit 80
Low limit 60
2020-08-27 23:30:05,746 INFO Gathered temps and emailed to log address :rvlogs@robhome.com
2020-08-27 23:30:05,746 CRITICAL **
2020-08-27 23:30:05,747 CRITICAL Ending run of the RV Temp Monitor
2020-08-27 23:30:05,747 CRITICAL **

2020-08-27 23:45:03,218 CRITICAL **
2020-08-27 23:45:03,223 CRITICAL Starting the RV Temp Monitor
2020-08-27 23:45:03,224 CRITICAL **
2020-08-27 23:45:03,636 INFO No need to send email, temps are acceptable
2020-08-27 23:45:03,636 INFO 
Garage 73
Main 72
Bedroom 71
Batt V 13.4
Gen State OFF
Hi limit 80
Low limit 60
2020-08-27 23:45:12,476 INFO Gathered temps and emailed to log address :rvlogs@robhome.com
2020-08-27 23:45:12,477 CRITICAL **
2020-08-27 23:45:12,477 CRITICAL Ending run of the RV Temp Monitor
2020-08-27 23:45:12,477 CRITICAL **

