2020-09-01 00:00:02,430 CRITICAL **
2020-09-01 00:00:02,431 CRITICAL Starting the RV Temp Monitor
2020-09-01 00:00:02,431 CRITICAL **
2020-09-01 00:00:02,838 INFO No need to send email, temps are acceptable
2020-09-01 00:00:02,839 INFO 
Garage 69
Main 70
Bedroom 72
Batt V 13.6
Gen State OFF
Hi limit 80
Low limit 55
2020-09-01 00:00:05,510 INFO Gathered temps and emailed to log address :rvlogs@robhome.com
2020-09-01 00:00:05,511 CRITICAL **
2020-09-01 00:00:05,511 CRITICAL Ending run of the RV Temp Monitor
2020-09-01 00:00:05,511 CRITICAL **

2020-09-01 00:15:02,972 CRITICAL **
2020-09-01 00:15:02,973 CRITICAL Starting the RV Temp Monitor
2020-09-01 00:15:02,973 CRITICAL **
2020-09-01 00:15:03,324 INFO No need to send email, temps are acceptable
2020-09-01 00:15:03,325 INFO 
Garage 69
Main 70
Bedroom 72
Batt V 13.6
Gen State OFF
Hi limit 80
Low limit 55
2020-09-01 00:15:06,113 INFO Gathered temps and emailed to log address :rvlogs@robhome.com
2020-09-01 00:15:06,113 CRITICAL **
2020-09-01 00:15:06,113 CRITICAL Ending run of the RV Temp Monitor
2020-09-01 00:15:06,114 CRITICAL **

2020-09-01 00:30:02,698 CRITICAL **
2020-09-01 00:30:02,699 CRITICAL Starting the RV Temp Monitor
2020-09-01 00:30:02,699 CRITICAL **
2020-09-01 00:30:03,087 INFO No need to send email, temps are acceptable
2020-09-01 00:30:03,088 INFO 
Garage 68
Main 70
Bedroom 71
Batt V 13.6
Gen State OFF
Hi limit 80
Low limit 55
2020-09-01 00:30:05,519 INFO Gathered temps and emailed to log address :rvlogs@robhome.com
2020-09-01 00:30:05,519 CRITICAL **
2020-09-01 00:30:05,520 CRITICAL Ending run of the RV Temp Monitor
2020-09-01 00:30:05,520 CRITICAL **

2020-09-01 00:45:03,122 CRITICAL **
2020-09-01 00:45:03,123 CRITICAL Starting the RV Temp Monitor
2020-09-01 00:45:03,123 CRITICAL **
2020-09-01 00:45:03,523 INFO No need to send email, temps are acceptable
2020-09-01 00:45:03,523 INFO 
Garage 68
Main 70
Bedroom 72
Batt V 13.6
Gen State OFF
Hi limit 80
Low limit 55
2020-09-01 00:45:05,839 INFO Gathered temps and emailed to log address :rvlogs@robhome.com
2020-09-01 00:45:05,839 CRITICAL **
2020-09-01 00:45:05,840 CRITICAL Ending run of the RV Temp Monitor
2020-09-01 00:45:05,840 CRITICAL **

2020-09-01 01:00:02,316 CRITICAL **
2020-09-01 01:00:02,317 CRITICAL Starting the RV Temp Monitor
2020-09-01 01:00:02,317 CRITICAL **
2020-09-01 01:00:02,780 INFO No need to send email, temps are acceptable
2020-09-01 01:00:02,780 INFO 
Garage 68
Main 70
Bedroom 72
Batt V 13.6
Gen State OFF
Hi limit 80
Low limit 55
2020-09-01 01:00:05,438 INFO Gathered temps and emailed to log address :rvlogs@robhome.com
2020-09-01 01:00:05,438 CRITICAL **
2020-09-01 01:00:05,438 CRITICAL Ending run of the RV Temp Monitor
2020-09-01 01:00:05,439 CRITICAL **

2020-09-01 01:15:02,898 CRITICAL **
2020-09-01 01:15:02,899 CRITICAL Starting the RV Temp Monitor
2020-09-01 01:15:02,899 CRITICAL **
2020-09-01 01:15:03,302 INFO No need to send email, temps are acceptable
2020-09-01 01:15:03,302 INFO 
Garage 68
Main 69
Bedroom 72
Batt V 13.6
Gen State OFF
Hi limit 80
Low limit 55
2020-09-01 01:15:05,812 INFO Gathered temps and emailed to log address :rvlogs@robhome.com
2020-09-01 01:15:05,813 CRITICAL **
2020-09-01 01:15:05,813 CRITICAL Ending run of the RV Temp Monitor
2020-09-01 01:15:05,813 CRITICAL **

2020-09-01 01:30:02,397 CRITICAL **
2020-09-01 01:30:02,398 CRITICAL Starting the RV Temp Monitor
2020-09-01 01:30:02,398 CRITICAL **
2020-09-01 01:30:02,797 INFO No need to send email, temps are acceptable
2020-09-01 01:30:02,797 INFO 
Garage 68
Main 69
Bedroom 72
Batt V 13.6
Gen State OFF
Hi limit 80
Low limit 55
2020-09-01 01:30:05,296 INFO Gathered temps and emailed to log address :rvlogs@robhome.com
2020-09-01 01:30:05,297 CRITICAL **
2020-09-01 01:30:05,297 CRITICAL Ending run of the RV Temp Monitor
2020-09-01 01:30:05,297 CRITICAL **

2020-09-01 01:45:02,755 CRITICAL **
2020-09-01 01:45:02,756 CRITICAL Starting the RV Temp Monitor
2020-09-01 01:45:02,756 CRITICAL **
2020-09-01 01:45:03,172 INFO No need to send email, temps are acceptable
2020-09-01 01:45:03,172 INFO 
Garage 67
Main 69
Bedroom 72
Batt V 13.6
Gen State OFF
Hi limit 80
Low limit 55
2020-09-01 01:45:05,993 INFO Gathered temps and emailed to log address :rvlogs@robhome.com
2020-09-01 01:45:05,993 CRITICAL **
2020-09-01 01:45:05,996 CRITICAL Ending run of the RV Temp Monitor
2020-09-01 01:45:05,996 CRITICAL **

2020-09-01 02:00:02,459 CRITICAL **
2020-09-01 02:00:02,459 CRITICAL Starting the RV Temp Monitor
2020-09-01 02:00:02,460 CRITICAL **
2020-09-01 02:00:02,874 INFO No need to send email, temps are acceptable
2020-09-01 02:00:02,875 INFO 
Garage 67
Main 69
Bedroom 72
Batt V 13.6
Gen State OFF
Hi limit 80
Low limit 55
2020-09-01 02:00:05,274 INFO Gathered temps and emailed to log address :rvlogs@robhome.com
2020-09-01 02:00:05,274 CRITICAL **
2020-09-01 02:00:05,274 CRITICAL Ending run of the RV Temp Monitor
2020-09-01 02:00:05,275 CRITICAL **

2020-09-01 02:15:02,871 CRITICAL **
2020-09-01 02:15:02,873 CRITICAL Starting the RV Temp Monitor
2020-09-01 02:15:02,873 CRITICAL **
2020-09-01 02:15:03,336 INFO No need to send email, temps are acceptable
2020-09-01 02:15:03,337 INFO 
Garage 67
Main 69
Bedroom 72
Batt V 13.6
Gen State OFF
Hi limit 80
Low limit 55
2020-09-01 02:15:06,552 INFO Gathered temps and emailed to log address :rvlogs@robhome.com
2020-09-01 02:15:06,553 CRITICAL **
2020-09-01 02:15:06,558 CRITICAL Ending run of the RV Temp Monitor
2020-09-01 02:15:06,559 CRITICAL **

2020-09-01 02:30:03,427 CRITICAL **
2020-09-01 02:30:03,429 CRITICAL Starting the RV Temp Monitor
2020-09-01 02:30:03,430 CRITICAL **
2020-09-01 02:30:03,837 INFO No need to send email, temps are acceptable
2020-09-01 02:30:03,838 INFO 
Garage 67
Main 68
Bedroom 72
Batt V 13.6
Gen State OFF
Hi limit 80
Low limit 55
2020-09-01 02:30:06,356 INFO Gathered temps and emailed to log address :rvlogs@robhome.com
2020-09-01 02:30:06,357 CRITICAL **
2020-09-01 02:30:06,357 CRITICAL Ending run of the RV Temp Monitor
2020-09-01 02:30:06,357 CRITICAL **

2020-09-01 02:45:04,750 CRITICAL **
2020-09-01 02:45:04,751 CRITICAL Starting the RV Temp Monitor
2020-09-01 02:45:04,751 CRITICAL **
2020-09-01 02:45:05,128 INFO No need to send email, temps are acceptable
2020-09-01 02:45:05,128 INFO 
Garage 67
Main 68
Bedroom 72
Batt V 13.6
Gen State OFF
Hi limit 80
Low limit 55
2020-09-01 02:45:07,698 INFO Gathered temps and emailed to log address :rvlogs@robhome.com
2020-09-01 02:45:07,699 CRITICAL **
2020-09-01 02:45:07,699 CRITICAL Ending run of the RV Temp Monitor
2020-09-01 02:45:07,699 CRITICAL **

2020-09-01 03:00:03,620 CRITICAL **
2020-09-01 03:00:03,621 CRITICAL Starting the RV Temp Monitor
2020-09-01 03:00:03,622 CRITICAL **
2020-09-01 03:00:04,008 INFO No need to send email, temps are acceptable
2020-09-01 03:00:04,008 INFO 
Garage 67
Main 68
Bedroom 72
Batt V 13.6
Gen State OFF
Hi limit 80
Low limit 55
2020-09-01 03:00:06,469 INFO Gathered temps and emailed to log address :rvlogs@robhome.com
2020-09-01 03:00:06,469 CRITICAL **
2020-09-01 03:00:06,470 CRITICAL Ending run of the RV Temp Monitor
2020-09-01 03:00:06,470 CRITICAL **

2020-09-01 03:15:03,219 CRITICAL **
2020-09-01 03:15:03,221 CRITICAL Starting the RV Temp Monitor
2020-09-01 03:15:03,221 CRITICAL **
2020-09-01 03:15:03,693 INFO No need to send email, temps are acceptable
2020-09-01 03:15:03,693 INFO 
Garage 67
Main 68
Bedroom 71
Batt V 13.6
Gen State OFF
Hi limit 80
Low limit 55
2020-09-01 03:15:06,545 INFO Gathered temps and emailed to log address :rvlogs@robhome.com
2020-09-01 03:15:06,546 CRITICAL **
2020-09-01 03:15:06,548 CRITICAL Ending run of the RV Temp Monitor
2020-09-01 03:15:06,549 CRITICAL **

2020-09-01 03:30:03,123 CRITICAL **
2020-09-01 03:30:03,123 CRITICAL Starting the RV Temp Monitor
2020-09-01 03:30:03,124 CRITICAL **
2020-09-01 03:30:03,519 INFO No need to send email, temps are acceptable
2020-09-01 03:30:03,519 INFO 
Garage 67
Main 68
Bedroom 71
Batt V 13.6
Gen State OFF
Hi limit 80
Low limit 55
2020-09-01 03:30:05,865 INFO Gathered temps and emailed to log address :rvlogs@robhome.com
2020-09-01 03:30:05,866 CRITICAL **
2020-09-01 03:30:05,866 CRITICAL Ending run of the RV Temp Monitor
2020-09-01 03:30:05,866 CRITICAL **

2020-09-01 03:45:02,382 CRITICAL **
2020-09-01 03:45:02,384 CRITICAL Starting the RV Temp Monitor
2020-09-01 03:45:02,384 CRITICAL **
2020-09-01 03:45:02,780 INFO No need to send email, temps are acceptable
2020-09-01 03:45:02,780 INFO 
Garage 67
Main 68
Bedroom 71
Batt V 13.6
Gen State OFF
Hi limit 80
Low limit 55
2020-09-01 03:45:05,585 INFO Gathered temps and emailed to log address :rvlogs@robhome.com
2020-09-01 03:45:05,585 CRITICAL **
2020-09-01 03:45:05,585 CRITICAL Ending run of the RV Temp Monitor
2020-09-01 03:45:05,586 CRITICAL **

2020-09-01 04:00:03,054 CRITICAL **
2020-09-01 04:00:03,055 CRITICAL Starting the RV Temp Monitor
2020-09-01 04:00:03,055 CRITICAL **
2020-09-01 04:00:03,474 INFO No need to send email, temps are acceptable
2020-09-01 04:00:03,475 INFO 
Garage 66
Main 67
Bedroom 71
Batt V 13.6
Gen State OFF
Hi limit 80
Low limit 55
2020-09-01 04:00:06,585 INFO Gathered temps and emailed to log address :rvlogs@robhome.com
2020-09-01 04:00:06,585 CRITICAL **
2020-09-01 04:00:06,586 CRITICAL Ending run of the RV Temp Monitor
2020-09-01 04:00:06,586 CRITICAL **

2020-09-01 04:15:03,050 CRITICAL **
2020-09-01 04:15:03,051 CRITICAL Starting the RV Temp Monitor
2020-09-01 04:15:03,051 CRITICAL **
2020-09-01 04:15:03,407 INFO No need to send email, temps are acceptable
2020-09-01 04:15:03,408 INFO 
Garage 66
Main 67
Bedroom 71
Batt V 13.6
Gen State OFF
Hi limit 80
Low limit 55
2020-09-01 04:15:06,434 INFO Gathered temps and emailed to log address :rvlogs@robhome.com
2020-09-01 04:15:06,440 CRITICAL **
2020-09-01 04:15:06,440 CRITICAL Ending run of the RV Temp Monitor
2020-09-01 04:15:06,440 CRITICAL **

2020-09-01 04:30:03,021 CRITICAL **
2020-09-01 04:30:03,021 CRITICAL Starting the RV Temp Monitor
2020-09-01 04:30:03,022 CRITICAL **
2020-09-01 04:30:03,386 INFO No need to send email, temps are acceptable
2020-09-01 04:30:03,387 INFO 
Garage 66
Main 67
Bedroom 71
Batt V 13.6
Gen State OFF
Hi limit 80
Low limit 55
2020-09-01 04:30:05,911 INFO Gathered temps and emailed to log address :rvlogs@robhome.com
2020-09-01 04:30:05,912 CRITICAL **
2020-09-01 04:30:05,912 CRITICAL Ending run of the RV Temp Monitor
2020-09-01 04:30:05,912 CRITICAL **

2020-09-01 04:45:02,384 CRITICAL **
2020-09-01 04:45:02,385 CRITICAL Starting the RV Temp Monitor
2020-09-01 04:45:02,385 CRITICAL **
2020-09-01 04:45:02,779 INFO No need to send email, temps are acceptable
2020-09-01 04:45:02,780 INFO 
Garage 65
Main 67
Bedroom 71
Batt V 13.6
Gen State OFF
Hi limit 80
Low limit 55
2020-09-01 04:45:05,228 INFO Gathered temps and emailed to log address :rvlogs@robhome.com
2020-09-01 04:45:05,229 CRITICAL **
2020-09-01 04:45:05,229 CRITICAL Ending run of the RV Temp Monitor
2020-09-01 04:45:05,229 CRITICAL **

2020-09-01 05:00:02,693 CRITICAL **
2020-09-01 05:00:02,694 CRITICAL Starting the RV Temp Monitor
2020-09-01 05:00:02,694 CRITICAL **
2020-09-01 05:00:03,141 INFO No need to send email, temps are acceptable
2020-09-01 05:00:03,141 INFO 
Garage 65
Main 67
Bedroom 71
Batt V 13.6
Gen State OFF
Hi limit 80
Low limit 55
2020-09-01 05:00:05,748 INFO Gathered temps and emailed to log address :rvlogs@robhome.com
2020-09-01 05:00:05,749 CRITICAL **
2020-09-01 05:00:05,749 CRITICAL Ending run of the RV Temp Monitor
2020-09-01 05:00:05,749 CRITICAL **

2020-09-01 05:15:03,231 CRITICAL **
2020-09-01 05:15:03,231 CRITICAL Starting the RV Temp Monitor
2020-09-01 05:15:03,232 CRITICAL **
2020-09-01 05:15:03,648 INFO No need to send email, temps are acceptable
2020-09-01 05:15:03,649 INFO 
Garage 65
Main 67
Bedroom 70
Batt V 13.6
Gen State OFF
Hi limit 80
Low limit 55
2020-09-01 05:15:06,901 INFO Gathered temps and emailed to log address :rvlogs@robhome.com
2020-09-01 05:15:06,902 CRITICAL **
2020-09-01 05:15:06,902 CRITICAL Ending run of the RV Temp Monitor
2020-09-01 05:15:06,902 CRITICAL **

2020-09-01 05:30:02,488 CRITICAL **
2020-09-01 05:30:02,489 CRITICAL Starting the RV Temp Monitor
2020-09-01 05:30:02,489 CRITICAL **
2020-09-01 05:30:02,923 INFO No need to send email, temps are acceptable
2020-09-01 05:30:02,923 INFO 
Garage 65
Main 67
Bedroom 70
Batt V 13.6
Gen State OFF
Hi limit 80
Low limit 55
2020-09-01 05:30:05,257 INFO Gathered temps and emailed to log address :rvlogs@robhome.com
2020-09-01 05:30:05,258 CRITICAL **
2020-09-01 05:30:05,258 CRITICAL Ending run of the RV Temp Monitor
2020-09-01 05:30:05,258 CRITICAL **

2020-09-01 05:45:02,863 CRITICAL **
2020-09-01 05:45:02,864 CRITICAL Starting the RV Temp Monitor
2020-09-01 05:45:02,864 CRITICAL **
2020-09-01 05:45:03,254 INFO No need to send email, temps are acceptable
2020-09-01 05:45:03,254 INFO 
Garage 65
Main 67
Bedroom 70
Batt V 13.6
Gen State OFF
Hi limit 80
Low limit 55
2020-09-01 05:45:05,611 INFO Gathered temps and emailed to log address :rvlogs@robhome.com
2020-09-01 05:45:05,611 CRITICAL **
2020-09-01 05:45:05,612 CRITICAL Ending run of the RV Temp Monitor
2020-09-01 05:45:05,612 CRITICAL **

2020-09-01 06:00:03,081 CRITICAL **
2020-09-01 06:00:03,082 CRITICAL Starting the RV Temp Monitor
2020-09-01 06:00:03,083 CRITICAL **
2020-09-01 06:00:03,482 INFO No need to send email, temps are acceptable
2020-09-01 06:00:03,483 INFO 
Garage 64
Main 66
Bedroom 70
Batt V 13.6
Gen State OFF
Hi limit 80
Low limit 55
2020-09-01 06:00:06,010 INFO Gathered temps and emailed to log address :rvlogs@robhome.com
2020-09-01 06:00:06,011 CRITICAL **
2020-09-01 06:00:06,011 CRITICAL Ending run of the RV Temp Monitor
2020-09-01 06:00:06,011 CRITICAL **

2020-09-01 06:15:02,463 CRITICAL **
2020-09-01 06:15:02,463 CRITICAL Starting the RV Temp Monitor
2020-09-01 06:15:02,464 CRITICAL **
2020-09-01 06:15:02,937 INFO No need to send email, temps are acceptable
2020-09-01 06:15:02,937 INFO 
Garage 64
Main 66
Bedroom 70
Batt V 13.6
Gen State OFF
Hi limit 80
Low limit 55
2020-09-01 06:15:07,090 INFO Gathered temps and emailed to log address :rvlogs@robhome.com
2020-09-01 06:15:07,091 CRITICAL **
2020-09-01 06:15:07,091 CRITICAL Ending run of the RV Temp Monitor
2020-09-01 06:15:07,092 CRITICAL **

2020-09-01 06:30:02,989 CRITICAL **
2020-09-01 06:30:02,990 CRITICAL Starting the RV Temp Monitor
2020-09-01 06:30:02,990 CRITICAL **
2020-09-01 06:30:03,368 INFO No need to send email, temps are acceptable
2020-09-01 06:30:03,369 INFO 
Garage 64
Main 66
Bedroom 70
Batt V 13.6
Gen State OFF
Hi limit 80
Low limit 55
2020-09-01 06:30:06,692 INFO Gathered temps and emailed to log address :rvlogs@robhome.com
2020-09-01 06:30:06,693 CRITICAL **
2020-09-01 06:30:06,696 CRITICAL Ending run of the RV Temp Monitor
2020-09-01 06:30:06,696 CRITICAL **

2020-09-01 06:45:03,149 CRITICAL **
2020-09-01 06:45:03,150 CRITICAL Starting the RV Temp Monitor
2020-09-01 06:45:03,150 CRITICAL **
2020-09-01 06:45:03,560 INFO No need to send email, temps are acceptable
2020-09-01 06:45:03,561 INFO 
Garage 63
Main 65
Bedroom 69
Batt V 13.6
Gen State OFF
Hi limit 80
Low limit 55
2020-09-01 06:45:06,254 INFO Gathered temps and emailed to log address :rvlogs@robhome.com
2020-09-01 06:45:06,254 CRITICAL **
2020-09-01 06:45:06,257 CRITICAL Ending run of the RV Temp Monitor
2020-09-01 06:45:06,258 CRITICAL **

2020-09-01 07:00:02,817 CRITICAL **
2020-09-01 07:00:02,818 CRITICAL Starting the RV Temp Monitor
2020-09-01 07:00:02,818 CRITICAL **
2020-09-01 07:00:03,201 INFO No need to send email, temps are acceptable
2020-09-01 07:00:03,201 INFO 
Garage 63
Main 65
Bedroom 69
Batt V 13.6
Gen State OFF
Hi limit 80
Low limit 55
2020-09-01 07:00:06,254 INFO Gathered temps and emailed to log address :rvlogs@robhome.com
2020-09-01 07:00:06,254 CRITICAL **
2020-09-01 07:00:06,257 CRITICAL Ending run of the RV Temp Monitor
2020-09-01 07:00:06,258 CRITICAL **

2020-09-01 07:15:02,713 CRITICAL **
2020-09-01 07:15:02,714 CRITICAL Starting the RV Temp Monitor
2020-09-01 07:15:02,714 CRITICAL **
2020-09-01 07:15:03,085 INFO No need to send email, temps are acceptable
2020-09-01 07:15:03,085 INFO 
Garage 63
Main 65
Bedroom 69
Batt V 13.6
Gen State OFF
Hi limit 80
Low limit 55
2020-09-01 07:15:05,679 INFO Gathered temps and emailed to log address :rvlogs@robhome.com
2020-09-01 07:15:05,680 CRITICAL **
2020-09-01 07:15:05,680 CRITICAL Ending run of the RV Temp Monitor
2020-09-01 07:15:05,680 CRITICAL **

2020-09-01 07:30:03,256 CRITICAL **
2020-09-01 07:30:03,256 CRITICAL Starting the RV Temp Monitor
2020-09-01 07:30:03,257 CRITICAL **
2020-09-01 07:30:03,681 INFO No need to send email, temps are acceptable
2020-09-01 07:30:03,681 INFO 
Garage 63
Main 65
Bedroom 68
Batt V 13.6
Gen State OFF
Hi limit 80
Low limit 55
2020-09-01 07:30:06,294 INFO Gathered temps and emailed to log address :rvlogs@robhome.com
2020-09-01 07:30:06,294 CRITICAL **
2020-09-01 07:30:06,297 CRITICAL Ending run of the RV Temp Monitor
2020-09-01 07:30:06,298 CRITICAL **

2020-09-01 07:45:02,764 CRITICAL **
2020-09-01 07:45:02,764 CRITICAL Starting the RV Temp Monitor
2020-09-01 07:45:02,764 CRITICAL **
2020-09-01 07:45:03,162 INFO No need to send email, temps are acceptable
2020-09-01 07:45:03,162 INFO 
Garage 62
Main 64
Bedroom 68
Batt V 13.6
Gen State OFF
Hi limit 80
Low limit 55
2020-09-01 07:45:06,016 INFO Gathered temps and emailed to log address :rvlogs@robhome.com
2020-09-01 07:45:06,016 CRITICAL **
2020-09-01 07:45:06,016 CRITICAL Ending run of the RV Temp Monitor
2020-09-01 07:45:06,017 CRITICAL **

2020-09-01 08:00:02,470 CRITICAL **
2020-09-01 08:00:02,471 CRITICAL Starting the RV Temp Monitor
2020-09-01 08:00:02,471 CRITICAL **
2020-09-01 08:00:02,866 INFO No need to send email, temps are acceptable
2020-09-01 08:00:02,866 INFO 
Garage 63
Main 64
Bedroom 68
Batt V 13.6
Gen State OFF
Hi limit 80
Low limit 55
2020-09-01 08:00:05,619 INFO Gathered temps and emailed to log address :rvlogs@robhome.com
2020-09-01 08:00:05,620 CRITICAL **
2020-09-01 08:00:05,620 CRITICAL Ending run of the RV Temp Monitor
2020-09-01 08:00:05,620 CRITICAL **

2020-09-01 08:15:03,083 CRITICAL **
2020-09-01 08:15:03,083 CRITICAL Starting the RV Temp Monitor
2020-09-01 08:15:03,084 CRITICAL **
2020-09-01 08:15:03,503 INFO No need to send email, temps are acceptable
2020-09-01 08:15:03,503 INFO 
Garage 63
Main 64
Bedroom 69
Batt V 13.6
Gen State OFF
Hi limit 80
Low limit 55
2020-09-01 08:15:06,062 INFO Gathered temps and emailed to log address :rvlogs@robhome.com
2020-09-01 08:15:06,063 CRITICAL **
2020-09-01 08:15:06,063 CRITICAL Ending run of the RV Temp Monitor
2020-09-01 08:15:06,063 CRITICAL **

2020-09-01 08:30:02,654 CRITICAL **
2020-09-01 08:30:02,654 CRITICAL Starting the RV Temp Monitor
2020-09-01 08:30:02,655 CRITICAL **
2020-09-01 08:30:03,020 INFO No need to send email, temps are acceptable
2020-09-01 08:30:03,021 INFO 
Garage 64
Main 64
Bedroom 69
Batt V 13.6
Gen State OFF
Hi limit 80
Low limit 55
2020-09-01 08:30:05,704 INFO Gathered temps and emailed to log address :rvlogs@robhome.com
2020-09-01 08:30:05,705 CRITICAL **
2020-09-01 08:30:05,705 CRITICAL Ending run of the RV Temp Monitor
2020-09-01 08:30:05,705 CRITICAL **

2020-09-01 08:45:03,153 CRITICAL **
2020-09-01 08:45:03,154 CRITICAL Starting the RV Temp Monitor
2020-09-01 08:45:03,154 CRITICAL **
2020-09-01 08:45:03,530 INFO No need to send email, temps are acceptable
2020-09-01 08:45:03,530 INFO 
Garage 65
Main 65
Bedroom 70
Batt V 13.6
Gen State OFF
Hi limit 80
Low limit 55
2020-09-01 08:45:06,366 INFO Gathered temps and emailed to log address :rvlogs@robhome.com
2020-09-01 08:45:06,367 CRITICAL **
2020-09-01 08:45:06,372 CRITICAL Ending run of the RV Temp Monitor
2020-09-01 08:45:06,372 CRITICAL **

2020-09-01 09:00:02,828 CRITICAL **
2020-09-01 09:00:02,829 CRITICAL Starting the RV Temp Monitor
2020-09-01 09:00:02,829 CRITICAL **
2020-09-01 09:00:03,229 INFO No need to send email, temps are acceptable
2020-09-01 09:00:03,229 INFO 
Garage 66
Main 65
Bedroom 70
Batt V 13.6
Gen State OFF
Hi limit 80
Low limit 55
2020-09-01 09:00:06,523 INFO Gathered temps and emailed to log address :rvlogs@robhome.com
2020-09-01 09:00:06,529 CRITICAL **
2020-09-01 09:00:06,529 CRITICAL Ending run of the RV Temp Monitor
2020-09-01 09:00:06,529 CRITICAL **

2020-09-01 09:15:02,988 CRITICAL **
2020-09-01 09:15:02,989 CRITICAL Starting the RV Temp Monitor
2020-09-01 09:15:02,989 CRITICAL **
2020-09-01 09:15:03,347 INFO No need to send email, temps are acceptable
2020-09-01 09:15:03,348 INFO 
Garage 67
Main 66
Bedroom 71
Batt V 13.6
Gen State OFF
Hi limit 80
Low limit 55
2020-09-01 09:15:05,786 INFO Gathered temps and emailed to log address :rvlogs@robhome.com
2020-09-01 09:15:05,787 CRITICAL **
2020-09-01 09:15:05,787 CRITICAL Ending run of the RV Temp Monitor
2020-09-01 09:15:05,787 CRITICAL **

2020-09-01 09:30:02,369 CRITICAL **
2020-09-01 09:30:02,369 CRITICAL Starting the RV Temp Monitor
2020-09-01 09:30:02,369 CRITICAL **
2020-09-01 09:30:02,761 INFO No need to send email, temps are acceptable
2020-09-01 09:30:02,762 INFO 
Garage 67
Main 67
Bedroom 72
Batt V 13.6
Gen State OFF
Hi limit 80
Low limit 55
2020-09-01 09:30:05,380 INFO Gathered temps and emailed to log address :rvlogs@robhome.com
2020-09-01 09:30:05,381 CRITICAL **
2020-09-01 09:30:05,381 CRITICAL Ending run of the RV Temp Monitor
2020-09-01 09:30:05,381 CRITICAL **

2020-09-01 09:45:02,843 CRITICAL **
2020-09-01 09:45:02,844 CRITICAL Starting the RV Temp Monitor
2020-09-01 09:45:02,844 CRITICAL **
2020-09-01 09:45:03,227 INFO No need to send email, temps are acceptable
2020-09-01 09:45:03,227 INFO 
Garage 68
Main 67
Bedroom 72
Batt V 13.6
Gen State OFF
Hi limit 80
Low limit 55
2020-09-01 09:45:06,090 INFO Gathered temps and emailed to log address :rvlogs@robhome.com
2020-09-01 09:45:06,090 CRITICAL **
2020-09-01 09:45:06,091 CRITICAL Ending run of the RV Temp Monitor
2020-09-01 09:45:06,091 CRITICAL **

2020-09-01 10:00:02,542 CRITICAL **
2020-09-01 10:00:02,543 CRITICAL Starting the RV Temp Monitor
2020-09-01 10:00:02,543 CRITICAL **
2020-09-01 10:00:02,905 INFO No need to send email, temps are acceptable
2020-09-01 10:00:02,905 INFO 
Garage 68
Main 67
Bedroom 72
Batt V 13.6
Gen State OFF
Hi limit 80
Low limit 55
2020-09-01 10:00:05,695 INFO Gathered temps and emailed to log address :rvlogs@robhome.com
2020-09-01 10:00:05,696 CRITICAL **
2020-09-01 10:00:05,696 CRITICAL Ending run of the RV Temp Monitor
2020-09-01 10:00:05,696 CRITICAL **

2020-09-01 10:15:03,154 CRITICAL **
2020-09-01 10:15:03,155 CRITICAL Starting the RV Temp Monitor
2020-09-01 10:15:03,155 CRITICAL **
2020-09-01 10:15:03,518 INFO No need to send email, temps are acceptable
2020-09-01 10:15:03,519 INFO 
Garage 69
Main 68
Bedroom 72
Batt V 13.6
Gen State OFF
Hi limit 80
Low limit 55
2020-09-01 10:15:06,219 INFO Gathered temps and emailed to log address :rvlogs@robhome.com
2020-09-01 10:15:06,220 CRITICAL **
2020-09-01 10:15:06,223 CRITICAL Ending run of the RV Temp Monitor
2020-09-01 10:15:06,223 CRITICAL **

2020-09-01 10:30:02,794 CRITICAL **
2020-09-01 10:30:02,795 CRITICAL Starting the RV Temp Monitor
2020-09-01 10:30:02,795 CRITICAL **
2020-09-01 10:30:03,171 INFO No need to send email, temps are acceptable
2020-09-01 10:30:03,171 INFO 
Garage 70
Main 68
Bedroom 72
Batt V 13.6
Gen State OFF
Hi limit 80
Low limit 55
2020-09-01 10:30:05,454 INFO Gathered temps and emailed to log address :rvlogs@robhome.com
2020-09-01 10:30:05,455 CRITICAL **
2020-09-01 10:30:05,455 CRITICAL Ending run of the RV Temp Monitor
2020-09-01 10:30:05,455 CRITICAL **

2020-09-01 10:45:02,906 CRITICAL **
2020-09-01 10:45:02,907 CRITICAL Starting the RV Temp Monitor
2020-09-01 10:45:02,907 CRITICAL **
2020-09-01 10:45:03,278 INFO No need to send email, temps are acceptable
2020-09-01 10:45:03,278 INFO 
Garage 70
Main 69
Bedroom 72
Batt V 13.6
Gen State OFF
Hi limit 80
Low limit 55
2020-09-01 10:45:06,288 INFO Gathered temps and emailed to log address :rvlogs@robhome.com
2020-09-01 10:45:06,288 CRITICAL **
2020-09-01 10:45:06,291 CRITICAL Ending run of the RV Temp Monitor
2020-09-01 10:45:06,292 CRITICAL **

2020-09-01 11:00:02,745 CRITICAL **
2020-09-01 11:00:02,745 CRITICAL Starting the RV Temp Monitor
2020-09-01 11:00:02,745 CRITICAL **
2020-09-01 11:00:03,191 INFO No need to send email, temps are acceptable
2020-09-01 11:00:03,191 INFO 
Garage 71
Main 69
Bedroom 72
Batt V 13.6
Gen State OFF
Hi limit 80
Low limit 55
2020-09-01 11:00:07,295 INFO Gathered temps and emailed to log address :rvlogs@robhome.com
2020-09-01 11:00:07,296 CRITICAL **
2020-09-01 11:00:07,296 CRITICAL Ending run of the RV Temp Monitor
2020-09-01 11:00:07,297 CRITICAL **

2020-09-01 11:15:02,760 CRITICAL **
2020-09-01 11:15:02,761 CRITICAL Starting the RV Temp Monitor
2020-09-01 11:15:02,761 CRITICAL **
2020-09-01 11:15:03,190 INFO No need to send email, temps are acceptable
2020-09-01 11:15:03,190 INFO 
Garage 71
Main 69
Bedroom 72
Batt V 13.6
Gen State OFF
Hi limit 80
Low limit 55
2020-09-01 11:15:06,164 INFO Gathered temps and emailed to log address :rvlogs@robhome.com
2020-09-01 11:15:06,165 CRITICAL **
2020-09-01 11:15:06,165 CRITICAL Ending run of the RV Temp Monitor
2020-09-01 11:15:06,165 CRITICAL **

2020-09-01 11:30:02,744 CRITICAL **
2020-09-01 11:30:02,744 CRITICAL Starting the RV Temp Monitor
2020-09-01 11:30:02,745 CRITICAL **
2020-09-01 11:30:03,124 INFO No need to send email, temps are acceptable
2020-09-01 11:30:03,124 INFO 
Garage 71
Main 69
Bedroom 72
Batt V 13.6
Gen State OFF
Hi limit 80
Low limit 55
2020-09-01 11:30:06,184 INFO Gathered temps and emailed to log address :rvlogs@robhome.com
2020-09-01 11:30:06,185 CRITICAL **
2020-09-01 11:30:06,185 CRITICAL Ending run of the RV Temp Monitor
2020-09-01 11:30:06,185 CRITICAL **

2020-09-01 11:45:02,645 CRITICAL **
2020-09-01 11:45:02,645 CRITICAL Starting the RV Temp Monitor
2020-09-01 11:45:02,646 CRITICAL **
2020-09-01 11:45:03,028 INFO No need to send email, temps are acceptable
2020-09-01 11:45:03,028 INFO 
Garage 71
Main 70
Bedroom 72
Batt V 13.6
Gen State OFF
Hi limit 80
Low limit 55
2020-09-01 11:45:05,377 INFO Gathered temps and emailed to log address :rvlogs@robhome.com
2020-09-01 11:45:05,378 CRITICAL **
2020-09-01 11:45:05,378 CRITICAL Ending run of the RV Temp Monitor
2020-09-01 11:45:05,378 CRITICAL **

2020-09-01 12:00:02,841 CRITICAL **
2020-09-01 12:00:02,842 CRITICAL Starting the RV Temp Monitor
2020-09-01 12:00:02,842 CRITICAL **
2020-09-01 12:00:03,204 INFO No need to send email, temps are acceptable
2020-09-01 12:00:03,204 INFO 
Garage 71
Main 70
Bedroom 72
Batt V 13.6
Gen State OFF
Hi limit 80
Low limit 55
2020-09-01 12:00:05,939 INFO Gathered temps and emailed to log address :rvlogs@robhome.com
2020-09-01 12:00:05,939 CRITICAL **
2020-09-01 12:00:05,939 CRITICAL Ending run of the RV Temp Monitor
2020-09-01 12:00:05,940 CRITICAL **

2020-09-01 12:15:02,395 CRITICAL **
2020-09-01 12:15:02,396 CRITICAL Starting the RV Temp Monitor
2020-09-01 12:15:02,396 CRITICAL **
2020-09-01 12:15:02,805 INFO No need to send email, temps are acceptable
2020-09-01 12:15:02,805 INFO 
Garage 71
Main 71
Bedroom 73
Batt V 13.6
Gen State OFF
Hi limit 80
Low limit 55
2020-09-01 12:15:05,568 INFO Gathered temps and emailed to log address :rvlogs@robhome.com
2020-09-01 12:15:05,568 CRITICAL **
2020-09-01 12:15:05,569 CRITICAL Ending run of the RV Temp Monitor
2020-09-01 12:15:05,569 CRITICAL **

2020-09-01 12:30:03,157 CRITICAL **
2020-09-01 12:30:03,158 CRITICAL Starting the RV Temp Monitor
2020-09-01 12:30:03,158 CRITICAL **
2020-09-01 12:30:03,550 INFO No need to send email, temps are acceptable
2020-09-01 12:30:03,550 INFO 
Garage 72
Main 72
Bedroom 73
Batt V 13.6
Gen State OFF
Hi limit 80
Low limit 55
2020-09-01 12:30:05,866 INFO Gathered temps and emailed to log address :rvlogs@robhome.com
2020-09-01 12:30:05,867 CRITICAL **
2020-09-01 12:30:05,867 CRITICAL Ending run of the RV Temp Monitor
2020-09-01 12:30:05,867 CRITICAL **

2020-09-01 12:45:02,335 CRITICAL **
2020-09-01 12:45:02,336 CRITICAL Starting the RV Temp Monitor
2020-09-01 12:45:02,336 CRITICAL **
2020-09-01 12:45:02,725 INFO No need to send email, temps are acceptable
2020-09-01 12:45:02,726 INFO 
Garage 72
Main 73
Bedroom 73
Batt V 13.6
Gen State OFF
Hi limit 80
Low limit 55
2020-09-01 12:45:05,449 INFO Gathered temps and emailed to log address :rvlogs@robhome.com
2020-09-01 12:45:05,449 CRITICAL **
2020-09-01 12:45:05,449 CRITICAL Ending run of the RV Temp Monitor
2020-09-01 12:45:05,450 CRITICAL **

2020-09-01 13:00:02,912 CRITICAL **
2020-09-01 13:00:02,913 CRITICAL Starting the RV Temp Monitor
2020-09-01 13:00:02,913 CRITICAL **
2020-09-01 13:00:03,258 INFO No need to send email, temps are acceptable
2020-09-01 13:00:03,259 INFO 
Garage 72
Main 73
Bedroom 73
Batt V 13.6
Gen State OFF
Hi limit 80
Low limit 55
2020-09-01 13:00:05,562 INFO Gathered temps and emailed to log address :rvlogs@robhome.com
2020-09-01 13:00:05,562 CRITICAL **
2020-09-01 13:00:05,562 CRITICAL Ending run of the RV Temp Monitor
2020-09-01 13:00:05,563 CRITICAL **

2020-09-01 13:15:03,018 CRITICAL **
2020-09-01 13:15:03,019 CRITICAL Starting the RV Temp Monitor
2020-09-01 13:15:03,019 CRITICAL **
2020-09-01 13:15:03,460 INFO No need to send email, temps are acceptable
2020-09-01 13:15:03,460 INFO 
Garage 72
Main 72
Bedroom 72
Batt V 13.6
Gen State OFF
Hi limit 80
Low limit 55
2020-09-01 13:15:06,113 INFO Gathered temps and emailed to log address :rvlogs@robhome.com
2020-09-01 13:15:06,114 CRITICAL **
2020-09-01 13:15:06,114 CRITICAL Ending run of the RV Temp Monitor
2020-09-01 13:15:06,114 CRITICAL **

2020-09-01 13:30:02,697 CRITICAL **
2020-09-01 13:30:02,697 CRITICAL Starting the RV Temp Monitor
2020-09-01 13:30:02,697 CRITICAL **
2020-09-01 13:30:03,103 INFO No need to send email, temps are acceptable
2020-09-01 13:30:03,104 INFO 
Garage 72
Main 71
Bedroom 73
Batt V 13.6
Gen State OFF
Hi limit 80
Low limit 55
2020-09-01 13:30:09,312 INFO Gathered temps and emailed to log address :rvlogs@robhome.com
2020-09-01 13:30:09,313 CRITICAL **
2020-09-01 13:30:09,313 CRITICAL Ending run of the RV Temp Monitor
2020-09-01 13:30:09,313 CRITICAL **

2020-09-01 14:02:55,164 CRITICAL **
2020-09-01 14:02:55,170 CRITICAL Starting the RV Temp Monitor
2020-09-01 14:02:55,172 CRITICAL **
2020-09-01 14:05:56,580 CRITICAL **
2020-09-01 14:05:56,586 CRITICAL Starting the RV Temp Monitor
2020-09-01 14:05:56,587 CRITICAL **
2020-09-01 14:05:57,383 ERROR Could not read temperatures
2020-09-01 14:06:03,651 INFO Gathered temps and emailed
Error, could not read temperatures
2020-09-01 14:06:13,322 INFO Gathered temps and emailed to log address :rvlogs@robhome.com
2020-09-01 14:06:13,325 CRITICAL **
2020-09-01 14:06:13,327 CRITICAL Ending run of the RV Temp Monitor
2020-09-01 14:06:13,328 CRITICAL **

2020-09-01 14:06:42,610 CRITICAL **
2020-09-01 14:06:42,615 CRITICAL Starting the RV Temp Monitor
2020-09-01 14:06:42,616 CRITICAL **
2020-09-01 14:07:26,770 CRITICAL **
2020-09-01 14:07:26,775 CRITICAL Starting the RV Temp Monitor
2020-09-01 14:07:26,776 CRITICAL **
2020-09-01 14:09:03,617 CRITICAL **
2020-09-01 14:09:03,623 CRITICAL Starting the RV Temp Monitor
2020-09-01 14:09:03,625 CRITICAL **
2020-09-01 14:14:15,590 CRITICAL **
2020-09-01 14:14:15,595 CRITICAL Starting the RV Temp Monitor
2020-09-01 14:14:15,597 CRITICAL **
2020-09-01 14:15:51,852 INFO No need to send email, temps are acceptable
2020-09-01 14:15:51,854 INFO 
Garage 73
Main 73
Bedroom 72
Batt V 13.6
Gen State OFF
Hi limit 80
Low limit 55
2020-09-01 14:15:53,857 INFO Gathered temps and emailed to log address :rvlogs@robhome.com
2020-09-01 14:15:53,858 CRITICAL **
2020-09-01 14:15:53,860 CRITICAL Ending run of the RV Temp Monitor
2020-09-01 14:15:53,861 CRITICAL **

2020-09-01 14:16:35,769 CRITICAL **
2020-09-01 14:16:35,773 CRITICAL Starting the RV Temp Monitor
2020-09-01 14:16:35,775 CRITICAL **
2020-09-01 14:17:20,640 CRITICAL **
2020-09-01 14:17:20,646 CRITICAL Starting the RV Temp Monitor
2020-09-01 14:17:20,648 CRITICAL **
2020-09-01 14:21:08,603 CRITICAL **
2020-09-01 14:21:08,608 CRITICAL Starting the RV Temp Monitor
2020-09-01 14:21:08,610 CRITICAL **
2020-09-01 14:24:09,150 CRITICAL **
2020-09-01 14:24:09,154 CRITICAL Starting the RV Temp Monitor
2020-09-01 14:24:09,156 CRITICAL **
2020-09-01 14:25:18,385 INFO No need to send email, temps are acceptable
2020-09-01 14:25:19,548 INFO 
Garage 73
Main 73
Bedroom 72
Batt V 13.6
Gen State OFF
Hi limit 80
Low limit 55
2020-09-01 14:25:33,907 INFO Gathered temps and emailed to log address :rvlogs@robhome.com
2020-09-01 14:25:34,962 CRITICAL **
2020-09-01 14:25:35,460 CRITICAL Ending run of the RV Temp Monitor
2020-09-01 14:25:36,279 CRITICAL **

2020-09-01 14:25:47,566 CRITICAL **
2020-09-01 14:25:47,572 CRITICAL Starting the RV Temp Monitor
2020-09-01 14:25:47,573 CRITICAL **
2020-09-01 14:27:14,463 INFO No need to send email, temps are acceptable
2020-09-01 14:27:14,466 INFO 
Garage 50
Main 73
Bedroom 72
Batt V 13.6
Gen State OFF
Hi limit 80
Low limit 55
2020-09-01 14:27:16,465 INFO Gathered temps and emailed to log address :rvlogs@robhome.com
2020-09-01 14:27:16,466 CRITICAL **
2020-09-01 14:27:16,467 CRITICAL Ending run of the RV Temp Monitor
2020-09-01 14:27:16,468 CRITICAL **

2020-09-01 14:28:17,369 CRITICAL **
2020-09-01 14:28:17,373 CRITICAL Starting the RV Temp Monitor
2020-09-01 14:28:17,375 CRITICAL **
2020-09-01 14:29:11,305 INFO Gathered temps and emailed
Garage 45
Main 73
Bedroom 72
Batt V 13.6
Gen State OFF
Hi limit 80
Low limit 55
2020-09-01 14:29:14,585 INFO Gathered temps and emailed to log address :rvlogs@robhome.com
2020-09-01 14:29:14,586 CRITICAL **
2020-09-01 14:29:14,587 CRITICAL Ending run of the RV Temp Monitor
2020-09-01 14:29:14,589 CRITICAL **

2020-09-01 15:45:02,951 CRITICAL **
2020-09-01 15:45:02,952 CRITICAL Starting the RV Temp Monitor
2020-09-01 15:45:02,952 CRITICAL **
2020-09-01 15:45:03,365 INFO No need to send email, temps are acceptable
2020-09-01 15:45:03,365 INFO 
Garage 72
Main 73
Bedroom 71
Batt V 13.6
Gen State OFF
Hi limit 80
Low limit 55
2020-09-01 15:45:05,577 INFO Gathered temps and emailed to log address :rvlogs@robhome.com
2020-09-01 15:45:05,578 CRITICAL **
2020-09-01 15:45:05,579 CRITICAL Ending run of the RV Temp Monitor
2020-09-01 15:45:05,579 CRITICAL **

2020-09-01 16:00:03,059 CRITICAL **
2020-09-01 16:00:03,059 CRITICAL Starting the RV Temp Monitor
2020-09-01 16:00:03,060 CRITICAL **
2020-09-01 16:00:03,494 INFO No need to send email, temps are acceptable
2020-09-01 16:00:03,494 INFO 
Garage 72
Main 74
Bedroom 72
Batt V 13.6
Gen State OFF
Hi limit 80
Low limit 55
2020-09-01 16:00:05,316 INFO Gathered temps and emailed to log address :rvlogs@robhome.com
2020-09-01 16:00:05,317 CRITICAL **
2020-09-01 16:00:05,317 CRITICAL Ending run of the RV Temp Monitor
2020-09-01 16:00:05,318 CRITICAL **

2020-09-01 16:15:02,799 CRITICAL **
2020-09-01 16:15:02,799 CRITICAL Starting the RV Temp Monitor
2020-09-01 16:15:02,800 CRITICAL **
2020-09-01 16:15:03,145 INFO No need to send email, temps are acceptable
2020-09-01 16:15:03,146 INFO 
Garage 72
Main 74
Bedroom 72
Batt V 13.6
Gen State OFF
Hi limit 80
Low limit 55
2020-09-01 16:15:05,376 INFO Gathered temps and emailed to log address :rvlogs@robhome.com
2020-09-01 16:15:05,377 CRITICAL **
2020-09-01 16:15:05,377 CRITICAL Ending run of the RV Temp Monitor
2020-09-01 16:15:05,378 CRITICAL **

2020-09-01 16:30:02,979 CRITICAL **
2020-09-01 16:30:02,979 CRITICAL Starting the RV Temp Monitor
2020-09-01 16:30:02,980 CRITICAL **
2020-09-01 16:30:03,360 INFO No need to send email, temps are acceptable
2020-09-01 16:30:03,361 INFO 
Garage 71
Main 73
Bedroom 72
Batt V 13.6
Gen State OFF
Hi limit 80
Low limit 55
2020-09-01 16:30:05,453 INFO Gathered temps and emailed to log address :rvlogs@robhome.com
2020-09-01 16:30:05,454 CRITICAL **
2020-09-01 16:30:05,454 CRITICAL Ending run of the RV Temp Monitor
2020-09-01 16:30:05,455 CRITICAL **

2020-09-01 16:45:02,923 CRITICAL **
2020-09-01 16:45:02,924 CRITICAL Starting the RV Temp Monitor
2020-09-01 16:45:02,925 CRITICAL **
2020-09-01 16:45:03,324 INFO No need to send email, temps are acceptable
2020-09-01 16:45:03,324 INFO 
Garage 72
Main 74
Bedroom 72
Batt V 13.6
Gen State OFF
Hi limit 80
Low limit 55
2020-09-01 16:45:05,451 INFO Gathered temps and emailed to log address :rvlogs@robhome.com
2020-09-01 16:45:05,452 CRITICAL **
2020-09-01 16:45:05,452 CRITICAL Ending run of the RV Temp Monitor
2020-09-01 16:45:05,452 CRITICAL **

2020-09-01 17:00:02,921 CRITICAL **
2020-09-01 17:00:02,921 CRITICAL Starting the RV Temp Monitor
2020-09-01 17:00:02,922 CRITICAL **
2020-09-01 17:00:03,360 INFO No need to send email, temps are acceptable
2020-09-01 17:00:03,361 INFO 
Garage 72
Main 74
Bedroom 72
Batt V 13.6
Gen State OFF
Hi limit 80
Low limit 55
2020-09-01 17:00:05,846 INFO Gathered temps and emailed to log address :rvlogs@robhome.com
2020-09-01 17:00:05,847 CRITICAL **
2020-09-01 17:00:05,847 CRITICAL Ending run of the RV Temp Monitor
2020-09-01 17:00:05,847 CRITICAL **

2020-09-01 17:15:02,300 CRITICAL **
2020-09-01 17:15:02,301 CRITICAL Starting the RV Temp Monitor
2020-09-01 17:15:02,301 CRITICAL **
2020-09-01 17:15:02,673 INFO No need to send email, temps are acceptable
2020-09-01 17:15:02,674 INFO 
Garage 72
Main 74
Bedroom 71
Batt V 13.6
Gen State OFF
Hi limit 80
Low limit 55
2020-09-01 17:15:05,050 INFO Gathered temps and emailed to log address :rvlogs@robhome.com
2020-09-01 17:15:05,051 CRITICAL **
2020-09-01 17:15:05,051 CRITICAL Ending run of the RV Temp Monitor
2020-09-01 17:15:05,051 CRITICAL **

2020-09-01 17:30:02,640 CRITICAL **
2020-09-01 17:30:02,640 CRITICAL Starting the RV Temp Monitor
2020-09-01 17:30:02,641 CRITICAL **
2020-09-01 17:30:03,062 INFO No need to send email, temps are acceptable
2020-09-01 17:30:03,062 INFO 
Garage 72
Main 75
Bedroom 72
Batt V 13.6
Gen State OFF
Hi limit 80
Low limit 55
2020-09-01 17:30:05,654 INFO Gathered temps and emailed to log address :rvlogs@robhome.com
2020-09-01 17:30:05,655 CRITICAL **
2020-09-01 17:30:05,655 CRITICAL Ending run of the RV Temp Monitor
2020-09-01 17:30:05,655 CRITICAL **

2020-09-01 17:45:03,126 CRITICAL **
2020-09-01 17:45:03,127 CRITICAL Starting the RV Temp Monitor
2020-09-01 17:45:03,127 CRITICAL **
2020-09-01 17:45:03,509 INFO No need to send email, temps are acceptable
2020-09-01 17:45:03,510 INFO 
Garage 73
Main 75
Bedroom 72
Batt V 13.6
Gen State OFF
Hi limit 80
Low limit 55
2020-09-01 17:45:05,922 INFO Gathered temps and emailed to log address :rvlogs@robhome.com
2020-09-01 17:45:05,923 CRITICAL **
2020-09-01 17:45:05,923 CRITICAL Ending run of the RV Temp Monitor
2020-09-01 17:45:05,924 CRITICAL **

2020-09-01 18:00:02,390 CRITICAL **
2020-09-01 18:00:02,391 CRITICAL Starting the RV Temp Monitor
2020-09-01 18:00:02,391 CRITICAL **
2020-09-01 18:00:02,761 INFO No need to send email, temps are acceptable
2020-09-01 18:00:02,761 INFO 
Garage 72
Main 74
Bedroom 71
Batt V 13.6
Gen State OFF
Hi limit 80
Low limit 55
2020-09-01 18:00:05,203 INFO Gathered temps and emailed to log address :rvlogs@robhome.com
2020-09-01 18:00:05,204 CRITICAL **
2020-09-01 18:00:05,204 CRITICAL Ending run of the RV Temp Monitor
2020-09-01 18:00:05,205 CRITICAL **

2020-09-01 18:15:02,680 INFO deleted old log /RVmonitor/logs/2020-08-27-RVmonitor.log
2020-09-01 18:15:02,682 INFO deleted old log /RVmonitor/logs/2020-08-26-RVmonitor.log
2020-09-01 18:15:02,683 INFO deleted old log /RVmonitor/logs/2020-08-25-RVmonitor.log
2020-09-01 18:15:02,684 INFO deleted old log /RVmonitor/logs/2020-08-24-RVmonitor.log
2020-09-01 18:15:02,685 INFO deleted old log /RVmonitor/logs/2020-08-23-RVmonitor.log
2020-09-01 18:15:02,689 CRITICAL **
2020-09-01 18:15:02,689 CRITICAL Starting the RV Temp Monitor
2020-09-01 18:15:02,689 CRITICAL **
2020-09-01 18:15:03,070 INFO No need to send email, temps are acceptable
2020-09-01 18:15:03,070 INFO 
Garage 72
Main 73
Bedroom 71
Batt V 13.6
Gen State OFF
Hi limit 80
Low limit 55
2020-09-01 18:15:05,998 INFO Gathered temps and emailed to log address :rvlogs@robhome.com
2020-09-01 18:15:05,999 CRITICAL **
2020-09-01 18:15:05,999 CRITICAL Ending run of the RV Temp Monitor
2020-09-01 18:15:06,000 CRITICAL **

2020-09-01 18:30:02,591 CRITICAL **
2020-09-01 18:30:02,592 CRITICAL Starting the RV Temp Monitor
2020-09-01 18:30:02,593 CRITICAL **
2020-09-01 18:30:03,004 INFO No need to send email, temps are acceptable
2020-09-01 18:30:03,005 INFO 
Garage 72
Main 74
Bedroom 72
Batt V 13.6
Gen State OFF
Hi limit 80
Low limit 55
2020-09-01 18:30:05,286 INFO Gathered temps and emailed to log address :rvlogs@robhome.com
2020-09-01 18:30:05,287 CRITICAL **
2020-09-01 18:30:05,287 CRITICAL Ending run of the RV Temp Monitor
2020-09-01 18:30:05,288 CRITICAL **

2020-09-01 18:45:02,746 CRITICAL **
2020-09-01 18:45:02,747 CRITICAL Starting the RV Temp Monitor
2020-09-01 18:45:02,747 CRITICAL **
2020-09-01 18:45:03,148 INFO No need to send email, temps are acceptable
2020-09-01 18:45:03,149 INFO 
Garage 72
Main 74
Bedroom 72
Batt V 13.6
Gen State OFF
Hi limit 80
Low limit 55
2020-09-01 18:45:06,551 INFO Gathered temps and emailed to log address :rvlogs@robhome.com
2020-09-01 18:45:06,551 CRITICAL **
2020-09-01 18:45:06,557 CRITICAL Ending run of the RV Temp Monitor
2020-09-01 18:45:06,557 CRITICAL **

2020-09-01 19:00:03,031 CRITICAL **
2020-09-01 19:00:03,031 CRITICAL Starting the RV Temp Monitor
2020-09-01 19:00:03,032 CRITICAL **
2020-09-01 19:00:03,413 INFO No need to send email, temps are acceptable
2020-09-01 19:00:03,415 INFO 
Garage 72
Main 72
Bedroom 70
Batt V 13.6
Gen State OFF
Hi limit 80
Low limit 55
2020-09-01 19:00:05,488 INFO Gathered temps and emailed to log address :rvlogs@robhome.com
2020-09-01 19:00:05,489 CRITICAL **
2020-09-01 19:00:05,489 CRITICAL Ending run of the RV Temp Monitor
2020-09-01 19:00:05,490 CRITICAL **

2020-09-01 19:15:02,948 CRITICAL **
2020-09-01 19:15:02,950 CRITICAL Starting the RV Temp Monitor
2020-09-01 19:15:02,950 CRITICAL **
2020-09-01 19:15:03,376 INFO No need to send email, temps are acceptable
2020-09-01 19:15:03,376 INFO 
Garage 72
Main 73
Bedroom 72
Batt V 13.6
Gen State OFF
Hi limit 80
Low limit 55
2020-09-01 19:15:05,947 INFO Gathered temps and emailed to log address :rvlogs@robhome.com
2020-09-01 19:15:05,948 CRITICAL **
2020-09-01 19:15:05,948 CRITICAL Ending run of the RV Temp Monitor
2020-09-01 19:15:05,948 CRITICAL **

2020-09-01 19:30:02,533 CRITICAL **
2020-09-01 19:30:02,534 CRITICAL Starting the RV Temp Monitor
2020-09-01 19:30:02,535 CRITICAL **
2020-09-01 19:30:02,924 INFO No need to send email, temps are acceptable
2020-09-01 19:30:02,925 INFO 
Garage 72
Main 72
Bedroom 72
Batt V 13.6
Gen State OFF
Hi limit 80
Low limit 55
2020-09-01 19:30:05,415 INFO Gathered temps and emailed to log address :rvlogs@robhome.com
2020-09-01 19:30:05,416 CRITICAL **
2020-09-01 19:30:05,416 CRITICAL Ending run of the RV Temp Monitor
2020-09-01 19:30:05,417 CRITICAL **

2020-09-01 19:45:02,887 CRITICAL **
2020-09-01 19:45:02,889 CRITICAL Starting the RV Temp Monitor
2020-09-01 19:45:02,890 CRITICAL **
2020-09-01 19:45:03,304 INFO No need to send email, temps are acceptable
2020-09-01 19:45:03,305 INFO 
Garage 72
Main 72
Bedroom 72
Batt V 13.6
Gen State OFF
Hi limit 80
Low limit 55
2020-09-01 19:45:11,810 INFO Gathered temps and emailed to log address :rvlogs@robhome.com
2020-09-01 19:45:11,811 CRITICAL **
2020-09-01 19:45:11,811 CRITICAL Ending run of the RV Temp Monitor
2020-09-01 19:45:11,812 CRITICAL **

2020-09-01 20:00:03,263 CRITICAL **
2020-09-01 20:00:03,264 CRITICAL Starting the RV Temp Monitor
2020-09-01 20:00:03,265 CRITICAL **
2020-09-01 20:00:03,652 INFO No need to send email, temps are acceptable
2020-09-01 20:00:03,653 INFO 
Garage 72
Main 72
Bedroom 72
Batt V 13.6
Gen State OFF
Hi limit 80
Low limit 55
2020-09-01 20:00:06,326 INFO Gathered temps and emailed to log address :rvlogs@robhome.com
2020-09-01 20:00:06,327 CRITICAL **
2020-09-01 20:00:06,327 CRITICAL Ending run of the RV Temp Monitor
2020-09-01 20:00:06,327 CRITICAL **

2020-09-01 20:15:02,790 CRITICAL **
2020-09-01 20:15:02,791 CRITICAL Starting the RV Temp Monitor
2020-09-01 20:15:02,791 CRITICAL **
2020-09-01 20:15:03,217 INFO No need to send email, temps are acceptable
2020-09-01 20:15:03,217 INFO 
Garage 72
Main 73
Bedroom 71
Batt V 13.6
Gen State OFF
Hi limit 80
Low limit 55
2020-09-01 20:15:05,639 INFO Gathered temps and emailed to log address :rvlogs@robhome.com
2020-09-01 20:15:05,639 CRITICAL **
2020-09-01 20:15:05,640 CRITICAL Ending run of the RV Temp Monitor
2020-09-01 20:15:05,640 CRITICAL **

2020-09-01 20:30:03,219 CRITICAL **
2020-09-01 20:30:03,220 CRITICAL Starting the RV Temp Monitor
2020-09-01 20:30:03,220 CRITICAL **
2020-09-01 20:30:03,621 INFO No need to send email, temps are acceptable
2020-09-01 20:30:03,621 INFO 
Garage 72
Main 73
Bedroom 71
Batt V 13.6
Gen State OFF
Hi limit 80
Low limit 55
2020-09-01 20:30:06,258 INFO Gathered temps and emailed to log address :rvlogs@robhome.com
2020-09-01 20:30:06,259 CRITICAL **
2020-09-01 20:30:06,259 CRITICAL Ending run of the RV Temp Monitor
2020-09-01 20:30:06,259 CRITICAL **

2020-09-01 20:45:02,719 CRITICAL **
2020-09-01 20:45:02,720 CRITICAL Starting the RV Temp Monitor
2020-09-01 20:45:02,720 CRITICAL **
2020-09-01 20:45:03,152 INFO No need to send email, temps are acceptable
2020-09-01 20:45:03,153 INFO 
Garage 72
Main 73
Bedroom 71
Batt V 13.6
Gen State OFF
Hi limit 80
Low limit 55
2020-09-01 20:45:07,792 INFO Gathered temps and emailed to log address :rvlogs@robhome.com
2020-09-01 20:45:07,792 CRITICAL **
2020-09-01 20:45:07,793 CRITICAL Ending run of the RV Temp Monitor
2020-09-01 20:45:07,793 CRITICAL **

2020-09-01 21:00:03,244 CRITICAL **
2020-09-01 21:00:03,245 CRITICAL Starting the RV Temp Monitor
2020-09-01 21:00:03,245 CRITICAL **
2020-09-01 21:00:03,626 INFO No need to send email, temps are acceptable
2020-09-01 21:00:03,626 INFO 
Garage 71
Main 73
Bedroom 71
Batt V 13.6
Gen State OFF
Hi limit 80
Low limit 55
2020-09-01 21:00:06,395 INFO Gathered temps and emailed to log address :rvlogs@robhome.com
2020-09-01 21:00:06,395 CRITICAL **
2020-09-01 21:00:06,396 CRITICAL Ending run of the RV Temp Monitor
2020-09-01 21:00:06,396 CRITICAL **

2020-09-01 21:15:02,841 CRITICAL **
2020-09-01 21:15:02,841 CRITICAL Starting the RV Temp Monitor
2020-09-01 21:15:02,842 CRITICAL **
2020-09-01 21:15:03,270 INFO No need to send email, temps are acceptable
2020-09-01 21:15:03,271 INFO 
Garage 72
Main 73
Bedroom 72
Batt V 13.6
Gen State OFF
Hi limit 80
Low limit 55
2020-09-01 21:15:05,859 INFO Gathered temps and emailed to log address :rvlogs@robhome.com
2020-09-01 21:15:05,859 CRITICAL **
2020-09-01 21:15:05,860 CRITICAL Ending run of the RV Temp Monitor
2020-09-01 21:15:05,860 CRITICAL **

2020-09-01 21:30:02,440 CRITICAL **
2020-09-01 21:30:02,440 CRITICAL Starting the RV Temp Monitor
2020-09-01 21:30:02,440 CRITICAL **
2020-09-01 21:30:02,874 INFO No need to send email, temps are acceptable
2020-09-01 21:30:02,875 INFO 
Garage 72
Main 73
Bedroom 72
Batt V 13.6
Gen State OFF
Hi limit 80
Low limit 55
2020-09-01 21:30:05,454 INFO Gathered temps and emailed to log address :rvlogs@robhome.com
2020-09-01 21:30:05,455 CRITICAL **
2020-09-01 21:30:05,455 CRITICAL Ending run of the RV Temp Monitor
2020-09-01 21:30:05,456 CRITICAL **

2020-09-01 21:45:02,913 CRITICAL **
2020-09-01 21:45:02,914 CRITICAL Starting the RV Temp Monitor
2020-09-01 21:45:02,915 CRITICAL **
2020-09-01 21:45:03,253 INFO No need to send email, temps are acceptable
2020-09-01 21:45:03,254 INFO 
Garage 72
Main 73
Bedroom 72
Batt V 13.6
Gen State OFF
Hi limit 80
Low limit 55
2020-09-01 21:45:06,408 INFO Gathered temps and emailed to log address :rvlogs@robhome.com
2020-09-01 21:45:06,409 CRITICAL **
2020-09-01 21:45:06,409 CRITICAL Ending run of the RV Temp Monitor
2020-09-01 21:45:06,410 CRITICAL **

2020-09-01 22:00:02,866 CRITICAL **
2020-09-01 22:00:02,866 CRITICAL Starting the RV Temp Monitor
2020-09-01 22:00:02,867 CRITICAL **
2020-09-01 22:00:03,253 INFO No need to send email, temps are acceptable
2020-09-01 22:00:03,253 INFO 
Garage 71
Main 73
Bedroom 72
Batt V 13.6
Gen State OFF
Hi limit 80
Low limit 55
2020-09-01 22:00:06,194 INFO Gathered temps and emailed to log address :rvlogs@robhome.com
2020-09-01 22:00:06,195 CRITICAL **
2020-09-01 22:00:06,195 CRITICAL Ending run of the RV Temp Monitor
2020-09-01 22:00:06,195 CRITICAL **

2020-09-01 22:15:02,654 CRITICAL **
2020-09-01 22:15:02,655 CRITICAL Starting the RV Temp Monitor
2020-09-01 22:15:02,656 CRITICAL **
2020-09-01 22:15:03,022 INFO No need to send email, temps are acceptable
2020-09-01 22:15:03,023 INFO 
Garage 70
Main 72
Bedroom 69
Batt V 13.6
Gen State OFF
Hi limit 80
Low limit 55
2020-09-01 22:15:05,828 INFO Gathered temps and emailed to log address :rvlogs@robhome.com
2020-09-01 22:15:05,829 CRITICAL **
2020-09-01 22:15:05,829 CRITICAL Ending run of the RV Temp Monitor
2020-09-01 22:15:05,829 CRITICAL **

2020-09-01 22:30:02,411 CRITICAL **
2020-09-01 22:30:02,412 CRITICAL Starting the RV Temp Monitor
2020-09-01 22:30:02,412 CRITICAL **
2020-09-01 22:30:02,787 INFO No need to send email, temps are acceptable
2020-09-01 22:30:02,787 INFO 
Garage 69
Main 71
Bedroom 69
Batt V 13.6
Gen State OFF
Hi limit 80
Low limit 55
2020-09-01 22:30:05,384 INFO Gathered temps and emailed to log address :rvlogs@robhome.com
2020-09-01 22:30:05,384 CRITICAL **
2020-09-01 22:30:05,385 CRITICAL Ending run of the RV Temp Monitor
2020-09-01 22:30:05,385 CRITICAL **

2020-09-01 22:45:02,835 CRITICAL **
2020-09-01 22:45:02,835 CRITICAL Starting the RV Temp Monitor
2020-09-01 22:45:02,836 CRITICAL **
2020-09-01 22:45:03,240 INFO No need to send email, temps are acceptable
2020-09-01 22:45:03,241 INFO 
Garage 70
Main 71
Bedroom 71
Batt V 13.6
Gen State OFF
Hi limit 80
Low limit 55
2020-09-01 22:45:05,863 INFO Gathered temps and emailed to log address :rvlogs@robhome.com
2020-09-01 22:45:05,864 CRITICAL **
2020-09-01 22:45:05,864 CRITICAL Ending run of the RV Temp Monitor
2020-09-01 22:45:05,864 CRITICAL **

2020-09-01 23:00:02,326 CRITICAL **
2020-09-01 23:00:02,327 CRITICAL Starting the RV Temp Monitor
2020-09-01 23:00:02,327 CRITICAL **
2020-09-01 23:00:02,664 INFO No need to send email, temps are acceptable
2020-09-01 23:00:02,664 INFO 
Garage 69
Main 70
Bedroom 70
Batt V 13.6
Gen State OFF
Hi limit 80
Low limit 55
2020-09-01 23:00:05,548 INFO Gathered temps and emailed to log address :rvlogs@robhome.com
2020-09-01 23:00:05,549 CRITICAL **
2020-09-01 23:00:05,549 CRITICAL Ending run of the RV Temp Monitor
2020-09-01 23:00:05,550 CRITICAL **

2020-09-01 23:15:03,009 CRITICAL **
2020-09-01 23:15:03,010 CRITICAL Starting the RV Temp Monitor
2020-09-01 23:15:03,010 CRITICAL **
2020-09-01 23:15:03,360 INFO No need to send email, temps are acceptable
2020-09-01 23:15:03,361 INFO 
Garage 69
Main 70
Bedroom 71
Batt V 13.6
Gen State OFF
Hi limit 80
Low limit 55
2020-09-01 23:15:05,630 INFO Gathered temps and emailed to log address :rvlogs@robhome.com
2020-09-01 23:15:05,630 CRITICAL **
2020-09-01 23:15:05,631 CRITICAL Ending run of the RV Temp Monitor
2020-09-01 23:15:05,631 CRITICAL **

2020-09-01 23:30:03,232 CRITICAL **
2020-09-01 23:30:03,233 CRITICAL Starting the RV Temp Monitor
2020-09-01 23:30:03,234 CRITICAL **
2020-09-01 23:30:03,589 INFO No need to send email, temps are acceptable
2020-09-01 23:30:03,590 INFO 
Garage 69
Main 70
Bedroom 71
Batt V 13.6
Gen State OFF
Hi limit 80
Low limit 55
2020-09-01 23:30:06,698 INFO Gathered temps and emailed to log address :rvlogs@robhome.com
2020-09-01 23:30:06,699 CRITICAL **
2020-09-01 23:30:06,699 CRITICAL Ending run of the RV Temp Monitor
2020-09-01 23:30:06,699 CRITICAL **

2020-09-01 23:45:03,149 CRITICAL **
2020-09-01 23:45:03,150 CRITICAL Starting the RV Temp Monitor
2020-09-01 23:45:03,150 CRITICAL **
2020-09-01 23:45:03,524 INFO No need to send email, temps are acceptable
2020-09-01 23:45:03,525 INFO 
Garage 69
Main 69
Bedroom 70
Batt V 13.6
Gen State OFF
Hi limit 80
Low limit 55
2020-09-01 23:45:10,145 INFO Gathered temps and emailed to log address :rvlogs@robhome.com
2020-09-01 23:45:10,145 CRITICAL **
2020-09-01 23:45:10,145 CRITICAL Ending run of the RV Temp Monitor
2020-09-01 23:45:10,146 CRITICAL **

