2020-08-24 00:00:02,100 CRITICAL **
2020-08-24 00:00:02,100 CRITICAL Starting the RV Temp Monitor
2020-08-24 00:00:02,100 CRITICAL **
2020-08-24 00:00:02,417 INFO No need to send email, temps are acceptable
2020-08-24 00:00:02,417 INFO 
Garage 73
Main 72
Bedroom 72
Batt V 13.7
Gen State OFF
Hi limit 80
Low limit 60
2020-08-24 00:00:05,841 INFO Gathered temps and emailed to log address :rvlogs@robhome.com
2020-08-24 00:00:05,842 CRITICAL **
2020-08-24 00:00:05,842 CRITICAL Ending run of the RV Temp Monitor
2020-08-24 00:00:05,842 CRITICAL **

2020-08-24 00:15:02,605 CRITICAL **
2020-08-24 00:15:02,605 CRITICAL Starting the RV Temp Monitor
2020-08-24 00:15:02,605 CRITICAL **
2020-08-24 00:15:02,960 INFO No need to send email, temps are acceptable
2020-08-24 00:15:02,960 INFO 
Garage 72
Main 72
Bedroom 72
Batt V 13.7
Gen State OFF
Hi limit 80
Low limit 60
2020-08-24 00:15:05,991 INFO Gathered temps and emailed to log address :rvlogs@robhome.com
2020-08-24 00:15:05,991 CRITICAL **
2020-08-24 00:15:05,992 CRITICAL Ending run of the RV Temp Monitor
2020-08-24 00:15:05,992 CRITICAL **

2020-08-24 00:30:01,932 CRITICAL **
2020-08-24 00:30:01,932 CRITICAL Starting the RV Temp Monitor
2020-08-24 00:30:01,932 CRITICAL **
2020-08-24 00:30:02,263 INFO No need to send email, temps are acceptable
2020-08-24 00:30:02,263 INFO 
Garage 72
Main 72
Bedroom 71
Batt V 13.7
Gen State OFF
Hi limit 80
Low limit 60
2020-08-24 00:30:05,055 INFO Gathered temps and emailed to log address :rvlogs@robhome.com
2020-08-24 00:30:05,056 CRITICAL **
2020-08-24 00:30:05,056 CRITICAL Ending run of the RV Temp Monitor
2020-08-24 00:30:05,057 CRITICAL **

2020-08-24 00:45:01,875 CRITICAL **
2020-08-24 00:45:01,875 CRITICAL Starting the RV Temp Monitor
2020-08-24 00:45:01,875 CRITICAL **
2020-08-24 00:45:02,232 INFO No need to send email, temps are acceptable
2020-08-24 00:45:02,232 INFO 
Garage 72
Main 72
Bedroom 71
Batt V 13.7
Gen State OFF
Hi limit 80
Low limit 60
2020-08-24 00:45:05,133 INFO Gathered temps and emailed to log address :rvlogs@robhome.com
2020-08-24 00:45:05,133 CRITICAL **
2020-08-24 00:45:05,133 CRITICAL Ending run of the RV Temp Monitor
2020-08-24 00:45:05,133 CRITICAL **

2020-08-24 01:00:01,968 CRITICAL **
2020-08-24 01:00:01,969 CRITICAL Starting the RV Temp Monitor
2020-08-24 01:00:01,970 CRITICAL **
2020-08-24 01:00:02,282 INFO No need to send email, temps are acceptable
2020-08-24 01:00:02,282 INFO 
Garage 72
Main 72
Bedroom 71
Batt V 13.7
Gen State OFF
Hi limit 80
Low limit 60
2020-08-24 01:00:05,343 INFO Gathered temps and emailed to log address :rvlogs@robhome.com
2020-08-24 01:00:05,346 CRITICAL **
2020-08-24 01:00:05,347 CRITICAL Ending run of the RV Temp Monitor
2020-08-24 01:00:05,347 CRITICAL **

2020-08-24 01:15:02,094 CRITICAL **
2020-08-24 01:15:02,094 CRITICAL Starting the RV Temp Monitor
2020-08-24 01:15:02,095 CRITICAL **
2020-08-24 01:15:02,420 INFO No need to send email, temps are acceptable
2020-08-24 01:15:02,420 INFO 
Garage 72
Main 72
Bedroom 72
Batt V 13.7
Gen State OFF
Hi limit 80
Low limit 60
2020-08-24 01:15:05,390 INFO Gathered temps and emailed to log address :rvlogs@robhome.com
2020-08-24 01:15:05,391 CRITICAL **
2020-08-24 01:15:05,391 CRITICAL Ending run of the RV Temp Monitor
2020-08-24 01:15:05,391 CRITICAL **

2020-08-24 01:30:02,277 CRITICAL **
2020-08-24 01:30:02,277 CRITICAL Starting the RV Temp Monitor
2020-08-24 01:30:02,277 CRITICAL **
2020-08-24 01:30:02,624 INFO No need to send email, temps are acceptable
2020-08-24 01:30:02,625 INFO 
Garage 72
Main 72
Bedroom 72
Batt V 13.7
Gen State OFF
Hi limit 80
Low limit 60
2020-08-24 01:30:05,387 INFO Gathered temps and emailed to log address :rvlogs@robhome.com
2020-08-24 01:30:05,387 CRITICAL **
2020-08-24 01:30:05,388 CRITICAL Ending run of the RV Temp Monitor
2020-08-24 01:30:05,388 CRITICAL **

2020-08-24 01:45:02,124 CRITICAL **
2020-08-24 01:45:02,125 CRITICAL Starting the RV Temp Monitor
2020-08-24 01:45:02,125 CRITICAL **
2020-08-24 01:45:02,506 INFO No need to send email, temps are acceptable
2020-08-24 01:45:02,507 INFO 
Garage 71
Main 72
Bedroom 72
Batt V 13.7
Gen State OFF
Hi limit 80
Low limit 60
2020-08-24 01:45:05,433 INFO Gathered temps and emailed to log address :rvlogs@robhome.com
2020-08-24 01:45:05,434 CRITICAL **
2020-08-24 01:45:05,434 CRITICAL Ending run of the RV Temp Monitor
2020-08-24 01:45:05,434 CRITICAL **

2020-08-24 02:00:02,232 CRITICAL **
2020-08-24 02:00:02,232 CRITICAL Starting the RV Temp Monitor
2020-08-24 02:00:02,232 CRITICAL **
2020-08-24 02:00:02,549 INFO No need to send email, temps are acceptable
2020-08-24 02:00:02,549 INFO 
Garage 71
Main 71
Bedroom 72
Batt V 13.7
Gen State OFF
Hi limit 80
Low limit 60
2020-08-24 02:00:05,496 INFO Gathered temps and emailed to log address :rvlogs@robhome.com
2020-08-24 02:00:05,497 CRITICAL **
2020-08-24 02:00:05,497 CRITICAL Ending run of the RV Temp Monitor
2020-08-24 02:00:05,497 CRITICAL **

2020-08-24 02:15:02,285 CRITICAL **
2020-08-24 02:15:02,285 CRITICAL Starting the RV Temp Monitor
2020-08-24 02:15:02,285 CRITICAL **
2020-08-24 02:15:02,655 INFO No need to send email, temps are acceptable
2020-08-24 02:15:02,655 INFO 
Garage 71
Main 71
Bedroom 71
Batt V 13.7
Gen State OFF
Hi limit 80
Low limit 60
2020-08-24 02:15:05,565 INFO Gathered temps and emailed to log address :rvlogs@robhome.com
2020-08-24 02:15:05,565 CRITICAL **
2020-08-24 02:15:05,566 CRITICAL Ending run of the RV Temp Monitor
2020-08-24 02:15:05,566 CRITICAL **

2020-08-24 02:30:02,422 CRITICAL **
2020-08-24 02:30:02,422 CRITICAL Starting the RV Temp Monitor
2020-08-24 02:30:02,422 CRITICAL **
2020-08-24 02:30:02,778 INFO No need to send email, temps are acceptable
2020-08-24 02:30:02,778 INFO 
Garage 71
Main 71
Bedroom 72
Batt V 13.7
Gen State OFF
Hi limit 80
Low limit 60
2020-08-24 02:30:06,065 INFO Gathered temps and emailed to log address :rvlogs@robhome.com
2020-08-24 02:30:06,066 CRITICAL **
2020-08-24 02:30:06,066 CRITICAL Ending run of the RV Temp Monitor
2020-08-24 02:30:06,066 CRITICAL **

2020-08-24 02:45:01,824 CRITICAL **
2020-08-24 02:45:01,825 CRITICAL Starting the RV Temp Monitor
2020-08-24 02:45:01,826 CRITICAL **
2020-08-24 02:45:02,166 INFO No need to send email, temps are acceptable
2020-08-24 02:45:02,166 INFO 
Garage 71
Main 71
Bedroom 72
Batt V 13.7
Gen State OFF
Hi limit 80
Low limit 60
2020-08-24 02:45:05,385 INFO Gathered temps and emailed to log address :rvlogs@robhome.com
2020-08-24 02:45:05,386 CRITICAL **
2020-08-24 02:45:05,386 CRITICAL Ending run of the RV Temp Monitor
2020-08-24 02:45:05,386 CRITICAL **

2020-08-24 03:00:02,167 CRITICAL **
2020-08-24 03:00:02,168 CRITICAL Starting the RV Temp Monitor
2020-08-24 03:00:02,168 CRITICAL **
2020-08-24 03:00:02,553 INFO No need to send email, temps are acceptable
2020-08-24 03:00:02,554 INFO 
Garage 71
Main 71
Bedroom 72
Batt V 13.7
Gen State OFF
Hi limit 80
Low limit 60
2020-08-24 03:00:05,241 INFO Gathered temps and emailed to log address :rvlogs@robhome.com
2020-08-24 03:00:05,241 CRITICAL **
2020-08-24 03:00:05,242 CRITICAL Ending run of the RV Temp Monitor
2020-08-24 03:00:05,242 CRITICAL **

2020-08-24 03:15:01,996 CRITICAL **
2020-08-24 03:15:01,997 CRITICAL Starting the RV Temp Monitor
2020-08-24 03:15:01,997 CRITICAL **
2020-08-24 03:15:02,297 INFO No need to send email, temps are acceptable
2020-08-24 03:15:02,297 INFO 
Garage 71
Main 71
Bedroom 71
Batt V 13.7
Gen State OFF
Hi limit 80
Low limit 60
2020-08-24 03:20:02,581 ERROR Could not send email
2020-08-24 03:20:02,581 INFO Gathered temps and emailed to log address :rvlogs@robhome.com
2020-08-24 03:20:02,582 CRITICAL **
2020-08-24 03:20:02,582 CRITICAL Ending run of the RV Temp Monitor
2020-08-24 03:20:02,582 CRITICAL **

2020-08-24 03:30:02,369 CRITICAL **
2020-08-24 03:30:02,369 CRITICAL Starting the RV Temp Monitor
2020-08-24 03:30:02,369 CRITICAL **
2020-08-24 03:30:02,684 INFO No need to send email, temps are acceptable
2020-08-24 03:30:02,684 INFO 
Garage 71
Main 71
Bedroom 72
Batt V 13.7
Gen State OFF
Hi limit 80
Low limit 60
2020-08-24 03:30:05,490 INFO Gathered temps and emailed to log address :rvlogs@robhome.com
2020-08-24 03:30:05,491 CRITICAL **
2020-08-24 03:30:05,491 CRITICAL Ending run of the RV Temp Monitor
2020-08-24 03:30:05,492 CRITICAL **

2020-08-24 03:45:02,311 CRITICAL **
2020-08-24 03:45:02,311 CRITICAL Starting the RV Temp Monitor
2020-08-24 03:45:02,312 CRITICAL **
2020-08-24 03:45:02,656 INFO No need to send email, temps are acceptable
2020-08-24 03:45:02,656 INFO 
Garage 71
Main 71
Bedroom 72
Batt V 13.7
Gen State OFF
Hi limit 80
Low limit 60
2020-08-24 03:45:06,084 INFO Gathered temps and emailed to log address :rvlogs@robhome.com
2020-08-24 03:45:06,085 CRITICAL **
2020-08-24 03:45:06,085 CRITICAL Ending run of the RV Temp Monitor
2020-08-24 03:45:06,086 CRITICAL **

2020-08-24 04:00:01,837 CRITICAL **
2020-08-24 04:00:01,837 CRITICAL Starting the RV Temp Monitor
2020-08-24 04:00:01,837 CRITICAL **
2020-08-24 04:00:02,194 INFO No need to send email, temps are acceptable
2020-08-24 04:00:02,195 INFO 
Garage 71
Main 71
Bedroom 71
Batt V 13.7
Gen State OFF
Hi limit 80
Low limit 60
2020-08-24 04:00:04,944 INFO Gathered temps and emailed to log address :rvlogs@robhome.com
2020-08-24 04:00:04,944 CRITICAL **
2020-08-24 04:00:04,945 CRITICAL Ending run of the RV Temp Monitor
2020-08-24 04:00:04,945 CRITICAL **

2020-08-24 04:15:01,717 CRITICAL **
2020-08-24 04:15:01,717 CRITICAL Starting the RV Temp Monitor
2020-08-24 04:15:01,718 CRITICAL **
2020-08-24 04:15:02,028 INFO No need to send email, temps are acceptable
2020-08-24 04:15:02,028 INFO 
Garage 72
Main 71
Bedroom 72
Batt V 13.7
Gen State OFF
Hi limit 80
Low limit 60
2020-08-24 04:15:04,859 INFO Gathered temps and emailed to log address :rvlogs@robhome.com
2020-08-24 04:15:04,859 CRITICAL **
2020-08-24 04:15:04,860 CRITICAL Ending run of the RV Temp Monitor
2020-08-24 04:15:04,860 CRITICAL **

2020-08-24 04:30:01,767 CRITICAL **
2020-08-24 04:30:01,767 CRITICAL Starting the RV Temp Monitor
2020-08-24 04:30:01,767 CRITICAL **
2020-08-24 04:30:02,088 INFO No need to send email, temps are acceptable
2020-08-24 04:30:02,089 INFO 
Garage 71
Main 70
Bedroom 72
Batt V 13.7
Gen State OFF
Hi limit 80
Low limit 60
2020-08-24 04:30:05,074 INFO Gathered temps and emailed to log address :rvlogs@robhome.com
2020-08-24 04:30:05,075 CRITICAL **
2020-08-24 04:30:05,075 CRITICAL Ending run of the RV Temp Monitor
2020-08-24 04:30:05,075 CRITICAL **

2020-08-24 04:45:01,866 CRITICAL **
2020-08-24 04:45:01,866 CRITICAL Starting the RV Temp Monitor
2020-08-24 04:45:01,867 CRITICAL **
2020-08-24 04:45:02,187 INFO No need to send email, temps are acceptable
2020-08-24 04:45:02,188 INFO 
Garage 71
Main 71
Bedroom 71
Batt V 13.7
Gen State OFF
Hi limit 80
Low limit 60
2020-08-24 04:45:05,258 INFO Gathered temps and emailed to log address :rvlogs@robhome.com
2020-08-24 04:45:05,258 CRITICAL **
2020-08-24 04:45:05,259 CRITICAL Ending run of the RV Temp Monitor
2020-08-24 04:45:05,259 CRITICAL **

2020-08-24 05:00:01,999 CRITICAL **
2020-08-24 05:00:02,000 CRITICAL Starting the RV Temp Monitor
2020-08-24 05:00:02,000 CRITICAL **
2020-08-24 05:00:02,316 INFO No need to send email, temps are acceptable
2020-08-24 05:00:02,316 INFO 
Garage 71
Main 70
Bedroom 72
Batt V 13.7
Gen State OFF
Hi limit 80
Low limit 60
2020-08-24 05:00:05,687 INFO Gathered temps and emailed to log address :rvlogs@robhome.com
2020-08-24 05:00:05,688 CRITICAL **
2020-08-24 05:00:05,688 CRITICAL Ending run of the RV Temp Monitor
2020-08-24 05:00:05,689 CRITICAL **

2020-08-24 05:15:02,485 CRITICAL **
2020-08-24 05:15:02,486 CRITICAL Starting the RV Temp Monitor
2020-08-24 05:15:02,486 CRITICAL **
2020-08-24 05:15:02,871 INFO No need to send email, temps are acceptable
2020-08-24 05:15:02,871 INFO 
Garage 70
Main 70
Bedroom 71
Batt V 13.7
Gen State OFF
Hi limit 80
Low limit 60
2020-08-24 05:15:05,787 INFO Gathered temps and emailed to log address :rvlogs@robhome.com
2020-08-24 05:15:05,787 CRITICAL **
2020-08-24 05:15:05,788 CRITICAL Ending run of the RV Temp Monitor
2020-08-24 05:15:05,788 CRITICAL **

2020-08-24 05:30:01,660 CRITICAL **
2020-08-24 05:30:01,661 CRITICAL Starting the RV Temp Monitor
2020-08-24 05:30:01,661 CRITICAL **
2020-08-24 05:30:01,987 INFO No need to send email, temps are acceptable
2020-08-24 05:30:01,988 INFO 
Garage 70
Main 70
Bedroom 72
Batt V 13.7
Gen State OFF
Hi limit 80
Low limit 60
2020-08-24 05:30:04,718 INFO Gathered temps and emailed to log address :rvlogs@robhome.com
2020-08-24 05:30:04,719 CRITICAL **
2020-08-24 05:30:04,719 CRITICAL Ending run of the RV Temp Monitor
2020-08-24 05:30:04,720 CRITICAL **

2020-08-24 05:45:02,496 CRITICAL **
2020-08-24 05:45:02,496 CRITICAL Starting the RV Temp Monitor
2020-08-24 05:45:02,496 CRITICAL **
2020-08-24 05:45:02,839 INFO No need to send email, temps are acceptable
2020-08-24 05:45:02,839 INFO 
Garage 70
Main 70
Bedroom 72
Batt V 13.7
Gen State OFF
Hi limit 80
Low limit 60
2020-08-24 05:45:05,556 INFO Gathered temps and emailed to log address :rvlogs@robhome.com
2020-08-24 05:45:05,556 CRITICAL **
2020-08-24 05:45:05,557 CRITICAL Ending run of the RV Temp Monitor
2020-08-24 05:45:05,557 CRITICAL **

2020-08-24 06:00:02,334 CRITICAL **
2020-08-24 06:00:02,335 CRITICAL Starting the RV Temp Monitor
2020-08-24 06:00:02,335 CRITICAL **
2020-08-24 06:00:02,678 INFO No need to send email, temps are acceptable
2020-08-24 06:00:02,678 INFO 
Garage 70
Main 70
Bedroom 71
Batt V 13.7
Gen State OFF
Hi limit 80
Low limit 60
2020-08-24 06:00:05,445 INFO Gathered temps and emailed to log address :rvlogs@robhome.com
2020-08-24 06:00:05,446 CRITICAL **
2020-08-24 06:00:05,446 CRITICAL Ending run of the RV Temp Monitor
2020-08-24 06:00:05,446 CRITICAL **

2020-08-24 06:15:02,213 CRITICAL **
2020-08-24 06:15:02,214 CRITICAL Starting the RV Temp Monitor
2020-08-24 06:15:02,214 CRITICAL **
2020-08-24 06:15:02,600 INFO No need to send email, temps are acceptable
2020-08-24 06:15:02,600 INFO 
Garage 69
Main 70
Bedroom 72
Batt V 13.7
Gen State OFF
Hi limit 80
Low limit 60
2020-08-24 06:15:05,962 INFO Gathered temps and emailed to log address :rvlogs@robhome.com
2020-08-24 06:15:05,963 CRITICAL **
2020-08-24 06:15:05,963 CRITICAL Ending run of the RV Temp Monitor
2020-08-24 06:15:05,963 CRITICAL **

2020-08-24 06:30:02,537 CRITICAL **
2020-08-24 06:30:02,537 CRITICAL Starting the RV Temp Monitor
2020-08-24 06:30:02,538 CRITICAL **
2020-08-24 06:30:02,856 INFO No need to send email, temps are acceptable
2020-08-24 06:30:02,857 INFO 
Garage 69
Main 70
Bedroom 72
Batt V 13.7
Gen State OFF
Hi limit 80
Low limit 60
2020-08-24 06:30:06,135 INFO Gathered temps and emailed to log address :rvlogs@robhome.com
2020-08-24 06:30:06,136 CRITICAL **
2020-08-24 06:30:06,136 CRITICAL Ending run of the RV Temp Monitor
2020-08-24 06:30:06,136 CRITICAL **

2020-08-24 06:45:01,945 CRITICAL **
2020-08-24 06:45:01,945 CRITICAL Starting the RV Temp Monitor
2020-08-24 06:45:01,949 CRITICAL **
2020-08-24 06:45:02,378 INFO No need to send email, temps are acceptable
2020-08-24 06:45:02,378 INFO 
Garage 69
Main 69
Bedroom 72
Batt V 13.7
Gen State OFF
Hi limit 80
Low limit 60
2020-08-24 06:45:06,013 INFO Gathered temps and emailed to log address :rvlogs@robhome.com
2020-08-24 06:45:06,014 CRITICAL **
2020-08-24 06:45:06,014 CRITICAL Ending run of the RV Temp Monitor
2020-08-24 06:45:06,014 CRITICAL **

2020-08-24 07:00:01,779 CRITICAL **
2020-08-24 07:00:01,779 CRITICAL Starting the RV Temp Monitor
2020-08-24 07:00:01,779 CRITICAL **
2020-08-24 07:00:02,113 INFO No need to send email, temps are acceptable
2020-08-24 07:00:02,113 INFO 
Garage 69
Main 69
Bedroom 72
Batt V 13.7
Gen State OFF
Hi limit 80
Low limit 60
2020-08-24 07:00:05,344 INFO Gathered temps and emailed to log address :rvlogs@robhome.com
2020-08-24 07:00:05,345 CRITICAL **
2020-08-24 07:00:05,345 CRITICAL Ending run of the RV Temp Monitor
2020-08-24 07:00:05,345 CRITICAL **

2020-08-24 07:15:02,114 CRITICAL **
2020-08-24 07:15:02,115 CRITICAL Starting the RV Temp Monitor
2020-08-24 07:15:02,115 CRITICAL **
2020-08-24 07:15:02,439 INFO No need to send email, temps are acceptable
2020-08-24 07:15:02,440 INFO 
Garage 69
Main 69
Bedroom 72
Batt V 13.7
Gen State OFF
Hi limit 80
Low limit 60
2020-08-24 07:15:05,441 INFO Gathered temps and emailed to log address :rvlogs@robhome.com
2020-08-24 07:15:05,442 CRITICAL **
2020-08-24 07:15:05,442 CRITICAL Ending run of the RV Temp Monitor
2020-08-24 07:15:05,443 CRITICAL **

2020-08-24 07:30:02,335 CRITICAL **
2020-08-24 07:30:02,336 CRITICAL Starting the RV Temp Monitor
2020-08-24 07:30:02,336 CRITICAL **
2020-08-24 07:30:02,737 INFO No need to send email, temps are acceptable
2020-08-24 07:30:02,737 INFO 
Garage 69
Main 69
Bedroom 72
Batt V 13.7
Gen State OFF
Hi limit 80
Low limit 60
2020-08-24 07:30:05,911 INFO Gathered temps and emailed to log address :rvlogs@robhome.com
2020-08-24 07:30:05,912 CRITICAL **
2020-08-24 07:30:05,912 CRITICAL Ending run of the RV Temp Monitor
2020-08-24 07:30:05,913 CRITICAL **

2020-08-24 07:45:01,653 CRITICAL **
2020-08-24 07:45:01,654 CRITICAL Starting the RV Temp Monitor
2020-08-24 07:45:01,654 CRITICAL **
2020-08-24 07:45:02,035 INFO No need to send email, temps are acceptable
2020-08-24 07:45:02,035 INFO 
Garage 69
Main 69
Bedroom 72
Batt V 13.7
Gen State OFF
Hi limit 80
Low limit 60
2020-08-24 07:45:05,422 INFO Gathered temps and emailed to log address :rvlogs@robhome.com
2020-08-24 07:45:05,423 CRITICAL **
2020-08-24 07:45:05,423 CRITICAL Ending run of the RV Temp Monitor
2020-08-24 07:45:05,424 CRITICAL **

2020-08-24 08:00:02,206 CRITICAL **
2020-08-24 08:00:02,207 CRITICAL Starting the RV Temp Monitor
2020-08-24 08:00:02,207 CRITICAL **
2020-08-24 08:00:02,575 INFO No need to send email, temps are acceptable
2020-08-24 08:00:02,575 INFO 
Garage 69
Main 69
Bedroom 72
Batt V 13.7
Gen State OFF
Hi limit 80
Low limit 60
2020-08-24 08:00:05,669 INFO Gathered temps and emailed to log address :rvlogs@robhome.com
2020-08-24 08:00:05,669 CRITICAL **
2020-08-24 08:00:05,670 CRITICAL Ending run of the RV Temp Monitor
2020-08-24 08:00:05,670 CRITICAL **

2020-08-24 08:15:02,425 CRITICAL **
2020-08-24 08:15:02,426 CRITICAL Starting the RV Temp Monitor
2020-08-24 08:15:02,426 CRITICAL **
2020-08-24 08:15:02,788 INFO No need to send email, temps are acceptable
2020-08-24 08:15:02,788 INFO 
Garage 69
Main 69
Bedroom 72
Batt V 13.7
Gen State OFF
Hi limit 80
Low limit 60
2020-08-24 08:15:06,337 INFO Gathered temps and emailed to log address :rvlogs@robhome.com
2020-08-24 08:15:06,337 CRITICAL **
2020-08-24 08:15:06,338 CRITICAL Ending run of the RV Temp Monitor
2020-08-24 08:15:06,338 CRITICAL **

2020-08-24 08:30:02,276 CRITICAL **
2020-08-24 08:30:02,277 CRITICAL Starting the RV Temp Monitor
2020-08-24 08:30:02,277 CRITICAL **
2020-08-24 08:30:02,674 INFO No need to send email, temps are acceptable
2020-08-24 08:30:02,675 INFO 
Garage 69
Main 69
Bedroom 72
Batt V 13.7
Gen State OFF
Hi limit 80
Low limit 60
2020-08-24 08:30:05,388 INFO Gathered temps and emailed to log address :rvlogs@robhome.com
2020-08-24 08:30:05,389 CRITICAL **
2020-08-24 08:30:05,389 CRITICAL Ending run of the RV Temp Monitor
2020-08-24 08:30:05,390 CRITICAL **

2020-08-24 08:45:02,140 CRITICAL **
2020-08-24 08:45:02,140 CRITICAL Starting the RV Temp Monitor
2020-08-24 08:45:02,141 CRITICAL **
2020-08-24 08:45:02,527 INFO No need to send email, temps are acceptable
2020-08-24 08:45:02,527 INFO 
Garage 69
Main 69
Bedroom 71
Batt V 13.7
Gen State OFF
Hi limit 80
Low limit 60
2020-08-24 08:45:05,458 INFO Gathered temps and emailed to log address :rvlogs@robhome.com
2020-08-24 08:45:05,459 CRITICAL **
2020-08-24 08:45:05,459 CRITICAL Ending run of the RV Temp Monitor
2020-08-24 08:45:05,459 CRITICAL **

2020-08-24 09:00:02,225 CRITICAL **
2020-08-24 09:00:02,226 CRITICAL Starting the RV Temp Monitor
2020-08-24 09:00:02,226 CRITICAL **
2020-08-24 09:00:02,597 INFO No need to send email, temps are acceptable
2020-08-24 09:00:02,597 INFO 
Garage 70
Main 69
Bedroom 72
Batt V 13.7
Gen State OFF
Hi limit 80
Low limit 60
2020-08-24 09:00:07,558 INFO Gathered temps and emailed to log address :rvlogs@robhome.com
2020-08-24 09:00:07,558 CRITICAL **
2020-08-24 09:00:07,558 CRITICAL Ending run of the RV Temp Monitor
2020-08-24 09:00:07,559 CRITICAL **

2020-08-24 09:15:02,319 CRITICAL **
2020-08-24 09:15:02,319 CRITICAL Starting the RV Temp Monitor
2020-08-24 09:15:02,320 CRITICAL **
2020-08-24 09:15:02,678 INFO No need to send email, temps are acceptable
2020-08-24 09:15:02,678 INFO 
Garage 70
Main 70
Bedroom 72
Batt V 13.7
Gen State OFF
Hi limit 80
Low limit 60
2020-08-24 09:15:05,820 INFO Gathered temps and emailed to log address :rvlogs@robhome.com
2020-08-24 09:15:05,821 CRITICAL **
2020-08-24 09:15:05,821 CRITICAL Ending run of the RV Temp Monitor
2020-08-24 09:15:05,821 CRITICAL **

2020-08-24 09:30:01,708 CRITICAL **
2020-08-24 09:30:01,709 CRITICAL Starting the RV Temp Monitor
2020-08-24 09:30:01,709 CRITICAL **
2020-08-24 09:30:02,031 INFO No need to send email, temps are acceptable
2020-08-24 09:30:02,031 INFO 
Garage 70
Main 69
Bedroom 72
Batt V 13.7
Gen State OFF
Hi limit 80
Low limit 60
2020-08-24 09:30:05,765 INFO Gathered temps and emailed to log address :rvlogs@robhome.com
2020-08-24 09:30:05,765 CRITICAL **
2020-08-24 09:30:05,766 CRITICAL Ending run of the RV Temp Monitor
2020-08-24 09:30:05,766 CRITICAL **

2020-08-24 09:45:02,502 CRITICAL **
2020-08-24 09:45:02,502 CRITICAL Starting the RV Temp Monitor
2020-08-24 09:45:02,503 CRITICAL **
2020-08-24 09:45:02,851 INFO No need to send email, temps are acceptable
2020-08-24 09:45:02,852 INFO 
Garage 70
Main 70
Bedroom 71
Batt V 13.7
Gen State OFF
Hi limit 80
Low limit 60
2020-08-24 09:45:06,364 INFO Gathered temps and emailed to log address :rvlogs@robhome.com
2020-08-24 09:45:06,365 CRITICAL **
2020-08-24 09:45:06,365 CRITICAL Ending run of the RV Temp Monitor
2020-08-24 09:45:06,366 CRITICAL **

2020-08-24 10:00:02,119 CRITICAL **
2020-08-24 10:00:02,119 CRITICAL Starting the RV Temp Monitor
2020-08-24 10:00:02,120 CRITICAL **
2020-08-24 10:00:02,477 INFO No need to send email, temps are acceptable
2020-08-24 10:00:02,477 INFO 
Garage 71
Main 70
Bedroom 73
Batt V 13.7
Gen State OFF
Hi limit 80
Low limit 60
2020-08-24 10:00:06,290 INFO Gathered temps and emailed to log address :rvlogs@robhome.com
2020-08-24 10:00:06,291 CRITICAL **
2020-08-24 10:00:06,291 CRITICAL Ending run of the RV Temp Monitor
2020-08-24 10:00:06,291 CRITICAL **

2020-08-24 10:15:02,036 CRITICAL **
2020-08-24 10:15:02,036 CRITICAL Starting the RV Temp Monitor
2020-08-24 10:15:02,036 CRITICAL **
2020-08-24 10:15:02,404 INFO No need to send email, temps are acceptable
2020-08-24 10:15:02,404 INFO 
Garage 71
Main 70
Bedroom 72
Batt V 13.7
Gen State OFF
Hi limit 80
Low limit 60
2020-08-24 10:15:05,568 INFO Gathered temps and emailed to log address :rvlogs@robhome.com
2020-08-24 10:15:05,569 CRITICAL **
2020-08-24 10:15:05,569 CRITICAL Ending run of the RV Temp Monitor
2020-08-24 10:15:05,569 CRITICAL **

2020-08-24 10:30:02,481 CRITICAL **
2020-08-24 10:30:02,481 CRITICAL Starting the RV Temp Monitor
2020-08-24 10:30:02,481 CRITICAL **
2020-08-24 10:30:02,872 INFO No need to send email, temps are acceptable
2020-08-24 10:30:02,872 INFO 
Garage 72
Main 70
Bedroom 72
Batt V 13.7
Gen State OFF
Hi limit 80
Low limit 60
2020-08-24 10:30:06,552 INFO Gathered temps and emailed to log address :rvlogs@robhome.com
2020-08-24 10:30:06,552 CRITICAL **
2020-08-24 10:30:06,553 CRITICAL Ending run of the RV Temp Monitor
2020-08-24 10:30:06,553 CRITICAL **

2020-08-24 10:45:02,331 CRITICAL **
2020-08-24 10:45:02,331 CRITICAL Starting the RV Temp Monitor
2020-08-24 10:45:02,331 CRITICAL **
2020-08-24 10:45:02,730 INFO No need to send email, temps are acceptable
2020-08-24 10:45:02,730 INFO 
Garage 72
Main 70
Bedroom 72
Batt V 13.7
Gen State OFF
Hi limit 80
Low limit 60
2020-08-24 10:45:07,040 INFO Gathered temps and emailed to log address :rvlogs@robhome.com
2020-08-24 10:45:07,040 CRITICAL **
2020-08-24 10:45:07,045 CRITICAL Ending run of the RV Temp Monitor
2020-08-24 10:45:07,045 CRITICAL **

2020-08-24 11:00:01,856 CRITICAL **
2020-08-24 11:00:01,856 CRITICAL Starting the RV Temp Monitor
2020-08-24 11:00:01,857 CRITICAL **
2020-08-24 11:00:02,208 INFO No need to send email, temps are acceptable
2020-08-24 11:00:02,209 INFO 
Garage 72
Main 71
Bedroom 72
Batt V 13.7
Gen State OFF
Hi limit 80
Low limit 60
2020-08-24 11:00:05,438 INFO Gathered temps and emailed to log address :rvlogs@robhome.com
2020-08-24 11:00:05,438 CRITICAL **
2020-08-24 11:00:05,439 CRITICAL Ending run of the RV Temp Monitor
2020-08-24 11:00:05,439 CRITICAL **

2020-08-24 11:15:02,178 CRITICAL **
2020-08-24 11:15:02,178 CRITICAL Starting the RV Temp Monitor
2020-08-24 11:15:02,178 CRITICAL **
2020-08-24 11:15:02,599 INFO No need to send email, temps are acceptable
2020-08-24 11:15:02,599 INFO 
Garage 72
Main 71
Bedroom 72
Batt V 13.7
Gen State OFF
Hi limit 80
Low limit 60
2020-08-24 11:15:06,228 INFO Gathered temps and emailed to log address :rvlogs@robhome.com
2020-08-24 11:15:06,228 CRITICAL **
2020-08-24 11:15:06,229 CRITICAL Ending run of the RV Temp Monitor
2020-08-24 11:15:06,229 CRITICAL **

2020-08-24 11:30:02,106 CRITICAL **
2020-08-24 11:30:02,107 CRITICAL Starting the RV Temp Monitor
2020-08-24 11:30:02,107 CRITICAL **
2020-08-24 11:30:02,416 INFO No need to send email, temps are acceptable
2020-08-24 11:30:02,416 INFO 
Garage 72
Main 71
Bedroom 72
Batt V 13.7
Gen State OFF
Hi limit 80
Low limit 60
2020-08-24 11:30:06,351 INFO Gathered temps and emailed to log address :rvlogs@robhome.com
2020-08-24 11:30:06,352 CRITICAL **
2020-08-24 11:30:06,352 CRITICAL Ending run of the RV Temp Monitor
2020-08-24 11:30:06,352 CRITICAL **

2020-08-24 11:45:02,109 CRITICAL **
2020-08-24 11:45:02,110 CRITICAL Starting the RV Temp Monitor
2020-08-24 11:45:02,110 CRITICAL **
2020-08-24 11:45:02,476 INFO No need to send email, temps are acceptable
2020-08-24 11:45:02,477 INFO 
Garage 72
Main 72
Bedroom 72
Batt V 13.7
Gen State OFF
Hi limit 80
Low limit 60
2020-08-24 11:50:02,685 ERROR Could not send email
2020-08-24 11:50:02,686 INFO Gathered temps and emailed to log address :rvlogs@robhome.com
2020-08-24 11:50:02,686 CRITICAL **
2020-08-24 11:50:02,686 CRITICAL Ending run of the RV Temp Monitor
2020-08-24 11:50:02,687 CRITICAL **

2020-08-24 12:00:02,438 CRITICAL **
2020-08-24 12:00:02,438 CRITICAL Starting the RV Temp Monitor
2020-08-24 12:00:02,439 CRITICAL **
2020-08-24 12:00:02,801 INFO No need to send email, temps are acceptable
2020-08-24 12:00:02,801 INFO 
Garage 72
Main 72
Bedroom 71
Batt V 13.7
Gen State OFF
Hi limit 80
Low limit 60
2020-08-24 12:00:08,020 INFO Gathered temps and emailed to log address :rvlogs@robhome.com
2020-08-24 12:00:08,020 CRITICAL **
2020-08-24 12:00:08,021 CRITICAL Ending run of the RV Temp Monitor
2020-08-24 12:00:08,021 CRITICAL **

2020-08-24 12:15:01,831 CRITICAL **
2020-08-24 12:15:01,831 CRITICAL Starting the RV Temp Monitor
2020-08-24 12:15:01,831 CRITICAL **
2020-08-24 12:15:02,147 INFO No need to send email, temps are acceptable
2020-08-24 12:15:02,147 INFO 
Garage 73
Main 73
Bedroom 72
Batt V 13.7
Gen State OFF
Hi limit 80
Low limit 60
2020-08-24 12:15:04,999 INFO Gathered temps and emailed to log address :rvlogs@robhome.com
2020-08-24 12:15:04,999 CRITICAL **
2020-08-24 12:15:04,999 CRITICAL Ending run of the RV Temp Monitor
2020-08-24 12:15:05,000 CRITICAL **

2020-08-24 12:30:01,876 CRITICAL **
2020-08-24 12:30:01,877 CRITICAL Starting the RV Temp Monitor
2020-08-24 12:30:01,880 CRITICAL **
2020-08-24 12:30:02,243 INFO No need to send email, temps are acceptable
2020-08-24 12:30:02,243 INFO 
Garage 73
Main 73
Bedroom 71
Batt V 13.7
Gen State OFF
Hi limit 80
Low limit 60
2020-08-24 12:30:05,297 INFO Gathered temps and emailed to log address :rvlogs@robhome.com
2020-08-24 12:30:05,297 CRITICAL **
2020-08-24 12:30:05,298 CRITICAL Ending run of the RV Temp Monitor
2020-08-24 12:30:05,298 CRITICAL **

2020-08-24 12:45:02,042 CRITICAL **
2020-08-24 12:45:02,043 CRITICAL Starting the RV Temp Monitor
2020-08-24 12:45:02,043 CRITICAL **
2020-08-24 12:45:02,404 INFO No need to send email, temps are acceptable
2020-08-24 12:45:02,405 INFO 
Garage 74
Main 74
Bedroom 72
Batt V 13.7
Gen State OFF
Hi limit 80
Low limit 60
2020-08-24 12:45:05,701 INFO Gathered temps and emailed to log address :rvlogs@robhome.com
2020-08-24 12:45:05,701 CRITICAL **
2020-08-24 12:45:05,701 CRITICAL Ending run of the RV Temp Monitor
2020-08-24 12:45:05,702 CRITICAL **

2020-08-24 13:00:02,454 CRITICAL **
2020-08-24 13:00:02,454 CRITICAL Starting the RV Temp Monitor
2020-08-24 13:00:02,454 CRITICAL **
2020-08-24 13:00:02,778 INFO No need to send email, temps are acceptable
2020-08-24 13:00:02,778 INFO 
Garage 73
Main 73
Bedroom 72
Batt V 13.7
Gen State OFF
Hi limit 80
Low limit 60
2020-08-24 13:00:05,675 INFO Gathered temps and emailed to log address :rvlogs@robhome.com
2020-08-24 13:00:05,676 CRITICAL **
2020-08-24 13:00:05,676 CRITICAL Ending run of the RV Temp Monitor
2020-08-24 13:00:05,676 CRITICAL **

2020-08-24 13:15:02,465 CRITICAL **
2020-08-24 13:15:02,465 CRITICAL Starting the RV Temp Monitor
2020-08-24 13:15:02,465 CRITICAL **
2020-08-24 13:15:02,828 INFO No need to send email, temps are acceptable
2020-08-24 13:15:02,828 INFO 
Garage 73
Main 73
Bedroom 72
Batt V 13.7
Gen State OFF
Hi limit 80
Low limit 60
2020-08-24 13:15:06,088 INFO Gathered temps and emailed to log address :rvlogs@robhome.com
2020-08-24 13:15:06,088 CRITICAL **
2020-08-24 13:15:06,088 CRITICAL Ending run of the RV Temp Monitor
2020-08-24 13:15:06,089 CRITICAL **

2020-08-24 13:30:02,028 CRITICAL **
2020-08-24 13:30:02,029 CRITICAL Starting the RV Temp Monitor
2020-08-24 13:30:02,029 CRITICAL **
2020-08-24 13:30:02,359 INFO No need to send email, temps are acceptable
2020-08-24 13:30:02,359 INFO 
Garage 73
Main 74
Bedroom 72
Batt V 13.7
Gen State OFF
Hi limit 80
Low limit 60
2020-08-24 13:30:05,375 INFO Gathered temps and emailed to log address :rvlogs@robhome.com
2020-08-24 13:30:05,375 CRITICAL **
2020-08-24 13:30:05,376 CRITICAL Ending run of the RV Temp Monitor
2020-08-24 13:30:05,376 CRITICAL **

2020-08-24 13:45:02,173 CRITICAL **
2020-08-24 13:45:02,173 CRITICAL Starting the RV Temp Monitor
2020-08-24 13:45:02,173 CRITICAL **
2020-08-24 13:45:02,468 INFO No need to send email, temps are acceptable
2020-08-24 13:45:02,468 INFO 
Garage 73
Main 74
Bedroom 71
Batt V 13.7
Gen State OFF
Hi limit 80
Low limit 60
2020-08-24 13:45:06,101 INFO Gathered temps and emailed to log address :rvlogs@robhome.com
2020-08-24 13:45:06,101 CRITICAL **
2020-08-24 13:45:06,102 CRITICAL Ending run of the RV Temp Monitor
2020-08-24 13:45:06,102 CRITICAL **

2020-08-24 14:00:01,882 CRITICAL **
2020-08-24 14:00:01,882 CRITICAL Starting the RV Temp Monitor
2020-08-24 14:00:01,882 CRITICAL **
2020-08-24 14:00:02,212 INFO No need to send email, temps are acceptable
2020-08-24 14:00:02,212 INFO 
Garage 73
Main 74
Bedroom 72
Batt V 13.7
Gen State OFF
Hi limit 80
Low limit 60
2020-08-24 14:00:04,983 INFO Gathered temps and emailed to log address :rvlogs@robhome.com
2020-08-24 14:00:04,984 CRITICAL **
2020-08-24 14:00:04,984 CRITICAL Ending run of the RV Temp Monitor
2020-08-24 14:00:04,985 CRITICAL **

2020-08-24 14:15:01,786 CRITICAL **
2020-08-24 14:15:01,786 CRITICAL Starting the RV Temp Monitor
2020-08-24 14:15:01,786 CRITICAL **
2020-08-24 14:15:02,114 INFO No need to send email, temps are acceptable
2020-08-24 14:15:02,114 INFO 
Garage 74
Main 75
Bedroom 72
Batt V 13.7
Gen State OFF
Hi limit 80
Low limit 60
2020-08-24 14:15:04,761 INFO Gathered temps and emailed to log address :rvlogs@robhome.com
2020-08-24 14:15:04,761 CRITICAL **
2020-08-24 14:15:04,762 CRITICAL Ending run of the RV Temp Monitor
2020-08-24 14:15:04,762 CRITICAL **

2020-08-24 14:30:01,646 CRITICAL **
2020-08-24 14:30:01,646 CRITICAL Starting the RV Temp Monitor
2020-08-24 14:30:01,646 CRITICAL **
2020-08-24 14:30:01,968 INFO No need to send email, temps are acceptable
2020-08-24 14:30:01,968 INFO 
Garage 73
Main 75
Bedroom 72
Batt V 13.7
Gen State OFF
Hi limit 80
Low limit 60
2020-08-24 14:30:10,856 INFO Gathered temps and emailed to log address :rvlogs@robhome.com
2020-08-24 14:30:10,856 CRITICAL **
2020-08-24 14:30:10,856 CRITICAL Ending run of the RV Temp Monitor
2020-08-24 14:30:10,857 CRITICAL **

2020-08-24 14:45:01,637 CRITICAL **
2020-08-24 14:45:01,638 CRITICAL Starting the RV Temp Monitor
2020-08-24 14:45:01,638 CRITICAL **
2020-08-24 14:45:01,996 INFO No need to send email, temps are acceptable
2020-08-24 14:45:01,996 INFO 
Garage 73
Main 75
Bedroom 72
Batt V 13.7
Gen State OFF
Hi limit 80
Low limit 60
2020-08-24 14:45:04,726 INFO Gathered temps and emailed to log address :rvlogs@robhome.com
2020-08-24 14:45:04,727 CRITICAL **
2020-08-24 14:45:04,727 CRITICAL Ending run of the RV Temp Monitor
2020-08-24 14:45:04,728 CRITICAL **

2020-08-24 15:00:02,537 CRITICAL **
2020-08-24 15:00:02,538 CRITICAL Starting the RV Temp Monitor
2020-08-24 15:00:02,538 CRITICAL **
2020-08-24 15:00:02,864 INFO No need to send email, temps are acceptable
2020-08-24 15:00:02,865 INFO 
Garage 73
Main 75
Bedroom 72
Batt V 13.7
Gen State OFF
Hi limit 80
Low limit 60
2020-08-24 15:00:05,986 INFO Gathered temps and emailed to log address :rvlogs@robhome.com
2020-08-24 15:00:05,987 CRITICAL **
2020-08-24 15:00:05,987 CRITICAL Ending run of the RV Temp Monitor
2020-08-24 15:00:05,987 CRITICAL **

2020-08-24 15:15:01,773 CRITICAL **
2020-08-24 15:15:01,774 CRITICAL Starting the RV Temp Monitor
2020-08-24 15:15:01,774 CRITICAL **
2020-08-24 15:15:02,114 INFO No need to send email, temps are acceptable
2020-08-24 15:15:02,114 INFO 
Garage 73
Main 75
Bedroom 72
Batt V 13.7
Gen State OFF
Hi limit 80
Low limit 60
2020-08-24 15:15:04,932 INFO Gathered temps and emailed to log address :rvlogs@robhome.com
2020-08-24 15:15:04,933 CRITICAL **
2020-08-24 15:15:04,933 CRITICAL Ending run of the RV Temp Monitor
2020-08-24 15:15:04,933 CRITICAL **

2020-08-24 15:30:01,812 CRITICAL **
2020-08-24 15:30:01,812 CRITICAL Starting the RV Temp Monitor
2020-08-24 15:30:01,812 CRITICAL **
2020-08-24 15:30:02,150 INFO No need to send email, temps are acceptable
2020-08-24 15:30:02,150 INFO 
Garage 73
Main 75
Bedroom 73
Batt V 13.7
Gen State OFF
Hi limit 80
Low limit 60
2020-08-24 15:30:06,083 INFO Gathered temps and emailed to log address :rvlogs@robhome.com
2020-08-24 15:30:06,084 CRITICAL **
2020-08-24 15:30:06,084 CRITICAL Ending run of the RV Temp Monitor
2020-08-24 15:30:06,084 CRITICAL **

2020-08-24 15:45:01,876 CRITICAL **
2020-08-24 15:45:01,876 CRITICAL Starting the RV Temp Monitor
2020-08-24 15:45:01,876 CRITICAL **
2020-08-24 15:45:02,214 INFO No need to send email, temps are acceptable
2020-08-24 15:45:02,214 INFO 
Garage 74
Main 76
Bedroom 72
Batt V 13.7
Gen State OFF
Hi limit 80
Low limit 60
2020-08-24 15:45:04,995 INFO Gathered temps and emailed to log address :rvlogs@robhome.com
2020-08-24 15:45:04,996 CRITICAL **
2020-08-24 15:45:04,996 CRITICAL Ending run of the RV Temp Monitor
2020-08-24 15:45:04,996 CRITICAL **

2020-08-24 16:00:01,763 CRITICAL **
2020-08-24 16:00:01,763 CRITICAL Starting the RV Temp Monitor
2020-08-24 16:00:01,763 CRITICAL **
2020-08-24 16:00:02,160 INFO No need to send email, temps are acceptable
2020-08-24 16:00:02,160 INFO 
Garage 73
Main 76
Bedroom 72
Batt V 13.7
Gen State OFF
Hi limit 80
Low limit 60
2020-08-24 16:00:06,492 INFO Gathered temps and emailed to log address :rvlogs@robhome.com
2020-08-24 16:00:06,496 CRITICAL **
2020-08-24 16:00:06,496 CRITICAL Ending run of the RV Temp Monitor
2020-08-24 16:00:06,496 CRITICAL **

2020-08-24 16:15:02,302 CRITICAL **
2020-08-24 16:15:02,302 CRITICAL Starting the RV Temp Monitor
2020-08-24 16:15:02,302 CRITICAL **
2020-08-24 16:15:02,665 INFO No need to send email, temps are acceptable
2020-08-24 16:15:02,665 INFO 
Garage 73
Main 76
Bedroom 72
Batt V 13.7
Gen State OFF
Hi limit 80
Low limit 60
2020-08-24 16:15:07,764 INFO Gathered temps and emailed to log address :rvlogs@robhome.com
2020-08-24 16:15:07,765 CRITICAL **
2020-08-24 16:15:07,765 CRITICAL Ending run of the RV Temp Monitor
2020-08-24 16:15:07,765 CRITICAL **

2020-08-24 16:30:01,651 CRITICAL **
2020-08-24 16:30:01,652 CRITICAL Starting the RV Temp Monitor
2020-08-24 16:30:01,653 CRITICAL **
2020-08-24 16:30:01,995 INFO No need to send email, temps are acceptable
2020-08-24 16:30:01,995 INFO 
Garage 73
Main 76
Bedroom 73
Batt V 13.7
Gen State OFF
Hi limit 80
Low limit 60
2020-08-24 16:30:06,976 INFO Gathered temps and emailed to log address :rvlogs@robhome.com
2020-08-24 16:30:06,977 CRITICAL **
2020-08-24 16:30:06,977 CRITICAL Ending run of the RV Temp Monitor
2020-08-24 16:30:06,977 CRITICAL **

2020-08-24 16:45:01,744 CRITICAL **
2020-08-24 16:45:01,744 CRITICAL Starting the RV Temp Monitor
2020-08-24 16:45:01,745 CRITICAL **
2020-08-24 16:45:02,062 INFO No need to send email, temps are acceptable
2020-08-24 16:45:02,062 INFO 
Garage 73
Main 76
Bedroom 72
Batt V 13.7
Gen State OFF
Hi limit 80
Low limit 60
2020-08-24 16:45:04,768 INFO Gathered temps and emailed to log address :rvlogs@robhome.com
2020-08-24 16:45:04,769 CRITICAL **
2020-08-24 16:45:04,769 CRITICAL Ending run of the RV Temp Monitor
2020-08-24 16:45:04,769 CRITICAL **

2020-08-24 17:00:02,547 CRITICAL **
2020-08-24 17:00:02,547 CRITICAL Starting the RV Temp Monitor
2020-08-24 17:00:02,547 CRITICAL **
2020-08-24 17:00:02,848 INFO No need to send email, temps are acceptable
2020-08-24 17:00:02,848 INFO 
Garage 73
Main 77
Bedroom 72
Batt V 13.7
Gen State OFF
Hi limit 80
Low limit 60
2020-08-24 17:00:06,005 INFO Gathered temps and emailed to log address :rvlogs@robhome.com
2020-08-24 17:00:06,005 CRITICAL **
2020-08-24 17:00:06,006 CRITICAL Ending run of the RV Temp Monitor
2020-08-24 17:00:06,006 CRITICAL **

2020-08-24 17:15:01,772 CRITICAL **
2020-08-24 17:15:01,772 CRITICAL Starting the RV Temp Monitor
2020-08-24 17:15:01,772 CRITICAL **
2020-08-24 17:15:02,112 INFO No need to send email, temps are acceptable
2020-08-24 17:15:02,112 INFO 
Garage 73
Main 77
Bedroom 72
Batt V 13.7
Gen State OFF
Hi limit 80
Low limit 60
2020-08-24 17:15:05,051 INFO Gathered temps and emailed to log address :rvlogs@robhome.com
2020-08-24 17:15:05,052 CRITICAL **
2020-08-24 17:15:05,052 CRITICAL Ending run of the RV Temp Monitor
2020-08-24 17:15:05,052 CRITICAL **

2020-08-24 17:30:01,939 CRITICAL **
2020-08-24 17:30:01,939 CRITICAL Starting the RV Temp Monitor
2020-08-24 17:30:01,939 CRITICAL **
2020-08-24 17:30:02,273 INFO No need to send email, temps are acceptable
2020-08-24 17:30:02,273 INFO 
Garage 73
Main 77
Bedroom 72
Batt V 13.7
Gen State OFF
Hi limit 80
Low limit 60
2020-08-24 17:30:04,858 INFO Gathered temps and emailed to log address :rvlogs@robhome.com
2020-08-24 17:30:04,859 CRITICAL **
2020-08-24 17:30:04,859 CRITICAL Ending run of the RV Temp Monitor
2020-08-24 17:30:04,859 CRITICAL **

2020-08-24 17:45:01,650 CRITICAL **
2020-08-24 17:45:01,651 CRITICAL Starting the RV Temp Monitor
2020-08-24 17:45:01,655 CRITICAL **
2020-08-24 17:45:01,961 INFO No need to send email, temps are acceptable
2020-08-24 17:45:01,961 INFO 
Garage 73
Main 77
Bedroom 73
Batt V 13.7
Gen State OFF
Hi limit 80
Low limit 60
2020-08-24 17:45:07,296 INFO Gathered temps and emailed to log address :rvlogs@robhome.com
2020-08-24 17:45:07,297 CRITICAL **
2020-08-24 17:45:07,297 CRITICAL Ending run of the RV Temp Monitor
2020-08-24 17:45:07,297 CRITICAL **

2020-08-24 18:00:02,070 CRITICAL **
2020-08-24 18:00:02,071 CRITICAL Starting the RV Temp Monitor
2020-08-24 18:00:02,075 CRITICAL **
2020-08-24 18:00:02,378 INFO No need to send email, temps are acceptable
2020-08-24 18:00:02,378 INFO 
Garage 73
Main 77
Bedroom 72
Batt V 13.7
Gen State OFF
Hi limit 80
Low limit 60
2020-08-24 18:00:06,579 INFO Gathered temps and emailed to log address :rvlogs@robhome.com
2020-08-24 18:00:06,579 CRITICAL **
2020-08-24 18:00:06,584 CRITICAL Ending run of the RV Temp Monitor
2020-08-24 18:00:06,584 CRITICAL **

2020-08-24 18:15:02,359 CRITICAL **
2020-08-24 18:15:02,359 CRITICAL Starting the RV Temp Monitor
2020-08-24 18:15:02,359 CRITICAL **
2020-08-24 18:15:02,737 INFO No need to send email, temps are acceptable
2020-08-24 18:15:02,737 INFO 
Garage 73
Main 76
Bedroom 72
Batt V 13.7
Gen State OFF
Hi limit 80
Low limit 60
2020-08-24 18:15:05,511 INFO Gathered temps and emailed to log address :rvlogs@robhome.com
2020-08-24 18:15:05,511 CRITICAL **
2020-08-24 18:15:05,512 CRITICAL Ending run of the RV Temp Monitor
2020-08-24 18:15:05,512 CRITICAL **

2020-08-24 18:30:02,376 CRITICAL **
2020-08-24 18:30:02,377 CRITICAL Starting the RV Temp Monitor
2020-08-24 18:30:02,377 CRITICAL **
2020-08-24 18:30:02,720 INFO No need to send email, temps are acceptable
2020-08-24 18:30:02,720 INFO 
Garage 73
Main 75
Bedroom 72
Batt V 13.7
Gen State OFF
Hi limit 80
Low limit 60
2020-08-24 18:30:05,896 INFO Gathered temps and emailed to log address :rvlogs@robhome.com
2020-08-24 18:30:05,897 CRITICAL **
2020-08-24 18:30:05,897 CRITICAL Ending run of the RV Temp Monitor
2020-08-24 18:30:05,897 CRITICAL **

2020-08-24 18:45:01,661 CRITICAL **
2020-08-24 18:45:01,661 CRITICAL Starting the RV Temp Monitor
2020-08-24 18:45:01,661 CRITICAL **
2020-08-24 18:45:01,967 INFO No need to send email, temps are acceptable
2020-08-24 18:45:01,967 INFO 
Garage 74
Main 76
Bedroom 72
Batt V 13.7
Gen State OFF
Hi limit 80
Low limit 60
2020-08-24 18:45:05,074 INFO Gathered temps and emailed to log address :rvlogs@robhome.com
2020-08-24 18:45:05,075 CRITICAL **
2020-08-24 18:45:05,075 CRITICAL Ending run of the RV Temp Monitor
2020-08-24 18:45:05,075 CRITICAL **

2020-08-24 19:00:01,854 CRITICAL **
2020-08-24 19:00:01,854 CRITICAL Starting the RV Temp Monitor
2020-08-24 19:00:01,855 CRITICAL **
2020-08-24 19:00:02,200 INFO No need to send email, temps are acceptable
2020-08-24 19:00:02,201 INFO 
Garage 73
Main 75
Bedroom 72
Batt V 13.7
Gen State OFF
Hi limit 80
Low limit 60
2020-08-24 19:00:05,652 INFO Gathered temps and emailed to log address :rvlogs@robhome.com
2020-08-24 19:00:05,653 CRITICAL **
2020-08-24 19:00:05,653 CRITICAL Ending run of the RV Temp Monitor
2020-08-24 19:00:05,654 CRITICAL **

2020-08-24 19:15:02,402 CRITICAL **
2020-08-24 19:15:02,402 CRITICAL Starting the RV Temp Monitor
2020-08-24 19:15:02,402 CRITICAL **
2020-08-24 19:15:02,773 INFO No need to send email, temps are acceptable
2020-08-24 19:15:02,773 INFO 
Garage 73
Main 74
Bedroom 71
Batt V 13.7
Gen State OFF
Hi limit 80
Low limit 60
2020-08-24 19:15:29,028 INFO Gathered temps and emailed to log address :rvlogs@robhome.com
2020-08-24 19:15:29,028 CRITICAL **
2020-08-24 19:15:29,029 CRITICAL Ending run of the RV Temp Monitor
2020-08-24 19:15:29,030 CRITICAL **

2020-08-24 19:30:03,485 CRITICAL **
2020-08-24 19:30:03,485 CRITICAL Starting the RV Temp Monitor
2020-08-24 19:30:03,486 CRITICAL **
2020-08-24 19:30:03,898 INFO No need to send email, temps are acceptable
2020-08-24 19:30:03,899 INFO 
Garage 73
Main 75
Bedroom 72
Batt V 13.7
Gen State OFF
Hi limit 80
Low limit 60
2020-08-24 19:30:06,448 INFO Gathered temps and emailed to log address :rvlogs@robhome.com
2020-08-24 19:30:06,449 CRITICAL **
2020-08-24 19:30:06,450 CRITICAL Ending run of the RV Temp Monitor
2020-08-24 19:30:06,450 CRITICAL **

2020-08-24 19:45:02,917 CRITICAL **
2020-08-24 19:45:02,918 CRITICAL Starting the RV Temp Monitor
2020-08-24 19:45:02,918 CRITICAL **
2020-08-24 19:45:03,321 INFO No need to send email, temps are acceptable
2020-08-24 19:45:03,321 INFO 
Garage 73
Main 74
Bedroom 71
Batt V 13.7
Gen State OFF
Hi limit 80
Low limit 60
2020-08-24 19:45:06,725 INFO Gathered temps and emailed to log address :rvlogs@robhome.com
2020-08-24 19:45:06,726 CRITICAL **
2020-08-24 19:45:06,730 CRITICAL Ending run of the RV Temp Monitor
2020-08-24 19:45:06,731 CRITICAL **

2020-08-24 20:00:03,201 CRITICAL **
2020-08-24 20:00:03,201 CRITICAL Starting the RV Temp Monitor
2020-08-24 20:00:03,202 CRITICAL **
2020-08-24 20:00:03,622 INFO No need to send email, temps are acceptable
2020-08-24 20:00:03,623 INFO 
Garage 73
Main 74
Bedroom 72
Batt V 13.7
Gen State OFF
Hi limit 80
Low limit 60
2020-08-24 20:00:06,722 INFO Gathered temps and emailed to log address :rvlogs@robhome.com
2020-08-24 20:00:06,723 CRITICAL **
2020-08-24 20:00:06,723 CRITICAL Ending run of the RV Temp Monitor
2020-08-24 20:00:06,723 CRITICAL **

2020-08-24 20:15:03,202 CRITICAL **
2020-08-24 20:15:03,203 CRITICAL Starting the RV Temp Monitor
2020-08-24 20:15:03,203 CRITICAL **
2020-08-24 20:15:03,573 INFO No need to send email, temps are acceptable
2020-08-24 20:15:03,574 INFO 
Garage 73
Main 73
Bedroom 72
Batt V 13.7
Gen State OFF
Hi limit 80
Low limit 60
2020-08-24 20:15:06,707 INFO Gathered temps and emailed to log address :rvlogs@robhome.com
2020-08-24 20:15:06,708 CRITICAL **
2020-08-24 20:15:06,708 CRITICAL Ending run of the RV Temp Monitor
2020-08-24 20:15:06,708 CRITICAL **

2020-08-24 20:30:02,303 CRITICAL **
2020-08-24 20:30:02,304 CRITICAL Starting the RV Temp Monitor
2020-08-24 20:30:02,304 CRITICAL **
2020-08-24 20:30:02,671 INFO No need to send email, temps are acceptable
2020-08-24 20:30:02,671 INFO 
Garage 73
Main 74
Bedroom 72
Batt V 13.7
Gen State OFF
Hi limit 80
Low limit 60
2020-08-24 20:30:05,566 INFO Gathered temps and emailed to log address :rvlogs@robhome.com
2020-08-24 20:30:05,567 CRITICAL **
2020-08-24 20:30:05,567 CRITICAL Ending run of the RV Temp Monitor
2020-08-24 20:30:05,567 CRITICAL **

2020-08-24 20:45:03,033 CRITICAL **
2020-08-24 20:45:03,033 CRITICAL Starting the RV Temp Monitor
2020-08-24 20:45:03,034 CRITICAL **
2020-08-24 20:45:03,483 INFO No need to send email, temps are acceptable
2020-08-24 20:45:03,484 INFO 
Garage 74
Main 74
Bedroom 72
Batt V 13.7
Gen State OFF
Hi limit 80
Low limit 60
2020-08-24 20:45:06,678 INFO Gathered temps and emailed to log address :rvlogs@robhome.com
2020-08-24 20:45:06,679 CRITICAL **
2020-08-24 20:45:06,679 CRITICAL Ending run of the RV Temp Monitor
2020-08-24 20:45:06,679 CRITICAL **

2020-08-24 21:00:03,137 CRITICAL **
2020-08-24 21:00:03,138 CRITICAL Starting the RV Temp Monitor
2020-08-24 21:00:03,138 CRITICAL **
2020-08-24 21:00:03,507 INFO No need to send email, temps are acceptable
2020-08-24 21:00:03,508 INFO 
Garage 74
Main 73
Bedroom 72
Batt V 13.7
Gen State OFF
Hi limit 80
Low limit 60
2020-08-24 21:00:06,164 INFO Gathered temps and emailed to log address :rvlogs@robhome.com
2020-08-24 21:00:06,164 CRITICAL **
2020-08-24 21:00:06,165 CRITICAL Ending run of the RV Temp Monitor
2020-08-24 21:00:06,165 CRITICAL **

2020-08-24 21:30:03,365 CRITICAL **
2020-08-24 21:30:03,366 CRITICAL Starting the RV Temp Monitor
2020-08-24 21:30:03,367 CRITICAL **
2020-08-24 21:30:03,842 INFO No need to send email, temps are acceptable
2020-08-24 21:30:03,843 INFO 
Garage 73
Main 73
Bedroom 72
Batt V 13.7
Gen State OFF
Hi limit 80
Low limit 60
2020-08-24 21:30:07,586 INFO Gathered temps and emailed to log address :rvlogs@robhome.com
2020-08-24 21:30:07,587 CRITICAL **
2020-08-24 21:30:07,587 CRITICAL Ending run of the RV Temp Monitor
2020-08-24 21:30:07,587 CRITICAL **

2020-08-24 21:45:03,055 CRITICAL **
2020-08-24 21:45:03,057 CRITICAL Starting the RV Temp Monitor
2020-08-24 21:45:03,058 CRITICAL **
2020-08-24 21:45:03,463 INFO No need to send email, temps are acceptable
2020-08-24 21:45:03,463 INFO 
Garage 73
Main 74
Bedroom 72
Batt V 13.7
Gen State OFF
Hi limit 80
Low limit 60
2020-08-24 21:45:06,466 INFO Gathered temps and emailed to log address :rvlogs@robhome.com
2020-08-24 21:45:06,467 CRITICAL **
2020-08-24 21:45:06,467 CRITICAL Ending run of the RV Temp Monitor
2020-08-24 21:45:06,467 CRITICAL **

2020-08-24 22:00:02,924 CRITICAL **
2020-08-24 22:00:02,925 CRITICAL Starting the RV Temp Monitor
2020-08-24 22:00:02,925 CRITICAL **
2020-08-24 22:00:03,283 INFO No need to send email, temps are acceptable
2020-08-24 22:00:03,283 INFO 
Garage 73
Main 74
Bedroom 71
Batt V 13.7
Gen State OFF
Hi limit 80
Low limit 60
2020-08-24 22:00:06,476 INFO Gathered temps and emailed to log address :rvlogs@robhome.com
2020-08-24 22:00:06,476 CRITICAL **
2020-08-24 22:00:06,477 CRITICAL Ending run of the RV Temp Monitor
2020-08-24 22:00:06,477 CRITICAL **

2020-08-24 22:15:02,935 CRITICAL **
2020-08-24 22:15:02,936 CRITICAL Starting the RV Temp Monitor
2020-08-24 22:15:02,936 CRITICAL **
2020-08-24 22:15:03,276 INFO No need to send email, temps are acceptable
2020-08-24 22:15:03,277 INFO 
Garage 73
Main 74
Bedroom 71
Batt V 13.7
Gen State OFF
Hi limit 80
Low limit 60
2020-08-24 22:15:07,667 INFO Gathered temps and emailed to log address :rvlogs@robhome.com
2020-08-24 22:15:07,668 CRITICAL **
2020-08-24 22:15:07,670 CRITICAL Ending run of the RV Temp Monitor
2020-08-24 22:15:07,671 CRITICAL **

2020-08-24 22:30:03,245 CRITICAL **
2020-08-24 22:30:03,246 CRITICAL Starting the RV Temp Monitor
2020-08-24 22:30:03,246 CRITICAL **
2020-08-24 22:30:03,613 INFO No need to send email, temps are acceptable
2020-08-24 22:30:03,614 INFO 
Garage 73
Main 74
Bedroom 72
Batt V 13.7
Gen State OFF
Hi limit 80
Low limit 60
2020-08-24 22:30:07,790 INFO Gathered temps and emailed to log address :rvlogs@robhome.com
2020-08-24 22:30:07,791 CRITICAL **
2020-08-24 22:30:07,791 CRITICAL Ending run of the RV Temp Monitor
2020-08-24 22:30:07,791 CRITICAL **

2020-08-24 22:45:03,239 CRITICAL **
2020-08-24 22:45:03,240 CRITICAL Starting the RV Temp Monitor
2020-08-24 22:45:03,240 CRITICAL **
2020-08-24 22:45:03,669 INFO No need to send email, temps are acceptable
2020-08-24 22:45:03,670 INFO 
Garage 73
Main 74
Bedroom 72
Batt V 13.7
Gen State OFF
Hi limit 80
Low limit 60
2020-08-24 22:45:06,627 INFO Gathered temps and emailed to log address :rvlogs@robhome.com
2020-08-24 22:45:06,627 CRITICAL **
2020-08-24 22:45:06,628 CRITICAL Ending run of the RV Temp Monitor
2020-08-24 22:45:06,628 CRITICAL **

2020-08-24 23:00:03,088 CRITICAL **
2020-08-24 23:00:03,089 CRITICAL Starting the RV Temp Monitor
2020-08-24 23:00:03,089 CRITICAL **
2020-08-24 23:00:03,452 INFO No need to send email, temps are acceptable
2020-08-24 23:00:03,453 INFO 
Garage 73
Main 74
Bedroom 72
Batt V 13.7
Gen State OFF
Hi limit 80
Low limit 60
2020-08-24 23:00:06,978 INFO Gathered temps and emailed to log address :rvlogs@robhome.com
2020-08-24 23:00:06,979 CRITICAL **
2020-08-24 23:00:06,982 CRITICAL Ending run of the RV Temp Monitor
2020-08-24 23:00:06,982 CRITICAL **

2020-08-24 23:15:02,435 CRITICAL **
2020-08-24 23:15:02,436 CRITICAL Starting the RV Temp Monitor
2020-08-24 23:15:02,436 CRITICAL **
2020-08-24 23:15:02,840 INFO No need to send email, temps are acceptable
2020-08-24 23:15:02,841 INFO 
Garage 73
Main 74
Bedroom 72
Batt V 13.7
Gen State OFF
Hi limit 80
Low limit 60
2020-08-24 23:15:05,985 INFO Gathered temps and emailed to log address :rvlogs@robhome.com
2020-08-24 23:15:05,986 CRITICAL **
2020-08-24 23:15:05,986 CRITICAL Ending run of the RV Temp Monitor
2020-08-24 23:15:05,987 CRITICAL **

2020-08-24 23:30:02,563 CRITICAL **
2020-08-24 23:30:02,563 CRITICAL Starting the RV Temp Monitor
2020-08-24 23:30:02,564 CRITICAL **
2020-08-24 23:30:02,965 INFO No need to send email, temps are acceptable
2020-08-24 23:30:02,965 INFO 
Garage 73
Main 73
Bedroom 72
Batt V 13.7
Gen State OFF
Hi limit 80
Low limit 60
2020-08-24 23:30:05,730 INFO Gathered temps and emailed to log address :rvlogs@robhome.com
2020-08-24 23:30:05,731 CRITICAL **
2020-08-24 23:30:05,731 CRITICAL Ending run of the RV Temp Monitor
2020-08-24 23:30:05,731 CRITICAL **

2020-08-24 23:45:03,182 CRITICAL **
2020-08-24 23:45:03,183 CRITICAL Starting the RV Temp Monitor
2020-08-24 23:45:03,183 CRITICAL **
2020-08-24 23:45:03,562 INFO No need to send email, temps are acceptable
2020-08-24 23:45:03,562 INFO 
Garage 73
Main 73
Bedroom 71
Batt V 13.7
Gen State OFF
Hi limit 80
Low limit 60
2020-08-24 23:45:06,608 INFO Gathered temps and emailed to log address :rvlogs@robhome.com
2020-08-24 23:45:06,609 CRITICAL **
2020-08-24 23:45:06,609 CRITICAL Ending run of the RV Temp Monitor
2020-08-24 23:45:06,609 CRITICAL **

