2020-08-29 00:00:02,703 CRITICAL **
2020-08-29 00:00:02,704 CRITICAL Starting the RV Temp Monitor
2020-08-29 00:00:02,704 CRITICAL **
2020-08-29 00:00:03,161 INFO No need to send email, temps are acceptable
2020-08-29 00:00:03,161 INFO 
Garage 71
Main 71
Bedroom 72
Batt V 13.4
Gen State OFF
Hi limit 80
Low limit 60
2020-08-29 00:00:05,973 INFO Gathered temps and emailed to log address :rvlogs@robhome.com
2020-08-29 00:00:05,974 CRITICAL **
2020-08-29 00:00:05,974 CRITICAL Ending run of the RV Temp Monitor
2020-08-29 00:00:05,974 CRITICAL **

2020-08-29 00:15:02,543 CRITICAL **
2020-08-29 00:15:02,544 CRITICAL Starting the RV Temp Monitor
2020-08-29 00:15:02,544 CRITICAL **
2020-08-29 00:15:02,994 INFO No need to send email, temps are acceptable
2020-08-29 00:15:02,995 INFO 
Garage 70
Main 70
Bedroom 72
Batt V 13.4
Gen State OFF
Hi limit 80
Low limit 60
2020-08-29 00:15:07,477 INFO Gathered temps and emailed to log address :rvlogs@robhome.com
2020-08-29 00:15:07,478 CRITICAL **
2020-08-29 00:15:07,478 CRITICAL Ending run of the RV Temp Monitor
2020-08-29 00:15:07,479 CRITICAL **

2020-08-29 00:30:03,080 CRITICAL **
2020-08-29 00:30:03,081 CRITICAL Starting the RV Temp Monitor
2020-08-29 00:30:03,081 CRITICAL **
2020-08-29 00:30:03,471 INFO No need to send email, temps are acceptable
2020-08-29 00:30:03,472 INFO 
Garage 70
Main 70
Bedroom 72
Batt V 13.4
Gen State OFF
Hi limit 80
Low limit 60
2020-08-29 00:30:06,686 INFO Gathered temps and emailed to log address :rvlogs@robhome.com
2020-08-29 00:30:06,687 CRITICAL **
2020-08-29 00:30:06,688 CRITICAL Ending run of the RV Temp Monitor
2020-08-29 00:30:06,688 CRITICAL **

2020-08-29 00:45:03,154 CRITICAL **
2020-08-29 00:45:03,155 CRITICAL Starting the RV Temp Monitor
2020-08-29 00:45:03,155 CRITICAL **
2020-08-29 00:45:03,564 INFO No need to send email, temps are acceptable
2020-08-29 00:45:03,564 INFO 
Garage 69
Main 70
Bedroom 72
Batt V 13.4
Gen State OFF
Hi limit 80
Low limit 60
2020-08-29 00:45:05,614 INFO Gathered temps and emailed to log address :rvlogs@robhome.com
2020-08-29 00:45:05,615 CRITICAL **
2020-08-29 00:45:05,615 CRITICAL Ending run of the RV Temp Monitor
2020-08-29 00:45:05,615 CRITICAL **

2020-08-29 01:00:03,082 CRITICAL **
2020-08-29 01:00:03,082 CRITICAL Starting the RV Temp Monitor
2020-08-29 01:00:03,083 CRITICAL **
2020-08-29 01:00:03,443 INFO No need to send email, temps are acceptable
2020-08-29 01:00:03,444 INFO 
Garage 69
Main 69
Bedroom 72
Batt V 13.4
Gen State OFF
Hi limit 80
Low limit 60
2020-08-29 01:00:06,136 INFO Gathered temps and emailed to log address :rvlogs@robhome.com
2020-08-29 01:00:06,137 CRITICAL **
2020-08-29 01:00:06,137 CRITICAL Ending run of the RV Temp Monitor
2020-08-29 01:00:06,137 CRITICAL **

2020-08-29 01:15:02,611 CRITICAL **
2020-08-29 01:15:02,612 CRITICAL Starting the RV Temp Monitor
2020-08-29 01:15:02,612 CRITICAL **
2020-08-29 01:15:03,040 INFO No need to send email, temps are acceptable
2020-08-29 01:15:03,040 INFO 
Garage 68
Main 69
Bedroom 72
Batt V 13.4
Gen State OFF
Hi limit 80
Low limit 60
2020-08-29 01:15:05,057 INFO Gathered temps and emailed to log address :rvlogs@robhome.com
2020-08-29 01:15:05,057 CRITICAL **
2020-08-29 01:15:05,058 CRITICAL Ending run of the RV Temp Monitor
2020-08-29 01:15:05,058 CRITICAL **

2020-08-29 01:30:02,759 CRITICAL **
2020-08-29 01:30:02,759 CRITICAL Starting the RV Temp Monitor
2020-08-29 01:30:02,760 CRITICAL **
2020-08-29 01:30:03,164 INFO No need to send email, temps are acceptable
2020-08-29 01:30:03,164 INFO 
Garage 68
Main 69
Bedroom 71
Batt V 13.4
Gen State OFF
Hi limit 80
Low limit 60
2020-08-29 01:30:05,697 INFO Gathered temps and emailed to log address :rvlogs@robhome.com
2020-08-29 01:30:05,698 CRITICAL **
2020-08-29 01:30:05,698 CRITICAL Ending run of the RV Temp Monitor
2020-08-29 01:30:05,698 CRITICAL **

2020-08-29 01:45:03,174 CRITICAL **
2020-08-29 01:45:03,175 CRITICAL Starting the RV Temp Monitor
2020-08-29 01:45:03,176 CRITICAL **
2020-08-29 01:45:03,548 INFO No need to send email, temps are acceptable
2020-08-29 01:45:03,551 INFO 
Garage 68
Main 68
Bedroom 71
Batt V 13.4
Gen State OFF
Hi limit 80
Low limit 60
2020-08-29 01:45:06,026 INFO Gathered temps and emailed to log address :rvlogs@robhome.com
2020-08-29 01:45:06,027 CRITICAL **
2020-08-29 01:45:06,027 CRITICAL Ending run of the RV Temp Monitor
2020-08-29 01:45:06,027 CRITICAL **

2020-08-29 02:00:02,489 CRITICAL **
2020-08-29 02:00:02,489 CRITICAL Starting the RV Temp Monitor
2020-08-29 02:00:02,490 CRITICAL **
2020-08-29 02:00:02,876 INFO No need to send email, temps are acceptable
2020-08-29 02:00:02,876 INFO 
Garage 67
Main 68
Bedroom 71
Batt V 13.4
Gen State OFF
Hi limit 80
Low limit 60
2020-08-29 02:00:05,156 INFO Gathered temps and emailed to log address :rvlogs@robhome.com
2020-08-29 02:00:05,156 CRITICAL **
2020-08-29 02:00:05,156 CRITICAL Ending run of the RV Temp Monitor
2020-08-29 02:00:05,157 CRITICAL **

2020-08-29 02:15:02,721 CRITICAL **
2020-08-29 02:15:02,723 CRITICAL Starting the RV Temp Monitor
2020-08-29 02:15:02,724 CRITICAL **
2020-08-29 02:15:03,112 INFO No need to send email, temps are acceptable
2020-08-29 02:15:03,113 INFO 
Garage 67
Main 68
Bedroom 71
Batt V 13.4
Gen State OFF
Hi limit 80
Low limit 60
2020-08-29 02:15:05,428 INFO Gathered temps and emailed to log address :rvlogs@robhome.com
2020-08-29 02:15:05,428 CRITICAL **
2020-08-29 02:15:05,428 CRITICAL Ending run of the RV Temp Monitor
2020-08-29 02:15:05,429 CRITICAL **

2020-08-29 02:30:03,235 CRITICAL **
2020-08-29 02:30:03,236 CRITICAL Starting the RV Temp Monitor
2020-08-29 02:30:03,237 CRITICAL **
2020-08-29 02:30:03,603 INFO No need to send email, temps are acceptable
2020-08-29 02:30:03,604 INFO 
Garage 67
Main 67
Bedroom 71
Batt V 13.4
Gen State OFF
Hi limit 80
Low limit 60
2020-08-29 02:30:09,616 INFO Gathered temps and emailed to log address :rvlogs@robhome.com
2020-08-29 02:30:09,617 CRITICAL **
2020-08-29 02:30:09,617 CRITICAL Ending run of the RV Temp Monitor
2020-08-29 02:30:09,617 CRITICAL **

2020-08-29 02:45:03,270 CRITICAL **
2020-08-29 02:45:03,275 CRITICAL Starting the RV Temp Monitor
2020-08-29 02:45:03,281 CRITICAL **
2020-08-29 02:45:03,736 INFO No need to send email, temps are acceptable
2020-08-29 02:45:03,736 INFO 
Garage 66
Main 67
Bedroom 71
Batt V 13.4
Gen State OFF
Hi limit 80
Low limit 60
2020-08-29 02:45:06,215 INFO Gathered temps and emailed to log address :rvlogs@robhome.com
2020-08-29 02:45:06,216 CRITICAL **
2020-08-29 02:45:06,216 CRITICAL Ending run of the RV Temp Monitor
2020-08-29 02:45:06,217 CRITICAL **

2020-08-29 03:00:02,898 CRITICAL **
2020-08-29 03:00:02,903 CRITICAL Starting the RV Temp Monitor
2020-08-29 03:00:02,904 CRITICAL **
2020-08-29 03:00:03,293 INFO No need to send email, temps are acceptable
2020-08-29 03:00:03,294 INFO 
Garage 66
Main 67
Bedroom 70
Batt V 13.4
Gen State OFF
Hi limit 80
Low limit 60
2020-08-29 03:00:05,582 INFO Gathered temps and emailed to log address :rvlogs@robhome.com
2020-08-29 03:00:05,583 CRITICAL **
2020-08-29 03:00:05,586 CRITICAL Ending run of the RV Temp Monitor
2020-08-29 03:00:05,587 CRITICAL **

2020-08-29 03:15:03,314 CRITICAL **
2020-08-29 03:15:03,317 CRITICAL Starting the RV Temp Monitor
2020-08-29 03:15:03,318 CRITICAL **
2020-08-29 03:15:03,729 INFO No need to send email, temps are acceptable
2020-08-29 03:15:03,730 INFO 
Garage 66
Main 67
Bedroom 70
Batt V 13.4
Gen State OFF
Hi limit 80
Low limit 60
2020-08-29 03:15:06,327 INFO Gathered temps and emailed to log address :rvlogs@robhome.com
2020-08-29 03:15:06,328 CRITICAL **
2020-08-29 03:15:06,328 CRITICAL Ending run of the RV Temp Monitor
2020-08-29 03:15:06,329 CRITICAL **

2020-08-29 03:30:03,133 CRITICAL **
2020-08-29 03:30:03,138 CRITICAL Starting the RV Temp Monitor
2020-08-29 03:30:03,138 CRITICAL **
2020-08-29 03:30:03,540 INFO No need to send email, temps are acceptable
2020-08-29 03:30:03,541 INFO 
Garage 66
Main 66
Bedroom 70
Batt V 13.4
Gen State OFF
Hi limit 80
Low limit 60
2020-08-29 03:30:06,021 INFO Gathered temps and emailed to log address :rvlogs@robhome.com
2020-08-29 03:30:06,139 CRITICAL **
2020-08-29 03:30:06,139 CRITICAL Ending run of the RV Temp Monitor
2020-08-29 03:30:06,140 CRITICAL **

2020-08-29 03:45:02,749 CRITICAL **
2020-08-29 03:45:02,754 CRITICAL Starting the RV Temp Monitor
2020-08-29 03:45:02,756 CRITICAL **
2020-08-29 03:45:03,165 INFO No need to send email, temps are acceptable
2020-08-29 03:45:03,166 INFO 
Garage 65
Main 66
Bedroom 70
Batt V 13.4
Gen State OFF
Hi limit 80
Low limit 60
2020-08-29 03:45:05,945 INFO Gathered temps and emailed to log address :rvlogs@robhome.com
2020-08-29 03:45:05,945 CRITICAL **
2020-08-29 03:45:05,946 CRITICAL Ending run of the RV Temp Monitor
2020-08-29 03:45:05,946 CRITICAL **

2020-08-29 04:00:02,486 CRITICAL **
2020-08-29 04:00:02,490 CRITICAL Starting the RV Temp Monitor
2020-08-29 04:00:02,491 CRITICAL **
2020-08-29 04:00:02,903 INFO No need to send email, temps are acceptable
2020-08-29 04:00:02,904 INFO 
Garage 65
Main 66
Bedroom 70
Batt V 13.4
Gen State OFF
Hi limit 80
Low limit 60
2020-08-29 04:00:05,784 INFO Gathered temps and emailed to log address :rvlogs@robhome.com
2020-08-29 04:00:05,784 CRITICAL **
2020-08-29 04:00:05,784 CRITICAL Ending run of the RV Temp Monitor
2020-08-29 04:00:05,785 CRITICAL **

2020-08-29 04:15:03,378 CRITICAL **
2020-08-29 04:15:03,380 CRITICAL Starting the RV Temp Monitor
2020-08-29 04:15:03,381 CRITICAL **
2020-08-29 04:15:03,808 INFO No need to send email, temps are acceptable
2020-08-29 04:15:03,808 INFO 
Garage 65
Main 66
Bedroom 69
Batt V 13.4
Gen State OFF
Hi limit 80
Low limit 60
2020-08-29 04:15:07,149 INFO Gathered temps and emailed to log address :rvlogs@robhome.com
2020-08-29 04:15:07,150 CRITICAL **
2020-08-29 04:15:07,150 CRITICAL Ending run of the RV Temp Monitor
2020-08-29 04:15:07,150 CRITICAL **

2020-08-29 04:30:02,888 CRITICAL **
2020-08-29 04:30:02,893 CRITICAL Starting the RV Temp Monitor
2020-08-29 04:30:02,894 CRITICAL **
2020-08-29 04:30:03,311 INFO No need to send email, temps are acceptable
2020-08-29 04:30:03,312 INFO 
Garage 65
Main 65
Bedroom 69
Batt V 13.9
Gen State OFF
Hi limit 80
Low limit 60
2020-08-29 04:30:05,752 INFO Gathered temps and emailed to log address :rvlogs@robhome.com
2020-08-29 04:30:05,753 CRITICAL **
2020-08-29 04:30:05,753 CRITICAL Ending run of the RV Temp Monitor
2020-08-29 04:30:05,754 CRITICAL **

2020-08-29 04:45:03,052 CRITICAL **
2020-08-29 04:45:03,056 CRITICAL Starting the RV Temp Monitor
2020-08-29 04:45:03,057 CRITICAL **
2020-08-29 04:45:03,553 INFO No need to send email, temps are acceptable
2020-08-29 04:45:03,554 INFO 
Garage 65
Main 65
Bedroom 68
Batt V 13.4
Gen State OFF
Hi limit 80
Low limit 60
2020-08-29 04:45:06,099 INFO Gathered temps and emailed to log address :rvlogs@robhome.com
2020-08-29 04:45:06,099 CRITICAL **
2020-08-29 04:45:06,100 CRITICAL Ending run of the RV Temp Monitor
2020-08-29 04:45:06,100 CRITICAL **

2020-08-29 05:00:02,948 CRITICAL **
2020-08-29 05:00:02,949 CRITICAL Starting the RV Temp Monitor
2020-08-29 05:00:02,951 CRITICAL **
2020-08-29 05:00:03,375 INFO No need to send email, temps are acceptable
2020-08-29 05:00:03,375 INFO 
Garage 65
Main 65
Bedroom 68
Batt V 13.4
Gen State OFF
Hi limit 80
Low limit 60
2020-08-29 05:00:06,248 INFO Gathered temps and emailed to log address :rvlogs@robhome.com
2020-08-29 05:00:06,249 CRITICAL **
2020-08-29 05:00:06,249 CRITICAL Ending run of the RV Temp Monitor
2020-08-29 05:00:06,249 CRITICAL **

2020-08-29 05:15:03,088 CRITICAL **
2020-08-29 05:15:03,092 CRITICAL Starting the RV Temp Monitor
2020-08-29 05:15:03,093 CRITICAL **
2020-08-29 05:15:03,472 INFO No need to send email, temps are acceptable
2020-08-29 05:15:03,472 INFO 
Garage 64
Main 65
Bedroom 68
Batt V 13.4
Gen State OFF
Hi limit 80
Low limit 60
2020-08-29 05:15:06,486 INFO Gathered temps and emailed to log address :rvlogs@robhome.com
2020-08-29 05:15:06,487 CRITICAL **
2020-08-29 05:15:06,487 CRITICAL Ending run of the RV Temp Monitor
2020-08-29 05:15:06,488 CRITICAL **

2020-08-29 05:30:03,204 CRITICAL **
2020-08-29 05:30:03,209 CRITICAL Starting the RV Temp Monitor
2020-08-29 05:30:03,214 CRITICAL **
2020-08-29 05:30:03,599 INFO No need to send email, temps are acceptable
2020-08-29 05:30:03,600 INFO 
Garage 64
Main 64
Bedroom 68
Batt V 13.4
Gen State OFF
Hi limit 80
Low limit 60
2020-08-29 05:30:05,812 INFO Gathered temps and emailed to log address :rvlogs@robhome.com
2020-08-29 05:30:05,813 CRITICAL **
2020-08-29 05:30:05,813 CRITICAL Ending run of the RV Temp Monitor
2020-08-29 05:30:05,814 CRITICAL **

2020-08-29 05:45:03,274 CRITICAL **
2020-08-29 05:45:03,275 CRITICAL Starting the RV Temp Monitor
2020-08-29 05:45:03,275 CRITICAL **
2020-08-29 05:45:03,682 INFO No need to send email, temps are acceptable
2020-08-29 05:45:03,683 INFO 
Garage 64
Main 64
Bedroom 68
Batt V 13.4
Gen State OFF
Hi limit 80
Low limit 60
2020-08-29 05:45:06,239 INFO Gathered temps and emailed to log address :rvlogs@robhome.com
2020-08-29 05:45:06,240 CRITICAL **
2020-08-29 05:45:06,240 CRITICAL Ending run of the RV Temp Monitor
2020-08-29 05:45:06,240 CRITICAL **

2020-08-29 06:00:02,713 CRITICAL **
2020-08-29 06:00:02,714 CRITICAL Starting the RV Temp Monitor
2020-08-29 06:00:02,714 CRITICAL **
2020-08-29 06:00:03,069 INFO No need to send email, temps are acceptable
2020-08-29 06:00:03,069 INFO 
Garage 63
Main 64
Bedroom 67
Batt V 13.9
Gen State OFF
Hi limit 80
Low limit 60
2020-08-29 06:00:05,377 INFO Gathered temps and emailed to log address :rvlogs@robhome.com
2020-08-29 06:00:05,377 CRITICAL **
2020-08-29 06:00:05,380 CRITICAL Ending run of the RV Temp Monitor
2020-08-29 06:00:05,381 CRITICAL **

2020-08-29 06:15:02,853 CRITICAL **
2020-08-29 06:15:02,855 CRITICAL Starting the RV Temp Monitor
2020-08-29 06:15:02,856 CRITICAL **
2020-08-29 06:15:03,290 INFO No need to send email, temps are acceptable
2020-08-29 06:15:03,290 INFO 
Garage 63
Main 64
Bedroom 67
Batt V 13.4
Gen State OFF
Hi limit 80
Low limit 60
2020-08-29 06:15:06,185 INFO Gathered temps and emailed to log address :rvlogs@robhome.com
2020-08-29 06:15:06,186 CRITICAL **
2020-08-29 06:15:06,190 CRITICAL Ending run of the RV Temp Monitor
2020-08-29 06:15:06,191 CRITICAL **

2020-08-29 06:30:03,102 CRITICAL **
2020-08-29 06:30:03,103 CRITICAL Starting the RV Temp Monitor
2020-08-29 06:30:03,104 CRITICAL **
2020-08-29 06:30:03,498 INFO No need to send email, temps are acceptable
2020-08-29 06:30:03,499 INFO 
Garage 63
Main 63
Bedroom 67
Batt V 13.9
Gen State OFF
Hi limit 80
Low limit 60
2020-08-29 06:30:06,196 INFO Gathered temps and emailed to log address :rvlogs@robhome.com
2020-08-29 06:30:06,197 CRITICAL **
2020-08-29 06:30:06,201 CRITICAL Ending run of the RV Temp Monitor
2020-08-29 06:30:06,202 CRITICAL **

2020-08-29 06:45:02,653 CRITICAL **
2020-08-29 06:45:02,654 CRITICAL Starting the RV Temp Monitor
2020-08-29 06:45:02,654 CRITICAL **
2020-08-29 06:45:03,064 INFO No need to send email, temps are acceptable
2020-08-29 06:45:03,064 INFO 
Garage 63
Main 63
Bedroom 67
Batt V 13.4
Gen State OFF
Hi limit 80
Low limit 60
2020-08-29 06:45:05,803 INFO Gathered temps and emailed to log address :rvlogs@robhome.com
2020-08-29 06:45:05,804 CRITICAL **
2020-08-29 06:45:05,804 CRITICAL Ending run of the RV Temp Monitor
2020-08-29 06:45:05,804 CRITICAL **

2020-08-29 07:00:03,272 CRITICAL **
2020-08-29 07:00:03,272 CRITICAL Starting the RV Temp Monitor
2020-08-29 07:00:03,273 CRITICAL **
2020-08-29 07:00:03,637 INFO No need to send email, temps are acceptable
2020-08-29 07:00:03,637 INFO 
Garage 62
Main 63
Bedroom 67
Batt V 13.5
Gen State OFF
Hi limit 80
Low limit 60
2020-08-29 07:00:06,082 INFO Gathered temps and emailed to log address :rvlogs@robhome.com
2020-08-29 07:00:06,083 CRITICAL **
2020-08-29 07:00:06,083 CRITICAL Ending run of the RV Temp Monitor
2020-08-29 07:00:06,083 CRITICAL **

2020-08-29 07:15:02,539 CRITICAL **
2020-08-29 07:15:02,540 CRITICAL Starting the RV Temp Monitor
2020-08-29 07:15:02,543 CRITICAL **
2020-08-29 07:15:02,923 INFO No need to send email, temps are acceptable
2020-08-29 07:15:02,924 INFO 
Garage 62
Main 63
Bedroom 67
Batt V 13.4
Gen State OFF
Hi limit 80
Low limit 60
2020-08-29 07:15:05,470 INFO Gathered temps and emailed to log address :rvlogs@robhome.com
2020-08-29 07:15:05,470 CRITICAL **
2020-08-29 07:15:05,471 CRITICAL Ending run of the RV Temp Monitor
2020-08-29 07:15:05,471 CRITICAL **

2020-08-29 07:30:03,050 CRITICAL **
2020-08-29 07:30:03,051 CRITICAL Starting the RV Temp Monitor
2020-08-29 07:30:03,051 CRITICAL **
2020-08-29 07:30:03,459 INFO No need to send email, temps are acceptable
2020-08-29 07:30:03,460 INFO 
Garage 62
Main 63
Bedroom 66
Batt V 13.4
Gen State OFF
Hi limit 80
Low limit 60
2020-08-29 07:30:06,168 INFO Gathered temps and emailed to log address :rvlogs@robhome.com
2020-08-29 07:30:06,168 CRITICAL **
2020-08-29 07:30:06,168 CRITICAL Ending run of the RV Temp Monitor
2020-08-29 07:30:06,169 CRITICAL **

2020-08-29 07:45:02,640 CRITICAL **
2020-08-29 07:45:02,640 CRITICAL Starting the RV Temp Monitor
2020-08-29 07:45:02,640 CRITICAL **
2020-08-29 07:45:03,057 INFO No need to send email, temps are acceptable
2020-08-29 07:45:03,058 INFO 
Garage 62
Main 63
Bedroom 66
Batt V 13.4
Gen State OFF
Hi limit 80
Low limit 60
2020-08-29 07:45:05,506 INFO Gathered temps and emailed to log address :rvlogs@robhome.com
2020-08-29 07:45:05,506 CRITICAL **
2020-08-29 07:45:05,507 CRITICAL Ending run of the RV Temp Monitor
2020-08-29 07:45:05,507 CRITICAL **

2020-08-29 08:00:02,977 CRITICAL **
2020-08-29 08:00:02,977 CRITICAL Starting the RV Temp Monitor
2020-08-29 08:00:02,978 CRITICAL **
2020-08-29 08:00:03,379 INFO No need to send email, temps are acceptable
2020-08-29 08:00:03,379 INFO 
Garage 62
Main 63
Bedroom 66
Batt V 13.4
Gen State OFF
Hi limit 80
Low limit 60
2020-08-29 08:00:05,659 INFO Gathered temps and emailed to log address :rvlogs@robhome.com
2020-08-29 08:00:05,659 CRITICAL **
2020-08-29 08:00:05,659 CRITICAL Ending run of the RV Temp Monitor
2020-08-29 08:00:05,660 CRITICAL **

2020-08-29 08:15:03,133 CRITICAL **
2020-08-29 08:15:03,134 CRITICAL Starting the RV Temp Monitor
2020-08-29 08:15:03,134 CRITICAL **
2020-08-29 08:15:03,523 INFO No need to send email, temps are acceptable
2020-08-29 08:15:03,523 INFO 
Garage 63
Main 63
Bedroom 67
Batt V 13.5
Gen State OFF
Hi limit 80
Low limit 60
2020-08-29 08:15:05,851 INFO Gathered temps and emailed to log address :rvlogs@robhome.com
2020-08-29 08:15:05,852 CRITICAL **
2020-08-29 08:15:05,852 CRITICAL Ending run of the RV Temp Monitor
2020-08-29 08:15:05,852 CRITICAL **

2020-08-29 08:30:02,425 CRITICAL **
2020-08-29 08:30:02,426 CRITICAL Starting the RV Temp Monitor
2020-08-29 08:30:02,426 CRITICAL **
2020-08-29 08:30:02,777 INFO No need to send email, temps are acceptable
2020-08-29 08:30:02,777 INFO 
Garage 63
Main 63
Bedroom 67
Batt V 13.5
Gen State OFF
Hi limit 80
Low limit 60
2020-08-29 08:30:05,143 INFO Gathered temps and emailed to log address :rvlogs@robhome.com
2020-08-29 08:30:05,144 CRITICAL **
2020-08-29 08:30:05,144 CRITICAL Ending run of the RV Temp Monitor
2020-08-29 08:30:05,144 CRITICAL **

2020-08-29 08:45:02,617 CRITICAL **
2020-08-29 08:45:02,618 CRITICAL Starting the RV Temp Monitor
2020-08-29 08:45:02,618 CRITICAL **
2020-08-29 08:45:02,971 INFO No need to send email, temps are acceptable
2020-08-29 08:45:02,972 INFO 
Garage 63
Main 63
Bedroom 67
Batt V 13.5
Gen State OFF
Hi limit 80
Low limit 60
2020-08-29 08:45:05,335 INFO Gathered temps and emailed to log address :rvlogs@robhome.com
2020-08-29 08:45:05,336 CRITICAL **
2020-08-29 08:45:05,336 CRITICAL Ending run of the RV Temp Monitor
2020-08-29 08:45:05,337 CRITICAL **

2020-08-29 09:00:02,800 CRITICAL **
2020-08-29 09:00:02,801 CRITICAL Starting the RV Temp Monitor
2020-08-29 09:00:02,801 CRITICAL **
2020-08-29 09:00:03,158 INFO No need to send email, temps are acceptable
2020-08-29 09:00:03,159 INFO 
Garage 64
Main 64
Bedroom 68
Batt V 13.5
Gen State OFF
Hi limit 80
Low limit 60
2020-08-29 09:00:05,531 INFO Gathered temps and emailed to log address :rvlogs@robhome.com
2020-08-29 09:00:05,532 CRITICAL **
2020-08-29 09:00:05,532 CRITICAL Ending run of the RV Temp Monitor
2020-08-29 09:00:05,533 CRITICAL **

2020-08-29 09:15:03,002 CRITICAL **
2020-08-29 09:15:03,004 CRITICAL Starting the RV Temp Monitor
2020-08-29 09:15:03,005 CRITICAL **
2020-08-29 09:15:03,406 INFO No need to send email, temps are acceptable
2020-08-29 09:15:03,406 INFO 
Garage 65
Main 64
Bedroom 68
Batt V 13.5
Gen State OFF
Hi limit 80
Low limit 60
2020-08-29 09:15:05,798 INFO Gathered temps and emailed to log address :rvlogs@robhome.com
2020-08-29 09:15:05,798 CRITICAL **
2020-08-29 09:15:05,799 CRITICAL Ending run of the RV Temp Monitor
2020-08-29 09:15:05,799 CRITICAL **

2020-08-29 09:30:02,378 CRITICAL **
2020-08-29 09:30:02,379 CRITICAL Starting the RV Temp Monitor
2020-08-29 09:30:02,382 CRITICAL **
2020-08-29 09:30:02,766 INFO No need to send email, temps are acceptable
2020-08-29 09:30:02,766 INFO 
Garage 66
Main 65
Bedroom 69
Batt V 13.5
Gen State OFF
Hi limit 80
Low limit 60
2020-08-29 09:30:05,520 INFO Gathered temps and emailed to log address :rvlogs@robhome.com
2020-08-29 09:30:05,520 CRITICAL **
2020-08-29 09:30:05,521 CRITICAL Ending run of the RV Temp Monitor
2020-08-29 09:30:05,521 CRITICAL **

2020-08-29 09:45:02,985 CRITICAL **
2020-08-29 09:45:02,991 CRITICAL Starting the RV Temp Monitor
2020-08-29 09:45:02,991 CRITICAL **
2020-08-29 09:45:03,364 INFO No need to send email, temps are acceptable
2020-08-29 09:45:03,364 INFO 
Garage 67
Main 65
Bedroom 70
Batt V 13.5
Gen State OFF
Hi limit 80
Low limit 60
2020-08-29 09:45:05,977 INFO Gathered temps and emailed to log address :rvlogs@robhome.com
2020-08-29 09:45:05,977 CRITICAL **
2020-08-29 09:45:05,978 CRITICAL Ending run of the RV Temp Monitor
2020-08-29 09:45:05,978 CRITICAL **

2020-08-29 10:00:02,441 CRITICAL **
2020-08-29 10:00:02,442 CRITICAL Starting the RV Temp Monitor
2020-08-29 10:00:02,442 CRITICAL **
2020-08-29 10:00:02,807 INFO No need to send email, temps are acceptable
2020-08-29 10:00:02,807 INFO 
Garage 68
Main 66
Bedroom 70
Batt V 13.5
Gen State OFF
Hi limit 80
Low limit 60
2020-08-29 10:00:05,342 INFO Gathered temps and emailed to log address :rvlogs@robhome.com
2020-08-29 10:00:05,343 CRITICAL **
2020-08-29 10:00:05,343 CRITICAL Ending run of the RV Temp Monitor
2020-08-29 10:00:05,343 CRITICAL **

2020-08-29 10:15:02,801 CRITICAL **
2020-08-29 10:15:02,802 CRITICAL Starting the RV Temp Monitor
2020-08-29 10:15:02,803 CRITICAL **
2020-08-29 10:15:03,192 INFO No need to send email, temps are acceptable
2020-08-29 10:15:03,192 INFO 
Garage 68
Main 67
Bedroom 71
Batt V 13.5
Gen State OFF
Hi limit 80
Low limit 60
2020-08-29 10:15:06,289 INFO Gathered temps and emailed to log address :rvlogs@robhome.com
2020-08-29 10:15:06,289 CRITICAL **
2020-08-29 10:15:06,290 CRITICAL Ending run of the RV Temp Monitor
2020-08-29 10:15:06,290 CRITICAL **

2020-08-29 10:30:02,873 CRITICAL **
2020-08-29 10:30:02,874 CRITICAL Starting the RV Temp Monitor
2020-08-29 10:30:02,874 CRITICAL **
2020-08-29 10:30:03,289 INFO No need to send email, temps are acceptable
2020-08-29 10:30:03,290 INFO 
Garage 68
Main 67
Bedroom 72
Batt V 13.5
Gen State OFF
Hi limit 80
Low limit 60
2020-08-29 10:30:05,792 INFO Gathered temps and emailed to log address :rvlogs@robhome.com
2020-08-29 10:30:05,792 CRITICAL **
2020-08-29 10:30:05,792 CRITICAL Ending run of the RV Temp Monitor
2020-08-29 10:30:05,793 CRITICAL **

2020-08-29 10:45:03,262 CRITICAL **
2020-08-29 10:45:03,263 CRITICAL Starting the RV Temp Monitor
2020-08-29 10:45:03,263 CRITICAL **
2020-08-29 10:45:03,651 INFO No need to send email, temps are acceptable
2020-08-29 10:45:03,652 INFO 
Garage 69
Main 68
Bedroom 72
Batt V 13.5
Gen State OFF
Hi limit 80
Low limit 60
2020-08-29 10:45:06,083 INFO Gathered temps and emailed to log address :rvlogs@robhome.com
2020-08-29 10:45:06,084 CRITICAL **
2020-08-29 10:45:06,084 CRITICAL Ending run of the RV Temp Monitor
2020-08-29 10:45:06,084 CRITICAL **

2020-08-29 11:00:02,544 CRITICAL **
2020-08-29 11:00:02,545 CRITICAL Starting the RV Temp Monitor
2020-08-29 11:00:02,546 CRITICAL **
2020-08-29 11:00:02,970 INFO No need to send email, temps are acceptable
2020-08-29 11:00:02,971 INFO 
Garage 70
Main 69
Bedroom 72
Batt V 13.5
Gen State OFF
Hi limit 80
Low limit 60
2020-08-29 11:00:05,609 INFO Gathered temps and emailed to log address :rvlogs@robhome.com
2020-08-29 11:00:05,609 CRITICAL **
2020-08-29 11:00:05,610 CRITICAL Ending run of the RV Temp Monitor
2020-08-29 11:00:05,610 CRITICAL **

2020-08-29 11:15:03,074 CRITICAL **
2020-08-29 11:15:03,076 CRITICAL Starting the RV Temp Monitor
2020-08-29 11:15:03,077 CRITICAL **
2020-08-29 11:15:03,458 INFO No need to send email, temps are acceptable
2020-08-29 11:15:03,459 INFO 
Garage 70
Main 69
Bedroom 72
Batt V 13.5
Gen State OFF
Hi limit 80
Low limit 60
2020-08-29 11:15:05,573 INFO Gathered temps and emailed to log address :rvlogs@robhome.com
2020-08-29 11:15:05,573 CRITICAL **
2020-08-29 11:15:05,574 CRITICAL Ending run of the RV Temp Monitor
2020-08-29 11:15:05,574 CRITICAL **

2020-08-29 11:30:03,162 CRITICAL **
2020-08-29 11:30:03,163 CRITICAL Starting the RV Temp Monitor
2020-08-29 11:30:03,164 CRITICAL **
2020-08-29 11:30:03,522 INFO No need to send email, temps are acceptable
2020-08-29 11:30:03,523 INFO 
Garage 70
Main 70
Bedroom 72
Batt V 13.5
Gen State OFF
Hi limit 80
Low limit 60
2020-08-29 11:30:05,857 INFO Gathered temps and emailed to log address :rvlogs@robhome.com
2020-08-29 11:30:05,858 CRITICAL **
2020-08-29 11:30:05,858 CRITICAL Ending run of the RV Temp Monitor
2020-08-29 11:30:05,858 CRITICAL **

2020-08-29 11:45:02,325 CRITICAL **
2020-08-29 11:45:02,326 CRITICAL Starting the RV Temp Monitor
2020-08-29 11:45:02,326 CRITICAL **
2020-08-29 11:45:02,712 INFO No need to send email, temps are acceptable
2020-08-29 11:45:02,713 INFO 
Garage 71
Main 70
Bedroom 72
Batt V 13.5
Gen State OFF
Hi limit 80
Low limit 60
2020-08-29 11:45:05,173 INFO Gathered temps and emailed to log address :rvlogs@robhome.com
2020-08-29 11:45:05,174 CRITICAL **
2020-08-29 11:45:05,174 CRITICAL Ending run of the RV Temp Monitor
2020-08-29 11:45:05,175 CRITICAL **

2020-08-29 12:00:02,638 CRITICAL **
2020-08-29 12:00:02,639 CRITICAL Starting the RV Temp Monitor
2020-08-29 12:00:02,639 CRITICAL **
2020-08-29 12:00:03,059 INFO No need to send email, temps are acceptable
2020-08-29 12:00:03,060 INFO 
Garage 71
Main 71
Bedroom 73
Batt V 13.5
Gen State OFF
Hi limit 80
Low limit 60
2020-08-29 12:00:05,451 INFO Gathered temps and emailed to log address :rvlogs@robhome.com
2020-08-29 12:00:05,452 CRITICAL **
2020-08-29 12:00:05,452 CRITICAL Ending run of the RV Temp Monitor
2020-08-29 12:00:05,452 CRITICAL **

2020-08-29 12:15:02,919 CRITICAL **
2020-08-29 12:15:02,919 CRITICAL Starting the RV Temp Monitor
2020-08-29 12:15:02,920 CRITICAL **
2020-08-29 12:15:03,266 INFO No need to send email, temps are acceptable
2020-08-29 12:15:03,267 INFO 
Garage 72
Main 71
Bedroom 72
Batt V 13.5
Gen State OFF
Hi limit 80
Low limit 60
2020-08-29 12:15:05,570 INFO Gathered temps and emailed to log address :rvlogs@robhome.com
2020-08-29 12:15:05,570 CRITICAL **
2020-08-29 12:15:05,571 CRITICAL Ending run of the RV Temp Monitor
2020-08-29 12:15:05,571 CRITICAL **

2020-08-29 12:30:03,153 CRITICAL **
2020-08-29 12:30:03,154 CRITICAL Starting the RV Temp Monitor
2020-08-29 12:30:03,154 CRITICAL **
2020-08-29 12:30:03,509 INFO No need to send email, temps are acceptable
2020-08-29 12:30:03,509 INFO 
Garage 72
Main 72
Bedroom 72
Batt V 13.5
Gen State OFF
Hi limit 80
Low limit 60
2020-08-29 12:30:06,259 INFO Gathered temps and emailed to log address :rvlogs@robhome.com
2020-08-29 12:30:06,259 CRITICAL **
2020-08-29 12:30:06,259 CRITICAL Ending run of the RV Temp Monitor
2020-08-29 12:30:06,260 CRITICAL **

2020-08-29 12:45:02,724 CRITICAL **
2020-08-29 12:45:02,724 CRITICAL Starting the RV Temp Monitor
2020-08-29 12:45:02,725 CRITICAL **
2020-08-29 12:45:03,114 INFO No need to send email, temps are acceptable
2020-08-29 12:45:03,115 INFO 
Garage 73
Main 72
Bedroom 72
Batt V 13.5
Gen State OFF
Hi limit 80
Low limit 60
2020-08-29 12:45:08,983 INFO Gathered temps and emailed to log address :rvlogs@robhome.com
2020-08-29 12:45:08,983 CRITICAL **
2020-08-29 12:45:08,984 CRITICAL Ending run of the RV Temp Monitor
2020-08-29 12:45:08,984 CRITICAL **

2020-08-29 13:00:02,446 CRITICAL **
2020-08-29 13:00:02,447 CRITICAL Starting the RV Temp Monitor
2020-08-29 13:00:02,447 CRITICAL **
2020-08-29 13:00:02,859 INFO No need to send email, temps are acceptable
2020-08-29 13:00:02,860 INFO 
Garage 73
Main 73
Bedroom 72
Batt V 13.5
Gen State OFF
Hi limit 80
Low limit 60
2020-08-29 13:00:10,512 INFO Gathered temps and emailed to log address :rvlogs@robhome.com
2020-08-29 13:00:10,513 CRITICAL **
2020-08-29 13:00:10,513 CRITICAL Ending run of the RV Temp Monitor
2020-08-29 13:00:10,514 CRITICAL **

2020-08-29 13:15:02,993 CRITICAL **
2020-08-29 13:15:02,994 CRITICAL Starting the RV Temp Monitor
2020-08-29 13:15:02,994 CRITICAL **
2020-08-29 13:15:03,357 INFO No need to send email, temps are acceptable
2020-08-29 13:15:03,357 INFO 
Garage 74
Main 74
Bedroom 73
Batt V 13.5
Gen State OFF
Hi limit 80
Low limit 60
2020-08-29 13:15:07,228 INFO Gathered temps and emailed to log address :rvlogs@robhome.com
2020-08-29 13:15:07,229 CRITICAL **
2020-08-29 13:15:07,234 CRITICAL Ending run of the RV Temp Monitor
2020-08-29 13:15:07,234 CRITICAL **

2020-08-29 13:30:02,833 CRITICAL **
2020-08-29 13:30:02,833 CRITICAL Starting the RV Temp Monitor
2020-08-29 13:30:02,834 CRITICAL **
2020-08-29 13:30:03,197 INFO No need to send email, temps are acceptable
2020-08-29 13:30:03,197 INFO 
Garage 74
Main 74
Bedroom 72
Batt V 13.5
Gen State OFF
Hi limit 80
Low limit 60
2020-08-29 13:30:07,529 INFO Gathered temps and emailed to log address :rvlogs@robhome.com
2020-08-29 13:30:07,530 CRITICAL **
2020-08-29 13:30:07,530 CRITICAL Ending run of the RV Temp Monitor
2020-08-29 13:30:07,530 CRITICAL **

2020-08-29 13:45:02,993 CRITICAL **
2020-08-29 13:45:02,993 CRITICAL Starting the RV Temp Monitor
2020-08-29 13:45:02,994 CRITICAL **
2020-08-29 13:45:03,387 INFO No need to send email, temps are acceptable
2020-08-29 13:45:03,388 INFO 
Garage 74
Main 74
Bedroom 72
Batt V 13.5
Gen State OFF
Hi limit 80
Low limit 60
2020-08-29 13:45:06,167 INFO Gathered temps and emailed to log address :rvlogs@robhome.com
2020-08-29 13:45:06,168 CRITICAL **
2020-08-29 13:45:06,168 CRITICAL Ending run of the RV Temp Monitor
2020-08-29 13:45:06,168 CRITICAL **

2020-08-29 14:00:02,635 CRITICAL **
2020-08-29 14:00:02,635 CRITICAL Starting the RV Temp Monitor
2020-08-29 14:00:02,636 CRITICAL **
2020-08-29 14:00:03,079 INFO No need to send email, temps are acceptable
2020-08-29 14:00:03,080 INFO 
Garage 74
Main 74
Bedroom 73
Batt V 13.5
Gen State OFF
Hi limit 80
Low limit 60
2020-08-29 14:00:05,784 INFO Gathered temps and emailed to log address :rvlogs@robhome.com
2020-08-29 14:00:05,785 CRITICAL **
2020-08-29 14:00:05,785 CRITICAL Ending run of the RV Temp Monitor
2020-08-29 14:00:05,785 CRITICAL **

2020-08-29 14:15:03,257 CRITICAL **
2020-08-29 14:15:03,257 CRITICAL Starting the RV Temp Monitor
2020-08-29 14:15:03,258 CRITICAL **
2020-08-29 14:15:03,694 INFO No need to send email, temps are acceptable
2020-08-29 14:15:03,694 INFO 
Garage 73
Main 73
Bedroom 73
Batt V 13.5
Gen State OFF
Hi limit 80
Low limit 60
2020-08-29 14:15:06,174 INFO Gathered temps and emailed to log address :rvlogs@robhome.com
2020-08-29 14:15:06,175 CRITICAL **
2020-08-29 14:15:06,175 CRITICAL Ending run of the RV Temp Monitor
2020-08-29 14:15:06,175 CRITICAL **

2020-08-29 14:30:02,765 CRITICAL **
2020-08-29 14:30:02,766 CRITICAL Starting the RV Temp Monitor
2020-08-29 14:30:02,767 CRITICAL **
2020-08-29 14:30:03,133 INFO No need to send email, temps are acceptable
2020-08-29 14:30:03,134 INFO 
Garage 72
Main 72
Bedroom 72
Batt V 13.5
Gen State OFF
Hi limit 80
Low limit 60
2020-08-29 14:30:05,664 INFO Gathered temps and emailed to log address :rvlogs@robhome.com
2020-08-29 14:30:05,665 CRITICAL **
2020-08-29 14:30:05,665 CRITICAL Ending run of the RV Temp Monitor
2020-08-29 14:30:05,665 CRITICAL **

2020-08-29 14:45:03,132 CRITICAL **
2020-08-29 14:45:03,133 CRITICAL Starting the RV Temp Monitor
2020-08-29 14:45:03,133 CRITICAL **
2020-08-29 14:45:03,565 INFO No need to send email, temps are acceptable
2020-08-29 14:45:03,565 INFO 
Garage 74
Main 74
Bedroom 73
Batt V 14.1
Gen State OFF
Hi limit 80
Low limit 60
2020-08-29 14:45:06,176 INFO Gathered temps and emailed to log address :rvlogs@robhome.com
2020-08-29 14:45:06,176 CRITICAL **
2020-08-29 14:45:06,177 CRITICAL Ending run of the RV Temp Monitor
2020-08-29 14:45:06,177 CRITICAL **

2020-08-29 15:00:02,642 CRITICAL **
2020-08-29 15:00:02,643 CRITICAL Starting the RV Temp Monitor
2020-08-29 15:00:02,643 CRITICAL **
2020-08-29 15:00:03,045 INFO No need to send email, temps are acceptable
2020-08-29 15:00:03,046 INFO 
Garage 73
Main 74
Bedroom 73
Batt V 14.1
Gen State OFF
Hi limit 80
Low limit 60
2020-08-29 15:00:05,466 INFO Gathered temps and emailed to log address :rvlogs@robhome.com
2020-08-29 15:00:05,467 CRITICAL **
2020-08-29 15:00:05,467 CRITICAL Ending run of the RV Temp Monitor
2020-08-29 15:00:05,467 CRITICAL **

2020-08-29 15:15:02,924 CRITICAL **
2020-08-29 15:15:02,925 CRITICAL Starting the RV Temp Monitor
2020-08-29 15:15:02,925 CRITICAL **
2020-08-29 15:15:03,368 INFO No need to send email, temps are acceptable
2020-08-29 15:15:03,369 INFO 
Garage 73
Main 75
Bedroom 73
Batt V 14.1
Gen State OFF
Hi limit 80
Low limit 60
2020-08-29 15:15:05,972 INFO Gathered temps and emailed to log address :rvlogs@robhome.com
2020-08-29 15:15:05,972 CRITICAL **
2020-08-29 15:15:05,972 CRITICAL Ending run of the RV Temp Monitor
2020-08-29 15:15:05,973 CRITICAL **

2020-08-29 15:30:02,558 CRITICAL **
2020-08-29 15:30:02,559 CRITICAL Starting the RV Temp Monitor
2020-08-29 15:30:02,559 CRITICAL **
2020-08-29 15:30:02,972 INFO No need to send email, temps are acceptable
2020-08-29 15:30:02,973 INFO 
Garage 73
Main 74
Bedroom 72
Batt V 14.1
Gen State OFF
Hi limit 80
Low limit 60
2020-08-29 15:30:09,043 INFO Gathered temps and emailed to log address :rvlogs@robhome.com
2020-08-29 15:30:09,044 CRITICAL **
2020-08-29 15:30:09,044 CRITICAL Ending run of the RV Temp Monitor
2020-08-29 15:30:09,045 CRITICAL **

2020-08-29 15:45:02,505 CRITICAL **
2020-08-29 15:45:02,506 CRITICAL Starting the RV Temp Monitor
2020-08-29 15:45:02,507 CRITICAL **
2020-08-29 15:45:02,922 INFO No need to send email, temps are acceptable
2020-08-29 15:45:02,923 INFO 
Garage 73
Main 74
Bedroom 71
Batt V 14.1
Gen State OFF
Hi limit 80
Low limit 60
2020-08-29 15:45:06,199 INFO Gathered temps and emailed to log address :rvlogs@robhome.com
2020-08-29 15:45:06,200 CRITICAL **
2020-08-29 15:45:06,200 CRITICAL Ending run of the RV Temp Monitor
2020-08-29 15:45:06,201 CRITICAL **

2020-08-29 16:00:02,673 CRITICAL **
2020-08-29 16:00:02,673 CRITICAL Starting the RV Temp Monitor
2020-08-29 16:00:02,674 CRITICAL **
2020-08-29 16:00:03,097 INFO No need to send email, temps are acceptable
2020-08-29 16:00:03,097 INFO 
Garage 73
Main 75
Bedroom 71
Batt V 14.1
Gen State OFF
Hi limit 80
Low limit 60
2020-08-29 16:00:08,003 INFO Gathered temps and emailed to log address :rvlogs@robhome.com
2020-08-29 16:00:08,004 CRITICAL **
2020-08-29 16:00:08,004 CRITICAL Ending run of the RV Temp Monitor
2020-08-29 16:00:08,004 CRITICAL **

2020-08-29 16:15:02,464 CRITICAL **
2020-08-29 16:15:02,466 CRITICAL Starting the RV Temp Monitor
2020-08-29 16:15:02,466 CRITICAL **
2020-08-29 16:15:02,948 INFO No need to send email, temps are acceptable
2020-08-29 16:15:02,948 INFO 
Garage 73
Main 75
Bedroom 72
Batt V 14.1
Gen State OFF
Hi limit 80
Low limit 60
2020-08-29 16:15:05,675 INFO Gathered temps and emailed to log address :rvlogs@robhome.com
2020-08-29 16:15:05,675 CRITICAL **
2020-08-29 16:15:05,676 CRITICAL Ending run of the RV Temp Monitor
2020-08-29 16:15:05,676 CRITICAL **

2020-08-29 16:30:03,254 CRITICAL **
2020-08-29 16:30:03,254 CRITICAL Starting the RV Temp Monitor
2020-08-29 16:30:03,255 CRITICAL **
2020-08-29 16:30:03,687 INFO No need to send email, temps are acceptable
2020-08-29 16:30:03,687 INFO 
Garage 73
Main 76
Bedroom 73
Batt V 14.7
Gen State OFF
Hi limit 80
Low limit 60
2020-08-29 16:30:06,572 INFO Gathered temps and emailed to log address :rvlogs@robhome.com
2020-08-29 16:30:06,573 CRITICAL **
2020-08-29 16:30:06,573 CRITICAL Ending run of the RV Temp Monitor
2020-08-29 16:30:06,573 CRITICAL **

2020-08-29 16:45:03,048 CRITICAL **
2020-08-29 16:45:03,049 CRITICAL Starting the RV Temp Monitor
2020-08-29 16:45:03,049 CRITICAL **
2020-08-29 16:45:03,454 INFO No need to send email, temps are acceptable
2020-08-29 16:45:03,454 INFO 
Garage 73
Main 76
Bedroom 71
Batt V 14.2
Gen State OFF
Hi limit 80
Low limit 60
2020-08-29 16:45:06,550 INFO Gathered temps and emailed to log address :rvlogs@robhome.com
2020-08-29 16:45:06,550 CRITICAL **
2020-08-29 16:45:06,551 CRITICAL Ending run of the RV Temp Monitor
2020-08-29 16:45:06,551 CRITICAL **

2020-08-29 17:00:03,028 CRITICAL **
2020-08-29 17:00:03,028 CRITICAL Starting the RV Temp Monitor
2020-08-29 17:00:03,029 CRITICAL **
2020-08-29 17:00:03,460 INFO No need to send email, temps are acceptable
2020-08-29 17:00:03,460 INFO 
Garage 73
Main 76
Bedroom 72
Batt V 14.7
Gen State OFF
Hi limit 80
Low limit 60
2020-08-29 17:00:05,897 INFO Gathered temps and emailed to log address :rvlogs@robhome.com
2020-08-29 17:00:05,897 CRITICAL **
2020-08-29 17:00:05,897 CRITICAL Ending run of the RV Temp Monitor
2020-08-29 17:00:05,898 CRITICAL **

2020-08-29 17:15:02,356 CRITICAL **
2020-08-29 17:15:02,357 CRITICAL Starting the RV Temp Monitor
2020-08-29 17:15:02,357 CRITICAL **
2020-08-29 17:15:02,764 INFO No need to send email, temps are acceptable
2020-08-29 17:15:02,765 INFO 
Garage 73
Main 76
Bedroom 72
Batt V 14.2
Gen State OFF
Hi limit 80
Low limit 60
2020-08-29 17:15:05,784 INFO Gathered temps and emailed to log address :rvlogs@robhome.com
2020-08-29 17:15:05,785 CRITICAL **
2020-08-29 17:15:05,785 CRITICAL Ending run of the RV Temp Monitor
2020-08-29 17:15:05,785 CRITICAL **

2020-08-29 17:30:02,368 CRITICAL **
2020-08-29 17:30:02,369 CRITICAL Starting the RV Temp Monitor
2020-08-29 17:30:02,369 CRITICAL **
2020-08-29 17:30:02,747 INFO No need to send email, temps are acceptable
2020-08-29 17:30:02,748 INFO 
Garage 73
Main 77
Bedroom 72
Batt V 14.3
Gen State OFF
Hi limit 80
Low limit 60
2020-08-29 17:30:05,616 INFO Gathered temps and emailed to log address :rvlogs@robhome.com
2020-08-29 17:30:05,616 CRITICAL **
2020-08-29 17:30:05,617 CRITICAL Ending run of the RV Temp Monitor
2020-08-29 17:30:05,617 CRITICAL **

2020-08-29 17:45:03,083 CRITICAL **
2020-08-29 17:45:03,085 CRITICAL Starting the RV Temp Monitor
2020-08-29 17:45:03,086 CRITICAL **
2020-08-29 17:45:03,492 INFO No need to send email, temps are acceptable
2020-08-29 17:45:03,493 INFO 
Garage 73
Main 76
Bedroom 72
Batt V 14.3
Gen State OFF
Hi limit 80
Low limit 60
2020-08-29 17:45:07,138 INFO Gathered temps and emailed to log address :rvlogs@robhome.com
2020-08-29 17:45:07,139 CRITICAL **
2020-08-29 17:45:07,141 CRITICAL Ending run of the RV Temp Monitor
2020-08-29 17:45:07,142 CRITICAL **

2020-08-29 18:00:02,597 CRITICAL **
2020-08-29 18:00:02,598 CRITICAL Starting the RV Temp Monitor
2020-08-29 18:00:02,599 CRITICAL **
2020-08-29 18:00:03,012 INFO No need to send email, temps are acceptable
2020-08-29 18:00:03,013 INFO 
Garage 73
Main 76
Bedroom 72
Batt V 14.3
Gen State OFF
Hi limit 80
Low limit 60
2020-08-29 18:00:07,869 INFO Gathered temps and emailed to log address :rvlogs@robhome.com
2020-08-29 18:00:07,870 CRITICAL **
2020-08-29 18:00:07,870 CRITICAL Ending run of the RV Temp Monitor
2020-08-29 18:00:07,871 CRITICAL **

2020-08-29 18:15:02,334 CRITICAL **
2020-08-29 18:15:02,335 CRITICAL Starting the RV Temp Monitor
2020-08-29 18:15:02,335 CRITICAL **
2020-08-29 18:15:02,699 INFO No need to send email, temps are acceptable
2020-08-29 18:15:02,700 INFO 
Garage 73
Main 75
Bedroom 71
Batt V 14.2
Gen State OFF
Hi limit 80
Low limit 60
2020-08-29 18:15:07,802 INFO Gathered temps and emailed to log address :rvlogs@robhome.com
2020-08-29 18:15:07,803 CRITICAL **
2020-08-29 18:15:07,804 CRITICAL Ending run of the RV Temp Monitor
2020-08-29 18:15:07,804 CRITICAL **

2020-08-29 18:30:02,388 CRITICAL **
2020-08-29 18:30:02,389 CRITICAL Starting the RV Temp Monitor
2020-08-29 18:30:02,389 CRITICAL **
2020-08-29 18:30:02,801 INFO No need to send email, temps are acceptable
2020-08-29 18:30:02,802 INFO 
Garage 73
Main 75
Bedroom 72
Batt V 14.2
Gen State OFF
Hi limit 80
Low limit 60
2020-08-29 18:30:05,462 INFO Gathered temps and emailed to log address :rvlogs@robhome.com
2020-08-29 18:30:05,462 CRITICAL **
2020-08-29 18:30:05,462 CRITICAL Ending run of the RV Temp Monitor
2020-08-29 18:30:05,463 CRITICAL **

2020-08-29 18:45:02,931 CRITICAL **
2020-08-29 18:45:02,932 CRITICAL Starting the RV Temp Monitor
2020-08-29 18:45:02,932 CRITICAL **
2020-08-29 18:45:03,333 INFO No need to send email, temps are acceptable
2020-08-29 18:45:03,333 INFO 
Garage 73
Main 75
Bedroom 72
Batt V 13.6
Gen State OFF
Hi limit 80
Low limit 60
2020-08-29 18:45:05,562 INFO Gathered temps and emailed to log address :rvlogs@robhome.com
2020-08-29 18:45:05,563 CRITICAL **
2020-08-29 18:45:05,565 CRITICAL Ending run of the RV Temp Monitor
2020-08-29 18:45:05,566 CRITICAL **

2020-08-29 19:00:03,047 CRITICAL **
2020-08-29 19:00:03,048 CRITICAL Starting the RV Temp Monitor
2020-08-29 19:00:03,049 CRITICAL **
2020-08-29 19:00:03,436 INFO No need to send email, temps are acceptable
2020-08-29 19:00:03,436 INFO 
Garage 74
Main 75
Bedroom 72
Batt V 13.6
Gen State OFF
Hi limit 80
Low limit 60
2020-08-29 19:00:05,692 INFO Gathered temps and emailed to log address :rvlogs@robhome.com
2020-08-29 19:00:05,693 CRITICAL **
2020-08-29 19:00:05,698 CRITICAL Ending run of the RV Temp Monitor
2020-08-29 19:00:05,698 CRITICAL **

2020-08-29 19:15:03,171 CRITICAL **
2020-08-29 19:15:03,172 CRITICAL Starting the RV Temp Monitor
2020-08-29 19:15:03,172 CRITICAL **
2020-08-29 19:15:03,577 INFO No need to send email, temps are acceptable
2020-08-29 19:15:03,577 INFO 
Garage 74
Main 74
Bedroom 72
Batt V 13.6
Gen State OFF
Hi limit 80
Low limit 60
2020-08-29 19:15:06,082 INFO Gathered temps and emailed to log address :rvlogs@robhome.com
2020-08-29 19:15:06,082 CRITICAL **
2020-08-29 19:15:06,082 CRITICAL Ending run of the RV Temp Monitor
2020-08-29 19:15:06,083 CRITICAL **

2020-08-29 19:30:02,673 CRITICAL **
2020-08-29 19:30:02,673 CRITICAL Starting the RV Temp Monitor
2020-08-29 19:30:02,674 CRITICAL **
2020-08-29 19:30:03,072 INFO No need to send email, temps are acceptable
2020-08-29 19:30:03,072 INFO 
Garage 74
Main 74
Bedroom 72
Batt V 13.6
Gen State OFF
Hi limit 80
Low limit 60
2020-08-29 19:30:05,638 INFO Gathered temps and emailed to log address :rvlogs@robhome.com
2020-08-29 19:30:05,638 CRITICAL **
2020-08-29 19:30:05,639 CRITICAL Ending run of the RV Temp Monitor
2020-08-29 19:30:05,639 CRITICAL **

2020-08-29 19:45:03,111 CRITICAL **
2020-08-29 19:45:03,112 CRITICAL Starting the RV Temp Monitor
2020-08-29 19:45:03,112 CRITICAL **
2020-08-29 19:45:03,534 INFO No need to send email, temps are acceptable
2020-08-29 19:45:03,534 INFO 
Garage 73
Main 73
Bedroom 71
Batt V 13.6
Gen State OFF
Hi limit 80
Low limit 60
2020-08-29 19:45:06,013 INFO Gathered temps and emailed to log address :rvlogs@robhome.com
2020-08-29 19:45:06,013 CRITICAL **
2020-08-29 19:45:06,014 CRITICAL Ending run of the RV Temp Monitor
2020-08-29 19:45:06,014 CRITICAL **

2020-08-29 20:00:02,469 CRITICAL **
2020-08-29 20:00:02,471 CRITICAL Starting the RV Temp Monitor
2020-08-29 20:00:02,471 CRITICAL **
2020-08-29 20:00:02,871 INFO No need to send email, temps are acceptable
2020-08-29 20:00:02,871 INFO 
Garage 73
Main 73
Bedroom 72
Batt V 13.6
Gen State OFF
Hi limit 80
Low limit 60
2020-08-29 20:00:05,272 INFO Gathered temps and emailed to log address :rvlogs@robhome.com
2020-08-29 20:00:05,272 CRITICAL **
2020-08-29 20:00:05,273 CRITICAL Ending run of the RV Temp Monitor
2020-08-29 20:00:05,273 CRITICAL **

2020-08-29 20:15:02,741 CRITICAL **
2020-08-29 20:15:02,742 CRITICAL Starting the RV Temp Monitor
2020-08-29 20:15:02,742 CRITICAL **
2020-08-29 20:15:03,171 INFO No need to send email, temps are acceptable
2020-08-29 20:15:03,171 INFO 
Garage 73
Main 73
Bedroom 72
Batt V 13.6
Gen State OFF
Hi limit 80
Low limit 60
2020-08-29 20:15:05,746 INFO Gathered temps and emailed to log address :rvlogs@robhome.com
2020-08-29 20:15:05,747 CRITICAL **
2020-08-29 20:15:05,747 CRITICAL Ending run of the RV Temp Monitor
2020-08-29 20:15:05,747 CRITICAL **

2020-08-29 20:30:02,322 CRITICAL **
2020-08-29 20:30:02,322 CRITICAL Starting the RV Temp Monitor
2020-08-29 20:30:02,323 CRITICAL **
2020-08-29 20:30:02,750 INFO No need to send email, temps are acceptable
2020-08-29 20:30:02,751 INFO 
Garage 73
Main 73
Bedroom 72
Batt V 13.6
Gen State OFF
Hi limit 80
Low limit 60
2020-08-29 20:30:05,003 INFO Gathered temps and emailed to log address :rvlogs@robhome.com
2020-08-29 20:30:05,003 CRITICAL **
2020-08-29 20:30:05,004 CRITICAL Ending run of the RV Temp Monitor
2020-08-29 20:30:05,004 CRITICAL **

2020-08-29 20:45:02,462 CRITICAL **
2020-08-29 20:45:02,463 CRITICAL Starting the RV Temp Monitor
2020-08-29 20:45:02,463 CRITICAL **
2020-08-29 20:45:02,834 INFO No need to send email, temps are acceptable
2020-08-29 20:45:02,834 INFO 
Garage 73
Main 74
Bedroom 72
Batt V 13.6
Gen State OFF
Hi limit 80
Low limit 60
2020-08-29 20:45:05,271 INFO Gathered temps and emailed to log address :rvlogs@robhome.com
2020-08-29 20:45:05,271 CRITICAL **
2020-08-29 20:45:05,272 CRITICAL Ending run of the RV Temp Monitor
2020-08-29 20:45:05,272 CRITICAL **

2020-08-29 21:00:02,731 CRITICAL **
2020-08-29 21:00:02,732 CRITICAL Starting the RV Temp Monitor
2020-08-29 21:00:02,733 CRITICAL **
2020-08-29 21:00:03,087 INFO No need to send email, temps are acceptable
2020-08-29 21:00:03,087 INFO 
Garage 73
Main 74
Bedroom 72
Batt V 13.6
Gen State OFF
Hi limit 80
Low limit 60
2020-08-29 21:00:06,590 INFO Gathered temps and emailed to log address :rvlogs@robhome.com
2020-08-29 21:00:06,594 CRITICAL **
2020-08-29 21:00:06,595 CRITICAL Ending run of the RV Temp Monitor
2020-08-29 21:00:06,595 CRITICAL **

2020-08-29 21:15:03,064 CRITICAL **
2020-08-29 21:15:03,065 CRITICAL Starting the RV Temp Monitor
2020-08-29 21:15:03,066 CRITICAL **
2020-08-29 21:15:03,454 INFO No need to send email, temps are acceptable
2020-08-29 21:15:03,454 INFO 
Garage 73
Main 74
Bedroom 72
Batt V 13.6
Gen State OFF
Hi limit 80
Low limit 60
2020-08-29 21:15:07,403 INFO Gathered temps and emailed to log address :rvlogs@robhome.com
2020-08-29 21:15:07,404 CRITICAL **
2020-08-29 21:15:07,404 CRITICAL Ending run of the RV Temp Monitor
2020-08-29 21:15:07,405 CRITICAL **

2020-08-29 21:30:02,990 CRITICAL **
2020-08-29 21:30:02,990 CRITICAL Starting the RV Temp Monitor
2020-08-29 21:30:02,991 CRITICAL **
2020-08-29 21:30:03,332 INFO No need to send email, temps are acceptable
2020-08-29 21:30:03,333 INFO 
Garage 73
Main 74
Bedroom 72
Batt V 13.6
Gen State OFF
Hi limit 80
Low limit 60
2020-08-29 21:30:07,948 INFO Gathered temps and emailed to log address :rvlogs@robhome.com
2020-08-29 21:30:07,948 CRITICAL **
2020-08-29 21:30:07,949 CRITICAL Ending run of the RV Temp Monitor
2020-08-29 21:30:07,949 CRITICAL **

2020-08-29 21:45:02,402 CRITICAL **
2020-08-29 21:45:02,403 CRITICAL Starting the RV Temp Monitor
2020-08-29 21:45:02,408 CRITICAL **
2020-08-29 21:45:02,822 INFO No need to send email, temps are acceptable
2020-08-29 21:45:02,822 INFO 
Garage 73
Main 74
Bedroom 72
Batt V 13.6
Gen State OFF
Hi limit 80
Low limit 60
2020-08-29 21:45:05,616 INFO Gathered temps and emailed to log address :rvlogs@robhome.com
2020-08-29 21:45:05,616 CRITICAL **
2020-08-29 21:45:05,616 CRITICAL Ending run of the RV Temp Monitor
2020-08-29 21:45:05,617 CRITICAL **

2020-08-29 22:00:03,076 CRITICAL **
2020-08-29 22:00:03,076 CRITICAL Starting the RV Temp Monitor
2020-08-29 22:00:03,080 CRITICAL **
2020-08-29 22:00:03,509 INFO No need to send email, temps are acceptable
2020-08-29 22:00:03,509 INFO 
Garage 73
Main 74
Bedroom 73
Batt V 13.6
Gen State OFF
Hi limit 80
Low limit 60
2020-08-29 22:00:06,285 INFO Gathered temps and emailed to log address :rvlogs@robhome.com
2020-08-29 22:00:06,285 CRITICAL **
2020-08-29 22:00:06,285 CRITICAL Ending run of the RV Temp Monitor
2020-08-29 22:00:06,286 CRITICAL **

2020-08-29 22:15:02,741 CRITICAL **
2020-08-29 22:15:02,742 CRITICAL Starting the RV Temp Monitor
2020-08-29 22:15:02,742 CRITICAL **
2020-08-29 22:15:03,175 INFO No need to send email, temps are acceptable
2020-08-29 22:15:03,175 INFO 
Garage 74
Main 74
Bedroom 72
Batt V 13.6
Gen State OFF
Hi limit 80
Low limit 60
2020-08-29 22:15:06,135 INFO Gathered temps and emailed to log address :rvlogs@robhome.com
2020-08-29 22:15:06,136 CRITICAL **
2020-08-29 22:15:06,136 CRITICAL Ending run of the RV Temp Monitor
2020-08-29 22:15:06,136 CRITICAL **

2020-08-29 22:30:02,719 CRITICAL **
2020-08-29 22:30:02,721 CRITICAL Starting the RV Temp Monitor
2020-08-29 22:30:02,721 CRITICAL **
2020-08-29 22:30:03,128 INFO No need to send email, temps are acceptable
2020-08-29 22:30:03,129 INFO 
Garage 73
Main 73
Bedroom 72
Batt V 13.6
Gen State OFF
Hi limit 80
Low limit 60
2020-08-29 22:30:06,203 INFO Gathered temps and emailed to log address :rvlogs@robhome.com
2020-08-29 22:30:06,204 CRITICAL **
2020-08-29 22:30:06,204 CRITICAL Ending run of the RV Temp Monitor
2020-08-29 22:30:06,204 CRITICAL **

2020-08-29 22:45:02,669 CRITICAL **
2020-08-29 22:45:02,670 CRITICAL Starting the RV Temp Monitor
2020-08-29 22:45:02,670 CRITICAL **
2020-08-29 22:45:03,066 INFO No need to send email, temps are acceptable
2020-08-29 22:45:03,067 INFO 
Garage 73
Main 73
Bedroom 72
Batt V 13.6
Gen State OFF
Hi limit 80
Low limit 60
2020-08-29 22:45:05,390 INFO Gathered temps and emailed to log address :rvlogs@robhome.com
2020-08-29 22:45:05,390 CRITICAL **
2020-08-29 22:45:05,391 CRITICAL Ending run of the RV Temp Monitor
2020-08-29 22:45:05,391 CRITICAL **

2020-08-29 23:00:02,901 CRITICAL **
2020-08-29 23:00:02,902 CRITICAL Starting the RV Temp Monitor
2020-08-29 23:00:02,902 CRITICAL **
2020-08-29 23:00:03,306 INFO No need to send email, temps are acceptable
2020-08-29 23:00:03,306 INFO 
Garage 73
Main 73
Bedroom 72
Batt V 13.6
Gen State OFF
Hi limit 80
Low limit 60
2020-08-29 23:00:05,786 INFO Gathered temps and emailed to log address :rvlogs@robhome.com
2020-08-29 23:00:05,787 CRITICAL **
2020-08-29 23:00:05,787 CRITICAL Ending run of the RV Temp Monitor
2020-08-29 23:00:05,788 CRITICAL **

2020-08-29 23:15:03,327 CRITICAL **
2020-08-29 23:15:03,328 CRITICAL Starting the RV Temp Monitor
2020-08-29 23:15:03,328 CRITICAL **
2020-08-29 23:15:03,758 INFO No need to send email, temps are acceptable
2020-08-29 23:15:03,758 INFO 
Garage 73
Main 73
Bedroom 72
Batt V 13.6
Gen State OFF
Hi limit 80
Low limit 60
2020-08-29 23:15:06,365 INFO Gathered temps and emailed to log address :rvlogs@robhome.com
2020-08-29 23:15:06,365 CRITICAL **
2020-08-29 23:15:06,365 CRITICAL Ending run of the RV Temp Monitor
2020-08-29 23:15:06,366 CRITICAL **

2020-08-29 23:30:02,963 CRITICAL **
2020-08-29 23:30:02,965 CRITICAL Starting the RV Temp Monitor
2020-08-29 23:30:02,965 CRITICAL **
2020-08-29 23:30:03,330 INFO No need to send email, temps are acceptable
2020-08-29 23:30:03,331 INFO 
Garage 73
Main 73
Bedroom 72
Batt V 13.6
Gen State OFF
Hi limit 80
Low limit 60
2020-08-29 23:30:05,732 INFO Gathered temps and emailed to log address :rvlogs@robhome.com
2020-08-29 23:30:05,733 CRITICAL **
2020-08-29 23:30:05,733 CRITICAL Ending run of the RV Temp Monitor
2020-08-29 23:30:05,734 CRITICAL **

2020-08-29 23:45:03,196 CRITICAL **
2020-08-29 23:45:03,197 CRITICAL Starting the RV Temp Monitor
2020-08-29 23:45:03,197 CRITICAL **
2020-08-29 23:45:03,582 INFO No need to send email, temps are acceptable
2020-08-29 23:45:03,582 INFO 
Garage 73
Main 73
Bedroom 71
Batt V 13.6
Gen State OFF
Hi limit 80
Low limit 60
2020-08-29 23:45:06,430 INFO Gathered temps and emailed to log address :rvlogs@robhome.com
2020-08-29 23:45:06,430 CRITICAL **
2020-08-29 23:45:06,431 CRITICAL Ending run of the RV Temp Monitor
2020-08-29 23:45:06,431 CRITICAL **

