2020-08-30 00:00:03,007 CRITICAL **
2020-08-30 00:00:03,007 CRITICAL Starting the RV Temp Monitor
2020-08-30 00:00:03,008 CRITICAL **
2020-08-30 00:00:03,359 INFO No need to send email, temps are acceptable
2020-08-30 00:00:03,360 INFO 
Garage 73
Main 72
Bedroom 72
Batt V 13.6
Gen State OFF
Hi limit 80
Low limit 60
2020-08-30 00:00:06,191 INFO Gathered temps and emailed to log address :rvlogs@robhome.com
2020-08-30 00:00:06,191 CRITICAL **
2020-08-30 00:00:06,192 CRITICAL Ending run of the RV Temp Monitor
2020-08-30 00:00:06,192 CRITICAL **

2020-08-30 00:15:02,668 CRITICAL **
2020-08-30 00:15:02,673 CRITICAL Starting the RV Temp Monitor
2020-08-30 00:15:02,673 CRITICAL **
2020-08-30 00:15:03,105 INFO No need to send email, temps are acceptable
2020-08-30 00:15:03,105 INFO 
Garage 73
Main 72
Bedroom 72
Batt V 13.6
Gen State OFF
Hi limit 80
Low limit 60
2020-08-30 00:15:05,636 INFO Gathered temps and emailed to log address :rvlogs@robhome.com
2020-08-30 00:15:05,637 CRITICAL **
2020-08-30 00:15:05,637 CRITICAL Ending run of the RV Temp Monitor
2020-08-30 00:15:05,637 CRITICAL **

2020-08-30 00:30:03,228 CRITICAL **
2020-08-30 00:30:03,229 CRITICAL Starting the RV Temp Monitor
2020-08-30 00:30:03,229 CRITICAL **
2020-08-30 00:30:03,671 INFO No need to send email, temps are acceptable
2020-08-30 00:30:03,671 INFO 
Garage 73
Main 72
Bedroom 72
Batt V 13.6
Gen State OFF
Hi limit 80
Low limit 60
2020-08-30 00:30:06,402 INFO Gathered temps and emailed to log address :rvlogs@robhome.com
2020-08-30 00:30:06,402 CRITICAL **
2020-08-30 00:30:06,403 CRITICAL Ending run of the RV Temp Monitor
2020-08-30 00:30:06,403 CRITICAL **

2020-08-30 00:45:02,883 CRITICAL **
2020-08-30 00:45:02,884 CRITICAL Starting the RV Temp Monitor
2020-08-30 00:45:02,884 CRITICAL **
2020-08-30 00:45:03,253 INFO No need to send email, temps are acceptable
2020-08-30 00:45:03,253 INFO 
Garage 73
Main 72
Bedroom 72
Batt V 13.6
Gen State OFF
Hi limit 80
Low limit 60
2020-08-30 00:45:05,719 INFO Gathered temps and emailed to log address :rvlogs@robhome.com
2020-08-30 00:45:05,720 CRITICAL **
2020-08-30 00:45:05,720 CRITICAL Ending run of the RV Temp Monitor
2020-08-30 00:45:05,720 CRITICAL **

2020-08-30 01:00:03,178 CRITICAL **
2020-08-30 01:00:03,180 CRITICAL Starting the RV Temp Monitor
2020-08-30 01:00:03,181 CRITICAL **
2020-08-30 01:00:03,589 INFO No need to send email, temps are acceptable
2020-08-30 01:00:03,589 INFO 
Garage 72
Main 72
Bedroom 73
Batt V 13.6
Gen State OFF
Hi limit 80
Low limit 60
2020-08-30 01:00:06,455 INFO Gathered temps and emailed to log address :rvlogs@robhome.com
2020-08-30 01:00:06,456 CRITICAL **
2020-08-30 01:00:06,456 CRITICAL Ending run of the RV Temp Monitor
2020-08-30 01:00:06,457 CRITICAL **

2020-08-30 01:15:02,911 CRITICAL **
2020-08-30 01:15:02,911 CRITICAL Starting the RV Temp Monitor
2020-08-30 01:15:02,912 CRITICAL **
2020-08-30 01:15:03,259 INFO No need to send email, temps are acceptable
2020-08-30 01:15:03,259 INFO 
Garage 72
Main 72
Bedroom 73
Batt V 13.6
Gen State OFF
Hi limit 80
Low limit 60
2020-08-30 01:15:05,792 INFO Gathered temps and emailed to log address :rvlogs@robhome.com
2020-08-30 01:15:05,793 CRITICAL **
2020-08-30 01:15:05,796 CRITICAL Ending run of the RV Temp Monitor
2020-08-30 01:15:05,797 CRITICAL **

2020-08-30 01:30:02,380 CRITICAL **
2020-08-30 01:30:02,381 CRITICAL Starting the RV Temp Monitor
2020-08-30 01:30:02,382 CRITICAL **
2020-08-30 01:30:02,731 INFO No need to send email, temps are acceptable
2020-08-30 01:30:02,732 INFO 
Garage 72
Main 72
Bedroom 72
Batt V 13.6
Gen State OFF
Hi limit 80
Low limit 60
2020-08-30 01:30:05,631 INFO Gathered temps and emailed to log address :rvlogs@robhome.com
2020-08-30 01:30:05,632 CRITICAL **
2020-08-30 01:30:05,632 CRITICAL Ending run of the RV Temp Monitor
2020-08-30 01:30:05,632 CRITICAL **

2020-08-30 01:45:03,091 CRITICAL **
2020-08-30 01:45:03,092 CRITICAL Starting the RV Temp Monitor
2020-08-30 01:45:03,092 CRITICAL **
2020-08-30 01:45:03,500 INFO No need to send email, temps are acceptable
2020-08-30 01:45:03,501 INFO 
Garage 72
Main 72
Bedroom 72
Batt V 13.6
Gen State OFF
Hi limit 80
Low limit 60
2020-08-30 01:45:06,110 INFO Gathered temps and emailed to log address :rvlogs@robhome.com
2020-08-30 01:45:06,111 CRITICAL **
2020-08-30 01:45:06,111 CRITICAL Ending run of the RV Temp Monitor
2020-08-30 01:45:06,111 CRITICAL **

2020-08-30 02:00:02,565 CRITICAL **
2020-08-30 02:00:02,566 CRITICAL Starting the RV Temp Monitor
2020-08-30 02:00:02,566 CRITICAL **
2020-08-30 02:00:02,968 INFO No need to send email, temps are acceptable
2020-08-30 02:00:02,968 INFO 
Garage 71
Main 71
Bedroom 72
Batt V 13.6
Gen State OFF
Hi limit 80
Low limit 60
2020-08-30 02:00:05,466 INFO Gathered temps and emailed to log address :rvlogs@robhome.com
2020-08-30 02:00:05,467 CRITICAL **
2020-08-30 02:00:05,467 CRITICAL Ending run of the RV Temp Monitor
2020-08-30 02:00:05,467 CRITICAL **

2020-08-30 02:15:03,047 CRITICAL **
2020-08-30 02:15:03,049 CRITICAL Starting the RV Temp Monitor
2020-08-30 02:15:03,050 CRITICAL **
2020-08-30 02:15:03,528 INFO No need to send email, temps are acceptable
2020-08-30 02:15:03,529 INFO 
Garage 71
Main 71
Bedroom 72
Batt V 13.6
Gen State OFF
Hi limit 80
Low limit 60
2020-08-30 02:15:06,027 INFO Gathered temps and emailed to log address :rvlogs@robhome.com
2020-08-30 02:15:06,028 CRITICAL **
2020-08-30 02:15:06,029 CRITICAL Ending run of the RV Temp Monitor
2020-08-30 02:15:06,029 CRITICAL **

2020-08-30 02:30:02,759 CRITICAL **
2020-08-30 02:30:02,765 CRITICAL Starting the RV Temp Monitor
2020-08-30 02:30:02,766 CRITICAL **
2020-08-30 02:30:03,127 INFO No need to send email, temps are acceptable
2020-08-30 02:30:03,128 INFO 
Garage 71
Main 71
Bedroom 72
Batt V 13.6
Gen State OFF
Hi limit 80
Low limit 60
2020-08-30 02:30:08,024 INFO Gathered temps and emailed to log address :rvlogs@robhome.com
2020-08-30 02:30:08,025 CRITICAL **
2020-08-30 02:30:08,026 CRITICAL Ending run of the RV Temp Monitor
2020-08-30 02:30:08,026 CRITICAL **

2020-08-30 02:45:02,729 CRITICAL **
2020-08-30 02:45:02,735 CRITICAL Starting the RV Temp Monitor
2020-08-30 02:45:02,735 CRITICAL **
2020-08-30 02:45:03,129 INFO No need to send email, temps are acceptable
2020-08-30 02:45:03,129 INFO 
Garage 71
Main 71
Bedroom 72
Batt V 13.6
Gen State OFF
Hi limit 80
Low limit 60
2020-08-30 02:45:05,832 INFO Gathered temps and emailed to log address :rvlogs@robhome.com
2020-08-30 02:45:05,833 CRITICAL **
2020-08-30 02:45:05,833 CRITICAL Ending run of the RV Temp Monitor
2020-08-30 02:45:05,833 CRITICAL **

2020-08-30 03:00:02,527 CRITICAL **
2020-08-30 03:00:02,533 CRITICAL Starting the RV Temp Monitor
2020-08-30 03:00:02,533 CRITICAL **
2020-08-30 03:00:02,933 INFO No need to send email, temps are acceptable
2020-08-30 03:00:02,933 INFO 
Garage 71
Main 71
Bedroom 72
Batt V 13.6
Gen State OFF
Hi limit 80
Low limit 60
2020-08-30 03:00:05,607 INFO Gathered temps and emailed to log address :rvlogs@robhome.com
2020-08-30 03:00:05,607 CRITICAL **
2020-08-30 03:00:05,608 CRITICAL Ending run of the RV Temp Monitor
2020-08-30 03:00:05,608 CRITICAL **

2020-08-30 03:15:03,265 CRITICAL **
2020-08-30 03:15:03,272 CRITICAL Starting the RV Temp Monitor
2020-08-30 03:15:03,272 CRITICAL **
2020-08-30 03:15:03,665 INFO No need to send email, temps are acceptable
2020-08-30 03:15:03,666 INFO 
Garage 71
Main 71
Bedroom 72
Batt V 13.6
Gen State OFF
Hi limit 80
Low limit 60
2020-08-30 03:15:05,901 INFO Gathered temps and emailed to log address :rvlogs@robhome.com
2020-08-30 03:15:05,901 CRITICAL **
2020-08-30 03:15:05,902 CRITICAL Ending run of the RV Temp Monitor
2020-08-30 03:15:05,902 CRITICAL **

2020-08-30 03:30:02,746 CRITICAL **
2020-08-30 03:30:02,751 CRITICAL Starting the RV Temp Monitor
2020-08-30 03:30:02,752 CRITICAL **
2020-08-30 03:30:03,159 INFO No need to send email, temps are acceptable
2020-08-30 03:30:03,160 INFO 
Garage 71
Main 71
Bedroom 72
Batt V 13.6
Gen State OFF
Hi limit 80
Low limit 60
2020-08-30 03:30:06,100 INFO Gathered temps and emailed to log address :rvlogs@robhome.com
2020-08-30 03:30:06,101 CRITICAL **
2020-08-30 03:30:06,101 CRITICAL Ending run of the RV Temp Monitor
2020-08-30 03:30:06,102 CRITICAL **

2020-08-30 03:45:02,765 CRITICAL **
2020-08-30 03:45:02,771 CRITICAL Starting the RV Temp Monitor
2020-08-30 03:45:02,771 CRITICAL **
2020-08-30 03:45:03,158 INFO No need to send email, temps are acceptable
2020-08-30 03:45:03,159 INFO 
Garage 70
Main 71
Bedroom 71
Batt V 13.6
Gen State OFF
Hi limit 80
Low limit 60
2020-08-30 03:45:05,713 INFO Gathered temps and emailed to log address :rvlogs@robhome.com
2020-08-30 03:45:05,714 CRITICAL **
2020-08-30 03:45:05,714 CRITICAL Ending run of the RV Temp Monitor
2020-08-30 03:45:05,715 CRITICAL **

2020-08-30 04:00:04,382 CRITICAL **
2020-08-30 04:00:04,387 CRITICAL Starting the RV Temp Monitor
2020-08-30 04:00:04,387 CRITICAL **
2020-08-30 04:00:04,793 INFO No need to send email, temps are acceptable
2020-08-30 04:00:04,794 INFO 
Garage 71
Main 71
Bedroom 72
Batt V 13.6
Gen State OFF
Hi limit 80
Low limit 60
2020-08-30 04:00:07,353 INFO Gathered temps and emailed to log address :rvlogs@robhome.com
2020-08-30 04:00:07,354 CRITICAL **
2020-08-30 04:00:07,359 CRITICAL Ending run of the RV Temp Monitor
2020-08-30 04:00:07,360 CRITICAL **

2020-08-30 04:15:03,058 CRITICAL **
2020-08-30 04:15:03,065 CRITICAL Starting the RV Temp Monitor
2020-08-30 04:15:03,066 CRITICAL **
2020-08-30 04:15:03,481 INFO No need to send email, temps are acceptable
2020-08-30 04:15:03,481 INFO 
Garage 71
Main 70
Bedroom 72
Batt V 13.6
Gen State OFF
Hi limit 80
Low limit 60
2020-08-30 04:15:06,204 INFO Gathered temps and emailed to log address :rvlogs@robhome.com
2020-08-30 04:15:06,205 CRITICAL **
2020-08-30 04:15:06,205 CRITICAL Ending run of the RV Temp Monitor
2020-08-30 04:15:06,205 CRITICAL **

2020-08-30 04:30:03,005 CRITICAL **
2020-08-30 04:30:03,011 CRITICAL Starting the RV Temp Monitor
2020-08-30 04:30:03,011 CRITICAL **
2020-08-30 04:30:03,422 INFO No need to send email, temps are acceptable
2020-08-30 04:30:03,423 INFO 
Garage 71
Main 71
Bedroom 72
Batt V 13.6
Gen State OFF
Hi limit 80
Low limit 60
2020-08-30 04:30:06,497 INFO Gathered temps and emailed to log address :rvlogs@robhome.com
2020-08-30 04:30:06,498 CRITICAL **
2020-08-30 04:30:06,498 CRITICAL Ending run of the RV Temp Monitor
2020-08-30 04:30:06,499 CRITICAL **

2020-08-30 04:45:03,119 CRITICAL **
2020-08-30 04:45:03,121 CRITICAL Starting the RV Temp Monitor
2020-08-30 04:45:03,122 CRITICAL **
2020-08-30 04:45:03,549 INFO No need to send email, temps are acceptable
2020-08-30 04:45:03,550 INFO 
Garage 71
Main 71
Bedroom 72
Batt V 13.6
Gen State OFF
Hi limit 80
Low limit 60
2020-08-30 04:45:06,492 INFO Gathered temps and emailed to log address :rvlogs@robhome.com
2020-08-30 04:45:06,492 CRITICAL **
2020-08-30 04:45:06,493 CRITICAL Ending run of the RV Temp Monitor
2020-08-30 04:45:06,493 CRITICAL **

2020-08-30 05:00:03,209 CRITICAL **
2020-08-30 05:00:03,210 CRITICAL Starting the RV Temp Monitor
2020-08-30 05:00:03,210 CRITICAL **
2020-08-30 05:00:03,625 INFO No need to send email, temps are acceptable
2020-08-30 05:00:03,626 INFO 
Garage 71
Main 70
Bedroom 71
Batt V 13.6
Gen State OFF
Hi limit 80
Low limit 60
2020-08-30 05:00:05,860 INFO Gathered temps and emailed to log address :rvlogs@robhome.com
2020-08-30 05:00:05,861 CRITICAL **
2020-08-30 05:00:05,862 CRITICAL Ending run of the RV Temp Monitor
2020-08-30 05:00:05,862 CRITICAL **

2020-08-30 05:15:02,622 CRITICAL **
2020-08-30 05:15:02,623 CRITICAL Starting the RV Temp Monitor
2020-08-30 05:15:02,624 CRITICAL **
2020-08-30 05:15:03,030 INFO No need to send email, temps are acceptable
2020-08-30 05:15:03,031 INFO 
Garage 71
Main 70
Bedroom 72
Batt V 13.6
Gen State OFF
Hi limit 80
Low limit 60
2020-08-30 05:15:05,694 INFO Gathered temps and emailed to log address :rvlogs@robhome.com
2020-08-30 05:15:05,695 CRITICAL **
2020-08-30 05:15:05,695 CRITICAL Ending run of the RV Temp Monitor
2020-08-30 05:15:05,695 CRITICAL **

2020-08-30 05:30:02,332 CRITICAL **
2020-08-30 05:30:02,333 CRITICAL Starting the RV Temp Monitor
2020-08-30 05:30:02,333 CRITICAL **
2020-08-30 05:30:02,674 INFO No need to send email, temps are acceptable
2020-08-30 05:30:02,675 INFO 
Garage 71
Main 70
Bedroom 72
Batt V 13.6
Gen State OFF
Hi limit 80
Low limit 60
2020-08-30 05:30:05,611 INFO Gathered temps and emailed to log address :rvlogs@robhome.com
2020-08-30 05:30:05,612 CRITICAL **
2020-08-30 05:30:05,615 CRITICAL Ending run of the RV Temp Monitor
2020-08-30 05:30:05,615 CRITICAL **

2020-08-30 05:45:03,082 CRITICAL **
2020-08-30 05:45:03,083 CRITICAL Starting the RV Temp Monitor
2020-08-30 05:45:03,084 CRITICAL **
2020-08-30 05:45:03,514 INFO No need to send email, temps are acceptable
2020-08-30 05:45:03,515 INFO 
Garage 70
Main 70
Bedroom 72
Batt V 13.6
Gen State OFF
Hi limit 80
Low limit 60
2020-08-30 05:45:06,138 INFO Gathered temps and emailed to log address :rvlogs@robhome.com
2020-08-30 05:45:06,138 CRITICAL **
2020-08-30 05:45:06,139 CRITICAL Ending run of the RV Temp Monitor
2020-08-30 05:45:06,139 CRITICAL **

2020-08-30 06:00:02,613 CRITICAL **
2020-08-30 06:00:02,614 CRITICAL Starting the RV Temp Monitor
2020-08-30 06:00:02,614 CRITICAL **
2020-08-30 06:00:02,986 INFO No need to send email, temps are acceptable
2020-08-30 06:00:02,987 INFO 
Garage 70
Main 70
Bedroom 72
Batt V 13.6
Gen State OFF
Hi limit 80
Low limit 60
2020-08-30 06:00:05,531 INFO Gathered temps and emailed to log address :rvlogs@robhome.com
2020-08-30 06:00:05,532 CRITICAL **
2020-08-30 06:00:05,536 CRITICAL Ending run of the RV Temp Monitor
2020-08-30 06:00:05,537 CRITICAL **

2020-08-30 06:15:03,006 CRITICAL **
2020-08-30 06:15:03,007 CRITICAL Starting the RV Temp Monitor
2020-08-30 06:15:03,007 CRITICAL **
2020-08-30 06:15:03,381 INFO No need to send email, temps are acceptable
2020-08-30 06:15:03,381 INFO 
Garage 69
Main 70
Bedroom 71
Batt V 13.6
Gen State OFF
Hi limit 80
Low limit 60
2020-08-30 06:15:05,963 INFO Gathered temps and emailed to log address :rvlogs@robhome.com
2020-08-30 06:15:05,964 CRITICAL **
2020-08-30 06:15:05,964 CRITICAL Ending run of the RV Temp Monitor
2020-08-30 06:15:05,965 CRITICAL **

2020-08-30 06:30:02,853 CRITICAL **
2020-08-30 06:30:02,854 CRITICAL Starting the RV Temp Monitor
2020-08-30 06:30:02,854 CRITICAL **
2020-08-30 06:30:03,263 INFO No need to send email, temps are acceptable
2020-08-30 06:30:03,264 INFO 
Garage 69
Main 70
Bedroom 72
Batt V 13.6
Gen State OFF
Hi limit 80
Low limit 60
2020-08-30 06:30:06,180 INFO Gathered temps and emailed to log address :rvlogs@robhome.com
2020-08-30 06:30:06,180 CRITICAL **
2020-08-30 06:30:06,181 CRITICAL Ending run of the RV Temp Monitor
2020-08-30 06:30:06,181 CRITICAL **

2020-08-30 06:45:02,646 CRITICAL **
2020-08-30 06:45:02,647 CRITICAL Starting the RV Temp Monitor
2020-08-30 06:45:02,647 CRITICAL **
2020-08-30 06:45:03,033 INFO No need to send email, temps are acceptable
2020-08-30 06:45:03,034 INFO 
Garage 69
Main 70
Bedroom 72
Batt V 13.6
Gen State OFF
Hi limit 80
Low limit 60
2020-08-30 06:45:05,332 INFO Gathered temps and emailed to log address :rvlogs@robhome.com
2020-08-30 06:45:05,332 CRITICAL **
2020-08-30 06:45:05,332 CRITICAL Ending run of the RV Temp Monitor
2020-08-30 06:45:05,333 CRITICAL **

2020-08-30 07:00:02,907 CRITICAL **
2020-08-30 07:00:02,908 CRITICAL Starting the RV Temp Monitor
2020-08-30 07:00:02,908 CRITICAL **
2020-08-30 07:00:03,275 INFO No need to send email, temps are acceptable
2020-08-30 07:00:03,276 INFO 
Garage 69
Main 70
Bedroom 72
Batt V 13.6
Gen State OFF
Hi limit 80
Low limit 60
2020-08-30 07:00:05,850 INFO Gathered temps and emailed to log address :rvlogs@robhome.com
2020-08-30 07:00:05,851 CRITICAL **
2020-08-30 07:00:05,851 CRITICAL Ending run of the RV Temp Monitor
2020-08-30 07:00:05,852 CRITICAL **

2020-08-30 07:15:02,312 CRITICAL **
2020-08-30 07:15:02,313 CRITICAL Starting the RV Temp Monitor
2020-08-30 07:15:02,313 CRITICAL **
2020-08-30 07:15:02,705 INFO No need to send email, temps are acceptable
2020-08-30 07:15:02,705 INFO 
Garage 69
Main 70
Bedroom 72
Batt V 13.6
Gen State OFF
Hi limit 80
Low limit 60
2020-08-30 07:15:04,900 INFO Gathered temps and emailed to log address :rvlogs@robhome.com
2020-08-30 07:15:04,900 CRITICAL **
2020-08-30 07:15:04,905 CRITICAL Ending run of the RV Temp Monitor
2020-08-30 07:15:04,905 CRITICAL **

2020-08-30 07:30:02,486 CRITICAL **
2020-08-30 07:30:02,487 CRITICAL Starting the RV Temp Monitor
2020-08-30 07:30:02,487 CRITICAL **
2020-08-30 07:30:02,856 INFO No need to send email, temps are acceptable
2020-08-30 07:30:02,856 INFO 
Garage 69
Main 70
Bedroom 72
Batt V 13.6
Gen State OFF
Hi limit 80
Low limit 60
2020-08-30 07:30:05,305 INFO Gathered temps and emailed to log address :rvlogs@robhome.com
2020-08-30 07:30:05,310 CRITICAL **
2020-08-30 07:30:05,311 CRITICAL Ending run of the RV Temp Monitor
2020-08-30 07:30:05,311 CRITICAL **

2020-08-30 07:45:02,776 CRITICAL **
2020-08-30 07:45:02,777 CRITICAL Starting the RV Temp Monitor
2020-08-30 07:45:02,777 CRITICAL **
2020-08-30 07:45:03,136 INFO No need to send email, temps are acceptable
2020-08-30 07:45:03,137 INFO 
Garage 68
Main 70
Bedroom 72
Batt V 13.6
Gen State OFF
Hi limit 80
Low limit 60
2020-08-30 07:45:05,624 INFO Gathered temps and emailed to log address :rvlogs@robhome.com
2020-08-30 07:45:05,628 CRITICAL **
2020-08-30 07:45:05,628 CRITICAL Ending run of the RV Temp Monitor
2020-08-30 07:45:05,628 CRITICAL **

2020-08-30 08:00:03,092 CRITICAL **
2020-08-30 08:00:03,093 CRITICAL Starting the RV Temp Monitor
2020-08-30 08:00:03,093 CRITICAL **
2020-08-30 08:00:03,503 INFO No need to send email, temps are acceptable
2020-08-30 08:00:03,504 INFO 
Garage 69
Main 70
Bedroom 72
Batt V 13.6
Gen State OFF
Hi limit 80
Low limit 60
2020-08-30 08:00:06,510 INFO Gathered temps and emailed to log address :rvlogs@robhome.com
2020-08-30 08:00:06,511 CRITICAL **
2020-08-30 08:00:06,511 CRITICAL Ending run of the RV Temp Monitor
2020-08-30 08:00:06,511 CRITICAL **

2020-08-30 08:15:02,966 CRITICAL **
2020-08-30 08:15:02,967 CRITICAL Starting the RV Temp Monitor
2020-08-30 08:15:02,967 CRITICAL **
2020-08-30 08:15:03,349 INFO No need to send email, temps are acceptable
2020-08-30 08:15:03,350 INFO 
Garage 69
Main 69
Bedroom 71
Batt V 13.6
Gen State OFF
Hi limit 80
Low limit 60
2020-08-30 08:15:05,864 INFO Gathered temps and emailed to log address :rvlogs@robhome.com
2020-08-30 08:15:05,868 CRITICAL **
2020-08-30 08:15:05,868 CRITICAL Ending run of the RV Temp Monitor
2020-08-30 08:15:05,868 CRITICAL **

2020-08-30 08:30:02,450 CRITICAL **
2020-08-30 08:30:02,451 CRITICAL Starting the RV Temp Monitor
2020-08-30 08:30:02,452 CRITICAL **
2020-08-30 08:30:02,852 INFO No need to send email, temps are acceptable
2020-08-30 08:30:02,852 INFO 
Garage 69
Main 70
Bedroom 72
Batt V 13.6
Gen State OFF
Hi limit 80
Low limit 60
2020-08-30 08:30:05,532 INFO Gathered temps and emailed to log address :rvlogs@robhome.com
2020-08-30 08:30:05,532 CRITICAL **
2020-08-30 08:30:05,537 CRITICAL Ending run of the RV Temp Monitor
2020-08-30 08:30:05,538 CRITICAL **

2020-08-30 08:45:02,998 CRITICAL **
2020-08-30 08:45:02,999 CRITICAL Starting the RV Temp Monitor
2020-08-30 08:45:02,999 CRITICAL **
2020-08-30 08:45:03,402 INFO No need to send email, temps are acceptable
2020-08-30 08:45:03,403 INFO 
Garage 69
Main 69
Bedroom 72
Batt V 13.6
Gen State OFF
Hi limit 80
Low limit 60
2020-08-30 08:45:05,813 INFO Gathered temps and emailed to log address :rvlogs@robhome.com
2020-08-30 08:45:05,814 CRITICAL **
2020-08-30 08:45:05,814 CRITICAL Ending run of the RV Temp Monitor
2020-08-30 08:45:05,814 CRITICAL **

2020-08-30 09:00:03,286 CRITICAL **
2020-08-30 09:00:03,287 CRITICAL Starting the RV Temp Monitor
2020-08-30 09:00:03,287 CRITICAL **
2020-08-30 09:00:03,664 INFO No need to send email, temps are acceptable
2020-08-30 09:00:03,665 INFO 
Garage 70
Main 69
Bedroom 72
Batt V 13.6
Gen State OFF
Hi limit 80
Low limit 60
2020-08-30 09:00:06,194 INFO Gathered temps and emailed to log address :rvlogs@robhome.com
2020-08-30 09:00:06,195 CRITICAL **
2020-08-30 09:00:06,195 CRITICAL Ending run of the RV Temp Monitor
2020-08-30 09:00:06,195 CRITICAL **

2020-08-30 09:15:02,667 CRITICAL **
2020-08-30 09:15:02,668 CRITICAL Starting the RV Temp Monitor
2020-08-30 09:15:02,669 CRITICAL **
2020-08-30 09:15:03,095 INFO No need to send email, temps are acceptable
2020-08-30 09:15:03,096 INFO 
Garage 71
Main 70
Bedroom 72
Batt V 13.6
Gen State OFF
Hi limit 80
Low limit 60
2020-08-30 09:15:05,463 INFO Gathered temps and emailed to log address :rvlogs@robhome.com
2020-08-30 09:15:05,463 CRITICAL **
2020-08-30 09:15:05,468 CRITICAL Ending run of the RV Temp Monitor
2020-08-30 09:15:05,469 CRITICAL **

2020-08-30 09:30:03,071 CRITICAL **
2020-08-30 09:30:03,071 CRITICAL Starting the RV Temp Monitor
2020-08-30 09:30:03,072 CRITICAL **
2020-08-30 09:30:03,472 INFO No need to send email, temps are acceptable
2020-08-30 09:30:03,472 INFO 
Garage 72
Main 70
Bedroom 72
Batt V 13.6
Gen State OFF
Hi limit 80
Low limit 60
2020-08-30 09:30:06,176 INFO Gathered temps and emailed to log address :rvlogs@robhome.com
2020-08-30 09:30:06,177 CRITICAL **
2020-08-30 09:30:06,177 CRITICAL Ending run of the RV Temp Monitor
2020-08-30 09:30:06,177 CRITICAL **

2020-08-30 09:45:02,640 CRITICAL **
2020-08-30 09:45:02,640 CRITICAL Starting the RV Temp Monitor
2020-08-30 09:45:02,641 CRITICAL **
2020-08-30 09:45:03,048 INFO No need to send email, temps are acceptable
2020-08-30 09:45:03,049 INFO 
Garage 73
Main 70
Bedroom 72
Batt V 13.6
Gen State OFF
Hi limit 80
Low limit 60
2020-08-30 09:45:07,059 INFO Gathered temps and emailed to log address :rvlogs@robhome.com
2020-08-30 09:45:07,059 CRITICAL **
2020-08-30 09:45:07,059 CRITICAL Ending run of the RV Temp Monitor
2020-08-30 09:45:07,060 CRITICAL **

2020-08-30 10:00:02,519 CRITICAL **
2020-08-30 10:00:02,519 CRITICAL Starting the RV Temp Monitor
2020-08-30 10:00:02,520 CRITICAL **
2020-08-30 10:00:02,878 INFO No need to send email, temps are acceptable
2020-08-30 10:00:02,878 INFO 
Garage 73
Main 70
Bedroom 72
Batt V 13.6
Gen State OFF
Hi limit 80
Low limit 60
2020-08-30 10:00:05,412 INFO Gathered temps and emailed to log address :rvlogs@robhome.com
2020-08-30 10:00:05,413 CRITICAL **
2020-08-30 10:00:05,415 CRITICAL Ending run of the RV Temp Monitor
2020-08-30 10:00:05,416 CRITICAL **

2020-08-30 10:15:02,878 CRITICAL **
2020-08-30 10:15:02,879 CRITICAL Starting the RV Temp Monitor
2020-08-30 10:15:02,879 CRITICAL **
2020-08-30 10:15:03,368 INFO No need to send email, temps are acceptable
2020-08-30 10:15:03,368 INFO 
Garage 73
Main 70
Bedroom 72
Batt V 13.6
Gen State OFF
Hi limit 80
Low limit 60
2020-08-30 10:15:05,693 INFO Gathered temps and emailed to log address :rvlogs@robhome.com
2020-08-30 10:15:05,693 CRITICAL **
2020-08-30 10:15:05,698 CRITICAL Ending run of the RV Temp Monitor
2020-08-30 10:15:05,698 CRITICAL **

2020-08-30 10:30:03,284 CRITICAL **
2020-08-30 10:30:03,285 CRITICAL Starting the RV Temp Monitor
2020-08-30 10:30:03,285 CRITICAL **
2020-08-30 10:30:03,663 INFO No need to send email, temps are acceptable
2020-08-30 10:30:03,663 INFO 
Garage 72
Main 71
Bedroom 72
Batt V 13.6
Gen State OFF
Hi limit 80
Low limit 60
2020-08-30 10:30:05,973 INFO Gathered temps and emailed to log address :rvlogs@robhome.com
2020-08-30 10:30:05,973 CRITICAL **
2020-08-30 10:30:05,974 CRITICAL Ending run of the RV Temp Monitor
2020-08-30 10:30:05,974 CRITICAL **

2020-08-30 10:45:02,423 CRITICAL **
2020-08-30 10:45:02,423 CRITICAL Starting the RV Temp Monitor
2020-08-30 10:45:02,424 CRITICAL **
2020-08-30 10:45:02,773 INFO No need to send email, temps are acceptable
2020-08-30 10:45:02,774 INFO 
Garage 72
Main 71
Bedroom 72
Batt V 13.6
Gen State OFF
Hi limit 80
Low limit 60
2020-08-30 10:45:05,040 INFO Gathered temps and emailed to log address :rvlogs@robhome.com
2020-08-30 10:45:05,041 CRITICAL **
2020-08-30 10:45:05,045 CRITICAL Ending run of the RV Temp Monitor
2020-08-30 10:45:05,046 CRITICAL **

2020-08-30 11:00:02,510 CRITICAL **
2020-08-30 11:00:02,510 CRITICAL Starting the RV Temp Monitor
2020-08-30 11:00:02,511 CRITICAL **
2020-08-30 11:00:02,866 INFO No need to send email, temps are acceptable
2020-08-30 11:00:02,866 INFO 
Garage 72
Main 71
Bedroom 72
Batt V 13.6
Gen State OFF
Hi limit 80
Low limit 60
2020-08-30 11:00:05,329 INFO Gathered temps and emailed to log address :rvlogs@robhome.com
2020-08-30 11:00:05,330 CRITICAL **
2020-08-30 11:00:05,334 CRITICAL Ending run of the RV Temp Monitor
2020-08-30 11:00:05,335 CRITICAL **

2020-08-30 11:15:02,793 CRITICAL **
2020-08-30 11:15:02,794 CRITICAL Starting the RV Temp Monitor
2020-08-30 11:15:02,794 CRITICAL **
2020-08-30 11:15:03,187 INFO No need to send email, temps are acceptable
2020-08-30 11:15:03,187 INFO 
Garage 74
Main 72
Bedroom 73
Batt V 13.6
Gen State OFF
Hi limit 80
Low limit 60
2020-08-30 11:15:05,697 INFO Gathered temps and emailed to log address :rvlogs@robhome.com
2020-08-30 11:15:05,697 CRITICAL **
2020-08-30 11:15:05,700 CRITICAL Ending run of the RV Temp Monitor
2020-08-30 11:15:05,701 CRITICAL **

2020-08-30 11:30:03,305 CRITICAL **
2020-08-30 11:30:03,305 CRITICAL Starting the RV Temp Monitor
2020-08-30 11:30:03,306 CRITICAL **
2020-08-30 11:30:03,726 INFO No need to send email, temps are acceptable
2020-08-30 11:30:03,727 INFO 
Garage 73
Main 71
Bedroom 73
Batt V 13.6
Gen State OFF
Hi limit 80
Low limit 60
2020-08-30 11:30:06,219 INFO Gathered temps and emailed to log address :rvlogs@robhome.com
2020-08-30 11:30:06,219 CRITICAL **
2020-08-30 11:30:06,219 CRITICAL Ending run of the RV Temp Monitor
2020-08-30 11:30:06,220 CRITICAL **

2020-08-30 11:45:02,702 CRITICAL **
2020-08-30 11:45:02,702 CRITICAL Starting the RV Temp Monitor
2020-08-30 11:45:02,703 CRITICAL **
2020-08-30 11:45:03,145 INFO No need to send email, temps are acceptable
2020-08-30 11:45:03,146 INFO 
Garage 73
Main 72
Bedroom 73
Batt V 13.6
Gen State OFF
Hi limit 80
Low limit 60
2020-08-30 11:45:05,626 INFO Gathered temps and emailed to log address :rvlogs@robhome.com
2020-08-30 11:45:05,627 CRITICAL **
2020-08-30 11:45:05,632 CRITICAL Ending run of the RV Temp Monitor
2020-08-30 11:45:05,633 CRITICAL **

2020-08-30 12:00:03,097 CRITICAL **
2020-08-30 12:00:03,098 CRITICAL Starting the RV Temp Monitor
2020-08-30 12:00:03,098 CRITICAL **
2020-08-30 12:00:03,523 INFO No need to send email, temps are acceptable
2020-08-30 12:00:03,523 INFO 
Garage 72
Main 72
Bedroom 73
Batt V 13.6
Gen State OFF
Hi limit 80
Low limit 60
2020-08-30 12:00:06,413 INFO Gathered temps and emailed to log address :rvlogs@robhome.com
2020-08-30 12:00:06,413 CRITICAL **
2020-08-30 12:00:06,414 CRITICAL Ending run of the RV Temp Monitor
2020-08-30 12:00:06,414 CRITICAL **

2020-08-30 12:15:02,899 CRITICAL **
2020-08-30 12:15:02,900 CRITICAL Starting the RV Temp Monitor
2020-08-30 12:15:02,900 CRITICAL **
2020-08-30 12:15:03,295 INFO No need to send email, temps are acceptable
2020-08-30 12:15:03,295 INFO 
Garage 73
Main 72
Bedroom 72
Batt V 13.6
Gen State OFF
Hi limit 80
Low limit 60
2020-08-30 12:20:03,876 ERROR Could not send email
2020-08-30 12:20:03,876 INFO Gathered temps and emailed to log address :rvlogs@robhome.com
2020-08-30 12:20:03,877 CRITICAL **
2020-08-30 12:20:03,877 CRITICAL Ending run of the RV Temp Monitor
2020-08-30 12:20:03,877 CRITICAL **

2020-08-30 12:30:02,333 CRITICAL **
2020-08-30 12:30:02,334 CRITICAL Starting the RV Temp Monitor
2020-08-30 12:30:02,335 CRITICAL **
2020-08-30 12:30:02,754 INFO No need to send email, temps are acceptable
2020-08-30 12:30:02,755 INFO 
Garage 73
Main 73
Bedroom 72
Batt V 13.6
Gen State OFF
Hi limit 80
Low limit 60
2020-08-30 12:30:05,137 INFO Gathered temps and emailed to log address :rvlogs@robhome.com
2020-08-30 12:30:05,141 CRITICAL **
2020-08-30 12:30:05,141 CRITICAL Ending run of the RV Temp Monitor
2020-08-30 12:30:05,141 CRITICAL **

2020-08-30 12:45:02,611 CRITICAL **
2020-08-30 12:45:02,612 CRITICAL Starting the RV Temp Monitor
2020-08-30 12:45:02,612 CRITICAL **
2020-08-30 12:45:03,026 INFO No need to send email, temps are acceptable
2020-08-30 12:45:03,026 INFO 
Garage 73
Main 73
Bedroom 72
Batt V 13.6
Gen State OFF
Hi limit 80
Low limit 60
2020-08-30 12:45:07,371 INFO Gathered temps and emailed to log address :rvlogs@robhome.com
2020-08-30 12:45:07,371 CRITICAL **
2020-08-30 12:45:07,371 CRITICAL Ending run of the RV Temp Monitor
2020-08-30 12:45:07,372 CRITICAL **

2020-08-30 13:00:02,836 CRITICAL **
2020-08-30 13:00:02,837 CRITICAL Starting the RV Temp Monitor
2020-08-30 13:00:02,838 CRITICAL **
2020-08-30 13:00:03,186 INFO No need to send email, temps are acceptable
2020-08-30 13:00:03,187 INFO 
Garage 73
Main 72
Bedroom 72
Batt V 13.6
Gen State OFF
Hi limit 80
Low limit 60
2020-08-30 13:00:05,047 INFO Gathered temps and emailed to log address :rvlogs@robhome.com
2020-08-30 13:00:05,075 CRITICAL **
2020-08-30 13:00:05,075 CRITICAL Ending run of the RV Temp Monitor
2020-08-30 13:00:05,076 CRITICAL **

2020-08-30 13:15:02,533 CRITICAL **
2020-08-30 13:15:02,534 CRITICAL Starting the RV Temp Monitor
2020-08-30 13:15:02,535 CRITICAL **
2020-08-30 13:15:02,909 INFO No need to send email, temps are acceptable
2020-08-30 13:15:02,910 INFO 
Garage 73
Main 73
Bedroom 73
Batt V 13.6
Gen State OFF
Hi limit 80
Low limit 60
2020-08-30 13:15:06,476 INFO Gathered temps and emailed to log address :rvlogs@robhome.com
2020-08-30 13:15:06,476 CRITICAL **
2020-08-30 13:15:06,477 CRITICAL Ending run of the RV Temp Monitor
2020-08-30 13:15:06,477 CRITICAL **

2020-08-30 13:30:03,069 CRITICAL **
2020-08-30 13:30:03,070 CRITICAL Starting the RV Temp Monitor
2020-08-30 13:30:03,071 CRITICAL **
2020-08-30 13:30:03,488 INFO No need to send email, temps are acceptable
2020-08-30 13:30:03,489 INFO 
Garage 73
Main 73
Bedroom 73
Batt V 13.6
Gen State OFF
Hi limit 80
Low limit 60
2020-08-30 13:30:05,709 INFO Gathered temps and emailed to log address :rvlogs@robhome.com
2020-08-30 13:30:05,709 CRITICAL **
2020-08-30 13:30:05,712 CRITICAL Ending run of the RV Temp Monitor
2020-08-30 13:30:05,712 CRITICAL **

2020-08-30 13:45:03,170 CRITICAL **
2020-08-30 13:45:03,171 CRITICAL Starting the RV Temp Monitor
2020-08-30 13:45:03,172 CRITICAL **
2020-08-30 13:45:03,565 INFO No need to send email, temps are acceptable
2020-08-30 13:45:03,565 INFO 
Garage 73
Main 74
Bedroom 72
Batt V 13.6
Gen State OFF
Hi limit 80
Low limit 60
2020-08-30 13:45:06,006 INFO Gathered temps and emailed to log address :rvlogs@robhome.com
2020-08-30 13:45:06,007 CRITICAL **
2020-08-30 13:45:06,007 CRITICAL Ending run of the RV Temp Monitor
2020-08-30 13:45:06,008 CRITICAL **

2020-08-30 14:00:02,464 CRITICAL **
2020-08-30 14:00:02,465 CRITICAL Starting the RV Temp Monitor
2020-08-30 14:00:02,465 CRITICAL **
2020-08-30 14:00:02,839 INFO No need to send email, temps are acceptable
2020-08-30 14:00:02,840 INFO 
Garage 73
Main 75
Bedroom 73
Batt V 13.6
Gen State OFF
Hi limit 80
Low limit 60
2020-08-30 14:00:07,244 INFO Gathered temps and emailed to log address :rvlogs@robhome.com
2020-08-30 14:00:07,245 CRITICAL **
2020-08-30 14:00:07,245 CRITICAL Ending run of the RV Temp Monitor
2020-08-30 14:00:07,245 CRITICAL **

2020-08-30 14:15:02,717 CRITICAL **
2020-08-30 14:15:02,718 CRITICAL Starting the RV Temp Monitor
2020-08-30 14:15:02,718 CRITICAL **
2020-08-30 14:15:03,117 INFO No need to send email, temps are acceptable
2020-08-30 14:15:03,118 INFO 
Garage 73
Main 74
Bedroom 73
Batt V 13.6
Gen State OFF
Hi limit 80
Low limit 60
2020-08-30 14:15:06,704 INFO Gathered temps and emailed to log address :rvlogs@robhome.com
2020-08-30 14:15:06,705 CRITICAL **
2020-08-30 14:15:06,705 CRITICAL Ending run of the RV Temp Monitor
2020-08-30 14:15:06,705 CRITICAL **

2020-08-30 14:30:03,300 CRITICAL **
2020-08-30 14:30:03,301 CRITICAL Starting the RV Temp Monitor
2020-08-30 14:30:03,301 CRITICAL **
2020-08-30 14:30:03,707 INFO No need to send email, temps are acceptable
2020-08-30 14:30:03,707 INFO 
Garage 73
Main 75
Bedroom 73
Batt V 13.6
Gen State OFF
Hi limit 80
Low limit 60
2020-08-30 14:30:06,853 INFO Gathered temps and emailed to log address :rvlogs@robhome.com
2020-08-30 14:30:06,854 CRITICAL **
2020-08-30 14:30:06,854 CRITICAL Ending run of the RV Temp Monitor
2020-08-30 14:30:06,855 CRITICAL **

2020-08-30 14:45:02,320 CRITICAL **
2020-08-30 14:45:02,321 CRITICAL Starting the RV Temp Monitor
2020-08-30 14:45:02,322 CRITICAL **
2020-08-30 14:45:02,684 INFO No need to send email, temps are acceptable
2020-08-30 14:45:02,684 INFO 
Garage 73
Main 75
Bedroom 73
Batt V 13.6
Gen State OFF
Hi limit 80
Low limit 60
2020-08-30 14:45:05,587 INFO Gathered temps and emailed to log address :rvlogs@robhome.com
2020-08-30 14:45:05,588 CRITICAL **
2020-08-30 14:45:05,588 CRITICAL Ending run of the RV Temp Monitor
2020-08-30 14:45:05,589 CRITICAL **

2020-08-30 15:00:03,050 CRITICAL **
2020-08-30 15:00:03,051 CRITICAL Starting the RV Temp Monitor
2020-08-30 15:00:03,051 CRITICAL **
2020-08-30 15:00:03,509 INFO No need to send email, temps are acceptable
2020-08-30 15:00:03,509 INFO 
Garage 73
Main 75
Bedroom 72
Batt V 13.6
Gen State OFF
Hi limit 80
Low limit 60
2020-08-30 15:00:06,189 INFO Gathered temps and emailed to log address :rvlogs@robhome.com
2020-08-30 15:00:06,190 CRITICAL **
2020-08-30 15:00:06,190 CRITICAL Ending run of the RV Temp Monitor
2020-08-30 15:00:06,190 CRITICAL **

2020-08-30 15:15:02,650 CRITICAL **
2020-08-30 15:15:02,651 CRITICAL Starting the RV Temp Monitor
2020-08-30 15:15:02,651 CRITICAL **
2020-08-30 15:15:03,018 INFO No need to send email, temps are acceptable
2020-08-30 15:15:03,018 INFO 
Garage 73
Main 75
Bedroom 73
Batt V 13.6
Gen State OFF
Hi limit 80
Low limit 60
2020-08-30 15:15:06,915 INFO Gathered temps and emailed to log address :rvlogs@robhome.com
2020-08-30 15:15:06,916 CRITICAL **
2020-08-30 15:15:06,916 CRITICAL Ending run of the RV Temp Monitor
2020-08-30 15:15:06,916 CRITICAL **

2020-08-30 15:30:02,496 CRITICAL **
2020-08-30 15:30:02,498 CRITICAL Starting the RV Temp Monitor
2020-08-30 15:30:02,498 CRITICAL **
2020-08-30 15:30:02,889 INFO No need to send email, temps are acceptable
2020-08-30 15:30:02,889 INFO 
Garage 73
Main 75
Bedroom 72
Batt V 13.6
Gen State OFF
Hi limit 80
Low limit 60
2020-08-30 15:30:05,251 INFO Gathered temps and emailed to log address :rvlogs@robhome.com
2020-08-30 15:30:05,252 CRITICAL **
2020-08-30 15:30:05,257 CRITICAL Ending run of the RV Temp Monitor
2020-08-30 15:30:05,257 CRITICAL **

2020-08-30 15:45:02,735 CRITICAL **
2020-08-30 15:45:02,735 CRITICAL Starting the RV Temp Monitor
2020-08-30 15:45:02,736 CRITICAL **
2020-08-30 15:45:03,102 INFO No need to send email, temps are acceptable
2020-08-30 15:45:03,102 INFO 
Garage 73
Main 75
Bedroom 72
Batt V 13.6
Gen State OFF
Hi limit 80
Low limit 60
2020-08-30 16:00:02,974 CRITICAL **
2020-08-30 16:00:02,974 CRITICAL Starting the RV Temp Monitor
2020-08-30 16:00:02,975 CRITICAL **
2020-08-30 16:00:03,334 INFO No need to send email, temps are acceptable
2020-08-30 16:00:03,334 INFO 
Garage 73
Main 75
Bedroom 71
Batt V 13.6
Gen State OFF
Hi limit 80
Low limit 60
2020-08-30 16:00:06,082 INFO Gathered temps and emailed to log address :rvlogs@robhome.com
2020-08-30 16:00:06,083 CRITICAL **
2020-08-30 16:00:06,087 CRITICAL Ending run of the RV Temp Monitor
2020-08-30 16:00:06,088 CRITICAL **

2020-08-30 16:15:02,553 CRITICAL **
2020-08-30 16:15:02,554 CRITICAL Starting the RV Temp Monitor
2020-08-30 16:15:02,554 CRITICAL **
2020-08-30 16:15:02,960 INFO No need to send email, temps are acceptable
2020-08-30 16:15:02,960 INFO 
Garage 72
Main 76
Bedroom 71
Batt V 13.6
Gen State OFF
Hi limit 80
Low limit 60
2020-08-30 16:15:05,462 INFO Gathered temps and emailed to log address :rvlogs@robhome.com
2020-08-30 16:15:05,463 CRITICAL **
2020-08-30 16:15:05,468 CRITICAL Ending run of the RV Temp Monitor
2020-08-30 16:15:05,468 CRITICAL **

2020-08-30 16:30:03,041 CRITICAL **
2020-08-30 16:30:03,042 CRITICAL Starting the RV Temp Monitor
2020-08-30 16:30:03,043 CRITICAL **
2020-08-30 16:30:03,416 INFO No need to send email, temps are acceptable
2020-08-30 16:30:03,417 INFO 
Garage 72
Main 76
Bedroom 71
Batt V 13.6
Gen State OFF
Hi limit 80
Low limit 60
2020-08-30 16:30:05,787 INFO Gathered temps and emailed to log address :rvlogs@robhome.com
2020-08-30 16:30:05,791 CRITICAL **
2020-08-30 16:30:05,791 CRITICAL Ending run of the RV Temp Monitor
2020-08-30 16:30:05,791 CRITICAL **

2020-08-30 16:45:03,260 CRITICAL **
2020-08-30 16:45:03,261 CRITICAL Starting the RV Temp Monitor
2020-08-30 16:45:03,261 CRITICAL **
2020-08-30 16:45:03,655 INFO No need to send email, temps are acceptable
2020-08-30 16:45:03,656 INFO 
Garage 72
Main 76
Bedroom 71
Batt V 13.6
Gen State OFF
Hi limit 80
Low limit 60
2020-08-30 16:45:06,487 INFO Gathered temps and emailed to log address :rvlogs@robhome.com
2020-08-30 16:45:06,488 CRITICAL **
2020-08-30 16:45:06,488 CRITICAL Ending run of the RV Temp Monitor
2020-08-30 16:45:06,488 CRITICAL **

2020-08-30 17:00:02,956 CRITICAL **
2020-08-30 17:00:02,957 CRITICAL Starting the RV Temp Monitor
2020-08-30 17:00:02,958 CRITICAL **
2020-08-30 17:00:03,329 INFO No need to send email, temps are acceptable
2020-08-30 17:00:03,329 INFO 
Garage 72
Main 76
Bedroom 72
Batt V 13.6
Gen State OFF
Hi limit 80
Low limit 60
2020-08-30 17:00:05,771 INFO Gathered temps and emailed to log address :rvlogs@robhome.com
2020-08-30 17:00:05,772 CRITICAL **
2020-08-30 17:00:05,776 CRITICAL Ending run of the RV Temp Monitor
2020-08-30 17:00:05,777 CRITICAL **

2020-08-30 17:15:03,299 CRITICAL **
2020-08-30 17:15:03,300 CRITICAL Starting the RV Temp Monitor
2020-08-30 17:15:03,300 CRITICAL **
2020-08-30 17:15:03,734 INFO No need to send email, temps are acceptable
2020-08-30 17:15:03,735 INFO 
Garage 72
Main 75
Bedroom 71
Batt V 13.6
Gen State OFF
Hi limit 80
Low limit 60
2020-08-30 17:15:06,314 INFO Gathered temps and emailed to log address :rvlogs@robhome.com
2020-08-30 17:15:06,314 CRITICAL **
2020-08-30 17:15:06,315 CRITICAL Ending run of the RV Temp Monitor
2020-08-30 17:15:06,315 CRITICAL **

2020-08-30 17:30:02,915 CRITICAL **
2020-08-30 17:30:02,916 CRITICAL Starting the RV Temp Monitor
2020-08-30 17:30:02,916 CRITICAL **
2020-08-30 17:30:03,303 INFO No need to send email, temps are acceptable
2020-08-30 17:30:03,303 INFO 
Garage 71
Main 75
Bedroom 70
Batt V 13.6
Gen State OFF
Hi limit 80
Low limit 60
2020-08-30 17:30:06,242 INFO Gathered temps and emailed to log address :rvlogs@robhome.com
2020-08-30 17:30:06,242 CRITICAL **
2020-08-30 17:30:06,242 CRITICAL Ending run of the RV Temp Monitor
2020-08-30 17:30:06,243 CRITICAL **

2020-08-30 17:45:02,710 CRITICAL **
2020-08-30 17:45:02,712 CRITICAL Starting the RV Temp Monitor
2020-08-30 17:45:02,712 CRITICAL **
2020-08-30 17:45:03,118 INFO No need to send email, temps are acceptable
2020-08-30 17:45:03,119 INFO 
Garage 72
Main 75
Bedroom 72
Batt V 13.6
Gen State OFF
Hi limit 80
Low limit 60
2020-08-30 17:45:05,921 INFO Gathered temps and emailed to log address :rvlogs@robhome.com
2020-08-30 17:45:05,922 CRITICAL **
2020-08-30 17:45:05,922 CRITICAL Ending run of the RV Temp Monitor
2020-08-30 17:45:05,923 CRITICAL **

2020-08-30 18:00:02,371 CRITICAL **
2020-08-30 18:00:02,372 CRITICAL Starting the RV Temp Monitor
2020-08-30 18:00:02,373 CRITICAL **
2020-08-30 18:00:02,751 INFO No need to send email, temps are acceptable
2020-08-30 18:00:02,752 INFO 
Garage 71
Main 74
Bedroom 72
Batt V 13.6
Gen State OFF
Hi limit 80
Low limit 60
2020-08-30 18:00:05,009 INFO Gathered temps and emailed to log address :rvlogs@robhome.com
2020-08-30 18:00:05,010 CRITICAL **
2020-08-30 18:00:05,010 CRITICAL Ending run of the RV Temp Monitor
2020-08-30 18:00:05,010 CRITICAL **

2020-08-30 18:15:02,473 CRITICAL **
2020-08-30 18:15:02,474 CRITICAL Starting the RV Temp Monitor
2020-08-30 18:15:02,474 CRITICAL **
2020-08-30 18:15:02,883 INFO No need to send email, temps are acceptable
2020-08-30 18:15:02,883 INFO 
Garage 72
Main 75
Bedroom 71
Batt V 13.6
Gen State OFF
Hi limit 80
Low limit 60
2020-08-30 18:15:05,214 INFO Gathered temps and emailed to log address :rvlogs@robhome.com
2020-08-30 18:15:05,214 CRITICAL **
2020-08-30 18:15:05,217 CRITICAL Ending run of the RV Temp Monitor
2020-08-30 18:15:05,218 CRITICAL **

2020-08-30 18:30:02,799 CRITICAL **
2020-08-30 18:30:02,800 CRITICAL Starting the RV Temp Monitor
2020-08-30 18:30:02,800 CRITICAL **
2020-08-30 18:30:03,220 INFO No need to send email, temps are acceptable
2020-08-30 18:30:03,220 INFO 
Garage 71
Main 74
Bedroom 70
Batt V 13.6
Gen State OFF
Hi limit 80
Low limit 60
2020-08-30 18:30:06,373 INFO Gathered temps and emailed to log address :rvlogs@robhome.com
2020-08-30 18:30:06,374 CRITICAL **
2020-08-30 18:30:06,374 CRITICAL Ending run of the RV Temp Monitor
2020-08-30 18:30:06,374 CRITICAL **

2020-08-30 18:45:02,836 CRITICAL **
2020-08-30 18:45:02,836 CRITICAL Starting the RV Temp Monitor
2020-08-30 18:45:02,837 CRITICAL **
2020-08-30 18:45:03,252 INFO No need to send email, temps are acceptable
2020-08-30 18:45:03,253 INFO 
Garage 72
Main 75
Bedroom 72
Batt V 13.6
Gen State OFF
Hi limit 80
Low limit 60
2020-08-30 18:45:06,209 INFO Gathered temps and emailed to log address :rvlogs@robhome.com
2020-08-30 18:45:06,209 CRITICAL **
2020-08-30 18:45:06,210 CRITICAL Ending run of the RV Temp Monitor
2020-08-30 18:45:06,210 CRITICAL **

2020-08-30 19:00:02,681 CRITICAL **
2020-08-30 19:00:02,681 CRITICAL Starting the RV Temp Monitor
2020-08-30 19:00:02,681 CRITICAL **
2020-08-30 19:00:03,048 INFO No need to send email, temps are acceptable
2020-08-30 19:00:03,048 INFO 
Garage 73
Main 75
Bedroom 72
Batt V 13.6
Gen State OFF
Hi limit 80
Low limit 60
2020-08-30 19:00:05,727 INFO Gathered temps and emailed to log address :rvlogs@robhome.com
2020-08-30 19:00:05,727 CRITICAL **
2020-08-30 19:00:05,730 CRITICAL Ending run of the RV Temp Monitor
2020-08-30 19:00:05,730 CRITICAL **

2020-08-30 19:15:03,193 CRITICAL **
2020-08-30 19:15:03,194 CRITICAL Starting the RV Temp Monitor
2020-08-30 19:15:03,194 CRITICAL **
2020-08-30 19:15:03,619 INFO No need to send email, temps are acceptable
2020-08-30 19:15:03,620 INFO 
Garage 73
Main 75
Bedroom 72
Batt V 13.6
Gen State OFF
Hi limit 80
Low limit 60
2020-08-30 19:15:07,059 INFO Gathered temps and emailed to log address :rvlogs@robhome.com
2020-08-30 19:15:07,059 CRITICAL **
2020-08-30 19:15:07,060 CRITICAL Ending run of the RV Temp Monitor
2020-08-30 19:15:07,060 CRITICAL **

2020-08-30 19:30:02,652 CRITICAL **
2020-08-30 19:30:02,652 CRITICAL Starting the RV Temp Monitor
2020-08-30 19:30:02,653 CRITICAL **
2020-08-30 19:30:03,044 INFO No need to send email, temps are acceptable
2020-08-30 19:30:03,044 INFO 
Garage 73
Main 75
Bedroom 72
Batt V 13.6
Gen State OFF
Hi limit 80
Low limit 60
2020-08-30 19:30:05,475 INFO Gathered temps and emailed to log address :rvlogs@robhome.com
2020-08-30 19:30:05,476 CRITICAL **
2020-08-30 19:30:05,480 CRITICAL Ending run of the RV Temp Monitor
2020-08-30 19:30:05,480 CRITICAL **

2020-08-30 19:45:02,943 CRITICAL **
2020-08-30 19:45:02,944 CRITICAL Starting the RV Temp Monitor
2020-08-30 19:45:02,944 CRITICAL **
2020-08-30 19:45:03,340 INFO No need to send email, temps are acceptable
2020-08-30 19:45:03,341 INFO 
Garage 73
Main 74
Bedroom 72
Batt V 13.6
Gen State OFF
Hi limit 80
Low limit 60
2020-08-30 19:45:05,793 INFO Gathered temps and emailed to log address :rvlogs@robhome.com
2020-08-30 19:45:05,793 CRITICAL **
2020-08-30 19:45:05,793 CRITICAL Ending run of the RV Temp Monitor
2020-08-30 19:45:05,794 CRITICAL **

2020-08-30 20:00:03,269 CRITICAL **
2020-08-30 20:00:03,269 CRITICAL Starting the RV Temp Monitor
2020-08-30 20:00:03,270 CRITICAL **
2020-08-30 20:00:03,656 INFO No need to send email, temps are acceptable
2020-08-30 20:00:03,657 INFO 
Garage 72
Main 74
Bedroom 72
Batt V 13.6
Gen State OFF
Hi limit 80
Low limit 60
2020-08-30 20:00:07,393 INFO Gathered temps and emailed to log address :rvlogs@robhome.com
2020-08-30 20:00:07,394 CRITICAL **
2020-08-30 20:00:07,394 CRITICAL Ending run of the RV Temp Monitor
2020-08-30 20:00:07,394 CRITICAL **

2020-08-30 20:15:02,861 CRITICAL **
2020-08-30 20:15:02,863 CRITICAL Starting the RV Temp Monitor
2020-08-30 20:15:02,864 CRITICAL **
2020-08-30 20:15:03,268 INFO No need to send email, temps are acceptable
2020-08-30 20:15:03,269 INFO 
Garage 72
Main 74
Bedroom 72
Batt V 13.6
Gen State OFF
Hi limit 80
Low limit 60
2020-08-30 20:15:05,627 INFO Gathered temps and emailed to log address :rvlogs@robhome.com
2020-08-30 20:15:05,631 CRITICAL **
2020-08-30 20:15:05,631 CRITICAL Ending run of the RV Temp Monitor
2020-08-30 20:15:05,632 CRITICAL **

2020-08-30 20:30:03,221 CRITICAL **
2020-08-30 20:30:03,222 CRITICAL Starting the RV Temp Monitor
2020-08-30 20:30:03,223 CRITICAL **
2020-08-30 20:30:03,598 INFO No need to send email, temps are acceptable
2020-08-30 20:30:03,599 INFO 
Garage 72
Main 74
Bedroom 72
Batt V 13.6
Gen State OFF
Hi limit 80
Low limit 60
2020-08-30 20:30:06,228 INFO Gathered temps and emailed to log address :rvlogs@robhome.com
2020-08-30 20:30:06,229 CRITICAL **
2020-08-30 20:30:06,229 CRITICAL Ending run of the RV Temp Monitor
2020-08-30 20:30:06,230 CRITICAL **

2020-08-30 20:45:02,699 CRITICAL **
2020-08-30 20:45:02,700 CRITICAL Starting the RV Temp Monitor
2020-08-30 20:45:02,701 CRITICAL **
2020-08-30 20:45:03,092 INFO No need to send email, temps are acceptable
2020-08-30 20:45:03,092 INFO 
Garage 72
Main 74
Bedroom 71
Batt V 13.6
Gen State OFF
Hi limit 80
Low limit 60
2020-08-30 20:45:05,660 INFO Gathered temps and emailed to log address :rvlogs@robhome.com
2020-08-30 20:45:05,661 CRITICAL **
2020-08-30 20:45:05,663 CRITICAL Ending run of the RV Temp Monitor
2020-08-30 20:45:05,663 CRITICAL **

2020-08-30 21:00:03,132 CRITICAL **
2020-08-30 21:00:03,132 CRITICAL Starting the RV Temp Monitor
2020-08-30 21:00:03,133 CRITICAL **
2020-08-30 21:00:03,508 INFO No need to send email, temps are acceptable
2020-08-30 21:00:03,508 INFO 
Garage 71
Main 74
Bedroom 72
Batt V 13.6
Gen State OFF
Hi limit 80
Low limit 60
2020-08-30 21:00:07,056 INFO Gathered temps and emailed to log address :rvlogs@robhome.com
2020-08-30 21:00:07,057 CRITICAL **
2020-08-30 21:00:07,057 CRITICAL Ending run of the RV Temp Monitor
2020-08-30 21:00:07,057 CRITICAL **

2020-08-30 21:15:02,514 CRITICAL **
2020-08-30 21:15:02,515 CRITICAL Starting the RV Temp Monitor
2020-08-30 21:15:02,516 CRITICAL **
2020-08-30 21:15:02,886 INFO No need to send email, temps are acceptable
2020-08-30 21:15:02,886 INFO 
Garage 71
Main 74
Bedroom 72
Batt V 13.6
Gen State OFF
Hi limit 80
Low limit 60
2020-08-30 21:15:06,322 INFO Gathered temps and emailed to log address :rvlogs@robhome.com
2020-08-30 21:15:06,322 CRITICAL **
2020-08-30 21:15:06,323 CRITICAL Ending run of the RV Temp Monitor
2020-08-30 21:15:06,323 CRITICAL **

2020-08-30 21:30:02,913 CRITICAL **
2020-08-30 21:30:02,913 CRITICAL Starting the RV Temp Monitor
2020-08-30 21:30:02,914 CRITICAL **
2020-08-30 21:30:03,319 INFO No need to send email, temps are acceptable
2020-08-30 21:30:03,319 INFO 
Garage 70
Main 73
Bedroom 72
Batt V 13.6
Gen State OFF
Hi limit 80
Low limit 60
2020-08-30 21:30:05,679 INFO Gathered temps and emailed to log address :rvlogs@robhome.com
2020-08-30 21:30:05,683 CRITICAL **
2020-08-30 21:30:05,683 CRITICAL Ending run of the RV Temp Monitor
2020-08-30 21:30:05,684 CRITICAL **

2020-08-30 21:45:03,152 CRITICAL **
2020-08-30 21:45:03,153 CRITICAL Starting the RV Temp Monitor
2020-08-30 21:45:03,153 CRITICAL **
2020-08-30 21:45:03,539 INFO No need to send email, temps are acceptable
2020-08-30 21:45:03,540 INFO 
Garage 70
Main 73
Bedroom 72
Batt V 13.6
Gen State OFF
Hi limit 80
Low limit 60
2020-08-30 21:45:05,979 INFO Gathered temps and emailed to log address :rvlogs@robhome.com
2020-08-30 21:45:05,979 CRITICAL **
2020-08-30 21:45:05,979 CRITICAL Ending run of the RV Temp Monitor
2020-08-30 21:45:05,980 CRITICAL **

2020-08-30 22:00:02,433 CRITICAL **
2020-08-30 22:00:02,433 CRITICAL Starting the RV Temp Monitor
2020-08-30 22:00:02,433 CRITICAL **
2020-08-30 22:00:02,811 INFO No need to send email, temps are acceptable
2020-08-30 22:00:02,811 INFO 
Garage 69
Main 73
Bedroom 72
Batt V 13.6
Gen State OFF
Hi limit 80
Low limit 60
2020-08-30 22:00:06,183 INFO Gathered temps and emailed to log address :rvlogs@robhome.com
2020-08-30 22:00:06,184 CRITICAL **
2020-08-30 22:00:06,184 CRITICAL Ending run of the RV Temp Monitor
2020-08-30 22:00:06,184 CRITICAL **

2020-08-30 22:15:02,645 CRITICAL **
2020-08-30 22:15:02,646 CRITICAL Starting the RV Temp Monitor
2020-08-30 22:15:02,646 CRITICAL **
2020-08-30 22:15:03,032 INFO No need to send email, temps are acceptable
2020-08-30 22:15:03,032 INFO 
Garage 69
Main 73
Bedroom 72
Batt V 13.6
Gen State OFF
Hi limit 80
Low limit 60
2020-08-30 22:15:05,529 INFO Gathered temps and emailed to log address :rvlogs@robhome.com
2020-08-30 22:15:05,532 CRITICAL **
2020-08-30 22:15:05,533 CRITICAL Ending run of the RV Temp Monitor
2020-08-30 22:15:05,533 CRITICAL **

2020-08-30 22:30:03,110 CRITICAL **
2020-08-30 22:30:03,110 CRITICAL Starting the RV Temp Monitor
2020-08-30 22:30:03,111 CRITICAL **
2020-08-30 22:30:03,524 INFO No need to send email, temps are acceptable
2020-08-30 22:30:03,525 INFO 
Garage 68
Main 73
Bedroom 72
Batt V 13.6
Gen State OFF
Hi limit 80
Low limit 60
2020-08-30 22:30:07,076 INFO Gathered temps and emailed to log address :rvlogs@robhome.com
2020-08-30 22:30:07,076 CRITICAL **
2020-08-30 22:30:07,077 CRITICAL Ending run of the RV Temp Monitor
2020-08-30 22:30:07,077 CRITICAL **

2020-08-30 22:45:02,534 CRITICAL **
2020-08-30 22:45:02,534 CRITICAL Starting the RV Temp Monitor
2020-08-30 22:45:02,535 CRITICAL **
2020-08-30 22:45:02,889 INFO No need to send email, temps are acceptable
2020-08-30 22:45:02,889 INFO 
Garage 68
Main 72
Bedroom 72
Batt V 13.6
Gen State OFF
Hi limit 80
Low limit 60
2020-08-30 22:45:05,662 INFO Gathered temps and emailed to log address :rvlogs@robhome.com
2020-08-30 22:45:05,667 CRITICAL **
2020-08-30 22:45:05,668 CRITICAL Ending run of the RV Temp Monitor
2020-08-30 22:45:05,668 CRITICAL **

2020-08-30 23:00:03,129 CRITICAL **
2020-08-30 23:00:03,130 CRITICAL Starting the RV Temp Monitor
2020-08-30 23:00:03,130 CRITICAL **
2020-08-30 23:00:03,504 INFO No need to send email, temps are acceptable
2020-08-30 23:00:03,505 INFO 
Garage 68
Main 72
Bedroom 71
Batt V 13.6
Gen State OFF
Hi limit 80
Low limit 60
2020-08-30 23:00:06,290 INFO Gathered temps and emailed to log address :rvlogs@robhome.com
2020-08-30 23:00:06,290 CRITICAL **
2020-08-30 23:00:06,291 CRITICAL Ending run of the RV Temp Monitor
2020-08-30 23:00:06,291 CRITICAL **

2020-08-30 23:15:02,766 CRITICAL **
2020-08-30 23:15:02,767 CRITICAL Starting the RV Temp Monitor
2020-08-30 23:15:02,767 CRITICAL **
2020-08-30 23:15:03,135 INFO No need to send email, temps are acceptable
2020-08-30 23:15:03,135 INFO 
Garage 68
Main 72
Bedroom 72
Batt V 13.6
Gen State OFF
Hi limit 80
Low limit 60
2020-08-30 23:15:05,489 INFO Gathered temps and emailed to log address :rvlogs@robhome.com
2020-08-30 23:15:05,490 CRITICAL **
2020-08-30 23:15:05,490 CRITICAL Ending run of the RV Temp Monitor
2020-08-30 23:15:05,490 CRITICAL **

2020-08-30 23:30:03,072 CRITICAL **
2020-08-30 23:30:03,073 CRITICAL Starting the RV Temp Monitor
2020-08-30 23:30:03,073 CRITICAL **
2020-08-30 23:30:03,561 INFO No need to send email, temps are acceptable
2020-08-30 23:30:03,561 INFO 
Garage 67
Main 71
Bedroom 71
Batt V 13.6
Gen State OFF
Hi limit 80
Low limit 60
2020-08-30 23:30:06,269 INFO Gathered temps and emailed to log address :rvlogs@robhome.com
2020-08-30 23:30:06,269 CRITICAL **
2020-08-30 23:30:06,269 CRITICAL Ending run of the RV Temp Monitor
2020-08-30 23:30:06,270 CRITICAL **

2020-08-30 23:45:02,855 CRITICAL **
2020-08-30 23:45:02,855 CRITICAL Starting the RV Temp Monitor
2020-08-30 23:45:02,856 CRITICAL **
2020-08-30 23:45:03,268 INFO No need to send email, temps are acceptable
2020-08-30 23:45:03,268 INFO 
Garage 67
Main 70
Bedroom 72
Batt V 13.6
Gen State OFF
Hi limit 80
Low limit 60
2020-08-30 23:45:06,486 INFO Gathered temps and emailed to log address :rvlogs@robhome.com
2020-08-30 23:45:06,487 CRITICAL **
2020-08-30 23:45:06,487 CRITICAL Ending run of the RV Temp Monitor
2020-08-30 23:45:06,488 CRITICAL **

