2020-08-28 00:00:03,090 CRITICAL **
2020-08-28 00:00:03,091 CRITICAL Starting the RV Temp Monitor
2020-08-28 00:00:03,091 CRITICAL **
2020-08-28 00:00:03,528 INFO No need to send email, temps are acceptable
2020-08-28 00:00:03,529 INFO 
Garage 73
Main 72
Bedroom 72
Batt V 13.4
Gen State OFF
Hi limit 80
Low limit 60
2020-08-28 00:00:06,034 INFO Gathered temps and emailed to log address :rvlogs@robhome.com
2020-08-28 00:00:06,035 CRITICAL **
2020-08-28 00:00:06,035 CRITICAL Ending run of the RV Temp Monitor
2020-08-28 00:00:06,035 CRITICAL **

2020-08-28 00:15:02,502 CRITICAL **
2020-08-28 00:15:02,507 CRITICAL Starting the RV Temp Monitor
2020-08-28 00:15:02,507 CRITICAL **
2020-08-28 00:15:02,885 INFO No need to send email, temps are acceptable
2020-08-28 00:15:02,885 INFO 
Garage 73
Main 72
Bedroom 72
Batt V 13.4
Gen State OFF
Hi limit 80
Low limit 60
2020-08-28 00:15:05,033 INFO Gathered temps and emailed to log address :rvlogs@robhome.com
2020-08-28 00:15:05,034 CRITICAL **
2020-08-28 00:15:05,034 CRITICAL Ending run of the RV Temp Monitor
2020-08-28 00:15:05,034 CRITICAL **

2020-08-28 00:30:02,621 CRITICAL **
2020-08-28 00:30:02,622 CRITICAL Starting the RV Temp Monitor
2020-08-28 00:30:02,627 CRITICAL **
2020-08-28 00:30:03,047 INFO No need to send email, temps are acceptable
2020-08-28 00:30:03,047 INFO 
Garage 72
Main 72
Bedroom 72
Batt V 13.4
Gen State OFF
Hi limit 80
Low limit 60
2020-08-28 00:30:05,550 INFO Gathered temps and emailed to log address :rvlogs@robhome.com
2020-08-28 00:30:05,551 CRITICAL **
2020-08-28 00:30:05,551 CRITICAL Ending run of the RV Temp Monitor
2020-08-28 00:30:05,551 CRITICAL **

2020-08-28 00:45:03,002 CRITICAL **
2020-08-28 00:45:03,004 CRITICAL Starting the RV Temp Monitor
2020-08-28 00:45:03,004 CRITICAL **
2020-08-28 00:45:03,392 INFO No need to send email, temps are acceptable
2020-08-28 00:45:03,393 INFO 
Garage 72
Main 71
Bedroom 72
Batt V 13.4
Gen State OFF
Hi limit 80
Low limit 60
2020-08-28 00:45:06,188 INFO Gathered temps and emailed to log address :rvlogs@robhome.com
2020-08-28 00:45:06,189 CRITICAL **
2020-08-28 00:45:06,192 CRITICAL Ending run of the RV Temp Monitor
2020-08-28 00:45:06,192 CRITICAL **

2020-08-28 01:00:02,654 CRITICAL **
2020-08-28 01:00:02,654 CRITICAL Starting the RV Temp Monitor
2020-08-28 01:00:02,655 CRITICAL **
2020-08-28 01:00:03,005 INFO No need to send email, temps are acceptable
2020-08-28 01:00:03,005 INFO 
Garage 71
Main 71
Bedroom 72
Batt V 13.4
Gen State OFF
Hi limit 80
Low limit 60
2020-08-28 01:00:05,752 INFO Gathered temps and emailed to log address :rvlogs@robhome.com
2020-08-28 01:00:05,753 CRITICAL **
2020-08-28 01:00:05,753 CRITICAL Ending run of the RV Temp Monitor
2020-08-28 01:00:05,753 CRITICAL **

2020-08-28 01:15:03,210 CRITICAL **
2020-08-28 01:15:03,211 CRITICAL Starting the RV Temp Monitor
2020-08-28 01:15:03,211 CRITICAL **
2020-08-28 01:15:03,654 INFO No need to send email, temps are acceptable
2020-08-28 01:15:03,655 INFO 
Garage 71
Main 71
Bedroom 71
Batt V 13.4
Gen State OFF
Hi limit 80
Low limit 60
2020-08-28 01:15:06,231 INFO Gathered temps and emailed to log address :rvlogs@robhome.com
2020-08-28 01:15:06,231 CRITICAL **
2020-08-28 01:15:06,232 CRITICAL Ending run of the RV Temp Monitor
2020-08-28 01:15:06,232 CRITICAL **

2020-08-28 01:30:02,814 CRITICAL **
2020-08-28 01:30:02,815 CRITICAL Starting the RV Temp Monitor
2020-08-28 01:30:02,815 CRITICAL **
2020-08-28 01:30:03,164 INFO No need to send email, temps are acceptable
2020-08-28 01:30:03,164 INFO 
Garage 71
Main 71
Bedroom 72
Batt V 13.4
Gen State OFF
Hi limit 80
Low limit 60
2020-08-28 01:30:06,036 INFO Gathered temps and emailed to log address :rvlogs@robhome.com
2020-08-28 01:30:06,037 CRITICAL **
2020-08-28 01:30:06,037 CRITICAL Ending run of the RV Temp Monitor
2020-08-28 01:30:06,037 CRITICAL **

2020-08-28 01:45:02,492 CRITICAL **
2020-08-28 01:45:02,493 CRITICAL Starting the RV Temp Monitor
2020-08-28 01:45:02,494 CRITICAL **
2020-08-28 01:45:02,915 INFO No need to send email, temps are acceptable
2020-08-28 01:45:02,915 INFO 
Garage 71
Main 71
Bedroom 72
Batt V 13.4
Gen State OFF
Hi limit 80
Low limit 60
2020-08-28 01:45:05,631 INFO Gathered temps and emailed to log address :rvlogs@robhome.com
2020-08-28 01:45:05,632 CRITICAL **
2020-08-28 01:45:05,632 CRITICAL Ending run of the RV Temp Monitor
2020-08-28 01:45:05,633 CRITICAL **

2020-08-28 02:00:03,083 CRITICAL **
2020-08-28 02:00:03,084 CRITICAL Starting the RV Temp Monitor
2020-08-28 02:00:03,085 CRITICAL **
2020-08-28 02:00:03,458 INFO No need to send email, temps are acceptable
2020-08-28 02:00:03,459 INFO 
Garage 71
Main 71
Bedroom 72
Batt V 13.4
Gen State OFF
Hi limit 80
Low limit 60
2020-08-28 02:00:05,795 INFO Gathered temps and emailed to log address :rvlogs@robhome.com
2020-08-28 02:00:05,795 CRITICAL **
2020-08-28 02:00:05,796 CRITICAL Ending run of the RV Temp Monitor
2020-08-28 02:00:05,796 CRITICAL **

2020-08-28 02:15:03,502 CRITICAL **
2020-08-28 02:15:03,509 CRITICAL Starting the RV Temp Monitor
2020-08-28 02:15:03,509 CRITICAL **
2020-08-28 02:15:03,899 INFO No need to send email, temps are acceptable
2020-08-28 02:15:03,900 INFO 
Garage 71
Main 71
Bedroom 71
Batt V 13.4
Gen State OFF
Hi limit 80
Low limit 60
2020-08-28 02:15:06,237 INFO Gathered temps and emailed to log address :rvlogs@robhome.com
2020-08-28 02:15:06,238 CRITICAL **
2020-08-28 02:15:06,239 CRITICAL Ending run of the RV Temp Monitor
2020-08-28 02:15:06,239 CRITICAL **

2020-08-28 02:30:04,274 CRITICAL **
2020-08-28 02:30:04,281 CRITICAL Starting the RV Temp Monitor
2020-08-28 02:30:04,282 CRITICAL **
2020-08-28 02:30:04,661 INFO No need to send email, temps are acceptable
2020-08-28 02:30:04,662 INFO 
Garage 70
Main 71
Bedroom 72
Batt V 13.4
Gen State OFF
Hi limit 80
Low limit 60
2020-08-28 02:30:07,380 INFO Gathered temps and emailed to log address :rvlogs@robhome.com
2020-08-28 02:30:07,381 CRITICAL **
2020-08-28 02:30:07,381 CRITICAL Ending run of the RV Temp Monitor
2020-08-28 02:30:07,382 CRITICAL **

2020-08-28 02:45:03,061 CRITICAL **
2020-08-28 02:45:03,062 CRITICAL Starting the RV Temp Monitor
2020-08-28 02:45:03,062 CRITICAL **
2020-08-28 02:45:03,472 INFO No need to send email, temps are acceptable
2020-08-28 02:45:03,473 INFO 
Garage 70
Main 71
Bedroom 72
Batt V 13.4
Gen State OFF
Hi limit 80
Low limit 60
2020-08-28 02:45:06,263 INFO Gathered temps and emailed to log address :rvlogs@robhome.com
2020-08-28 02:45:06,264 CRITICAL **
2020-08-28 02:45:06,264 CRITICAL Ending run of the RV Temp Monitor
2020-08-28 02:45:06,265 CRITICAL **

2020-08-28 03:00:02,860 CRITICAL **
2020-08-28 03:00:02,865 CRITICAL Starting the RV Temp Monitor
2020-08-28 03:00:02,866 CRITICAL **
2020-08-28 03:00:03,248 INFO No need to send email, temps are acceptable
2020-08-28 03:00:03,249 INFO 
Garage 70
Main 70
Bedroom 72
Batt V 13.4
Gen State OFF
Hi limit 80
Low limit 60
2020-08-28 03:00:05,942 INFO Gathered temps and emailed to log address :rvlogs@robhome.com
2020-08-28 03:00:05,942 CRITICAL **
2020-08-28 03:00:05,943 CRITICAL Ending run of the RV Temp Monitor
2020-08-28 03:00:05,943 CRITICAL **

2020-08-28 03:15:02,582 CRITICAL **
2020-08-28 03:15:02,583 CRITICAL Starting the RV Temp Monitor
2020-08-28 03:15:02,583 CRITICAL **
2020-08-28 03:15:02,977 INFO No need to send email, temps are acceptable
2020-08-28 03:15:02,978 INFO 
Garage 70
Main 70
Bedroom 71
Batt V 13.4
Gen State OFF
Hi limit 80
Low limit 60
2020-08-28 03:15:06,172 INFO Gathered temps and emailed to log address :rvlogs@robhome.com
2020-08-28 03:15:06,173 CRITICAL **
2020-08-28 03:15:06,173 CRITICAL Ending run of the RV Temp Monitor
2020-08-28 03:15:06,173 CRITICAL **

2020-08-28 03:30:02,930 CRITICAL **
2020-08-28 03:30:02,930 CRITICAL Starting the RV Temp Monitor
2020-08-28 03:30:02,931 CRITICAL **
2020-08-28 03:30:03,356 INFO No need to send email, temps are acceptable
2020-08-28 03:30:03,356 INFO 
Garage 70
Main 71
Bedroom 72
Batt V 13.4
Gen State OFF
Hi limit 80
Low limit 60
2020-08-28 03:30:06,092 INFO Gathered temps and emailed to log address :rvlogs@robhome.com
2020-08-28 03:30:06,093 CRITICAL **
2020-08-28 03:30:06,093 CRITICAL Ending run of the RV Temp Monitor
2020-08-28 03:30:06,094 CRITICAL **

2020-08-28 03:45:02,645 CRITICAL **
2020-08-28 03:45:02,646 CRITICAL Starting the RV Temp Monitor
2020-08-28 03:45:02,647 CRITICAL **
2020-08-28 03:45:03,041 INFO No need to send email, temps are acceptable
2020-08-28 03:45:03,042 INFO 
Garage 71
Main 70
Bedroom 72
Batt V 13.4
Gen State OFF
Hi limit 80
Low limit 60
2020-08-28 03:45:05,615 INFO Gathered temps and emailed to log address :rvlogs@robhome.com
2020-08-28 03:45:05,616 CRITICAL **
2020-08-28 03:45:05,616 CRITICAL Ending run of the RV Temp Monitor
2020-08-28 03:45:05,617 CRITICAL **

2020-08-28 04:00:03,163 CRITICAL **
2020-08-28 04:00:03,165 CRITICAL Starting the RV Temp Monitor
2020-08-28 04:00:03,166 CRITICAL **
2020-08-28 04:00:03,590 INFO No need to send email, temps are acceptable
2020-08-28 04:00:03,591 INFO 
Garage 71
Main 70
Bedroom 71
Batt V 13.4
Gen State OFF
Hi limit 80
Low limit 60
2020-08-28 04:00:10,657 INFO Gathered temps and emailed to log address :rvlogs@robhome.com
2020-08-28 04:00:10,658 CRITICAL **
2020-08-28 04:00:10,658 CRITICAL Ending run of the RV Temp Monitor
2020-08-28 04:00:10,658 CRITICAL **

2020-08-28 04:15:04,203 CRITICAL **
2020-08-28 04:15:04,204 CRITICAL Starting the RV Temp Monitor
2020-08-28 04:15:04,206 CRITICAL **
2020-08-28 04:15:04,687 INFO No need to send email, temps are acceptable
2020-08-28 04:15:04,688 INFO 
Garage 71
Main 71
Bedroom 72
Batt V 13.4
Gen State OFF
Hi limit 80
Low limit 60
2020-08-28 04:15:07,217 INFO Gathered temps and emailed to log address :rvlogs@robhome.com
2020-08-28 04:15:07,218 CRITICAL **
2020-08-28 04:15:07,218 CRITICAL Ending run of the RV Temp Monitor
2020-08-28 04:15:07,218 CRITICAL **

2020-08-28 04:30:02,961 CRITICAL **
2020-08-28 04:30:02,967 CRITICAL Starting the RV Temp Monitor
2020-08-28 04:30:02,968 CRITICAL **
2020-08-28 04:30:03,349 INFO No need to send email, temps are acceptable
2020-08-28 04:30:03,349 INFO 
Garage 71
Main 70
Bedroom 72
Batt V 13.4
Gen State OFF
Hi limit 80
Low limit 60
2020-08-28 04:30:06,455 INFO Gathered temps and emailed to log address :rvlogs@robhome.com
2020-08-28 04:30:06,456 CRITICAL **
2020-08-28 04:30:06,456 CRITICAL Ending run of the RV Temp Monitor
2020-08-28 04:30:06,456 CRITICAL **

2020-08-28 04:45:04,242 CRITICAL **
2020-08-28 04:45:04,248 CRITICAL Starting the RV Temp Monitor
2020-08-28 04:45:04,249 CRITICAL **
2020-08-28 04:45:04,676 INFO No need to send email, temps are acceptable
2020-08-28 04:45:04,677 INFO 
Garage 71
Main 71
Bedroom 72
Batt V 13.4
Gen State OFF
Hi limit 80
Low limit 60
2020-08-28 04:45:07,697 INFO Gathered temps and emailed to log address :rvlogs@robhome.com
2020-08-28 04:45:07,698 CRITICAL **
2020-08-28 04:45:07,698 CRITICAL Ending run of the RV Temp Monitor
2020-08-28 04:45:07,699 CRITICAL **

2020-08-28 05:00:03,526 CRITICAL **
2020-08-28 05:00:03,532 CRITICAL Starting the RV Temp Monitor
2020-08-28 05:00:03,532 CRITICAL **
2020-08-28 05:00:03,935 INFO No need to send email, temps are acceptable
2020-08-28 05:00:03,935 INFO 
Garage 71
Main 70
Bedroom 72
Batt V 13.4
Gen State OFF
Hi limit 80
Low limit 60
2020-08-28 05:00:06,508 INFO Gathered temps and emailed to log address :rvlogs@robhome.com
2020-08-28 05:00:06,509 CRITICAL **
2020-08-28 05:00:06,509 CRITICAL Ending run of the RV Temp Monitor
2020-08-28 05:00:06,509 CRITICAL **

2020-08-28 05:15:03,689 CRITICAL **
2020-08-28 05:15:03,695 CRITICAL Starting the RV Temp Monitor
2020-08-28 05:15:03,695 CRITICAL **
2020-08-28 05:15:04,092 INFO No need to send email, temps are acceptable
2020-08-28 05:15:04,093 INFO 
Garage 71
Main 70
Bedroom 72
Batt V 13.4
Gen State OFF
Hi limit 80
Low limit 60
2020-08-28 05:15:07,390 INFO Gathered temps and emailed to log address :rvlogs@robhome.com
2020-08-28 05:15:07,391 CRITICAL **
2020-08-28 05:15:07,391 CRITICAL Ending run of the RV Temp Monitor
2020-08-28 05:15:07,392 CRITICAL **

2020-08-28 05:30:04,446 CRITICAL **
2020-08-28 05:30:04,452 CRITICAL Starting the RV Temp Monitor
2020-08-28 05:30:04,452 CRITICAL **
2020-08-28 05:30:04,912 INFO No need to send email, temps are acceptable
2020-08-28 05:30:04,913 INFO 
Garage 71
Main 70
Bedroom 72
Batt V 13.4
Gen State OFF
Hi limit 80
Low limit 60
2020-08-28 05:30:07,979 INFO Gathered temps and emailed to log address :rvlogs@robhome.com
2020-08-28 05:30:07,979 CRITICAL **
2020-08-28 05:30:07,980 CRITICAL Ending run of the RV Temp Monitor
2020-08-28 05:30:07,980 CRITICAL **

2020-08-28 05:45:02,768 CRITICAL **
2020-08-28 05:45:02,776 CRITICAL Starting the RV Temp Monitor
2020-08-28 05:45:02,777 CRITICAL **
2020-08-28 05:45:03,189 INFO No need to send email, temps are acceptable
2020-08-28 05:45:03,190 INFO 
Garage 70
Main 70
Bedroom 72
Batt V 13.4
Gen State OFF
Hi limit 80
Low limit 60
2020-08-28 05:45:05,993 INFO Gathered temps and emailed to log address :rvlogs@robhome.com
2020-08-28 05:45:05,994 CRITICAL **
2020-08-28 05:45:05,994 CRITICAL Ending run of the RV Temp Monitor
2020-08-28 05:45:05,994 CRITICAL **

2020-08-28 06:00:02,599 CRITICAL **
2020-08-28 06:00:02,606 CRITICAL Starting the RV Temp Monitor
2020-08-28 06:00:02,608 CRITICAL **
2020-08-28 06:00:02,975 INFO No need to send email, temps are acceptable
2020-08-28 06:00:02,975 INFO 
Garage 70
Main 70
Bedroom 72
Batt V 13.4
Gen State OFF
Hi limit 80
Low limit 60
2020-08-28 06:00:07,021 INFO Gathered temps and emailed to log address :rvlogs@robhome.com
2020-08-28 06:00:07,022 CRITICAL **
2020-08-28 06:00:07,022 CRITICAL Ending run of the RV Temp Monitor
2020-08-28 06:00:07,023 CRITICAL **

2020-08-28 06:15:02,508 CRITICAL **
2020-08-28 06:15:02,508 CRITICAL Starting the RV Temp Monitor
2020-08-28 06:15:02,509 CRITICAL **
2020-08-28 06:15:02,890 INFO No need to send email, temps are acceptable
2020-08-28 06:15:02,890 INFO 
Garage 70
Main 70
Bedroom 72
Batt V 13.4
Gen State OFF
Hi limit 80
Low limit 60
2020-08-28 06:15:05,540 INFO Gathered temps and emailed to log address :rvlogs@robhome.com
2020-08-28 06:15:05,541 CRITICAL **
2020-08-28 06:15:05,541 CRITICAL Ending run of the RV Temp Monitor
2020-08-28 06:15:05,541 CRITICAL **

2020-08-28 06:30:02,442 CRITICAL **
2020-08-28 06:30:02,443 CRITICAL Starting the RV Temp Monitor
2020-08-28 06:30:02,443 CRITICAL **
2020-08-28 06:30:02,839 INFO No need to send email, temps are acceptable
2020-08-28 06:30:02,840 INFO 
Garage 70
Main 70
Bedroom 72
Batt V 13.4
Gen State OFF
Hi limit 80
Low limit 60
2020-08-28 06:30:05,065 INFO Gathered temps and emailed to log address :rvlogs@robhome.com
2020-08-28 06:30:05,070 CRITICAL **
2020-08-28 06:30:05,070 CRITICAL Ending run of the RV Temp Monitor
2020-08-28 06:30:05,071 CRITICAL **

2020-08-28 06:45:02,542 CRITICAL **
2020-08-28 06:45:02,543 CRITICAL Starting the RV Temp Monitor
2020-08-28 06:45:02,543 CRITICAL **
2020-08-28 06:45:02,979 INFO No need to send email, temps are acceptable
2020-08-28 06:45:02,979 INFO 
Garage 70
Main 70
Bedroom 72
Batt V 13.4
Gen State OFF
Hi limit 80
Low limit 60
2020-08-28 06:45:05,865 INFO Gathered temps and emailed to log address :rvlogs@robhome.com
2020-08-28 06:45:05,866 CRITICAL **
2020-08-28 06:45:05,870 CRITICAL Ending run of the RV Temp Monitor
2020-08-28 06:45:05,871 CRITICAL **

2020-08-28 07:00:02,332 CRITICAL **
2020-08-28 07:00:02,332 CRITICAL Starting the RV Temp Monitor
2020-08-28 07:00:02,336 CRITICAL **
2020-08-28 07:00:02,771 INFO No need to send email, temps are acceptable
2020-08-28 07:00:02,772 INFO 
Garage 69
Main 70
Bedroom 72
Batt V 13.4
Gen State OFF
Hi limit 80
Low limit 60
2020-08-28 07:00:05,623 INFO Gathered temps and emailed to log address :rvlogs@robhome.com
2020-08-28 07:00:05,623 CRITICAL **
2020-08-28 07:00:05,623 CRITICAL Ending run of the RV Temp Monitor
2020-08-28 07:00:05,624 CRITICAL **

2020-08-28 07:15:03,087 CRITICAL **
2020-08-28 07:15:03,087 CRITICAL Starting the RV Temp Monitor
2020-08-28 07:15:03,088 CRITICAL **
2020-08-28 07:15:03,495 INFO No need to send email, temps are acceptable
2020-08-28 07:15:03,496 INFO 
Garage 69
Main 70
Bedroom 72
Batt V 13.4
Gen State OFF
Hi limit 80
Low limit 60
2020-08-28 07:15:06,222 INFO Gathered temps and emailed to log address :rvlogs@robhome.com
2020-08-28 07:15:06,222 CRITICAL **
2020-08-28 07:15:06,223 CRITICAL Ending run of the RV Temp Monitor
2020-08-28 07:15:06,223 CRITICAL **

2020-08-28 07:30:02,820 CRITICAL **
2020-08-28 07:30:02,821 CRITICAL Starting the RV Temp Monitor
2020-08-28 07:30:02,822 CRITICAL **
2020-08-28 07:30:03,207 INFO No need to send email, temps are acceptable
2020-08-28 07:30:03,207 INFO 
Garage 69
Main 70
Bedroom 72
Batt V 13.4
Gen State OFF
Hi limit 80
Low limit 60
2020-08-28 07:30:05,664 INFO Gathered temps and emailed to log address :rvlogs@robhome.com
2020-08-28 07:30:05,665 CRITICAL **
2020-08-28 07:30:05,665 CRITICAL Ending run of the RV Temp Monitor
2020-08-28 07:30:05,665 CRITICAL **

2020-08-28 07:45:03,123 CRITICAL **
2020-08-28 07:45:03,124 CRITICAL Starting the RV Temp Monitor
2020-08-28 07:45:03,125 CRITICAL **
2020-08-28 07:45:03,510 INFO No need to send email, temps are acceptable
2020-08-28 07:45:03,511 INFO 
Garage 69
Main 70
Bedroom 72
Batt V 13.4
Gen State OFF
Hi limit 80
Low limit 60
2020-08-28 07:45:05,789 INFO Gathered temps and emailed to log address :rvlogs@robhome.com
2020-08-28 07:45:05,789 CRITICAL **
2020-08-28 07:45:05,790 CRITICAL Ending run of the RV Temp Monitor
2020-08-28 07:45:05,790 CRITICAL **

2020-08-28 08:00:03,252 CRITICAL **
2020-08-28 08:00:03,252 CRITICAL Starting the RV Temp Monitor
2020-08-28 08:00:03,253 CRITICAL **
2020-08-28 08:00:03,648 INFO No need to send email, temps are acceptable
2020-08-28 08:00:03,649 INFO 
Garage 69
Main 70
Bedroom 72
Batt V 13.4
Gen State OFF
Hi limit 80
Low limit 60
2020-08-28 08:00:06,682 INFO Gathered temps and emailed to log address :rvlogs@robhome.com
2020-08-28 08:00:06,683 CRITICAL **
2020-08-28 08:00:06,685 CRITICAL Ending run of the RV Temp Monitor
2020-08-28 08:00:06,685 CRITICAL **

2020-08-28 08:15:03,144 CRITICAL **
2020-08-28 08:15:03,145 CRITICAL Starting the RV Temp Monitor
2020-08-28 08:15:03,146 CRITICAL **
2020-08-28 08:15:03,515 INFO No need to send email, temps are acceptable
2020-08-28 08:15:03,515 INFO 
Garage 69
Main 70
Bedroom 72
Batt V 13.4
Gen State OFF
Hi limit 80
Low limit 60
2020-08-28 08:15:06,185 INFO Gathered temps and emailed to log address :rvlogs@robhome.com
2020-08-28 08:15:06,186 CRITICAL **
2020-08-28 08:15:06,186 CRITICAL Ending run of the RV Temp Monitor
2020-08-28 08:15:06,186 CRITICAL **

2020-08-28 08:30:02,774 CRITICAL **
2020-08-28 08:30:02,775 CRITICAL Starting the RV Temp Monitor
2020-08-28 08:30:02,776 CRITICAL **
2020-08-28 08:30:03,193 INFO No need to send email, temps are acceptable
2020-08-28 08:30:03,194 INFO 
Garage 69
Main 69
Bedroom 71
Batt V 13.4
Gen State OFF
Hi limit 80
Low limit 60
2020-08-28 08:30:06,029 INFO Gathered temps and emailed to log address :rvlogs@robhome.com
2020-08-28 08:30:06,030 CRITICAL **
2020-08-28 08:30:06,030 CRITICAL Ending run of the RV Temp Monitor
2020-08-28 08:30:06,030 CRITICAL **

2020-08-28 08:45:02,490 CRITICAL **
2020-08-28 08:45:02,491 CRITICAL Starting the RV Temp Monitor
2020-08-28 08:45:02,491 CRITICAL **
2020-08-28 08:45:02,907 INFO No need to send email, temps are acceptable
2020-08-28 08:45:02,908 INFO 
Garage 70
Main 70
Bedroom 72
Batt V 13.4
Gen State OFF
Hi limit 80
Low limit 60
2020-08-28 08:45:05,634 INFO Gathered temps and emailed to log address :rvlogs@robhome.com
2020-08-28 08:45:05,634 CRITICAL **
2020-08-28 08:45:05,634 CRITICAL Ending run of the RV Temp Monitor
2020-08-28 08:45:05,635 CRITICAL **

2020-08-28 09:00:03,097 CRITICAL **
2020-08-28 09:00:03,099 CRITICAL Starting the RV Temp Monitor
2020-08-28 09:00:03,103 CRITICAL **
2020-08-28 09:00:03,520 INFO No need to send email, temps are acceptable
2020-08-28 09:00:03,521 INFO 
Garage 70
Main 70
Bedroom 72
Batt V 13.4
Gen State OFF
Hi limit 80
Low limit 60
2020-08-28 09:00:06,179 INFO Gathered temps and emailed to log address :rvlogs@robhome.com
2020-08-28 09:00:06,180 CRITICAL **
2020-08-28 09:00:06,180 CRITICAL Ending run of the RV Temp Monitor
2020-08-28 09:00:06,180 CRITICAL **

2020-08-28 09:15:02,645 CRITICAL **
2020-08-28 09:15:02,646 CRITICAL Starting the RV Temp Monitor
2020-08-28 09:15:02,646 CRITICAL **
2020-08-28 09:15:02,998 INFO No need to send email, temps are acceptable
2020-08-28 09:15:02,998 INFO 
Garage 70
Main 69
Bedroom 71
Batt V 13.4
Gen State OFF
Hi limit 80
Low limit 60
2020-08-28 09:15:05,486 INFO Gathered temps and emailed to log address :rvlogs@robhome.com
2020-08-28 09:15:05,487 CRITICAL **
2020-08-28 09:15:05,487 CRITICAL Ending run of the RV Temp Monitor
2020-08-28 09:15:05,488 CRITICAL **

2020-08-28 09:30:03,087 CRITICAL **
2020-08-28 09:30:03,087 CRITICAL Starting the RV Temp Monitor
2020-08-28 09:30:03,088 CRITICAL **
2020-08-28 09:30:03,455 INFO No need to send email, temps are acceptable
2020-08-28 09:30:03,456 INFO 
Garage 71
Main 70
Bedroom 72
Batt V 13.4
Gen State OFF
Hi limit 80
Low limit 60
2020-08-28 09:30:07,194 INFO Gathered temps and emailed to log address :rvlogs@robhome.com
2020-08-28 09:30:07,195 CRITICAL **
2020-08-28 09:30:07,195 CRITICAL Ending run of the RV Temp Monitor
2020-08-28 09:30:07,196 CRITICAL **

2020-08-28 09:45:02,656 CRITICAL **
2020-08-28 09:45:02,657 CRITICAL Starting the RV Temp Monitor
2020-08-28 09:45:02,657 CRITICAL **
2020-08-28 09:45:03,022 INFO No need to send email, temps are acceptable
2020-08-28 09:45:03,023 INFO 
Garage 71
Main 70
Bedroom 73
Batt V 13.4
Gen State OFF
Hi limit 80
Low limit 60
2020-08-28 09:45:05,672 INFO Gathered temps and emailed to log address :rvlogs@robhome.com
2020-08-28 09:45:05,672 CRITICAL **
2020-08-28 09:45:05,672 CRITICAL Ending run of the RV Temp Monitor
2020-08-28 09:45:05,673 CRITICAL **

2020-08-28 10:00:03,131 CRITICAL **
2020-08-28 10:00:03,131 CRITICAL Starting the RV Temp Monitor
2020-08-28 10:00:03,132 CRITICAL **
2020-08-28 10:00:03,519 INFO No need to send email, temps are acceptable
2020-08-28 10:00:03,520 INFO 
Garage 71
Main 70
Bedroom 72
Batt V 13.4
Gen State OFF
Hi limit 80
Low limit 60
2020-08-28 10:00:06,286 INFO Gathered temps and emailed to log address :rvlogs@robhome.com
2020-08-28 10:00:06,287 CRITICAL **
2020-08-28 10:00:06,287 CRITICAL Ending run of the RV Temp Monitor
2020-08-28 10:00:06,287 CRITICAL **

2020-08-28 10:15:02,750 CRITICAL **
2020-08-28 10:15:02,750 CRITICAL Starting the RV Temp Monitor
2020-08-28 10:15:02,750 CRITICAL **
2020-08-28 10:15:03,115 INFO No need to send email, temps are acceptable
2020-08-28 10:15:03,116 INFO 
Garage 71
Main 70
Bedroom 72
Batt V 13.4
Gen State OFF
Hi limit 80
Low limit 60
2020-08-28 10:15:06,106 INFO Gathered temps and emailed to log address :rvlogs@robhome.com
2020-08-28 10:15:06,107 CRITICAL **
2020-08-28 10:15:06,107 CRITICAL Ending run of the RV Temp Monitor
2020-08-28 10:15:06,107 CRITICAL **

2020-08-28 10:30:02,825 CRITICAL **
2020-08-28 10:30:02,827 CRITICAL Starting the RV Temp Monitor
2020-08-28 10:30:02,827 CRITICAL **
2020-08-28 10:30:03,182 INFO No need to send email, temps are acceptable
2020-08-28 10:30:03,183 INFO 
Garage 71
Main 70
Bedroom 73
Batt V 13.4
Gen State OFF
Hi limit 80
Low limit 60
2020-08-28 10:30:05,628 INFO Gathered temps and emailed to log address :rvlogs@robhome.com
2020-08-28 10:30:05,629 CRITICAL **
2020-08-28 10:30:05,629 CRITICAL Ending run of the RV Temp Monitor
2020-08-28 10:30:05,630 CRITICAL **

2020-08-28 10:45:03,104 CRITICAL **
2020-08-28 10:45:03,104 CRITICAL Starting the RV Temp Monitor
2020-08-28 10:45:03,105 CRITICAL **
2020-08-28 10:45:03,460 INFO No need to send email, temps are acceptable
2020-08-28 10:45:03,460 INFO 
Garage 71
Main 70
Bedroom 71
Batt V 13.4
Gen State OFF
Hi limit 80
Low limit 60
2020-08-28 10:45:05,871 INFO Gathered temps and emailed to log address :rvlogs@robhome.com
2020-08-28 10:45:05,871 CRITICAL **
2020-08-28 10:45:05,872 CRITICAL Ending run of the RV Temp Monitor
2020-08-28 10:45:05,872 CRITICAL **

2020-08-28 11:00:02,353 CRITICAL **
2020-08-28 11:00:02,354 CRITICAL Starting the RV Temp Monitor
2020-08-28 11:00:02,354 CRITICAL **
2020-08-28 11:00:02,729 INFO No need to send email, temps are acceptable
2020-08-28 11:00:02,730 INFO 
Garage 71
Main 70
Bedroom 71
Batt V 13.4
Gen State OFF
Hi limit 80
Low limit 60
2020-08-28 11:00:05,400 INFO Gathered temps and emailed to log address :rvlogs@robhome.com
2020-08-28 11:00:05,400 CRITICAL **
2020-08-28 11:00:05,401 CRITICAL Ending run of the RV Temp Monitor
2020-08-28 11:00:05,401 CRITICAL **

2020-08-28 11:15:02,873 CRITICAL **
2020-08-28 11:15:02,874 CRITICAL Starting the RV Temp Monitor
2020-08-28 11:15:02,874 CRITICAL **
2020-08-28 11:15:03,226 INFO No need to send email, temps are acceptable
2020-08-28 11:15:03,227 INFO 
Garage 71
Main 70
Bedroom 71
Batt V 13.4
Gen State OFF
Hi limit 80
Low limit 60
2020-08-28 11:15:05,803 INFO Gathered temps and emailed to log address :rvlogs@robhome.com
2020-08-28 11:15:05,803 CRITICAL **
2020-08-28 11:15:05,804 CRITICAL Ending run of the RV Temp Monitor
2020-08-28 11:15:05,804 CRITICAL **

2020-08-28 11:30:02,390 CRITICAL **
2020-08-28 11:30:02,391 CRITICAL Starting the RV Temp Monitor
2020-08-28 11:30:02,391 CRITICAL **
2020-08-28 11:30:02,752 INFO No need to send email, temps are acceptable
2020-08-28 11:30:02,752 INFO 
Garage 72
Main 71
Bedroom 72
Batt V 13.4
Gen State OFF
Hi limit 80
Low limit 60
2020-08-28 11:30:05,306 INFO Gathered temps and emailed to log address :rvlogs@robhome.com
2020-08-28 11:30:05,306 CRITICAL **
2020-08-28 11:30:05,307 CRITICAL Ending run of the RV Temp Monitor
2020-08-28 11:30:05,307 CRITICAL **

2020-08-28 11:45:02,784 CRITICAL **
2020-08-28 11:45:02,785 CRITICAL Starting the RV Temp Monitor
2020-08-28 11:45:02,785 CRITICAL **
2020-08-28 11:45:03,179 INFO No need to send email, temps are acceptable
2020-08-28 11:45:03,180 INFO 
Garage 72
Main 71
Bedroom 72
Batt V 13.4
Gen State OFF
Hi limit 80
Low limit 60
2020-08-28 11:45:05,654 INFO Gathered temps and emailed to log address :rvlogs@robhome.com
2020-08-28 11:45:05,655 CRITICAL **
2020-08-28 11:45:05,655 CRITICAL Ending run of the RV Temp Monitor
2020-08-28 11:45:05,655 CRITICAL **

2020-08-28 12:00:03,129 CRITICAL **
2020-08-28 12:00:03,130 CRITICAL Starting the RV Temp Monitor
2020-08-28 12:00:03,130 CRITICAL **
2020-08-28 12:00:03,485 INFO No need to send email, temps are acceptable
2020-08-28 12:00:03,486 INFO 
Garage 72
Main 71
Bedroom 72
Batt V 13.4
Gen State OFF
Hi limit 80
Low limit 60
2020-08-28 12:00:06,279 INFO Gathered temps and emailed to log address :rvlogs@robhome.com
2020-08-28 12:00:06,280 CRITICAL **
2020-08-28 12:00:06,282 CRITICAL Ending run of the RV Temp Monitor
2020-08-28 12:00:06,283 CRITICAL **

2020-08-28 12:15:02,770 CRITICAL **
2020-08-28 12:15:02,770 CRITICAL Starting the RV Temp Monitor
2020-08-28 12:15:02,771 CRITICAL **
2020-08-28 12:15:03,200 INFO No need to send email, temps are acceptable
2020-08-28 12:15:03,200 INFO 
Garage 72
Main 71
Bedroom 72
Batt V 13.4
Gen State OFF
Hi limit 80
Low limit 60
2020-08-28 12:15:05,601 INFO Gathered temps and emailed to log address :rvlogs@robhome.com
2020-08-28 12:15:05,602 CRITICAL **
2020-08-28 12:15:05,602 CRITICAL Ending run of the RV Temp Monitor
2020-08-28 12:15:05,602 CRITICAL **

2020-08-28 12:30:03,201 CRITICAL **
2020-08-28 12:30:03,201 CRITICAL Starting the RV Temp Monitor
2020-08-28 12:30:03,202 CRITICAL **
2020-08-28 12:30:03,559 INFO No need to send email, temps are acceptable
2020-08-28 12:30:03,559 INFO 
Garage 72
Main 71
Bedroom 71
Batt V 13.4
Gen State OFF
Hi limit 80
Low limit 60
2020-08-28 12:30:06,202 INFO Gathered temps and emailed to log address :rvlogs@robhome.com
2020-08-28 12:30:06,203 CRITICAL **
2020-08-28 12:30:06,203 CRITICAL Ending run of the RV Temp Monitor
2020-08-28 12:30:06,203 CRITICAL **

2020-08-28 12:45:02,678 CRITICAL **
2020-08-28 12:45:02,679 CRITICAL Starting the RV Temp Monitor
2020-08-28 12:45:02,679 CRITICAL **
2020-08-28 12:45:03,059 INFO No need to send email, temps are acceptable
2020-08-28 12:45:03,060 INFO 
Garage 72
Main 72
Bedroom 72
Batt V 13.4
Gen State OFF
Hi limit 80
Low limit 60
2020-08-28 12:45:05,379 INFO Gathered temps and emailed to log address :rvlogs@robhome.com
2020-08-28 12:45:05,380 CRITICAL **
2020-08-28 12:45:05,380 CRITICAL Ending run of the RV Temp Monitor
2020-08-28 12:45:05,380 CRITICAL **

2020-08-28 13:00:02,853 CRITICAL **
2020-08-28 13:00:02,854 CRITICAL Starting the RV Temp Monitor
2020-08-28 13:00:02,854 CRITICAL **
2020-08-28 13:00:03,230 INFO No need to send email, temps are acceptable
2020-08-28 13:00:03,231 INFO 
Garage 72
Main 72
Bedroom 72
Batt V 13.4
Gen State OFF
Hi limit 80
Low limit 60
2020-08-28 13:00:06,221 INFO Gathered temps and emailed to log address :rvlogs@robhome.com
2020-08-28 13:00:06,222 CRITICAL **
2020-08-28 13:00:06,222 CRITICAL Ending run of the RV Temp Monitor
2020-08-28 13:00:06,222 CRITICAL **

2020-08-28 13:15:02,690 CRITICAL **
2020-08-28 13:15:02,691 CRITICAL Starting the RV Temp Monitor
2020-08-28 13:15:02,691 CRITICAL **
2020-08-28 13:15:03,064 INFO No need to send email, temps are acceptable
2020-08-28 13:15:03,064 INFO 
Garage 72
Main 72
Bedroom 73
Batt V 13.4
Gen State OFF
Hi limit 80
Low limit 60
2020-08-28 13:15:05,661 INFO Gathered temps and emailed to log address :rvlogs@robhome.com
2020-08-28 13:15:05,661 CRITICAL **
2020-08-28 13:15:05,661 CRITICAL Ending run of the RV Temp Monitor
2020-08-28 13:15:05,662 CRITICAL **

2020-08-28 13:30:03,243 CRITICAL **
2020-08-28 13:30:03,244 CRITICAL Starting the RV Temp Monitor
2020-08-28 13:30:03,244 CRITICAL **
2020-08-28 13:30:03,652 INFO No need to send email, temps are acceptable
2020-08-28 13:30:03,652 INFO 
Garage 73
Main 73
Bedroom 72
Batt V 13.4
Gen State OFF
Hi limit 80
Low limit 60
2020-08-28 13:30:09,349 INFO Gathered temps and emailed to log address :rvlogs@robhome.com
2020-08-28 13:30:09,350 CRITICAL **
2020-08-28 13:30:09,351 CRITICAL Ending run of the RV Temp Monitor
2020-08-28 13:30:09,351 CRITICAL **

2020-08-28 13:45:02,824 CRITICAL **
2020-08-28 13:45:02,825 CRITICAL Starting the RV Temp Monitor
2020-08-28 13:45:02,825 CRITICAL **
2020-08-28 13:45:03,210 INFO No need to send email, temps are acceptable
2020-08-28 13:45:03,211 INFO 
Garage 73
Main 73
Bedroom 72
Batt V 13.4
Gen State OFF
Hi limit 80
Low limit 60
2020-08-28 13:45:05,405 INFO Gathered temps and emailed to log address :rvlogs@robhome.com
2020-08-28 13:45:05,405 CRITICAL **
2020-08-28 13:45:05,406 CRITICAL Ending run of the RV Temp Monitor
2020-08-28 13:45:05,406 CRITICAL **

2020-08-28 14:00:02,863 CRITICAL **
2020-08-28 14:00:02,864 CRITICAL Starting the RV Temp Monitor
2020-08-28 14:00:02,865 CRITICAL **
2020-08-28 14:00:03,234 INFO No need to send email, temps are acceptable
2020-08-28 14:00:03,234 INFO 
Garage 73
Main 73
Bedroom 72
Batt V 13.4
Gen State OFF
Hi limit 80
Low limit 60
2020-08-28 14:00:09,863 INFO Gathered temps and emailed to log address :rvlogs@robhome.com
2020-08-28 14:00:09,863 CRITICAL **
2020-08-28 14:00:09,864 CRITICAL Ending run of the RV Temp Monitor
2020-08-28 14:00:09,864 CRITICAL **

2020-08-28 14:15:02,327 CRITICAL **
2020-08-28 14:15:02,328 CRITICAL Starting the RV Temp Monitor
2020-08-28 14:15:02,328 CRITICAL **
2020-08-28 14:15:02,725 INFO No need to send email, temps are acceptable
2020-08-28 14:15:02,726 INFO 
Garage 74
Main 73
Bedroom 72
Batt V 13.4
Gen State OFF
Hi limit 80
Low limit 60
2020-08-28 14:15:04,990 INFO Gathered temps and emailed to log address :rvlogs@robhome.com
2020-08-28 14:15:04,991 CRITICAL **
2020-08-28 14:15:04,991 CRITICAL Ending run of the RV Temp Monitor
2020-08-28 14:15:04,992 CRITICAL **

2020-08-28 14:30:02,599 CRITICAL **
2020-08-28 14:30:02,600 CRITICAL Starting the RV Temp Monitor
2020-08-28 14:30:02,600 CRITICAL **
2020-08-28 14:30:02,976 INFO No need to send email, temps are acceptable
2020-08-28 14:30:02,977 INFO 
Garage 73
Main 73
Bedroom 72
Batt V 13.4
Gen State OFF
Hi limit 80
Low limit 60
2020-08-28 14:30:05,403 INFO Gathered temps and emailed to log address :rvlogs@robhome.com
2020-08-28 14:30:05,403 CRITICAL **
2020-08-28 14:30:05,404 CRITICAL Ending run of the RV Temp Monitor
2020-08-28 14:30:05,404 CRITICAL **

2020-08-28 14:45:02,863 CRITICAL **
2020-08-28 14:45:02,864 CRITICAL Starting the RV Temp Monitor
2020-08-28 14:45:02,869 CRITICAL **
2020-08-28 14:45:03,230 INFO No need to send email, temps are acceptable
2020-08-28 14:45:03,230 INFO 
Garage 73
Main 74
Bedroom 72
Batt V 13.4
Gen State OFF
Hi limit 80
Low limit 60
2020-08-28 14:45:05,481 INFO Gathered temps and emailed to log address :rvlogs@robhome.com
2020-08-28 14:45:05,482 CRITICAL **
2020-08-28 14:45:05,482 CRITICAL Ending run of the RV Temp Monitor
2020-08-28 14:45:05,482 CRITICAL **

2020-08-28 15:00:02,940 CRITICAL **
2020-08-28 15:00:02,941 CRITICAL Starting the RV Temp Monitor
2020-08-28 15:00:02,941 CRITICAL **
2020-08-28 15:00:03,290 INFO No need to send email, temps are acceptable
2020-08-28 15:00:03,291 INFO 
Garage 73
Main 74
Bedroom 72
Batt V 13.4
Gen State OFF
Hi limit 80
Low limit 60
2020-08-28 15:00:07,360 INFO Gathered temps and emailed to log address :rvlogs@robhome.com
2020-08-28 15:00:07,361 CRITICAL **
2020-08-28 15:00:07,361 CRITICAL Ending run of the RV Temp Monitor
2020-08-28 15:00:07,361 CRITICAL **

2020-08-28 15:15:02,827 CRITICAL **
2020-08-28 15:15:02,828 CRITICAL Starting the RV Temp Monitor
2020-08-28 15:15:02,828 CRITICAL **
2020-08-28 15:15:03,205 INFO No need to send email, temps are acceptable
2020-08-28 15:15:03,206 INFO 
Garage 73
Main 74
Bedroom 72
Batt V 13.4
Gen State OFF
Hi limit 80
Low limit 60
2020-08-28 15:15:05,794 INFO Gathered temps and emailed to log address :rvlogs@robhome.com
2020-08-28 15:15:05,794 CRITICAL **
2020-08-28 15:15:05,795 CRITICAL Ending run of the RV Temp Monitor
2020-08-28 15:15:05,795 CRITICAL **

2020-08-28 15:30:02,380 CRITICAL **
2020-08-28 15:30:02,380 CRITICAL Starting the RV Temp Monitor
2020-08-28 15:30:02,381 CRITICAL **
2020-08-28 15:30:02,773 INFO No need to send email, temps are acceptable
2020-08-28 15:30:02,773 INFO 
Garage 72
Main 74
Bedroom 71
Batt V 13.4
Gen State OFF
Hi limit 80
Low limit 60
2020-08-28 15:30:05,471 INFO Gathered temps and emailed to log address :rvlogs@robhome.com
2020-08-28 15:30:05,471 CRITICAL **
2020-08-28 15:30:05,472 CRITICAL Ending run of the RV Temp Monitor
2020-08-28 15:30:05,472 CRITICAL **

2020-08-28 15:45:02,936 CRITICAL **
2020-08-28 15:45:02,936 CRITICAL Starting the RV Temp Monitor
2020-08-28 15:45:02,937 CRITICAL **
2020-08-28 15:45:03,321 INFO No need to send email, temps are acceptable
2020-08-28 15:45:03,321 INFO 
Garage 72
Main 74
Bedroom 70
Batt V 13.4
Gen State OFF
Hi limit 80
Low limit 60
2020-08-28 15:45:05,916 INFO Gathered temps and emailed to log address :rvlogs@robhome.com
2020-08-28 15:45:05,917 CRITICAL **
2020-08-28 15:45:05,917 CRITICAL Ending run of the RV Temp Monitor
2020-08-28 15:45:05,917 CRITICAL **

2020-08-28 16:00:02,379 CRITICAL **
2020-08-28 16:00:02,379 CRITICAL Starting the RV Temp Monitor
2020-08-28 16:00:02,380 CRITICAL **
2020-08-28 16:00:02,713 INFO No need to send email, temps are acceptable
2020-08-28 16:00:02,713 INFO 
Garage 72
Main 74
Bedroom 71
Batt V 13.4
Gen State OFF
Hi limit 80
Low limit 60
2020-08-28 16:00:05,398 INFO Gathered temps and emailed to log address :rvlogs@robhome.com
2020-08-28 16:00:05,398 CRITICAL **
2020-08-28 16:00:05,399 CRITICAL Ending run of the RV Temp Monitor
2020-08-28 16:00:05,399 CRITICAL **

2020-08-28 16:15:02,862 CRITICAL **
2020-08-28 16:15:02,863 CRITICAL Starting the RV Temp Monitor
2020-08-28 16:15:02,864 CRITICAL **
2020-08-28 16:15:03,302 INFO No need to send email, temps are acceptable
2020-08-28 16:15:03,303 INFO 
Garage 72
Main 74
Bedroom 71
Batt V 13.4
Gen State OFF
Hi limit 80
Low limit 60
2020-08-28 16:15:05,770 INFO Gathered temps and emailed to log address :rvlogs@robhome.com
2020-08-28 16:15:05,771 CRITICAL **
2020-08-28 16:15:05,771 CRITICAL Ending run of the RV Temp Monitor
2020-08-28 16:15:05,771 CRITICAL **

2020-08-28 16:30:02,358 CRITICAL **
2020-08-28 16:30:02,359 CRITICAL Starting the RV Temp Monitor
2020-08-28 16:30:02,359 CRITICAL **
2020-08-28 16:30:02,747 INFO No need to send email, temps are acceptable
2020-08-28 16:30:02,748 INFO 
Garage 72
Main 75
Bedroom 71
Batt V 13.4
Gen State OFF
Hi limit 80
Low limit 60
2020-08-28 16:30:05,291 INFO Gathered temps and emailed to log address :rvlogs@robhome.com
2020-08-28 16:30:05,291 CRITICAL **
2020-08-28 16:30:05,292 CRITICAL Ending run of the RV Temp Monitor
2020-08-28 16:30:05,292 CRITICAL **

2020-08-28 16:45:02,762 CRITICAL **
2020-08-28 16:45:02,763 CRITICAL Starting the RV Temp Monitor
2020-08-28 16:45:02,763 CRITICAL **
2020-08-28 16:45:03,141 INFO No need to send email, temps are acceptable
2020-08-28 16:45:03,142 INFO 
Garage 72
Main 75
Bedroom 71
Batt V 13.4
Gen State OFF
Hi limit 80
Low limit 60
2020-08-28 16:45:05,963 INFO Gathered temps and emailed to log address :rvlogs@robhome.com
2020-08-28 16:45:05,963 CRITICAL **
2020-08-28 16:45:05,964 CRITICAL Ending run of the RV Temp Monitor
2020-08-28 16:45:05,964 CRITICAL **

2020-08-28 17:00:02,428 CRITICAL **
2020-08-28 17:00:02,429 CRITICAL Starting the RV Temp Monitor
2020-08-28 17:00:02,429 CRITICAL **
2020-08-28 17:00:02,775 INFO No need to send email, temps are acceptable
2020-08-28 17:00:02,776 INFO 
Garage 72
Main 75
Bedroom 71
Batt V 13.4
Gen State OFF
Hi limit 80
Low limit 60
2020-08-28 17:00:05,410 INFO Gathered temps and emailed to log address :rvlogs@robhome.com
2020-08-28 17:00:05,411 CRITICAL **
2020-08-28 17:00:05,411 CRITICAL Ending run of the RV Temp Monitor
2020-08-28 17:00:05,411 CRITICAL **

2020-08-28 17:15:02,878 CRITICAL **
2020-08-28 17:15:02,879 CRITICAL Starting the RV Temp Monitor
2020-08-28 17:15:02,879 CRITICAL **
2020-08-28 17:15:03,238 INFO No need to send email, temps are acceptable
2020-08-28 17:15:03,239 INFO 
Garage 72
Main 75
Bedroom 72
Batt V 13.4
Gen State OFF
Hi limit 80
Low limit 60
2020-08-28 17:15:06,017 INFO Gathered temps and emailed to log address :rvlogs@robhome.com
2020-08-28 17:15:06,017 CRITICAL **
2020-08-28 17:15:06,018 CRITICAL Ending run of the RV Temp Monitor
2020-08-28 17:15:06,018 CRITICAL **

2020-08-28 17:30:02,619 CRITICAL **
2020-08-28 17:30:02,620 CRITICAL Starting the RV Temp Monitor
2020-08-28 17:30:02,620 CRITICAL **
2020-08-28 17:30:02,954 INFO No need to send email, temps are acceptable
2020-08-28 17:30:02,954 INFO 
Garage 72
Main 76
Bedroom 72
Batt V 13.4
Gen State OFF
Hi limit 80
Low limit 60
2020-08-28 17:30:05,399 INFO Gathered temps and emailed to log address :rvlogs@robhome.com
2020-08-28 17:30:05,399 CRITICAL **
2020-08-28 17:30:05,400 CRITICAL Ending run of the RV Temp Monitor
2020-08-28 17:30:05,400 CRITICAL **

2020-08-28 17:45:02,872 CRITICAL **
2020-08-28 17:45:02,873 CRITICAL Starting the RV Temp Monitor
2020-08-28 17:45:02,873 CRITICAL **
2020-08-28 17:45:03,261 INFO No need to send email, temps are acceptable
2020-08-28 17:45:03,262 INFO 
Garage 72
Main 76
Bedroom 72
Batt V 13.4
Gen State OFF
Hi limit 80
Low limit 60
2020-08-28 17:45:05,846 INFO Gathered temps and emailed to log address :rvlogs@robhome.com
2020-08-28 17:45:05,846 CRITICAL **
2020-08-28 17:45:05,847 CRITICAL Ending run of the RV Temp Monitor
2020-08-28 17:45:05,847 CRITICAL **

2020-08-28 18:00:02,304 CRITICAL **
2020-08-28 18:00:02,305 CRITICAL Starting the RV Temp Monitor
2020-08-28 18:00:02,307 CRITICAL **
2020-08-28 18:00:02,698 INFO No need to send email, temps are acceptable
2020-08-28 18:00:02,699 INFO 
Garage 73
Main 76
Bedroom 72
Batt V 13.4
Gen State OFF
Hi limit 80
Low limit 60
2020-08-28 18:00:05,044 INFO Gathered temps and emailed to log address :rvlogs@robhome.com
2020-08-28 18:00:05,044 CRITICAL **
2020-08-28 18:00:05,044 CRITICAL Ending run of the RV Temp Monitor
2020-08-28 18:00:05,045 CRITICAL **

2020-08-28 18:15:02,495 CRITICAL **
2020-08-28 18:15:02,495 CRITICAL Starting the RV Temp Monitor
2020-08-28 18:15:02,496 CRITICAL **
2020-08-28 18:15:02,864 INFO No need to send email, temps are acceptable
2020-08-28 18:15:02,864 INFO 
Garage 73
Main 76
Bedroom 72
Batt V 13.4
Gen State OFF
Hi limit 80
Low limit 60
2020-08-28 18:15:05,185 INFO Gathered temps and emailed to log address :rvlogs@robhome.com
2020-08-28 18:15:05,186 CRITICAL **
2020-08-28 18:15:05,186 CRITICAL Ending run of the RV Temp Monitor
2020-08-28 18:15:05,187 CRITICAL **

2020-08-28 18:30:02,773 CRITICAL **
2020-08-28 18:30:02,774 CRITICAL Starting the RV Temp Monitor
2020-08-28 18:30:02,775 CRITICAL **
2020-08-28 18:30:03,242 INFO No need to send email, temps are acceptable
2020-08-28 18:30:03,242 INFO 
Garage 73
Main 76
Bedroom 72
Batt V 13.4
Gen State OFF
Hi limit 80
Low limit 60
2020-08-28 18:30:05,753 INFO Gathered temps and emailed to log address :rvlogs@robhome.com
2020-08-28 18:30:05,756 CRITICAL **
2020-08-28 18:30:05,757 CRITICAL Ending run of the RV Temp Monitor
2020-08-28 18:30:05,757 CRITICAL **

2020-08-28 18:45:03,214 CRITICAL **
2020-08-28 18:45:03,214 CRITICAL Starting the RV Temp Monitor
2020-08-28 18:45:03,215 CRITICAL **
2020-08-28 18:45:03,612 INFO No need to send email, temps are acceptable
2020-08-28 18:45:03,613 INFO 
Garage 73
Main 76
Bedroom 72
Batt V 13.4
Gen State OFF
Hi limit 80
Low limit 60
2020-08-28 18:45:05,809 INFO Gathered temps and emailed to log address :rvlogs@robhome.com
2020-08-28 18:45:05,809 CRITICAL **
2020-08-28 18:45:05,810 CRITICAL Ending run of the RV Temp Monitor
2020-08-28 18:45:05,810 CRITICAL **

2020-08-28 19:00:03,274 CRITICAL **
2020-08-28 19:00:03,274 CRITICAL Starting the RV Temp Monitor
2020-08-28 19:00:03,275 CRITICAL **
2020-08-28 19:00:03,697 INFO No need to send email, temps are acceptable
2020-08-28 19:00:03,697 INFO 
Garage 73
Main 75
Bedroom 72
Batt V 13.4
Gen State OFF
Hi limit 80
Low limit 60
2020-08-28 19:00:06,570 INFO Gathered temps and emailed to log address :rvlogs@robhome.com
2020-08-28 19:00:06,570 CRITICAL **
2020-08-28 19:00:06,571 CRITICAL Ending run of the RV Temp Monitor
2020-08-28 19:00:06,571 CRITICAL **

2020-08-28 19:15:03,030 CRITICAL **
2020-08-28 19:15:03,031 CRITICAL Starting the RV Temp Monitor
2020-08-28 19:15:03,031 CRITICAL **
2020-08-28 19:15:03,429 INFO No need to send email, temps are acceptable
2020-08-28 19:15:03,429 INFO 
Garage 73
Main 75
Bedroom 71
Batt V 13.4
Gen State OFF
Hi limit 80
Low limit 60
2020-08-28 19:15:06,204 INFO Gathered temps and emailed to log address :rvlogs@robhome.com
2020-08-28 19:15:06,204 CRITICAL **
2020-08-28 19:15:06,204 CRITICAL Ending run of the RV Temp Monitor
2020-08-28 19:15:06,205 CRITICAL **

2020-08-28 19:30:02,800 CRITICAL **
2020-08-28 19:30:02,801 CRITICAL Starting the RV Temp Monitor
2020-08-28 19:30:02,801 CRITICAL **
2020-08-28 19:30:03,202 INFO No need to send email, temps are acceptable
2020-08-28 19:30:03,203 INFO 
Garage 73
Main 74
Bedroom 71
Batt V 13.4
Gen State OFF
Hi limit 80
Low limit 60
2020-08-28 19:30:06,206 INFO Gathered temps and emailed to log address :rvlogs@robhome.com
2020-08-28 19:30:06,206 CRITICAL **
2020-08-28 19:30:06,211 CRITICAL Ending run of the RV Temp Monitor
2020-08-28 19:30:06,211 CRITICAL **

2020-08-28 19:45:02,680 CRITICAL **
2020-08-28 19:45:02,681 CRITICAL Starting the RV Temp Monitor
2020-08-28 19:45:02,682 CRITICAL **
2020-08-28 19:45:03,117 INFO No need to send email, temps are acceptable
2020-08-28 19:45:03,118 INFO 
Garage 73
Main 74
Bedroom 70
Batt V 13.4
Gen State OFF
Hi limit 80
Low limit 60
2020-08-28 19:45:05,613 INFO Gathered temps and emailed to log address :rvlogs@robhome.com
2020-08-28 19:45:05,613 CRITICAL **
2020-08-28 19:45:05,614 CRITICAL Ending run of the RV Temp Monitor
2020-08-28 19:45:05,614 CRITICAL **

2020-08-28 20:00:03,082 CRITICAL **
2020-08-28 20:00:03,083 CRITICAL Starting the RV Temp Monitor
2020-08-28 20:00:03,083 CRITICAL **
2020-08-28 20:00:03,458 INFO No need to send email, temps are acceptable
2020-08-28 20:00:03,459 INFO 
Garage 74
Main 74
Bedroom 72
Batt V 13.4
Gen State OFF
Hi limit 80
Low limit 60
2020-08-28 20:00:06,751 INFO Gathered temps and emailed to log address :rvlogs@robhome.com
2020-08-28 20:00:06,751 CRITICAL **
2020-08-28 20:00:06,752 CRITICAL Ending run of the RV Temp Monitor
2020-08-28 20:00:06,752 CRITICAL **

2020-08-28 20:15:03,221 CRITICAL **
2020-08-28 20:15:03,222 CRITICAL Starting the RV Temp Monitor
2020-08-28 20:15:03,222 CRITICAL **
2020-08-28 20:15:03,571 INFO No need to send email, temps are acceptable
2020-08-28 20:15:03,572 INFO 
Garage 73
Main 74
Bedroom 72
Batt V 13.4
Gen State OFF
Hi limit 80
Low limit 60
2020-08-28 20:15:06,237 INFO Gathered temps and emailed to log address :rvlogs@robhome.com
2020-08-28 20:15:06,238 CRITICAL **
2020-08-28 20:15:06,238 CRITICAL Ending run of the RV Temp Monitor
2020-08-28 20:15:06,238 CRITICAL **

2020-08-28 20:30:02,828 CRITICAL **
2020-08-28 20:30:02,829 CRITICAL Starting the RV Temp Monitor
2020-08-28 20:30:02,830 CRITICAL **
2020-08-28 20:30:03,229 INFO No need to send email, temps are acceptable
2020-08-28 20:30:03,229 INFO 
Garage 73
Main 74
Bedroom 72
Batt V 13.4
Gen State OFF
Hi limit 80
Low limit 60
2020-08-28 20:30:06,696 INFO Gathered temps and emailed to log address :rvlogs@robhome.com
2020-08-28 20:30:06,700 CRITICAL **
2020-08-28 20:30:06,700 CRITICAL Ending run of the RV Temp Monitor
2020-08-28 20:30:06,701 CRITICAL **

2020-08-28 20:45:03,161 CRITICAL **
2020-08-28 20:45:03,162 CRITICAL Starting the RV Temp Monitor
2020-08-28 20:45:03,162 CRITICAL **
2020-08-28 20:45:03,512 INFO No need to send email, temps are acceptable
2020-08-28 20:45:03,513 INFO 
Garage 73
Main 74
Bedroom 72
Batt V 13.4
Gen State OFF
Hi limit 80
Low limit 60
2020-08-28 20:45:06,905 INFO Gathered temps and emailed to log address :rvlogs@robhome.com
2020-08-28 20:45:06,906 CRITICAL **
2020-08-28 20:45:06,906 CRITICAL Ending run of the RV Temp Monitor
2020-08-28 20:45:06,909 CRITICAL **

2020-08-28 21:00:02,370 CRITICAL **
2020-08-28 21:00:02,370 CRITICAL Starting the RV Temp Monitor
2020-08-28 21:00:02,371 CRITICAL **
2020-08-28 21:00:02,812 INFO No need to send email, temps are acceptable
2020-08-28 21:00:02,812 INFO 
Garage 73
Main 74
Bedroom 72
Batt V 13.4
Gen State OFF
Hi limit 80
Low limit 60
2020-08-28 21:00:05,861 INFO Gathered temps and emailed to log address :rvlogs@robhome.com
2020-08-28 21:00:05,862 CRITICAL **
2020-08-28 21:00:05,862 CRITICAL Ending run of the RV Temp Monitor
2020-08-28 21:00:05,863 CRITICAL **

2020-08-28 21:15:02,335 CRITICAL **
2020-08-28 21:15:02,336 CRITICAL Starting the RV Temp Monitor
2020-08-28 21:15:02,337 CRITICAL **
2020-08-28 21:15:02,723 INFO No need to send email, temps are acceptable
2020-08-28 21:15:02,724 INFO 
Garage 73
Main 74
Bedroom 72
Batt V 13.4
Gen State OFF
Hi limit 80
Low limit 60
2020-08-28 21:15:05,231 INFO Gathered temps and emailed to log address :rvlogs@robhome.com
2020-08-28 21:15:05,231 CRITICAL **
2020-08-28 21:15:05,232 CRITICAL Ending run of the RV Temp Monitor
2020-08-28 21:15:05,232 CRITICAL **

2020-08-28 21:30:02,817 CRITICAL **
2020-08-28 21:30:02,818 CRITICAL Starting the RV Temp Monitor
2020-08-28 21:30:02,819 CRITICAL **
2020-08-28 21:30:03,191 INFO No need to send email, temps are acceptable
2020-08-28 21:30:03,191 INFO 
Garage 73
Main 74
Bedroom 72
Batt V 13.4
Gen State OFF
Hi limit 80
Low limit 60
2020-08-28 21:30:06,980 INFO Gathered temps and emailed to log address :rvlogs@robhome.com
2020-08-28 21:30:06,980 CRITICAL **
2020-08-28 21:30:06,984 CRITICAL Ending run of the RV Temp Monitor
2020-08-28 21:30:06,984 CRITICAL **

2020-08-28 21:45:02,445 CRITICAL **
2020-08-28 21:45:02,445 CRITICAL Starting the RV Temp Monitor
2020-08-28 21:45:02,445 CRITICAL **
2020-08-28 21:45:02,848 INFO No need to send email, temps are acceptable
2020-08-28 21:45:02,849 INFO 
Garage 73
Main 74
Bedroom 72
Batt V 13.4
Gen State OFF
Hi limit 80
Low limit 60
2020-08-28 21:45:05,852 INFO Gathered temps and emailed to log address :rvlogs@robhome.com
2020-08-28 21:45:05,853 CRITICAL **
2020-08-28 21:45:05,853 CRITICAL Ending run of the RV Temp Monitor
2020-08-28 21:45:05,853 CRITICAL **

2020-08-28 22:00:02,316 CRITICAL **
2020-08-28 22:00:02,316 CRITICAL Starting the RV Temp Monitor
2020-08-28 22:00:02,317 CRITICAL **
2020-08-28 22:00:02,678 INFO No need to send email, temps are acceptable
2020-08-28 22:00:02,678 INFO 
Garage 73
Main 74
Bedroom 72
Batt V 13.4
Gen State OFF
Hi limit 80
Low limit 60
2020-08-28 22:00:09,224 INFO Gathered temps and emailed to log address :rvlogs@robhome.com
2020-08-28 22:00:09,225 CRITICAL **
2020-08-28 22:00:09,225 CRITICAL Ending run of the RV Temp Monitor
2020-08-28 22:00:09,225 CRITICAL **

2020-08-28 22:15:02,688 CRITICAL **
2020-08-28 22:15:02,689 CRITICAL Starting the RV Temp Monitor
2020-08-28 22:15:02,689 CRITICAL **
2020-08-28 22:15:03,059 INFO No need to send email, temps are acceptable
2020-08-28 22:15:03,060 INFO 
Garage 73
Main 74
Bedroom 72
Batt V 13.4
Gen State OFF
Hi limit 80
Low limit 60
2020-08-28 22:15:07,444 INFO Gathered temps and emailed to log address :rvlogs@robhome.com
2020-08-28 22:15:07,445 CRITICAL **
2020-08-28 22:15:07,445 CRITICAL Ending run of the RV Temp Monitor
2020-08-28 22:15:07,446 CRITICAL **

2020-08-28 22:30:03,035 CRITICAL **
2020-08-28 22:30:03,036 CRITICAL Starting the RV Temp Monitor
2020-08-28 22:30:03,036 CRITICAL **
2020-08-28 22:30:03,465 INFO No need to send email, temps are acceptable
2020-08-28 22:30:03,466 INFO 
Garage 72
Main 74
Bedroom 72
Batt V 13.4
Gen State OFF
Hi limit 80
Low limit 60
2020-08-28 22:30:06,232 INFO Gathered temps and emailed to log address :rvlogs@robhome.com
2020-08-28 22:30:06,232 CRITICAL **
2020-08-28 22:30:06,233 CRITICAL Ending run of the RV Temp Monitor
2020-08-28 22:30:06,233 CRITICAL **

2020-08-28 22:45:02,693 CRITICAL **
2020-08-28 22:45:02,694 CRITICAL Starting the RV Temp Monitor
2020-08-28 22:45:02,695 CRITICAL **
2020-08-28 22:45:03,100 INFO No need to send email, temps are acceptable
2020-08-28 22:45:03,101 INFO 
Garage 72
Main 74
Bedroom 72
Batt V 13.4
Gen State OFF
Hi limit 80
Low limit 60
2020-08-28 22:45:05,784 INFO Gathered temps and emailed to log address :rvlogs@robhome.com
2020-08-28 22:45:05,784 CRITICAL **
2020-08-28 22:45:05,785 CRITICAL Ending run of the RV Temp Monitor
2020-08-28 22:45:05,785 CRITICAL **

2020-08-28 23:00:03,237 CRITICAL **
2020-08-28 23:00:03,238 CRITICAL Starting the RV Temp Monitor
2020-08-28 23:00:03,238 CRITICAL **
2020-08-28 23:00:03,642 INFO No need to send email, temps are acceptable
2020-08-28 23:00:03,642 INFO 
Garage 72
Main 74
Bedroom 72
Batt V 13.4
Gen State OFF
Hi limit 80
Low limit 60
2020-08-28 23:00:06,397 INFO Gathered temps and emailed to log address :rvlogs@robhome.com
2020-08-28 23:00:06,398 CRITICAL **
2020-08-28 23:00:06,398 CRITICAL Ending run of the RV Temp Monitor
2020-08-28 23:00:06,398 CRITICAL **

2020-08-28 23:15:02,868 CRITICAL **
2020-08-28 23:15:02,869 CRITICAL Starting the RV Temp Monitor
2020-08-28 23:15:02,869 CRITICAL **
2020-08-28 23:15:03,280 INFO No need to send email, temps are acceptable
2020-08-28 23:15:03,281 INFO 
Garage 72
Main 72
Bedroom 72
Batt V 13.4
Gen State OFF
Hi limit 80
Low limit 60
2020-08-28 23:15:06,106 INFO Gathered temps and emailed to log address :rvlogs@robhome.com
2020-08-28 23:15:06,107 CRITICAL **
2020-08-28 23:15:06,107 CRITICAL Ending run of the RV Temp Monitor
2020-08-28 23:15:06,107 CRITICAL **

2020-08-28 23:30:02,694 CRITICAL **
2020-08-28 23:30:02,695 CRITICAL Starting the RV Temp Monitor
2020-08-28 23:30:02,696 CRITICAL **
2020-08-28 23:30:03,146 INFO No need to send email, temps are acceptable
2020-08-28 23:30:03,147 INFO 
Garage 71
Main 72
Bedroom 72
Batt V 13.4
Gen State OFF
Hi limit 80
Low limit 60
2020-08-28 23:30:06,520 INFO Gathered temps and emailed to log address :rvlogs@robhome.com
2020-08-28 23:30:06,521 CRITICAL **
2020-08-28 23:30:06,524 CRITICAL Ending run of the RV Temp Monitor
2020-08-28 23:30:06,525 CRITICAL **

2020-08-28 23:45:03,107 CRITICAL **
2020-08-28 23:45:03,109 CRITICAL Starting the RV Temp Monitor
2020-08-28 23:45:03,110 CRITICAL **
2020-08-28 23:45:03,475 INFO No need to send email, temps are acceptable
2020-08-28 23:45:03,476 INFO 
Garage 71
Main 71
Bedroom 72
Batt V 13.4
Gen State OFF
Hi limit 80
Low limit 60
2020-08-28 23:45:06,127 INFO Gathered temps and emailed to log address :rvlogs@robhome.com
2020-08-28 23:45:06,128 CRITICAL **
2020-08-28 23:45:06,128 CRITICAL Ending run of the RV Temp Monitor
2020-08-28 23:45:06,128 CRITICAL **

